[3.545s] Invoking command in '/home/zj/chapt3/topic_ws/src/demo_python_topic': PYTHONPATH=/home/zj/chapt3/build/demo_python_topic/prefix_override:/usr/lib/python3/dist-packages/colcon_core/task/python/colcon_distutils_commands:/home/zj/chapt3/install/demo_python_topic/lib/python3.10/site-packages:${PYTHONPATH} /usr/bin/python3 -W ignore:setup.py install is deprecated -W ignore:easy_install command is deprecated setup.py egg_info --egg-base ../../../build/demo_python_topic build --build-base /home/zj/chapt3/build/demo_python_topic/build install --record /home/zj/chapt3/build/demo_python_topic/install.log --single-version-externally-managed install_data
[4.763s] running egg_info
[4.766s] creating ../../../build/demo_python_topic/demo_python_topic.egg-info
[4.767s] writing ../../../build/demo_python_topic/demo_python_topic.egg-info/PKG-INFO
[4.769s] writing dependency_links to ../../../build/demo_python_topic/demo_python_topic.egg-info/dependency_links.txt
[4.769s] writing entry points to ../../../build/demo_python_topic/demo_python_topic.egg-info/entry_points.txt
[4.770s] writing requirements to ../../../build/demo_python_topic/demo_python_topic.egg-info/requires.txt
[4.770s] writing top-level names to ../../../build/demo_python_topic/demo_python_topic.egg-info/top_level.txt
[4.771s] writing manifest file '../../../build/demo_python_topic/demo_python_topic.egg-info/SOURCES.txt'
[4.781s] reading manifest file '../../../build/demo_python_topic/demo_python_topic.egg-info/SOURCES.txt'
[4.782s] adding license file 'LICENSE'
[4.784s] writing manifest file '../../../build/demo_python_topic/demo_python_topic.egg-info/SOURCES.txt'
[4.786s] running build
[4.786s] running build_py
[4.787s] creating /home/zj/chapt3/build/demo_python_topic/build
[4.787s] creating /home/zj/chapt3/build/demo_python_topic/build/lib
[4.788s] creating /home/zj/chapt3/build/demo_python_topic/build/lib/demo_python_topic
[4.788s] copying demo_python_topic/__init__.py -> /home/zj/chapt3/build/demo_python_topic/build/lib/demo_python_topic
[4.788s] copying demo_python_topic/novel_sub_node.py -> /home/zj/chapt3/build/demo_python_topic/build/lib/demo_python_topic
[4.789s] copying demo_python_topic/novel_pub_node.py -> /home/zj/chapt3/build/demo_python_topic/build/lib/demo_python_topic
[4.789s] running install
[4.791s] running install_lib
[4.795s] creating /home/zj/chapt3/install/demo_python_topic/lib/python3.10/site-packages/demo_python_topic
[4.796s] copying /home/zj/chapt3/build/demo_python_topic/build/lib/demo_python_topic/__init__.py -> /home/zj/chapt3/install/demo_python_topic/lib/python3.10/site-packages/demo_python_topic
[4.796s] copying /home/zj/chapt3/build/demo_python_topic/build/lib/demo_python_topic/novel_sub_node.py -> /home/zj/chapt3/install/demo_python_topic/lib/python3.10/site-packages/demo_python_topic
[4.797s] copying /home/zj/chapt3/build/demo_python_topic/build/lib/demo_python_topic/novel_pub_node.py -> /home/zj/chapt3/install/demo_python_topic/lib/python3.10/site-packages/demo_python_topic
[4.800s] byte-compiling /home/zj/chapt3/install/demo_python_topic/lib/python3.10/site-packages/demo_python_topic/__init__.py to __init__.cpython-310.pyc
[4.801s] byte-compiling /home/zj/chapt3/install/demo_python_topic/lib/python3.10/site-packages/demo_python_topic/novel_sub_node.py to novel_sub_node.cpython-310.pyc
[4.803s] byte-compiling /home/zj/chapt3/install/demo_python_topic/lib/python3.10/site-packages/demo_python_topic/novel_pub_node.py to novel_pub_node.cpython-310.pyc
[4.804s] running install_data
[4.805s] creating /home/zj/chapt3/install/demo_python_topic/share/ament_index
[4.806s] creating /home/zj/chapt3/install/demo_python_topic/share/ament_index/resource_index
[4.806s] creating /home/zj/chapt3/install/demo_python_topic/share/ament_index/resource_index/packages
[4.807s] copying resource/demo_python_topic -> /home/zj/chapt3/install/demo_python_topic/share/ament_index/resource_index/packages
[4.808s] copying package.xml -> /home/zj/chapt3/install/demo_python_topic/share/demo_python_topic
[4.808s] running install_egg_info
[4.821s] Copying ../../../build/demo_python_topic/demo_python_topic.egg-info to /home/zj/chapt3/install/demo_python_topic/lib/python3.10/site-packages/demo_python_topic-0.0.0-py3.10.egg-info
[4.827s] running install_scripts
[4.922s] Installing novel_pub_node script to /home/zj/chapt3/install/demo_python_topic/lib/demo_python_topic
[4.923s] Installing novel_sub_node script to /home/zj/chapt3/install/demo_python_topic/lib/demo_python_topic
[4.924s] writing list of installed files to '/home/zj/chapt3/build/demo_python_topic/install.log'
[5.059s] Invoked command in '/home/zj/chapt3/topic_ws/src/demo_python_topic' returned '0': PYTHONPATH=/home/zj/chapt3/build/demo_python_topic/prefix_override:/usr/lib/python3/dist-packages/colcon_core/task/python/colcon_distutils_commands:/home/zj/chapt3/install/demo_python_topic/lib/python3.10/site-packages:${PYTHONPATH} /usr/bin/python3 -W ignore:setup.py install is deprecated -W ignore:easy_install command is deprecated setup.py egg_info --egg-base ../../../build/demo_python_topic build --build-base /home/zj/chapt3/build/demo_python_topic/build install --record /home/zj/chapt3/build/demo_python_topic/install.log --single-version-externally-managed install_data
