[0.477s] DEBUG:colcon:Command line arguments: ['/usr/bin/colcon', 'build']
[0.478s] DEBUG:colcon:Parsed command line arguments: Namespace(log_base=None, log_level=None, verb_name='build', build_base='build', install_base='install', merge_install=False, symlink_install=False, test_result_base=None, continue_on_error=False, executor='parallel', parallel_workers=8, event_handlers=None, ignore_user_meta=False, metas=['./colcon.meta'], base_paths=['.'], packages_ignore=None, packages_ignore_regex=None, paths=None, packages_up_to=None, packages_up_to_regex=None, packages_above=None, packages_above_and_dependencies=None, packages_above_depth=None, packages_select_by_dep=None, packages_skip_by_dep=None, packages_skip_up_to=None, packages_select_build_failed=False, packages_skip_build_finished=False, packages_select_test_failures=False, packages_skip_test_passed=False, packages_select=None, packages_skip=None, packages_select_regex=None, packages_skip_regex=None, packages_start=None, packages_end=None, allow_overriding=[], cmake_args=None, cmake_target=None, cmake_target_skip_unavailable=False, cmake_clean_cache=False, cmake_clean_first=False, cmake_force_configure=False, ament_cmake_args=None, catkin_cmake_args=None, catkin_skip_building_tests=False, mixin_files=None, mixin=None, verb_parser=<colcon_mixin.mixin.mixin_argument.MixinArgumentDecorator object at 0x7579a8822140>, verb_extension=<colcon_core.verb.build.BuildVerb object at 0x7579a89978b0>, main=<bound method BuildVerb.main of <colcon_core.verb.build.BuildVerb object at 0x7579a89978b0>>, mixin_verb=('build',))
[1.624s] Level 1:colcon.colcon_core.package_discovery:discover_packages(colcon_meta) check parameters
[1.624s] Level 1:colcon.colcon_core.package_discovery:discover_packages(recursive) check parameters
[1.624s] Level 1:colcon.colcon_core.package_discovery:discover_packages(ignore) check parameters
[1.624s] Level 1:colcon.colcon_core.package_discovery:discover_packages(path) check parameters
[1.624s] Level 1:colcon.colcon_core.package_discovery:discover_packages(colcon_meta) discover
[1.625s] Level 1:colcon.colcon_core.package_discovery:discover_packages(recursive) discover
[1.625s] INFO:colcon.colcon_core.package_discovery:Crawling recursively for packages in '/home/zj/chapt2/demo_pyphon_pkg'
[1.625s] Level 1:colcon.colcon_core.package_identification:_identify(.) by extensions ['ignore', 'ignore_ament_install']
[1.625s] Level 1:colcon.colcon_core.package_identification:_identify(.) by extension 'ignore'
[1.626s] Level 1:colcon.colcon_core.package_identification:_identify(.) by extension 'ignore_ament_install'
[1.626s] Level 1:colcon.colcon_core.package_identification:_identify(.) by extensions ['colcon_pkg']
[1.626s] Level 1:colcon.colcon_core.package_identification:_identify(.) by extension 'colcon_pkg'
[1.626s] Level 1:colcon.colcon_core.package_identification:_identify(.) by extensions ['colcon_meta']
[1.626s] Level 1:colcon.colcon_core.package_identification:_identify(.) by extension 'colcon_meta'
[1.626s] Level 1:colcon.colcon_core.package_identification:_identify(.) by extensions ['ros']
[1.626s] Level 1:colcon.colcon_core.package_identification:_identify(.) by extension 'ros'
[1.703s] DEBUG:colcon.colcon_core.package_identification:Package '.' with type 'ros.ament_python' and name 'demo_pyphon_pkg'
[1.703s] Level 1:colcon.colcon_core.package_discovery:discover_packages(recursive) using defaults
[1.703s] Level 1:colcon.colcon_core.package_discovery:discover_packages(ignore) discover
[1.703s] Level 1:colcon.colcon_core.package_discovery:discover_packages(ignore) using defaults
[1.703s] Level 1:colcon.colcon_core.package_discovery:discover_packages(path) discover
[1.703s] Level 1:colcon.colcon_core.package_discovery:discover_packages(path) using defaults
[1.813s] Level 1:colcon.colcon_core.package_discovery:discover_packages(prefix_path) check parameters
[1.813s] Level 1:colcon.colcon_core.package_discovery:discover_packages(prefix_path) discover
[1.828s] DEBUG:colcon.colcon_installed_package_information.package_discovery:Found 367 installed packages in /opt/ros/humble
[1.835s] Level 1:colcon.colcon_core.package_discovery:discover_packages(prefix_path) using defaults
[1.999s] Level 5:colcon.colcon_core.verb:set package 'demo_pyphon_pkg' build argument 'cmake_args' from command line to 'None'
[2.000s] Level 5:colcon.colcon_core.verb:set package 'demo_pyphon_pkg' build argument 'cmake_target' from command line to 'None'
[2.000s] Level 5:colcon.colcon_core.verb:set package 'demo_pyphon_pkg' build argument 'cmake_target_skip_unavailable' from command line to 'False'
[2.000s] Level 5:colcon.colcon_core.verb:set package 'demo_pyphon_pkg' build argument 'cmake_clean_cache' from command line to 'False'
[2.000s] Level 5:colcon.colcon_core.verb:set package 'demo_pyphon_pkg' build argument 'cmake_clean_first' from command line to 'False'
[2.000s] Level 5:colcon.colcon_core.verb:set package 'demo_pyphon_pkg' build argument 'cmake_force_configure' from command line to 'False'
[2.000s] Level 5:colcon.colcon_core.verb:set package 'demo_pyphon_pkg' build argument 'ament_cmake_args' from command line to 'None'
[2.000s] Level 5:colcon.colcon_core.verb:set package 'demo_pyphon_pkg' build argument 'catkin_cmake_args' from command line to 'None'
[2.000s] Level 5:colcon.colcon_core.verb:set package 'demo_pyphon_pkg' build argument 'catkin_skip_building_tests' from command line to 'False'
[2.001s] DEBUG:colcon.colcon_core.verb:Building package 'demo_pyphon_pkg' with the following arguments: {'ament_cmake_args': None, 'build_base': '/home/zj/chapt2/demo_pyphon_pkg/build/demo_pyphon_pkg', 'catkin_cmake_args': None, 'catkin_skip_building_tests': False, 'cmake_args': None, 'cmake_clean_cache': False, 'cmake_clean_first': False, 'cmake_force_configure': False, 'cmake_target': None, 'cmake_target_skip_unavailable': False, 'install_base': '/home/zj/chapt2/demo_pyphon_pkg/install/demo_pyphon_pkg', 'merge_install': False, 'path': '/home/zj/chapt2/demo_pyphon_pkg', 'symlink_install': False, 'test_result_base': None}
[2.001s] INFO:colcon.colcon_core.executor:Executing jobs using 'parallel' executor
[2.005s] DEBUG:colcon.colcon_parallel_executor.executor.parallel:run_until_complete
[2.006s] INFO:colcon.colcon_ros.task.ament_python.build:Building ROS package in '/home/zj/chapt2/demo_pyphon_pkg' with build type 'ament_python'
[2.006s] Level 1:colcon.colcon_core.shell:create_environment_hook('demo_pyphon_pkg', 'ament_prefix_path')
[2.031s] INFO:colcon.colcon_core.plugin_system:Skipping extension 'colcon_core.shell.bat': Not used on non-Windows systems
[2.032s] INFO:colcon.colcon_core.shell:Creating environment hook '/home/zj/chapt2/demo_pyphon_pkg/install/demo_pyphon_pkg/share/demo_pyphon_pkg/hook/ament_prefix_path.ps1'
[2.038s] INFO:colcon.colcon_core.shell:Creating environment descriptor '/home/zj/chapt2/demo_pyphon_pkg/install/demo_pyphon_pkg/share/demo_pyphon_pkg/hook/ament_prefix_path.dsv'
[2.043s] INFO:colcon.colcon_core.shell:Creating environment hook '/home/zj/chapt2/demo_pyphon_pkg/install/demo_pyphon_pkg/share/demo_pyphon_pkg/hook/ament_prefix_path.sh'
[2.052s] INFO:colcon.colcon_core.shell:Skip shell extension 'powershell' for command environment: Not usable outside of PowerShell
[2.052s] DEBUG:colcon.colcon_core.shell:Skip shell extension 'dsv' for command environment
[3.339s] INFO:colcon.colcon_core.task.python.build:Building Python package in '/home/zj/chapt2/demo_pyphon_pkg'
[3.340s] INFO:colcon.colcon_core.shell:Skip shell extension 'powershell' for command environment: Not usable outside of PowerShell
[3.340s] DEBUG:colcon.colcon_core.shell:Skip shell extension 'dsv' for command environment
[5.994s] DEBUG:colcon.colcon_core.event_handler.log_command:Invoking command in '/home/zj/chapt2/demo_pyphon_pkg': PYTHONPATH=/home/zj/chapt2/demo_pyphon_pkg/build/demo_pyphon_pkg/prefix_override:/usr/lib/python3/dist-packages/colcon_core/task/python/colcon_distutils_commands:/home/zj/chapt2/demo_pyphon_pkg/install/demo_pyphon_pkg/lib/python3.10/site-packages:${PYTHONPATH} /usr/bin/python3 -W ignore:setup.py install is deprecated -W ignore:easy_install command is deprecated setup.py egg_info --egg-base build/demo_pyphon_pkg build --build-base /home/zj/chapt2/demo_pyphon_pkg/build/demo_pyphon_pkg/build install --record /home/zj/chapt2/demo_pyphon_pkg/build/demo_pyphon_pkg/install.log --single-version-externally-managed install_data
[7.575s] DEBUG:colcon.colcon_core.event_handler.log_command:Invoked command in '/home/zj/chapt2/demo_pyphon_pkg' returned '0': PYTHONPATH=/home/zj/chapt2/demo_pyphon_pkg/build/demo_pyphon_pkg/prefix_override:/usr/lib/python3/dist-packages/colcon_core/task/python/colcon_distutils_commands:/home/zj/chapt2/demo_pyphon_pkg/install/demo_pyphon_pkg/lib/python3.10/site-packages:${PYTHONPATH} /usr/bin/python3 -W ignore:setup.py install is deprecated -W ignore:easy_install command is deprecated setup.py egg_info --egg-base build/demo_pyphon_pkg build --build-base /home/zj/chapt2/demo_pyphon_pkg/build/demo_pyphon_pkg/build install --record /home/zj/chapt2/demo_pyphon_pkg/build/demo_pyphon_pkg/install.log --single-version-externally-managed install_data
[7.598s] Level 1:colcon.colcon_core.environment:checking '/home/zj/chapt2/demo_pyphon_pkg/install/demo_pyphon_pkg' for CMake module files
[7.601s] Level 1:colcon.colcon_core.environment:checking '/home/zj/chapt2/demo_pyphon_pkg/install/demo_pyphon_pkg' for CMake config files
[7.604s] Level 1:colcon.colcon_core.environment:checking '/home/zj/chapt2/demo_pyphon_pkg/install/demo_pyphon_pkg/lib'
[7.605s] Level 1:colcon.colcon_core.environment:checking '/home/zj/chapt2/demo_pyphon_pkg/install/demo_pyphon_pkg/bin'
[7.605s] Level 1:colcon.colcon_core.environment:checking '/home/zj/chapt2/demo_pyphon_pkg/install/demo_pyphon_pkg/lib/pkgconfig/demo_pyphon_pkg.pc'
[7.606s] Level 1:colcon.colcon_core.environment:checking '/home/zj/chapt2/demo_pyphon_pkg/install/demo_pyphon_pkg/lib/python3.10/site-packages'
[7.606s] Level 1:colcon.colcon_core.shell:create_environment_hook('demo_pyphon_pkg', 'pythonpath')
[7.607s] INFO:colcon.colcon_core.shell:Creating environment hook '/home/zj/chapt2/demo_pyphon_pkg/install/demo_pyphon_pkg/share/demo_pyphon_pkg/hook/pythonpath.ps1'
[7.609s] INFO:colcon.colcon_core.shell:Creating environment descriptor '/home/zj/chapt2/demo_pyphon_pkg/install/demo_pyphon_pkg/share/demo_pyphon_pkg/hook/pythonpath.dsv'
[7.611s] INFO:colcon.colcon_core.shell:Creating environment hook '/home/zj/chapt2/demo_pyphon_pkg/install/demo_pyphon_pkg/share/demo_pyphon_pkg/hook/pythonpath.sh'
[7.613s] Level 1:colcon.colcon_core.environment:checking '/home/zj/chapt2/demo_pyphon_pkg/install/demo_pyphon_pkg/bin'
[7.614s] Level 1:colcon.colcon_core.environment:create_environment_scripts_only(demo_pyphon_pkg)
[7.615s] INFO:colcon.colcon_core.shell:Creating package script '/home/zj/chapt2/demo_pyphon_pkg/install/demo_pyphon_pkg/share/demo_pyphon_pkg/package.ps1'
[7.619s] INFO:colcon.colcon_core.shell:Creating package descriptor '/home/zj/chapt2/demo_pyphon_pkg/install/demo_pyphon_pkg/share/demo_pyphon_pkg/package.dsv'
[7.624s] INFO:colcon.colcon_core.shell:Creating package script '/home/zj/chapt2/demo_pyphon_pkg/install/demo_pyphon_pkg/share/demo_pyphon_pkg/package.sh'
[7.628s] INFO:colcon.colcon_core.shell:Creating package script '/home/zj/chapt2/demo_pyphon_pkg/install/demo_pyphon_pkg/share/demo_pyphon_pkg/package.bash'
[7.633s] INFO:colcon.colcon_core.shell:Creating package script '/home/zj/chapt2/demo_pyphon_pkg/install/demo_pyphon_pkg/share/demo_pyphon_pkg/package.zsh'
[7.637s] Level 1:colcon.colcon_core.environment:create_file_with_runtime_dependencies(/home/zj/chapt2/demo_pyphon_pkg/install/demo_pyphon_pkg/share/colcon-core/packages/demo_pyphon_pkg)
[7.638s] DEBUG:colcon.colcon_parallel_executor.executor.parallel:closing loop
[7.639s] DEBUG:colcon.colcon_parallel_executor.executor.parallel:loop closed
[7.639s] DEBUG:colcon.colcon_parallel_executor.executor.parallel:run_until_complete finished with '0'
[7.639s] DEBUG:colcon.colcon_core.event_reactor:joining thread
[7.681s] INFO:colcon.colcon_core.plugin_system:Skipping extension 'colcon_notification.desktop_notification.terminal_notifier': Not used on non-Darwin systems
[7.682s] INFO:colcon.colcon_core.plugin_system:Skipping extension 'colcon_notification.desktop_notification.win32': Not used on non-Windows systems
[7.682s] INFO:colcon.colcon_notification.desktop_notification:Sending desktop notification using 'notify2'
[7.795s] DEBUG:colcon.colcon_core.event_reactor:joined thread
[7.796s] INFO:colcon.colcon_core.shell:Creating prefix script '/home/zj/chapt2/demo_pyphon_pkg/install/local_setup.ps1'
[7.820s] INFO:colcon.colcon_core.shell:Creating prefix util module '/home/zj/chapt2/demo_pyphon_pkg/install/_local_setup_util_ps1.py'
[7.827s] INFO:colcon.colcon_core.shell:Creating prefix chain script '/home/zj/chapt2/demo_pyphon_pkg/install/setup.ps1'
[7.830s] INFO:colcon.colcon_core.shell:Creating prefix script '/home/zj/chapt2/demo_pyphon_pkg/install/local_setup.sh'
[7.833s] INFO:colcon.colcon_core.shell:Creating prefix util module '/home/zj/chapt2/demo_pyphon_pkg/install/_local_setup_util_sh.py'
[7.835s] INFO:colcon.colcon_core.shell:Creating prefix chain script '/home/zj/chapt2/demo_pyphon_pkg/install/setup.sh'
[7.839s] INFO:colcon.colcon_core.shell:Creating prefix script '/home/zj/chapt2/demo_pyphon_pkg/install/local_setup.bash'
[7.842s] INFO:colcon.colcon_core.shell:Creating prefix chain script '/home/zj/chapt2/demo_pyphon_pkg/install/setup.bash'
[7.848s] INFO:colcon.colcon_core.shell:Creating prefix script '/home/zj/chapt2/demo_pyphon_pkg/install/local_setup.zsh'
[7.852s] INFO:colcon.colcon_core.shell:Creating prefix chain script '/home/zj/chapt2/demo_pyphon_pkg/install/setup.zsh'
