[0.104s] Invoking command in '/home/zj/chapt2/chapt2_ws/build/demo_cpp_pkg': CMAKE_PREFIX_PATH=/opt/ros/humble /usr/bin/cmake --build /home/zj/chapt2/chapt2_ws/build/demo_cpp_pkg -- -j8 -l8
[1.240s] [35m[1mConsolidate compiler generated dependencies of target learn_lambda[0m
[1.240s] [35m[1mConsolidate compiler generated dependencies of target learn_shared_ptr[0m
[1.240s] [35m[1mConsolidate compiler generated dependencies of target cpp_node[0m
[1.241s] [35m[1mConsolidate compiler generated dependencies of target learn_auto[0m
[1.241s] [35m[1mConsolidate compiler generated dependencies of target learn_function[0m
[1.241s] [35m[1mConsolidate compiler generated dependencies of target learn_thread[0m
[1.241s] [35m[1mConsolidate compiler generated dependencies of target person_node[0m
[1.241s] [ 14%] Built target learn_lambda
[1.241s] [ 28%] Built target learn_shared_ptr
[1.242s] [ 42%] Built target learn_function
[1.242s] [ 57%] Built target learn_auto
[1.242s] [ 71%] Built target cpp_node
[1.242s] [ 85%] Built target learn_thread
[1.243s] [100%] Built target person_node
[1.264s] Invoked command in '/home/zj/chapt2/chapt2_ws/build/demo_cpp_pkg' returned '0': CMAKE_PREFIX_PATH=/opt/ros/humble /usr/bin/cmake --build /home/zj/chapt2/chapt2_ws/build/demo_cpp_pkg -- -j8 -l8
[1.299s] Invoking command in '/home/zj/chapt2/chapt2_ws/build/demo_cpp_pkg': CMAKE_PREFIX_PATH=/opt/ros/humble /usr/bin/cmake --install /home/zj/chapt2/chapt2_ws/build/demo_cpp_pkg
[1.322s] -- Install configuration: ""
[1.325s] -- Up-to-date: /home/zj/chapt2/chapt2_ws/install/demo_cpp_pkg/lib/demo_cpp_pkg/cpp_node
[1.328s] -- Up-to-date: /home/zj/chapt2/chapt2_ws/install/demo_cpp_pkg/lib/demo_cpp_pkg/person_node
[1.330s] -- Up-to-date: /home/zj/chapt2/chapt2_ws/install/demo_cpp_pkg/lib/demo_cpp_pkg/learn_auto
[1.333s] -- Up-to-date: /home/zj/chapt2/chapt2_ws/install/demo_cpp_pkg/lib/demo_cpp_pkg/learn_shared_ptr
[1.336s] -- Up-to-date: /home/zj/chapt2/chapt2_ws/install/demo_cpp_pkg/lib/demo_cpp_pkg/learn_lambda
[1.341s] -- Up-to-date: /home/zj/chapt2/chapt2_ws/install/demo_cpp_pkg/lib/demo_cpp_pkg/learn_function
[1.351s] -- Up-to-date: /home/zj/chapt2/chapt2_ws/install/demo_cpp_pkg/lib/demo_cpp_pkg/learn_thread
[1.355s] -- Up-to-date: /home/zj/chapt2/chapt2_ws/install/demo_cpp_pkg/share/ament_index/resource_index/package_run_dependencies/demo_cpp_pkg
[1.355s] -- Up-to-date: /home/zj/chapt2/chapt2_ws/install/demo_cpp_pkg/share/ament_index/resource_index/parent_prefix_path/demo_cpp_pkg
[1.356s] -- Up-to-date: /home/zj/chapt2/chapt2_ws/install/demo_cpp_pkg/share/demo_cpp_pkg/environment/ament_prefix_path.sh
[1.356s] -- Up-to-date: /home/zj/chapt2/chapt2_ws/install/demo_cpp_pkg/share/demo_cpp_pkg/environment/ament_prefix_path.dsv
[1.356s] -- Up-to-date: /home/zj/chapt2/chapt2_ws/install/demo_cpp_pkg/share/demo_cpp_pkg/environment/path.sh
[1.357s] -- Up-to-date: /home/zj/chapt2/chapt2_ws/install/demo_cpp_pkg/share/demo_cpp_pkg/environment/path.dsv
[1.357s] -- Up-to-date: /home/zj/chapt2/chapt2_ws/install/demo_cpp_pkg/share/demo_cpp_pkg/local_setup.bash
[1.358s] -- Up-to-date: /home/zj/chapt2/chapt2_ws/install/demo_cpp_pkg/share/demo_cpp_pkg/local_setup.sh
[1.358s] -- Up-to-date: /home/zj/chapt2/chapt2_ws/install/demo_cpp_pkg/share/demo_cpp_pkg/local_setup.zsh
[1.358s] -- Up-to-date: /home/zj/chapt2/chapt2_ws/install/demo_cpp_pkg/share/demo_cpp_pkg/local_setup.dsv
[1.359s] -- Installing: /home/zj/chapt2/chapt2_ws/install/demo_cpp_pkg/share/demo_cpp_pkg/package.dsv
[1.360s] -- Up-to-date: /home/zj/chapt2/chapt2_ws/install/demo_cpp_pkg/share/ament_index/resource_index/packages/demo_cpp_pkg
[1.360s] -- Up-to-date: /home/zj/chapt2/chapt2_ws/install/demo_cpp_pkg/share/demo_cpp_pkg/cmake/demo_cpp_pkgConfig.cmake
[1.360s] -- Up-to-date: /home/zj/chapt2/chapt2_ws/install/demo_cpp_pkg/share/demo_cpp_pkg/cmake/demo_cpp_pkgConfig-version.cmake
[1.360s] -- Up-to-date: /home/zj/chapt2/chapt2_ws/install/demo_cpp_pkg/share/demo_cpp_pkg/package.xml
[1.365s] Invoked command in '/home/zj/chapt2/chapt2_ws/build/demo_cpp_pkg' returned '0': CMAKE_PREFIX_PATH=/opt/ros/humble /usr/bin/cmake --install /home/zj/chapt2/chapt2_ws/build/demo_cpp_pkg
