running egg_info
creating build/demo_pyphon_pkg/demo_pyphon_pkg.egg-info
writing build/demo_pyphon_pkg/demo_pyphon_pkg.egg-info/PKG-INFO
writing dependency_links to build/demo_pyphon_pkg/demo_pyphon_pkg.egg-info/dependency_links.txt
writing entry points to build/demo_pyphon_pkg/demo_pyphon_pkg.egg-info/entry_points.txt
writing requirements to build/demo_pyphon_pkg/demo_pyphon_pkg.egg-info/requires.txt
writing top-level names to build/demo_pyphon_pkg/demo_pyphon_pkg.egg-info/top_level.txt
writing manifest file 'build/demo_pyphon_pkg/demo_pyphon_pkg.egg-info/SOURCES.txt'
reading manifest file 'build/demo_pyphon_pkg/demo_pyphon_pkg.egg-info/SOURCES.txt'
adding license file 'LICENSE'
writing manifest file 'build/demo_pyphon_pkg/demo_pyphon_pkg.egg-info/SOURCES.txt'
running build
running build_py
creating /home/zj/chapt2/demo_pyphon_pkg/build/demo_pyphon_pkg/build
creating /home/zj/chapt2/demo_pyphon_pkg/build/demo_pyphon_pkg/build/lib
creating /home/zj/chapt2/demo_pyphon_pkg/build/demo_pyphon_pkg/build/lib/demo_pyphon_pkg
copying demo_pyphon_pkg/python_node.py -> /home/zj/chapt2/demo_pyphon_pkg/build/demo_pyphon_pkg/build/lib/demo_pyphon_pkg
copying demo_pyphon_pkg/__init__.py -> /home/zj/chapt2/demo_pyphon_pkg/build/demo_pyphon_pkg/build/lib/demo_pyphon_pkg
running install
running install_lib
creating /home/zj/chapt2/demo_pyphon_pkg/install/demo_pyphon_pkg/lib/python3.10/site-packages/demo_pyphon_pkg
copying /home/zj/chapt2/demo_pyphon_pkg/build/demo_pyphon_pkg/build/lib/demo_pyphon_pkg/python_node.py -> /home/zj/chapt2/demo_pyphon_pkg/install/demo_pyphon_pkg/lib/python3.10/site-packages/demo_pyphon_pkg
copying /home/zj/chapt2/demo_pyphon_pkg/build/demo_pyphon_pkg/build/lib/demo_pyphon_pkg/__init__.py -> /home/zj/chapt2/demo_pyphon_pkg/install/demo_pyphon_pkg/lib/python3.10/site-packages/demo_pyphon_pkg
byte-compiling /home/zj/chapt2/demo_pyphon_pkg/install/demo_pyphon_pkg/lib/python3.10/site-packages/demo_pyphon_pkg/python_node.py to python_node.cpython-310.pyc
byte-compiling /home/zj/chapt2/demo_pyphon_pkg/install/demo_pyphon_pkg/lib/python3.10/site-packages/demo_pyphon_pkg/__init__.py to __init__.cpython-310.pyc
running install_data
creating /home/zj/chapt2/demo_pyphon_pkg/install/demo_pyphon_pkg/share/ament_index
creating /home/zj/chapt2/demo_pyphon_pkg/install/demo_pyphon_pkg/share/ament_index/resource_index
creating /home/zj/chapt2/demo_pyphon_pkg/install/demo_pyphon_pkg/share/ament_index/resource_index/packages
copying resource/demo_pyphon_pkg -> /home/zj/chapt2/demo_pyphon_pkg/install/demo_pyphon_pkg/share/ament_index/resource_index/packages
copying package.xml -> /home/zj/chapt2/demo_pyphon_pkg/install/demo_pyphon_pkg/share/demo_pyphon_pkg
running install_egg_info
Copying build/demo_pyphon_pkg/demo_pyphon_pkg.egg-info to /home/zj/chapt2/demo_pyphon_pkg/install/demo_pyphon_pkg/lib/python3.10/site-packages/demo_pyphon_pkg-0.0.0-py3.10.egg-info
running install_scripts
Installing python_node script to /home/zj/chapt2/demo_pyphon_pkg/install/demo_pyphon_pkg/lib/demo_pyphon_pkg
writing list of installed files to '/home/zj/chapt2/demo_pyphon_pkg/build/demo_pyphon_pkg/install.log'
