[3.986s] Invoking command in '/home/zj/chapt2/demo_pyphon_pkg': PYTHONPATH=/home/zj/chapt2/demo_pyphon_pkg/build/demo_pyphon_pkg/prefix_override:/usr/lib/python3/dist-packages/colcon_core/task/python/colcon_distutils_commands:/home/zj/chapt2/demo_pyphon_pkg/install/demo_pyphon_pkg/lib/python3.10/site-packages:${PYTHONPATH} /usr/bin/python3 -W ignore:setup.py install is deprecated -W ignore:easy_install command is deprecated setup.py egg_info --egg-base build/demo_pyphon_pkg build --build-base /home/zj/chapt2/demo_pyphon_pkg/build/demo_pyphon_pkg/build install --record /home/zj/chapt2/demo_pyphon_pkg/build/demo_pyphon_pkg/install.log --single-version-externally-managed install_data
[5.224s] running egg_info
[5.228s] creating build/demo_pyphon_pkg/demo_pyphon_pkg.egg-info
[5.233s] writing build/demo_pyphon_pkg/demo_pyphon_pkg.egg-info/PKG-INFO
[5.234s] writing dependency_links to build/demo_pyphon_pkg/demo_pyphon_pkg.egg-info/dependency_links.txt
[5.235s] writing entry points to build/demo_pyphon_pkg/demo_pyphon_pkg.egg-info/entry_points.txt
[5.235s] writing requirements to build/demo_pyphon_pkg/demo_pyphon_pkg.egg-info/requires.txt
[5.236s] writing top-level names to build/demo_pyphon_pkg/demo_pyphon_pkg.egg-info/top_level.txt
[5.236s] writing manifest file 'build/demo_pyphon_pkg/demo_pyphon_pkg.egg-info/SOURCES.txt'
[5.241s] reading manifest file 'build/demo_pyphon_pkg/demo_pyphon_pkg.egg-info/SOURCES.txt'
[5.242s] adding license file 'LICENSE'
[5.246s] writing manifest file 'build/demo_pyphon_pkg/demo_pyphon_pkg.egg-info/SOURCES.txt'
[5.247s] running build
[5.248s] running build_py
[5.248s] creating /home/zj/chapt2/demo_pyphon_pkg/build/demo_pyphon_pkg/build
[5.249s] creating /home/zj/chapt2/demo_pyphon_pkg/build/demo_pyphon_pkg/build/lib
[5.249s] creating /home/zj/chapt2/demo_pyphon_pkg/build/demo_pyphon_pkg/build/lib/demo_pyphon_pkg
[5.250s] copying demo_pyphon_pkg/python_node.py -> /home/zj/chapt2/demo_pyphon_pkg/build/demo_pyphon_pkg/build/lib/demo_pyphon_pkg
[5.250s] copying demo_pyphon_pkg/__init__.py -> /home/zj/chapt2/demo_pyphon_pkg/build/demo_pyphon_pkg/build/lib/demo_pyphon_pkg
[5.251s] running install
[5.251s] running install_lib
[5.255s] creating /home/zj/chapt2/demo_pyphon_pkg/install/demo_pyphon_pkg/lib/python3.10/site-packages/demo_pyphon_pkg
[5.256s] copying /home/zj/chapt2/demo_pyphon_pkg/build/demo_pyphon_pkg/build/lib/demo_pyphon_pkg/python_node.py -> /home/zj/chapt2/demo_pyphon_pkg/install/demo_pyphon_pkg/lib/python3.10/site-packages/demo_pyphon_pkg
[5.257s] copying /home/zj/chapt2/demo_pyphon_pkg/build/demo_pyphon_pkg/build/lib/demo_pyphon_pkg/__init__.py -> /home/zj/chapt2/demo_pyphon_pkg/install/demo_pyphon_pkg/lib/python3.10/site-packages/demo_pyphon_pkg
[5.260s] byte-compiling /home/zj/chapt2/demo_pyphon_pkg/install/demo_pyphon_pkg/lib/python3.10/site-packages/demo_pyphon_pkg/python_node.py to python_node.cpython-310.pyc
[5.261s] byte-compiling /home/zj/chapt2/demo_pyphon_pkg/install/demo_pyphon_pkg/lib/python3.10/site-packages/demo_pyphon_pkg/__init__.py to __init__.cpython-310.pyc
[5.262s] running install_data
[5.263s] creating /home/zj/chapt2/demo_pyphon_pkg/install/demo_pyphon_pkg/share/ament_index
[5.264s] creating /home/zj/chapt2/demo_pyphon_pkg/install/demo_pyphon_pkg/share/ament_index/resource_index
[5.264s] creating /home/zj/chapt2/demo_pyphon_pkg/install/demo_pyphon_pkg/share/ament_index/resource_index/packages
[5.264s] copying resource/demo_pyphon_pkg -> /home/zj/chapt2/demo_pyphon_pkg/install/demo_pyphon_pkg/share/ament_index/resource_index/packages
[5.265s] copying package.xml -> /home/zj/chapt2/demo_pyphon_pkg/install/demo_pyphon_pkg/share/demo_pyphon_pkg
[5.265s] running install_egg_info
[5.278s] Copying build/demo_pyphon_pkg/demo_pyphon_pkg.egg-info to /home/zj/chapt2/demo_pyphon_pkg/install/demo_pyphon_pkg/lib/python3.10/site-packages/demo_pyphon_pkg-0.0.0-py3.10.egg-info
[5.283s] running install_scripts
[5.415s] Installing python_node script to /home/zj/chapt2/demo_pyphon_pkg/install/demo_pyphon_pkg/lib/demo_pyphon_pkg
[5.419s] writing list of installed files to '/home/zj/chapt2/demo_pyphon_pkg/build/demo_pyphon_pkg/install.log'
[5.566s] Invoked command in '/home/zj/chapt2/demo_pyphon_pkg' returned '0': PYTHONPATH=/home/zj/chapt2/demo_pyphon_pkg/build/demo_pyphon_pkg/prefix_override:/usr/lib/python3/dist-packages/colcon_core/task/python/colcon_distutils_commands:/home/zj/chapt2/demo_pyphon_pkg/install/demo_pyphon_pkg/lib/python3.10/site-packages:${PYTHONPATH} /usr/bin/python3 -W ignore:setup.py install is deprecated -W ignore:easy_install command is deprecated setup.py egg_info --egg-base build/demo_pyphon_pkg build --build-base /home/zj/chapt2/demo_pyphon_pkg/build/demo_pyphon_pkg/build install --record /home/zj/chapt2/demo_pyphon_pkg/build/demo_pyphon_pkg/install.log --single-version-externally-managed install_data
