[3.289s] Invoking command in '/home/zj/chapt2/chapt2_ws/src/demo_python_pkg': PYTHONPATH=/home/zj/chapt2/chapt2_ws/build/demo_python_pkg/prefix_override:/usr/lib/python3/dist-packages/colcon_core/task/python/colcon_distutils_commands:/home/zj/chapt2/chapt2_ws/install/demo_python_pkg/lib/python3.10/site-packages:${PYTHONPATH} /usr/bin/python3 -W ignore:setup.py install is deprecated -W ignore:easy_install command is deprecated setup.py egg_info --egg-base ../../build/demo_python_pkg build --build-base /home/zj/chapt2/chapt2_ws/build/demo_python_pkg/build install --record /home/zj/chapt2/chapt2_ws/build/demo_python_pkg/install.log --single-version-externally-managed install_data
[4.331s] running egg_info
[4.334s] writing ../../build/demo_python_pkg/demo_python_pkg.egg-info/PKG-INFO
[4.335s] writing dependency_links to ../../build/demo_python_pkg/demo_python_pkg.egg-info/dependency_links.txt
[4.338s] writing entry points to ../../build/demo_python_pkg/demo_python_pkg.egg-info/entry_points.txt
[4.338s] writing requirements to ../../build/demo_python_pkg/demo_python_pkg.egg-info/requires.txt
[4.339s] writing top-level names to ../../build/demo_python_pkg/demo_python_pkg.egg-info/top_level.txt
[4.348s] reading manifest file '../../build/demo_python_pkg/demo_python_pkg.egg-info/SOURCES.txt'
[4.351s] adding license file 'LICENSE'
[4.353s] writing manifest file '../../build/demo_python_pkg/demo_python_pkg.egg-info/SOURCES.txt'
[4.354s] running build
[4.355s] running build_py
[4.356s] running install
[4.358s] running install_lib
[4.366s] running install_data
[4.367s] running install_egg_info
[4.375s] removing '/home/zj/chapt2/chapt2_ws/install/demo_python_pkg/lib/python3.10/site-packages/demo_python_pkg-0.0.0-py3.10.egg-info' (and everything under it)
[4.377s] Copying ../../build/demo_python_pkg/demo_python_pkg.egg-info to /home/zj/chapt2/chapt2_ws/install/demo_python_pkg/lib/python3.10/site-packages/demo_python_pkg-0.0.0-py3.10.egg-info
[4.384s] running install_scripts
[4.469s] Installing learn_thread script to /home/zj/chapt2/chapt2_ws/install/demo_python_pkg/lib/demo_python_pkg
[4.470s] Installing person_node script to /home/zj/chapt2/chapt2_ws/install/demo_python_pkg/lib/demo_python_pkg
[4.471s] Installing python_node script to /home/zj/chapt2/chapt2_ws/install/demo_python_pkg/lib/demo_python_pkg
[4.472s] Installing writer_node script to /home/zj/chapt2/chapt2_ws/install/demo_python_pkg/lib/demo_python_pkg
[4.473s] writing list of installed files to '/home/zj/chapt2/chapt2_ws/build/demo_python_pkg/install.log'
[4.596s] Invoked command in '/home/zj/chapt2/chapt2_ws/src/demo_python_pkg' returned '0': PYTHONPATH=/home/zj/chapt2/chapt2_ws/build/demo_python_pkg/prefix_override:/usr/lib/python3/dist-packages/colcon_core/task/python/colcon_distutils_commands:/home/zj/chapt2/chapt2_ws/install/demo_python_pkg/lib/python3.10/site-packages:${PYTHONPATH} /usr/bin/python3 -W ignore:setup.py install is deprecated -W ignore:easy_install command is deprecated setup.py egg_info --egg-base ../../build/demo_python_pkg build --build-base /home/zj/chapt2/chapt2_ws/build/demo_python_pkg/build install --record /home/zj/chapt2/chapt2_ws/build/demo_python_pkg/install.log --single-version-externally-managed install_data
