[0.062s] Invoking command in '/home/zj/chapt3/topic_ws/build/demo_cpp_topic': CMAKE_PREFIX_PATH=${CMAKE_PREFIX_PATH}:/home/zj/chapt3/topic_ws/install/demo_python_topic:/opt/ros/humble /usr/bin/cmake --build /home/zj/chapt3/topic_ws/build/demo_cpp_topic -- -j12 -l12
[0.248s] [ 50%] Built target turtle_circle
[0.254s] [100%] Built target turtle_control
[0.904s] Invoked command in '/home/zj/chapt3/topic_ws/build/demo_cpp_topic' returned '0': CMAKE_PREFIX_PATH=${CMAKE_PREFIX_PATH}:/home/zj/chapt3/topic_ws/install/demo_python_topic:/opt/ros/humble /usr/bin/cmake --build /home/zj/chapt3/topic_ws/build/demo_cpp_topic -- -j12 -l12
[0.931s] Invoking command in '/home/zj/chapt3/topic_ws/build/demo_cpp_topic': CMAKE_PREFIX_PATH=${CMAKE_PREFIX_PATH}:/home/zj/chapt3/topic_ws/install/demo_python_topic:/opt/ros/humble /usr/bin/cmake --install /home/zj/chapt3/topic_ws/build/demo_cpp_topic
[0.948s] -- Install configuration: ""
[0.951s] -- Up-to-date: /home/zj/chapt3/topic_ws/install/demo_cpp_topic/lib/demo_cpp_topic/turtle_control
[0.962s] -- Up-to-date: /home/zj/chapt3/topic_ws/install/demo_cpp_topic/lib/demo_cpp_topic/turtle_circle
[0.963s] -- Up-to-date: /home/zj/chapt3/topic_ws/install/demo_cpp_topic/share/ament_index/resource_index/package_run_dependencies/demo_cpp_topic
[0.963s] -- Up-to-date: /home/zj/chapt3/topic_ws/install/demo_cpp_topic/share/ament_index/resource_index/parent_prefix_path/demo_cpp_topic
[0.963s] -- Up-to-date: /home/zj/chapt3/topic_ws/install/demo_cpp_topic/share/demo_cpp_topic/environment/ament_prefix_path.sh
[0.963s] -- Up-to-date: /home/zj/chapt3/topic_ws/install/demo_cpp_topic/share/demo_cpp_topic/environment/ament_prefix_path.dsv
[0.963s] -- Up-to-date: /home/zj/chapt3/topic_ws/install/demo_cpp_topic/share/demo_cpp_topic/environment/path.sh
[0.964s] -- Up-to-date: /home/zj/chapt3/topic_ws/install/demo_cpp_topic/share/demo_cpp_topic/environment/path.dsv
[0.964s] -- Up-to-date: /home/zj/chapt3/topic_ws/install/demo_cpp_topic/share/demo_cpp_topic/local_setup.bash
[0.964s] -- Up-to-date: /home/zj/chapt3/topic_ws/install/demo_cpp_topic/share/demo_cpp_topic/local_setup.sh
[0.970s] -- Up-to-date: /home/zj/chapt3/topic_ws/install/demo_cpp_topic/share/demo_cpp_topic/local_setup.zsh
[0.971s] -- Up-to-date: /home/zj/chapt3/topic_ws/install/demo_cpp_topic/share/demo_cpp_topic/local_setup.dsv
[0.971s] -- Installing: /home/zj/chapt3/topic_ws/install/demo_cpp_topic/share/demo_cpp_topic/package.dsv
[0.971s] -- Up-to-date: /home/zj/chapt3/topic_ws/install/demo_cpp_topic/share/ament_index/resource_index/packages/demo_cpp_topic
[0.972s] -- Up-to-date: /home/zj/chapt3/topic_ws/install/demo_cpp_topic/share/demo_cpp_topic/cmake/demo_cpp_topicConfig.cmake
[0.972s] -- Up-to-date: /home/zj/chapt3/topic_ws/install/demo_cpp_topic/share/demo_cpp_topic/cmake/demo_cpp_topicConfig-version.cmake
[0.972s] -- Up-to-date: /home/zj/chapt3/topic_ws/install/demo_cpp_topic/share/demo_cpp_topic/package.xml
[0.978s] Invoked command in '/home/zj/chapt3/topic_ws/build/demo_cpp_topic' returned '0': CMAKE_PREFIX_PATH=${CMAKE_PREFIX_PATH}:/home/zj/chapt3/topic_ws/install/demo_python_topic:/opt/ros/humble /usr/bin/cmake --install /home/zj/chapt3/topic_ws/build/demo_cpp_topic
