[0.925s] Invoking command in '/home/zj/chapt2/chapt2_ws/build/wpr_simulation2': CMAKE_PREFIX_PATH=/opt/ros/humble /usr/bin/cmake /home/zj/chapt2/chapt2_ws/src/wpr_simulation2 -DCMAKE_INSTALL_PREFIX=/home/zj/chapt2/chapt2_ws/install/wpr_simulation2
[1.089s] -- The C compiler identification is GNU 11.4.0
[1.359s] -- The CXX compiler identification is GNU 11.4.0
[1.396s] -- Detecting C compiler ABI info
[1.688s] -- Detecting C compiler ABI info - done
[1.708s] -- Check for working C compiler: /usr/bin/cc - skipped
[1.714s] -- Detecting C compile features
[1.714s] -- Detecting C compile features - done
[1.727s] -- Detecting CXX compiler ABI info
[1.971s] -- Detecting CXX compiler ABI info - done
[2.000s] -- Check for working CXX compiler: /usr/bin/c++ - skipped
[2.003s] -- Detecting CXX compile features
[2.005s] -- Detecting CXX compile features - done
[2.025s] -- Found ament_cmake: 1.3.11 (/opt/ros/humble/share/ament_cmake/cmake)
[2.894s] -- Found Python3: /usr/bin/python3 (found version "3.10.12") found components: Interpreter 
[3.246s] -- Found gazebo_ros_pkgs: 3.9.0 (/opt/ros/humble/share/gazebo_ros_pkgs/cmake)
[3.256s] -- Found geometry_msgs: 4.8.0 (/opt/ros/humble/share/geometry_msgs/cmake)
[3.415s] -- Found rosidl_generator_c: 3.1.6 (/opt/ros/humble/share/rosidl_generator_c/cmake)
[3.447s] -- Found rosidl_adapter: 3.1.6 (/opt/ros/humble/share/rosidl_adapter/cmake)
[3.468s] -- Found rosidl_generator_cpp: 3.1.6 (/opt/ros/humble/share/rosidl_generator_cpp/cmake)
[3.511s] -- Using all available rosidl_typesupport_c: rosidl_typesupport_fastrtps_c;rosidl_typesupport_introspection_c
[3.564s] -- Using all available rosidl_typesupport_cpp: rosidl_typesupport_fastrtps_cpp;rosidl_typesupport_introspection_cpp
[3.759s] -- Found nav_msgs: 4.8.0 (/opt/ros/humble/share/nav_msgs/cmake)
[3.837s] -- Found rclcpp: 16.0.12 (/opt/ros/humble/share/rclcpp/cmake)
[3.935s] -- Found rmw_implementation_cmake: 6.1.2 (/opt/ros/humble/share/rmw_implementation_cmake/cmake)
[3.940s] -- Found rmw_fastrtps_cpp: 6.2.7 (/opt/ros/humble/share/rmw_fastrtps_cpp/cmake)
[4.218s] -- Found OpenSSL: /usr/lib/x86_64-linux-gnu/libcrypto.so (found version "3.0.2")  
[4.298s] -- Found FastRTPS: /opt/ros/humble/include  
[4.405s] -- Using RMW implementation 'rmw_fastrtps_cpp' as default
[4.427s] -- Looking for pthread.h
[4.675s] -- Looking for pthread.h - found
[4.675s] -- Performing Test CMAKE_HAVE_LIBC_PTHREAD
[4.897s] -- Performing Test CMAKE_HAVE_LIBC_PTHREAD - Success
[4.901s] -- Found Threads: TRUE  
[5.024s] -- Found rclpy: 3.3.16 (/opt/ros/humble/share/rclpy/cmake)
[5.032s] -- Found rclcpp_action: 16.0.12 (/opt/ros/humble/share/rclcpp_action/cmake)
[5.209s] -- Found sensor_msgs: 4.8.0 (/opt/ros/humble/share/sensor_msgs/cmake)
[5.299s] -- Found tf2_geometry_msgs: 0.25.12 (/opt/ros/humble/share/tf2_geometry_msgs/cmake)
[5.354s] -- Found eigen3_cmake_module: 0.1.1 (/opt/ros/humble/share/eigen3_cmake_module/cmake)
[5.360s] -- Found Eigen3: TRUE (found version "3.4.0") 
[5.361s] -- Ensuring Eigen3 include directory is part of orocos-kdl CMake target
[5.867s] -- Found nav2_msgs: 1.1.18 (/opt/ros/humble/share/nav2_msgs/cmake)
[6.149s] -- Found cv_bridge: 3.2.1 (/opt/ros/humble/share/cv_bridge/cmake)
[6.539s] -- Found image_transport: 3.1.11 (/opt/ros/humble/share/image_transport/cmake)
[7.097s] -- Found OpenCV: /usr (found version "4.5.4") 
[7.140s] -- Found pcl_conversions: 2.4.5 (/opt/ros/humble/share/pcl_conversions/cmake)
[7.973s] -- Checking for module 'eigen3'
[8.054s] --   Found eigen3, version 3.4.0
[8.286s] -- Found Eigen: /usr/include/eigen3 (Required is at least version "3.1") 
[8.287s] -- Eigen found (include: /usr/include/eigen3, version: 3.4.0)
[9.273s] -- Checking for module 'flann'
[9.657s] --   Found flann, version 1.9.1
[10.101s] -- Found FLANN: /usr/lib/x86_64-linux-gnu/libflann_cpp.so  
[10.104s] -- FLANN found (include: /usr/include, lib: /usr/lib/x86_64-linux-gnu/libflann_cpp.so)
[16.351s] -- Checking for module 'libusb-1.0'
[16.406s] --   Found libusb-1.0, version 1.0.25
[16.611s] -- Found libusb: /usr/lib/x86_64-linux-gnu/libusb-1.0.so  
[16.619s] -- OpenNI found (version: 1.5.4.0, include: /usr/include/ni, lib: /usr/lib/libOpenNI.so;libusb::libusb)
[16.905s] -- OpenNI2 found (version: 2.2.0.33, include: /usr/include/openni2, lib: /usr/lib/x86_64-linux-gnu/libOpenNI2.so;libusb::libusb)
[17.830s] -- Eigen found (include: /usr/include/eigen3, version: 3.4.0)
[17.909s] -- OpenNI found (version: 1.5.4.0, include: /usr/include/ni, lib: /usr/lib/libOpenNI.so;libusb::libusb)
[17.949s] -- OpenNI2 found (version: 2.2.0.33, include: /usr/include/openni2, lib: /usr/lib/x86_64-linux-gnu/libOpenNI2.so;libusb::libusb)
[18.612s] -- Found Qhull version 8.0.2
[19.247s] -- OpenNI found (version: 1.5.4.0, include: /usr/include/ni, lib: /usr/lib/libOpenNI.so;libusb::libusb)
[20.050s] -- Found PCL_COMMON: /usr/lib/x86_64-linux-gnu/libpcl_common.so  
[20.054s] -- Found PCL_KDTREE: /usr/lib/x86_64-linux-gnu/libpcl_kdtree.so  
[20.057s] -- Found PCL_OCTREE: /usr/lib/x86_64-linux-gnu/libpcl_octree.so  
[20.065s] -- Found PCL_SEARCH: /usr/lib/x86_64-linux-gnu/libpcl_search.so  
[20.068s] -- Found PCL_SAMPLE_CONSENSUS: /usr/lib/x86_64-linux-gnu/libpcl_sample_consensus.so  
[20.070s] -- Found PCL_FILTERS: /usr/lib/x86_64-linux-gnu/libpcl_filters.so  
[20.071s] -- Found PCL_2D: /usr/include/pcl-1.12  
[20.073s] -- Found PCL_GEOMETRY: /usr/include/pcl-1.12  
[20.078s] -- Found PCL_IO: /usr/lib/x86_64-linux-gnu/libpcl_io.so  
[20.083s] -- Found PCL_FEATURES: /usr/lib/x86_64-linux-gnu/libpcl_features.so  
[20.087s] -- Found PCL_ML: /usr/lib/x86_64-linux-gnu/libpcl_ml.so  
[20.092s] -- Found PCL_SEGMENTATION: /usr/lib/x86_64-linux-gnu/libpcl_segmentation.so  
[20.097s] -- Found PCL_VISUALIZATION: /usr/lib/x86_64-linux-gnu/libpcl_visualization.so  
[20.104s] -- Found PCL_SURFACE: /usr/lib/x86_64-linux-gnu/libpcl_surface.so  
[20.106s] -- Found PCL_REGISTRATION: /usr/lib/x86_64-linux-gnu/libpcl_registration.so  
[20.108s] -- Found PCL_KEYPOINTS: /usr/lib/x86_64-linux-gnu/libpcl_keypoints.so  
[20.111s] -- Found PCL_TRACKING: /usr/lib/x86_64-linux-gnu/libpcl_tracking.so  
[20.114s] -- Found PCL_RECOGNITION: /usr/lib/x86_64-linux-gnu/libpcl_recognition.so  
[20.117s] -- Found PCL_STEREO: /usr/lib/x86_64-linux-gnu/libpcl_stereo.so  
[20.121s] -- Found PCL_APPS: /usr/lib/x86_64-linux-gnu/libpcl_apps.so  
[20.124s] -- Found PCL_IN_HAND_SCANNER: /usr/include/pcl-1.12  
[20.125s] -- Found PCL_MODELER: /usr/include/pcl-1.12  
[20.128s] -- Found PCL_POINT_CLOUD_EDITOR: /usr/include/pcl-1.12  
[20.131s] -- Found PCL_OUTOFCORE: /usr/lib/x86_64-linux-gnu/libpcl_outofcore.so  
[20.134s] -- Found PCL_PEOPLE: /usr/lib/x86_64-linux-gnu/libpcl_people.so  
[20.141s] -- Found pcl_ros: 2.4.5 (/opt/ros/humble/share/pcl_ros/cmake)
[20.193s] -- Found visualization_msgs: 4.8.0 (/opt/ros/humble/share/visualization_msgs/cmake)
[20.318s] -- Found rosidl_default_generators: 1.2.0 (/opt/ros/humble/share/rosidl_default_generators/cmake)
[23.157s] -- Found ament_cmake_ros: 0.10.0 (/opt/ros/humble/share/ament_cmake_ros/cmake)
[25.240s] -- Using all available rosidl_typesupport_c: rosidl_typesupport_fastrtps_c;rosidl_typesupport_introspection_c
[26.883s] -- Using all available rosidl_typesupport_cpp: rosidl_typesupport_fastrtps_cpp;rosidl_typesupport_introspection_cpp
[26.965s] -- Found PythonInterp: /usr/bin/python3 (found suitable version "3.10.12", minimum required is "3.6") 
[26.973s] -- Found python_cmake_module: 0.10.0 (/opt/ros/humble/share/python_cmake_module/cmake)
[27.080s] -- Found PythonLibs: /usr/lib/x86_64-linux-gnu/libpython3.10.so (found suitable version "3.10.12", minimum required is "3.5") 
[27.133s] -- Using PYTHON_EXECUTABLE: /usr/bin/python3
[27.134s] -- Using PYTHON_INCLUDE_DIRS: /usr/include/python3.10
[27.134s] -- Using PYTHON_LIBRARIES: /usr/lib/x86_64-linux-gnu/libpython3.10.so
[27.216s] -- Found PythonExtra: .so  
[27.773s] -- Found ament_lint_auto: 0.12.12 (/opt/ros/humble/share/ament_lint_auto/cmake)
[27.879s] -- Added test 'cppcheck' to perform static code analysis on C / C++ code
[27.888s] -- Configured cppcheck include dirs: /home/zj/chapt2/chapt2_ws/src/wpr_simulation2/include
[27.888s] -- Configured cppcheck exclude dirs and/or files: 
[27.895s] -- Added test 'flake8' to check Python code syntax and style conventions
[27.905s] -- Added test 'lint_cmake' to check CMake code style
[27.912s] -- Added test 'pep257' to check Python code against some of the docstring style conventions in PEP 257
[27.942s] -- Added test 'uncrustify' to check C / C++ code style
[27.942s] -- Configured uncrustify additional arguments: 
[27.948s] -- Added test 'xmllint' to check XML markup files
[27.963s] -- Configuring done
[30.006s] -- Generating done
[30.514s] -- Build files have been written to: /home/zj/chapt2/chapt2_ws/build/wpr_simulation2
[30.610s] Invoked command in '/home/zj/chapt2/chapt2_ws/build/wpr_simulation2' returned '0': CMAKE_PREFIX_PATH=/opt/ros/humble /usr/bin/cmake /home/zj/chapt2/chapt2_ws/src/wpr_simulation2 -DCMAKE_INSTALL_PREFIX=/home/zj/chapt2/chapt2_ws/install/wpr_simulation2
[30.615s] Invoking command in '/home/zj/chapt2/chapt2_ws/build/wpr_simulation2': CMAKE_PREFIX_PATH=/opt/ros/humble /usr/bin/cmake --build /home/zj/chapt2/chapt2_ws/build/wpr_simulation2 -- -j8 -l8
[31.052s] [  1%] [34m[1mGenerating C code for ROS interfaces[0m
[31.321s] [  2%] [32mBuilding CXX object CMakeFiles/ball_random_move.dir/src/ball_random_move.cpp.o[0m
[31.745s] [  3%] [32mBuilding CXX object CMakeFiles/keyboard_vel_cmd.dir/src/keyboard_vel_cmd.cpp.o[0m
[31.902s] [  5%] [34m[1mGenerating C++ code for ROS interfaces[0m
[31.918s] [  6%] [32mBuilding CXX object CMakeFiles/3_publisher_node.dir/demo_cpp/3_publisher_node.cpp.o[0m
[31.936s] [  6%] Built target ament_cmake_python_copy_wpr_simulation2
[31.980s] [  7%] [32mBuilding CXX object CMakeFiles/3_my_node.dir/demo_cpp/3_my_node.cpp.o[0m
[32.051s] [  8%] [32mBuilding CXX object CMakeFiles/wpb_home_mani_sim.dir/src/wpb_home_mani_sim.cpp.o[0m
[32.260s] [ 10%] [32mBuilding CXX object CMakeFiles/3_subscriber_node.dir/demo_cpp/3_subscriber_node.cpp.o[0m
[35.143s] [ 11%] [32mBuilding C object CMakeFiles/wpr_simulation2__rosidl_generator_c.dir/rosidl_generator_c/wpr_simulation2/msg/detail/object__functions.c.o[0m
[35.812s] [ 12%] [32m[1mLinking C shared library libwpr_simulation2__rosidl_generator_c.so[0m
[36.261s] [ 12%] Built target wpr_simulation2__cpp
[36.952s] [ 12%] Built target wpr_simulation2__rosidl_generator_c
[36.953s] [ 13%] [32mBuilding CXX object CMakeFiles/4_velocity_command.dir/demo_cpp/4_velocity_command.cpp.o[0m
[37.587s] [ 15%] [32mBuilding CXX object CMakeFiles/5_lidar_data.dir/demo_cpp/5_lidar_data.cpp.o[0m
[85.908s] [ 16%] [32m[1mLinking CXX executable 3_my_node[0m
[87.866s] [ 16%] Built target 3_my_node
[92.162s] [ 17%] [32mBuilding CXX object CMakeFiles/5_lidar_behavior.dir/demo_cpp/5_lidar_behavior.cpp.o[0m
[96.445s] [ 18%] [32m[1mLinking CXX executable 3_publisher_node[0m
[98.658s] [ 18%] Built target 3_publisher_node
[98.869s] [ 20%] [32mBuilding CXX object CMakeFiles/6_imu_data.dir/demo_cpp/6_imu_data.cpp.o[0m
[99.031s] [ 21%] [32m[1mLinking CXX executable ball_random_move[0m
[99.032s] [ 22%] [32m[1mLinking CXX executable keyboard_vel_cmd[0m
[101.331s] [ 22%] Built target ball_random_move
[101.387s] [ 22%] Built target keyboard_vel_cmd
[101.478s] [ 24%] [32mBuilding CXX object CMakeFiles/6_imu_behavior.dir/demo_cpp/6_imu_behavior.cpp.o[0m
[101.620s] [ 25%] [32mBuilding CXX object CMakeFiles/8_waypoint_navigation.dir/demo_cpp/8_waypoint_navigation.cpp.o[0m
[106.778s] [ 26%] [32m[1mLinking CXX executable 4_velocity_command[0m
[109.381s] [ 26%] Built target 4_velocity_command
[109.572s] [ 27%] [32mBuilding CXX object CMakeFiles/9_cv_image.dir/demo_cpp/9_cv_image.cpp.o[0m
[151.544s] [ 29%] [32m[1mLinking CXX executable 3_subscriber_node[0m
[153.684s] [ 30%] [32m[1mLinking CXX executable 5_lidar_data[0m
[156.303s] [ 30%] Built target 3_subscriber_node
[156.985s] [ 31%] [32m[1mLinking CXX executable wpb_home_mani_sim[0m
[158.356s] [ 31%] Built target 5_lidar_data
[160.837s] [ 31%] Built target wpb_home_mani_sim
[166.929s] [ 32%] [32mBuilding CXX object CMakeFiles/9_cv_face_detect.dir/demo_cpp/9_cv_face_detect.cpp.o[0m
[169.104s] [ 34%] [32mBuilding CXX object CMakeFiles/9_cv_follow.dir/demo_cpp/9_cv_follow.cpp.o[0m
[170.366s] [ 35%] [32mBuilding CXX object CMakeFiles/9_cv_hsv.dir/demo_cpp/9_cv_hsv.cpp.o[0m
[194.217s] [ 36%] [32m[1mLinking CXX executable 6_imu_data[0m
[196.145s] [ 37%] [32m[1mLinking CXX executable 5_lidar_behavior[0m
[199.433s] [ 37%] Built target 6_imu_data
[199.801s] [ 39%] [32m[1mLinking CXX executable 8_waypoint_navigation[0m
[200.133s] [ 39%] Built target 5_lidar_behavior
[200.853s] [ 40%] [32m[1mLinking CXX executable 6_imu_behavior[0m
[201.407s] [ 40%] Built target 8_waypoint_navigation
[202.199s] [ 40%] Built target 6_imu_behavior
[204.603s] [ 41%] [32m[1mLinking CXX executable 9_cv_image[0m
[207.962s] [ 41%] Built target 9_cv_image
[225.640s] [ 43%] [32m[1mLinking CXX executable 9_cv_hsv[0m
[226.692s] [ 44%] [32m[1mLinking CXX executable 9_cv_follow[0m
[228.282s] [ 44%] Built target 9_cv_hsv
[228.362s] [ 46%] [32mBuilding CXX object CMakeFiles/demo_nav2_client.dir/demo_cpp/demo_nav2_client.cpp.o[0m
[228.362s] [ 46%] [32mBuilding CXX object CMakeFiles/12_fetch.dir/demo_cpp/12_fetch.cpp.o[0m
[228.369s] [ 48%] [32mBuilding CXX object CMakeFiles/11_mani_ctrl.dir/demo_cpp/11_mani_ctrl.cpp.o[0m
[228.373s] [ 49%] [32mBuilding CXX object CMakeFiles/10_pc_objects.dir/demo_cpp/10_pc_objects.cpp.o[0m
[228.402s] [ 50%] [32mBuilding CXX object CMakeFiles/10_pc_data.dir/demo_cpp/10_pc_data.cpp.o[0m
[229.548s] [ 51%] [34m[1mGenerating C++ type support dispatch for ROS interfaces[0m
[231.069s] [ 51%] Built target 9_cv_follow
[231.184s] [ 53%] [34m[1mGenerating C type support for eProsima Fast-RTPS[0m
[232.640s] [ 54%] [32mBuilding CXX object CMakeFiles/wpr_simulation2__rosidl_typesupport_cpp.dir/rosidl_typesupport_cpp/wpr_simulation2/msg/object__type_support.cpp.o[0m
[234.385s] [ 55%] [32mBuilding CXX object CMakeFiles/wpr_simulation2__rosidl_typesupport_fastrtps_c.dir/rosidl_typesupport_fastrtps_c/wpr_simulation2/msg/detail/object__type_support_c.cpp.o[0m
[235.722s] [ 56%] [32m[1mLinking CXX shared library libwpr_simulation2__rosidl_typesupport_cpp.so[0m
[236.612s] [ 56%] Built target wpr_simulation2__rosidl_typesupport_cpp
[236.799s] [ 58%] [34m[1mGenerating C++ type support for eProsima Fast-RTPS[0m
[238.976s] [ 59%] [32m[1mLinking CXX shared library libwpr_simulation2__rosidl_typesupport_fastrtps_c.so[0m
[239.912s] [ 59%] Built target wpr_simulation2__rosidl_typesupport_fastrtps_c
[239.924s] [ 60%] [32mBuilding CXX object CMakeFiles/wpr_simulation2__rosidl_typesupport_fastrtps_cpp.dir/rosidl_typesupport_fastrtps_cpp/wpr_simulation2/msg/detail/dds_fastrtps/object__type_support.cpp.o[0m
[240.097s] [ 62%] [34m[1mGenerating C introspection for ROS interfaces[0m
[242.831s] [ 63%] [32mBuilding C object CMakeFiles/wpr_simulation2__rosidl_typesupport_introspection_c.dir/rosidl_typesupport_introspection_c/wpr_simulation2/msg/detail/object__type_support.c.o[0m
[243.347s] [ 64%] [32m[1mLinking C shared library libwpr_simulation2__rosidl_typesupport_introspection_c.so[0m
[243.751s] [ 64%] Built target wpr_simulation2__rosidl_typesupport_introspection_c
[243.931s] [ 65%] [34m[1mGenerating C type support dispatch for ROS interfaces[0m
[245.751s] [ 67%] [32m[1mLinking CXX shared library libwpr_simulation2__rosidl_typesupport_fastrtps_cpp.so[0m
[246.547s] [ 68%] [32mBuilding CXX object CMakeFiles/wpr_simulation2__rosidl_typesupport_c.dir/rosidl_typesupport_c/wpr_simulation2/msg/object__type_support.cpp.o[0m
[246.839s] [ 68%] Built target wpr_simulation2__rosidl_typesupport_fastrtps_cpp
[246.991s] [ 69%] [34m[1mGenerating C++ introspection for ROS interfaces[0m
[246.997s] [ 70%] [32m[1mLinking CXX shared library libwpr_simulation2__rosidl_typesupport_c.so[0m
[247.490s] [ 70%] Built target wpr_simulation2__rosidl_typesupport_c
[250.119s] [ 72%] [32mBuilding CXX object CMakeFiles/wpr_simulation2__rosidl_typesupport_introspection_cpp.dir/rosidl_typesupport_introspection_cpp/wpr_simulation2/msg/detail/object__type_support.cpp.o[0m
[252.908s] [ 73%] [32m[1mLinking CXX executable 9_cv_face_detect[0m
[255.803s] [ 74%] [32m[1mLinking CXX shared library libwpr_simulation2__rosidl_typesupport_introspection_cpp.so[0m
[256.743s] [ 74%] Built target wpr_simulation2__rosidl_typesupport_introspection_cpp
[257.213s] [ 75%] [32mBuilding CXX object CMakeFiles/objects_publisher.dir/src/objects_publisher.cpp.o[0m
[257.372s] running egg_info
[257.379s] creating wpr_simulation2.egg-info
[257.389s] writing wpr_simulation2.egg-info/PKG-INFO
[257.392s] writing dependency_links to wpr_simulation2.egg-info/dependency_links.txt
[257.402s] writing top-level names to wpr_simulation2.egg-info/top_level.txt
[257.402s] writing manifest file 'wpr_simulation2.egg-info/SOURCES.txt'
[257.431s] reading manifest file 'wpr_simulation2.egg-info/SOURCES.txt'
[257.438s] writing manifest file 'wpr_simulation2.egg-info/SOURCES.txt'
[258.071s] [ 75%] Built target ament_cmake_python_build_wpr_simulation2_egg
[258.269s] [ 77%] [32mBuilding CXX object CMakeFiles/grab_object_sim.dir/src/grab_object_sim.cpp.o[0m
[263.615s] [ 77%] Built target 9_cv_face_detect
[263.867s] [ 78%] [32mBuilding CXX object CMakeFiles/11_grab_object.dir/demo_cpp/11_grab_object.cpp.o[0m
[276.939s] [ 79%] [32m[1mLinking CXX executable demo_nav2_client[0m
[279.654s] [ 81%] [32m[1mLinking CXX executable 11_mani_ctrl[0m
[280.440s] [ 81%] Built target demo_nav2_client
[280.644s] [ 81%] Built target wpr_simulation2
[280.859s] [ 82%] [34m[1mGenerating Python code for ROS interfaces[0m
[281.883s] [ 82%] Built target 11_mani_ctrl
[284.562s] [ 82%] Built target wpr_simulation2__py
[284.663s] [ 83%] [32mBuilding C object CMakeFiles/wpr_simulation2__rosidl_generator_py.dir/rosidl_generator_py/wpr_simulation2/msg/_object_s.c.o[0m
[286.632s] [ 84%] [32m[1mLinking C shared library rosidl_generator_py/wpr_simulation2/libwpr_simulation2__rosidl_generator_py.so[0m
[287.196s] [ 84%] Built target wpr_simulation2__rosidl_generator_py
[287.417s] [ 86%] [32mBuilding C object CMakeFiles/wpr_simulation2__rosidl_typesupport_introspection_c__pyext.dir/rosidl_generator_py/wpr_simulation2/_wpr_simulation2_s.ep.rosidl_typesupport_introspection_c.c.o[0m
[287.450s] [ 87%] [32mBuilding C object CMakeFiles/wpr_simulation2__rosidl_typesupport_fastrtps_c__pyext.dir/rosidl_generator_py/wpr_simulation2/_wpr_simulation2_s.ep.rosidl_typesupport_fastrtps_c.c.o[0m
[288.745s] [ 88%] [32m[1mLinking C shared library rosidl_generator_py/wpr_simulation2/wpr_simulation2_s__rosidl_typesupport_introspection_c.cpython-310-x86_64-linux-gnu.so[0m
[288.831s] [ 89%] [32m[1mLinking C shared library rosidl_generator_py/wpr_simulation2/wpr_simulation2_s__rosidl_typesupport_fastrtps_c.cpython-310-x86_64-linux-gnu.so[0m
[289.200s] [ 89%] Built target wpr_simulation2__rosidl_typesupport_introspection_c__pyext
[289.277s] [ 89%] Built target wpr_simulation2__rosidl_typesupport_fastrtps_c__pyext
[289.430s] [ 91%] [32mBuilding C object CMakeFiles/wpr_simulation2__rosidl_typesupport_c__pyext.dir/rosidl_generator_py/wpr_simulation2/_wpr_simulation2_s.ep.rosidl_typesupport_c.c.o[0m
[290.358s] [ 92%] [32m[1mLinking C shared library rosidl_generator_py/wpr_simulation2/wpr_simulation2_s__rosidl_typesupport_c.cpython-310-x86_64-linux-gnu.so[0m
[290.753s] [ 92%] Built target wpr_simulation2__rosidl_typesupport_c__pyext
[310.383s] [ 93%] [32m[1mLinking CXX executable 12_fetch[0m
[313.032s] [ 93%] Built target 12_fetch
[328.550s] [ 94%] [32m[1mLinking CXX executable 10_pc_data[0m
[328.779s] [ 96%] [32m[1mLinking CXX executable 11_grab_object[0m
[332.530s] [ 96%] Built target 10_pc_data
[332.627s] [ 96%] Built target 11_grab_object
[337.185s] [ 97%] [32m[1mLinking CXX executable 10_pc_objects[0m
[339.483s] [ 98%] [32m[1mLinking CXX executable grab_object_sim[0m
[342.889s] [ 98%] Built target 10_pc_objects
[343.624s] [ 98%] Built target grab_object_sim
[363.228s] [100%] [32m[1mLinking CXX executable objects_publisher[0m
[369.540s] [100%] Built target objects_publisher
[369.585s] Invoked command in '/home/zj/chapt2/chapt2_ws/build/wpr_simulation2' returned '0': CMAKE_PREFIX_PATH=/opt/ros/humble /usr/bin/cmake --build /home/zj/chapt2/chapt2_ws/build/wpr_simulation2 -- -j8 -l8
[369.591s] Invoking command in '/home/zj/chapt2/chapt2_ws/build/wpr_simulation2': CMAKE_PREFIX_PATH=/opt/ros/humble /usr/bin/cmake --install /home/zj/chapt2/chapt2_ws/build/wpr_simulation2
[369.613s] -- Install configuration: ""
[369.614s] -- Installing: /home/zj/chapt2/chapt2_ws/install/wpr_simulation2/share/ament_index/resource_index/rosidl_interfaces/wpr_simulation2
[369.615s] -- Installing: /home/zj/chapt2/chapt2_ws/install/wpr_simulation2/include/wpr_simulation2/wpr_simulation2
[369.616s] -- Installing: /home/zj/chapt2/chapt2_ws/install/wpr_simulation2/include/wpr_simulation2/wpr_simulation2/msg
[369.616s] -- Installing: /home/zj/chapt2/chapt2_ws/install/wpr_simulation2/include/wpr_simulation2/wpr_simulation2/msg/rosidl_generator_c__visibility_control.h
[369.617s] -- Installing: /home/zj/chapt2/chapt2_ws/install/wpr_simulation2/include/wpr_simulation2/wpr_simulation2/msg/detail
[369.617s] -- Installing: /home/zj/chapt2/chapt2_ws/install/wpr_simulation2/include/wpr_simulation2/wpr_simulation2/msg/detail/object__functions.c
[369.617s] -- Installing: /home/zj/chapt2/chapt2_ws/install/wpr_simulation2/include/wpr_simulation2/wpr_simulation2/msg/detail/object__struct.h
[369.618s] -- Installing: /home/zj/chapt2/chapt2_ws/install/wpr_simulation2/include/wpr_simulation2/wpr_simulation2/msg/detail/object__type_support.h
[369.618s] -- Installing: /home/zj/chapt2/chapt2_ws/install/wpr_simulation2/include/wpr_simulation2/wpr_simulation2/msg/detail/object__functions.h
[369.618s] -- Installing: /home/zj/chapt2/chapt2_ws/install/wpr_simulation2/include/wpr_simulation2/wpr_simulation2/msg/object.h
[369.619s] -- Installing: /home/zj/chapt2/chapt2_ws/install/wpr_simulation2/share/wpr_simulation2/environment/library_path.sh
[369.621s] -- Installing: /home/zj/chapt2/chapt2_ws/install/wpr_simulation2/share/wpr_simulation2/environment/library_path.dsv
[369.622s] -- Installing: /home/zj/chapt2/chapt2_ws/install/wpr_simulation2/lib/libwpr_simulation2__rosidl_generator_c.so
[369.623s] -- Set runtime path of "/home/zj/chapt2/chapt2_ws/install/wpr_simulation2/lib/libwpr_simulation2__rosidl_generator_c.so" to ""
[369.623s] -- Up-to-date: /home/zj/chapt2/chapt2_ws/install/wpr_simulation2/include/wpr_simulation2/wpr_simulation2
[369.623s] -- Up-to-date: /home/zj/chapt2/chapt2_ws/install/wpr_simulation2/include/wpr_simulation2/wpr_simulation2/msg
[369.623s] -- Up-to-date: /home/zj/chapt2/chapt2_ws/install/wpr_simulation2/include/wpr_simulation2/wpr_simulation2/msg/detail
[369.623s] -- Installing: /home/zj/chapt2/chapt2_ws/install/wpr_simulation2/include/wpr_simulation2/wpr_simulation2/msg/detail/object__rosidl_typesupport_fastrtps_c.h
[369.623s] -- Installing: /home/zj/chapt2/chapt2_ws/install/wpr_simulation2/include/wpr_simulation2/wpr_simulation2/msg/rosidl_typesupport_fastrtps_c__visibility_control.h
[369.623s] -- Installing: /home/zj/chapt2/chapt2_ws/install/wpr_simulation2/lib/libwpr_simulation2__rosidl_typesupport_fastrtps_c.so
[369.624s] -- Set runtime path of "/home/zj/chapt2/chapt2_ws/install/wpr_simulation2/lib/libwpr_simulation2__rosidl_typesupport_fastrtps_c.so" to ""
[369.624s] -- Up-to-date: /home/zj/chapt2/chapt2_ws/install/wpr_simulation2/include/wpr_simulation2/wpr_simulation2
[369.625s] -- Up-to-date: /home/zj/chapt2/chapt2_ws/install/wpr_simulation2/include/wpr_simulation2/wpr_simulation2/msg
[369.625s] -- Installing: /home/zj/chapt2/chapt2_ws/install/wpr_simulation2/include/wpr_simulation2/wpr_simulation2/msg/rosidl_generator_cpp__visibility_control.hpp
[369.626s] -- Up-to-date: /home/zj/chapt2/chapt2_ws/install/wpr_simulation2/include/wpr_simulation2/wpr_simulation2/msg/detail
[369.626s] -- Installing: /home/zj/chapt2/chapt2_ws/install/wpr_simulation2/include/wpr_simulation2/wpr_simulation2/msg/detail/object__traits.hpp
[369.626s] -- Installing: /home/zj/chapt2/chapt2_ws/install/wpr_simulation2/include/wpr_simulation2/wpr_simulation2/msg/detail/object__builder.hpp
[369.626s] -- Installing: /home/zj/chapt2/chapt2_ws/install/wpr_simulation2/include/wpr_simulation2/wpr_simulation2/msg/detail/object__struct.hpp
[369.626s] -- Installing: /home/zj/chapt2/chapt2_ws/install/wpr_simulation2/include/wpr_simulation2/wpr_simulation2/msg/detail/object__type_support.hpp
[369.627s] -- Installing: /home/zj/chapt2/chapt2_ws/install/wpr_simulation2/include/wpr_simulation2/wpr_simulation2/msg/object.hpp
[369.627s] -- Up-to-date: /home/zj/chapt2/chapt2_ws/install/wpr_simulation2/include/wpr_simulation2/wpr_simulation2
[369.627s] -- Up-to-date: /home/zj/chapt2/chapt2_ws/install/wpr_simulation2/include/wpr_simulation2/wpr_simulation2/msg
[369.627s] -- Installing: /home/zj/chapt2/chapt2_ws/install/wpr_simulation2/include/wpr_simulation2/wpr_simulation2/msg/rosidl_typesupport_fastrtps_cpp__visibility_control.h
[369.627s] -- Up-to-date: /home/zj/chapt2/chapt2_ws/install/wpr_simulation2/include/wpr_simulation2/wpr_simulation2/msg/detail
[369.628s] -- Installing: /home/zj/chapt2/chapt2_ws/install/wpr_simulation2/include/wpr_simulation2/wpr_simulation2/msg/detail/dds_fastrtps
[369.628s] -- Installing: /home/zj/chapt2/chapt2_ws/install/wpr_simulation2/include/wpr_simulation2/wpr_simulation2/msg/detail/object__rosidl_typesupport_fastrtps_cpp.hpp
[369.628s] -- Installing: /home/zj/chapt2/chapt2_ws/install/wpr_simulation2/lib/libwpr_simulation2__rosidl_typesupport_fastrtps_cpp.so
[369.629s] -- Set runtime path of "/home/zj/chapt2/chapt2_ws/install/wpr_simulation2/lib/libwpr_simulation2__rosidl_typesupport_fastrtps_cpp.so" to ""
[369.630s] -- Up-to-date: /home/zj/chapt2/chapt2_ws/install/wpr_simulation2/include/wpr_simulation2/wpr_simulation2
[369.630s] -- Up-to-date: /home/zj/chapt2/chapt2_ws/install/wpr_simulation2/include/wpr_simulation2/wpr_simulation2/msg
[369.630s] -- Up-to-date: /home/zj/chapt2/chapt2_ws/install/wpr_simulation2/include/wpr_simulation2/wpr_simulation2/msg/detail
[369.630s] -- Installing: /home/zj/chapt2/chapt2_ws/install/wpr_simulation2/include/wpr_simulation2/wpr_simulation2/msg/detail/object__type_support.c
[369.631s] -- Installing: /home/zj/chapt2/chapt2_ws/install/wpr_simulation2/include/wpr_simulation2/wpr_simulation2/msg/detail/object__rosidl_typesupport_introspection_c.h
[369.631s] -- Installing: /home/zj/chapt2/chapt2_ws/install/wpr_simulation2/include/wpr_simulation2/wpr_simulation2/msg/rosidl_typesupport_introspection_c__visibility_control.h
[369.631s] -- Installing: /home/zj/chapt2/chapt2_ws/install/wpr_simulation2/lib/libwpr_simulation2__rosidl_typesupport_introspection_c.so
[369.634s] -- Set runtime path of "/home/zj/chapt2/chapt2_ws/install/wpr_simulation2/lib/libwpr_simulation2__rosidl_typesupport_introspection_c.so" to ""
[369.634s] -- Installing: /home/zj/chapt2/chapt2_ws/install/wpr_simulation2/lib/libwpr_simulation2__rosidl_typesupport_c.so
[369.634s] -- Set runtime path of "/home/zj/chapt2/chapt2_ws/install/wpr_simulation2/lib/libwpr_simulation2__rosidl_typesupport_c.so" to ""
[369.634s] -- Up-to-date: /home/zj/chapt2/chapt2_ws/install/wpr_simulation2/include/wpr_simulation2/wpr_simulation2
[369.635s] -- Up-to-date: /home/zj/chapt2/chapt2_ws/install/wpr_simulation2/include/wpr_simulation2/wpr_simulation2/msg
[369.635s] -- Up-to-date: /home/zj/chapt2/chapt2_ws/install/wpr_simulation2/include/wpr_simulation2/wpr_simulation2/msg/detail
[369.635s] -- Installing: /home/zj/chapt2/chapt2_ws/install/wpr_simulation2/include/wpr_simulation2/wpr_simulation2/msg/detail/object__rosidl_typesupport_introspection_cpp.hpp
[369.636s] -- Installing: /home/zj/chapt2/chapt2_ws/install/wpr_simulation2/include/wpr_simulation2/wpr_simulation2/msg/detail/object__type_support.cpp
[369.637s] -- Installing: /home/zj/chapt2/chapt2_ws/install/wpr_simulation2/lib/libwpr_simulation2__rosidl_typesupport_introspection_cpp.so
[369.637s] -- Set runtime path of "/home/zj/chapt2/chapt2_ws/install/wpr_simulation2/lib/libwpr_simulation2__rosidl_typesupport_introspection_cpp.so" to ""
[369.637s] -- Installing: /home/zj/chapt2/chapt2_ws/install/wpr_simulation2/lib/libwpr_simulation2__rosidl_typesupport_cpp.so
[369.638s] -- Set runtime path of "/home/zj/chapt2/chapt2_ws/install/wpr_simulation2/lib/libwpr_simulation2__rosidl_typesupport_cpp.so" to ""
[369.638s] -- Installing: /home/zj/chapt2/chapt2_ws/install/wpr_simulation2/share/wpr_simulation2/environment/pythonpath.sh
[369.639s] -- Installing: /home/zj/chapt2/chapt2_ws/install/wpr_simulation2/share/wpr_simulation2/environment/pythonpath.dsv
[369.639s] -- Installing: /home/zj/chapt2/chapt2_ws/install/wpr_simulation2/local/lib/python3.10/dist-packages/wpr_simulation2-1.0.0-py3.10.egg-info
[369.639s] -- Installing: /home/zj/chapt2/chapt2_ws/install/wpr_simulation2/local/lib/python3.10/dist-packages/wpr_simulation2-1.0.0-py3.10.egg-info/PKG-INFO
[369.640s] -- Installing: /home/zj/chapt2/chapt2_ws/install/wpr_simulation2/local/lib/python3.10/dist-packages/wpr_simulation2-1.0.0-py3.10.egg-info/SOURCES.txt
[369.640s] -- Installing: /home/zj/chapt2/chapt2_ws/install/wpr_simulation2/local/lib/python3.10/dist-packages/wpr_simulation2-1.0.0-py3.10.egg-info/top_level.txt
[369.640s] -- Installing: /home/zj/chapt2/chapt2_ws/install/wpr_simulation2/local/lib/python3.10/dist-packages/wpr_simulation2-1.0.0-py3.10.egg-info/dependency_links.txt
[369.641s] -- Installing: /home/zj/chapt2/chapt2_ws/install/wpr_simulation2/local/lib/python3.10/dist-packages/wpr_simulation2
[369.642s] -- Installing: /home/zj/chapt2/chapt2_ws/install/wpr_simulation2/local/lib/python3.10/dist-packages/wpr_simulation2/msg
[369.642s] -- Installing: /home/zj/chapt2/chapt2_ws/install/wpr_simulation2/local/lib/python3.10/dist-packages/wpr_simulation2/msg/_object_s.c
[369.645s] -- Installing: /home/zj/chapt2/chapt2_ws/install/wpr_simulation2/local/lib/python3.10/dist-packages/wpr_simulation2/msg/__init__.py
[369.645s] -- Installing: /home/zj/chapt2/chapt2_ws/install/wpr_simulation2/local/lib/python3.10/dist-packages/wpr_simulation2/msg/_object.py
[369.645s] -- Installing: /home/zj/chapt2/chapt2_ws/install/wpr_simulation2/local/lib/python3.10/dist-packages/wpr_simulation2/wpr_simulation2_s__rosidl_typesupport_fastrtps_c.cpython-310-x86_64-linux-gnu.so
[369.645s] -- Installing: /home/zj/chapt2/chapt2_ws/install/wpr_simulation2/local/lib/python3.10/dist-packages/wpr_simulation2/_wpr_simulation2_s.ep.rosidl_typesupport_introspection_c.c
[369.645s] -- Installing: /home/zj/chapt2/chapt2_ws/install/wpr_simulation2/local/lib/python3.10/dist-packages/wpr_simulation2/_wpr_simulation2_s.ep.rosidl_typesupport_c.c
[369.645s] -- Installing: /home/zj/chapt2/chapt2_ws/install/wpr_simulation2/local/lib/python3.10/dist-packages/wpr_simulation2/wpr_simulation2_s__rosidl_typesupport_c.cpython-310-x86_64-linux-gnu.so
[369.645s] -- Installing: /home/zj/chapt2/chapt2_ws/install/wpr_simulation2/local/lib/python3.10/dist-packages/wpr_simulation2/libwpr_simulation2__rosidl_generator_py.so
[369.645s] -- Installing: /home/zj/chapt2/chapt2_ws/install/wpr_simulation2/local/lib/python3.10/dist-packages/wpr_simulation2/__init__.py
[369.645s] -- Installing: /home/zj/chapt2/chapt2_ws/install/wpr_simulation2/local/lib/python3.10/dist-packages/wpr_simulation2/_wpr_simulation2_s.ep.rosidl_typesupport_fastrtps_c.c
[369.645s] -- Installing: /home/zj/chapt2/chapt2_ws/install/wpr_simulation2/local/lib/python3.10/dist-packages/wpr_simulation2/wpr_simulation2_s__rosidl_typesupport_introspection_c.cpython-310-x86_64-linux-gnu.so
[369.767s] Listing '/home/zj/chapt2/chapt2_ws/install/wpr_simulation2/local/lib/python3.10/dist-packages/wpr_simulation2'...
[369.767s] Compiling '/home/zj/chapt2/chapt2_ws/install/wpr_simulation2/local/lib/python3.10/dist-packages/wpr_simulation2/__init__.py'...
[369.767s] Listing '/home/zj/chapt2/chapt2_ws/install/wpr_simulation2/local/lib/python3.10/dist-packages/wpr_simulation2/msg'...
[369.767s] Compiling '/home/zj/chapt2/chapt2_ws/install/wpr_simulation2/local/lib/python3.10/dist-packages/wpr_simulation2/msg/__init__.py'...
[369.769s] Compiling '/home/zj/chapt2/chapt2_ws/install/wpr_simulation2/local/lib/python3.10/dist-packages/wpr_simulation2/msg/_object.py'...
[369.794s] -- Installing: /home/zj/chapt2/chapt2_ws/install/wpr_simulation2/local/lib/python3.10/dist-packages/wpr_simulation2/wpr_simulation2_s__rosidl_typesupport_fastrtps_c.cpython-310-x86_64-linux-gnu.so
[369.795s] -- Set runtime path of "/home/zj/chapt2/chapt2_ws/install/wpr_simulation2/local/lib/python3.10/dist-packages/wpr_simulation2/wpr_simulation2_s__rosidl_typesupport_fastrtps_c.cpython-310-x86_64-linux-gnu.so" to ""
[369.796s] -- Installing: /home/zj/chapt2/chapt2_ws/install/wpr_simulation2/local/lib/python3.10/dist-packages/wpr_simulation2/wpr_simulation2_s__rosidl_typesupport_introspection_c.cpython-310-x86_64-linux-gnu.so
[369.796s] -- Set runtime path of "/home/zj/chapt2/chapt2_ws/install/wpr_simulation2/local/lib/python3.10/dist-packages/wpr_simulation2/wpr_simulation2_s__rosidl_typesupport_introspection_c.cpython-310-x86_64-linux-gnu.so" to ""
[369.796s] -- Installing: /home/zj/chapt2/chapt2_ws/install/wpr_simulation2/local/lib/python3.10/dist-packages/wpr_simulation2/wpr_simulation2_s__rosidl_typesupport_c.cpython-310-x86_64-linux-gnu.so
[369.803s] -- Set runtime path of "/home/zj/chapt2/chapt2_ws/install/wpr_simulation2/local/lib/python3.10/dist-packages/wpr_simulation2/wpr_simulation2_s__rosidl_typesupport_c.cpython-310-x86_64-linux-gnu.so" to ""
[369.803s] -- Installing: /home/zj/chapt2/chapt2_ws/install/wpr_simulation2/lib/libwpr_simulation2__rosidl_generator_py.so
[369.803s] -- Set runtime path of "/home/zj/chapt2/chapt2_ws/install/wpr_simulation2/lib/libwpr_simulation2__rosidl_generator_py.so" to ""
[369.804s] -- Installing: /home/zj/chapt2/chapt2_ws/install/wpr_simulation2/share/wpr_simulation2/msg/Object.idl
[369.804s] -- Installing: /home/zj/chapt2/chapt2_ws/install/wpr_simulation2/share/wpr_simulation2/msg/Object.msg
[369.804s] -- Installing: /home/zj/chapt2/chapt2_ws/install/wpr_simulation2/share/wpr_simulation2/config
[369.805s] -- Installing: /home/zj/chapt2/chapt2_ws/install/wpr_simulation2/share/wpr_simulation2/config/wpb_home_controller.yaml
[369.807s] -- Installing: /home/zj/chapt2/chapt2_ws/install/wpr_simulation2/share/wpr_simulation2/config/nav2_params.yaml
[369.809s] -- Installing: /home/zj/chapt2/chapt2_ws/install/wpr_simulation2/share/wpr_simulation2/launch
[369.810s] -- Installing: /home/zj/chapt2/chapt2_ws/install/wpr_simulation2/share/wpr_simulation2/launch/world.launch.py
[369.811s] -- Installing: /home/zj/chapt2/chapt2_ws/install/wpr_simulation2/share/wpr_simulation2/launch/spawn_objects.launch.py
[369.812s] -- Installing: /home/zj/chapt2/chapt2_ws/install/wpr_simulation2/share/wpr_simulation2/launch/wpb_simple.launch.py
[369.813s] -- Installing: /home/zj/chapt2/chapt2_ws/install/wpr_simulation2/share/wpr_simulation2/launch/spawn_wpb_lidar.launch.py
[369.814s] -- Installing: /home/zj/chapt2/chapt2_ws/install/wpr_simulation2/share/wpr_simulation2/launch/spawn_wpb_head_up.launch.py
[369.815s] -- Installing: /home/zj/chapt2/chapt2_ws/install/wpr_simulation2/share/wpr_simulation2/launch/wpb_face.launch.py
[369.816s] -- Installing: /home/zj/chapt2/chapt2_ws/install/wpr_simulation2/share/wpr_simulation2/launch/map_tools.launch.py
[369.817s] -- Installing: /home/zj/chapt2/chapt2_ws/install/wpr_simulation2/share/wpr_simulation2/launch/slam.launch.py
[369.818s] -- Installing: /home/zj/chapt2/chapt2_ws/install/wpr_simulation2/share/wpr_simulation2/launch/wpb_mani.launch.py
[369.819s] -- Installing: /home/zj/chapt2/chapt2_ws/install/wpr_simulation2/share/wpr_simulation2/launch/wpb_table.launch.py
[369.821s] -- Installing: /home/zj/chapt2/chapt2_ws/install/wpr_simulation2/share/wpr_simulation2/launch/spawn_wpb.launch.py
[369.822s] -- Installing: /home/zj/chapt2/chapt2_ws/install/wpr_simulation2/share/wpr_simulation2/launch/robocup_home_mani.launch.py
[369.823s] -- Installing: /home/zj/chapt2/chapt2_ws/install/wpr_simulation2/share/wpr_simulation2/launch/robocup_home.launch.py
[369.825s] -- Installing: /home/zj/chapt2/chapt2_ws/install/wpr_simulation2/share/wpr_simulation2/launch/wpb_scene_1.launch.py
[369.825s] -- Installing: /home/zj/chapt2/chapt2_ws/install/wpr_simulation2/share/wpr_simulation2/launch/demo_mani_ctrl.launch.py
[369.827s] -- Installing: /home/zj/chapt2/chapt2_ws/install/wpr_simulation2/share/wpr_simulation2/launch/spawn_wpb_mani.launch.py
[369.827s] -- Installing: /home/zj/chapt2/chapt2_ws/install/wpr_simulation2/share/wpr_simulation2/launch/wpb_objects.launch.py
[369.828s] -- Installing: /home/zj/chapt2/chapt2_ws/install/wpr_simulation2/share/wpr_simulation2/launch/wpb_balls.launch.py
[369.830s] -- Installing: /home/zj/chapt2/chapt2_ws/install/wpr_simulation2/share/wpr_simulation2/launch/spawn_persons.launch.py
[369.831s] -- Installing: /home/zj/chapt2/chapt2_ws/install/wpr_simulation2/share/wpr_simulation2/launch/navigation.launch.py
[369.832s] -- Installing: /home/zj/chapt2/chapt2_ws/install/wpr_simulation2/share/wpr_simulation2/demo_launch
[369.833s] -- Installing: /home/zj/chapt2/chapt2_ws/install/wpr_simulation2/share/wpr_simulation2/demo_launch/8_nav.launch.py
[369.834s] -- Installing: /home/zj/chapt2/chapt2_ws/install/wpr_simulation2/share/wpr_simulation2/demo_launch/7_slam.launch.py
[369.836s] -- Installing: /home/zj/chapt2/chapt2_ws/install/wpr_simulation2/share/wpr_simulation2/demo_launch/12_home.launch.py
[369.837s] -- Installing: /home/zj/chapt2/chapt2_ws/install/wpr_simulation2/share/wpr_simulation2/demo_launch/3_pub_sub.launch.xml
[369.838s] -- Installing: /home/zj/chapt2/chapt2_ws/install/wpr_simulation2/share/wpr_simulation2/demo_launch/3_pub_sub.launch.py
[369.840s] -- Installing: /home/zj/chapt2/chapt2_ws/install/wpr_simulation2/share/wpr_simulation2/demo_launch/8_waypoint_nav.launch.py
[369.840s] -- Installing: /home/zj/chapt2/chapt2_ws/install/wpr_simulation2/share/wpr_simulation2/demo_launch/3_pub_sub.launch.yaml
[369.841s] -- Installing: /home/zj/chapt2/chapt2_ws/install/wpr_simulation2/share/wpr_simulation2/worlds
[369.843s] -- Installing: /home/zj/chapt2/chapt2_ws/install/wpr_simulation2/share/wpr_simulation2/worlds/light.world
[369.844s] -- Installing: /home/zj/chapt2/chapt2_ws/install/wpr_simulation2/share/wpr_simulation2/worlds/wpb_simple.world
[369.845s] -- Installing: /home/zj/chapt2/chapt2_ws/install/wpr_simulation2/share/wpr_simulation2/worlds/wpb_pose.world
[369.845s] -- Installing: /home/zj/chapt2/chapt2_ws/install/wpr_simulation2/share/wpr_simulation2/worlds/simple.world
[369.847s] -- Installing: /home/zj/chapt2/chapt2_ws/install/wpr_simulation2/share/wpr_simulation2/worlds/table.world
[369.848s] -- Installing: /home/zj/chapt2/chapt2_ws/install/wpr_simulation2/share/wpr_simulation2/worlds/robocup_home.world
[369.850s] -- Installing: /home/zj/chapt2/chapt2_ws/install/wpr_simulation2/share/wpr_simulation2/models
[369.851s] -- Installing: /home/zj/chapt2/chapt2_ws/install/wpr_simulation2/share/wpr_simulation2/models/wpb_home_head_up.model
[369.852s] -- Installing: /home/zj/chapt2/chapt2_ws/install/wpr_simulation2/share/wpr_simulation2/models/wpb_home_mani.model
[369.854s] -- Installing: /home/zj/chapt2/chapt2_ws/install/wpr_simulation2/share/wpr_simulation2/models/tea_table.model
[369.856s] -- Installing: /home/zj/chapt2/chapt2_ws/install/wpr_simulation2/share/wpr_simulation2/models/wpr1.model
[369.858s] -- Installing: /home/zj/chapt2/chapt2_ws/install/wpr_simulation2/share/wpr_simulation2/models/sofa.model
[369.858s] -- Installing: /home/zj/chapt2/chapt2_ws/install/wpr_simulation2/share/wpr_simulation2/models/balls
[369.860s] -- Installing: /home/zj/chapt2/chapt2_ws/install/wpr_simulation2/share/wpr_simulation2/models/balls/blue_ball.model
[369.861s] -- Installing: /home/zj/chapt2/chapt2_ws/install/wpr_simulation2/share/wpr_simulation2/models/balls/red_ball.model
[369.862s] -- Installing: /home/zj/chapt2/chapt2_ws/install/wpr_simulation2/share/wpr_simulation2/models/balls/orange_ball.model
[369.863s] -- Installing: /home/zj/chapt2/chapt2_ws/install/wpr_simulation2/share/wpr_simulation2/models/balls/green_ball.model
[369.864s] -- Installing: /home/zj/chapt2/chapt2_ws/install/wpr_simulation2/share/wpr_simulation2/models/wpv3.model
[369.865s] -- Installing: /home/zj/chapt2/chapt2_ws/install/wpr_simulation2/share/wpr_simulation2/models/bottles
[369.866s] -- Installing: /home/zj/chapt2/chapt2_ws/install/wpr_simulation2/share/wpr_simulation2/models/bottles/red_bottle.model
[369.867s] -- Installing: /home/zj/chapt2/chapt2_ws/install/wpr_simulation2/share/wpr_simulation2/models/bottles/green_bottle.model
[369.870s] -- Installing: /home/zj/chapt2/chapt2_ws/install/wpr_simulation2/share/wpr_simulation2/models/cupboard.model
[369.871s] -- Installing: /home/zj/chapt2/chapt2_ws/install/wpr_simulation2/share/wpr_simulation2/models/bookshelft.model
[369.871s] -- Installing: /home/zj/chapt2/chapt2_ws/install/wpr_simulation2/share/wpr_simulation2/models/wpb_home_lidar.model
[369.873s] -- Installing: /home/zj/chapt2/chapt2_ws/install/wpr_simulation2/share/wpr_simulation2/models/man_2.model
[369.874s] -- Installing: /home/zj/chapt2/chapt2_ws/install/wpr_simulation2/share/wpr_simulation2/models/table.model
[369.876s] -- Installing: /home/zj/chapt2/chapt2_ws/install/wpr_simulation2/share/wpr_simulation2/models/chair.model
[369.877s] -- Installing: /home/zj/chapt2/chapt2_ws/install/wpr_simulation2/share/wpr_simulation2/models/wpb_home.model
[369.878s] -- Installing: /home/zj/chapt2/chapt2_ws/install/wpr_simulation2/share/wpr_simulation2/models/bed.model
[369.880s] -- Installing: /home/zj/chapt2/chapt2_ws/install/wpr_simulation2/share/wpr_simulation2/models/man_1.model
[369.880s] -- Installing: /home/zj/chapt2/chapt2_ws/install/wpr_simulation2/share/wpr_simulation2/models/woman.model
[369.882s] -- Installing: /home/zj/chapt2/chapt2_ws/install/wpr_simulation2/share/wpr_simulation2/models/kai_standing.model
[369.883s] -- Installing: /home/zj/chapt2/chapt2_ws/install/wpr_simulation2/share/wpr_simulation2/meshes
[369.885s] -- Installing: /home/zj/chapt2/chapt2_ws/install/wpr_simulation2/share/wpr_simulation2/meshes/man_1
[369.886s] -- Installing: /home/zj/chapt2/chapt2_ws/install/wpr_simulation2/share/wpr_simulation2/meshes/man_1/color.png
[369.888s] -- Installing: /home/zj/chapt2/chapt2_ws/install/wpr_simulation2/share/wpr_simulation2/meshes/man_1/man_1.dae
[369.891s] -- Installing: /home/zj/chapt2/chapt2_ws/install/wpr_simulation2/share/wpr_simulation2/meshes/tea_table.dae
[369.893s] -- Installing: /home/zj/chapt2/chapt2_ws/install/wpr_simulation2/share/wpr_simulation2/meshes/tea_table
[369.893s] -- Installing: /home/zj/chapt2/chapt2_ws/install/wpr_simulation2/share/wpr_simulation2/meshes/tea_table/Wood_Cherry_Original.jpg
[369.894s] -- Installing: /home/zj/chapt2/chapt2_ws/install/wpr_simulation2/share/wpr_simulation2/meshes/table
[369.896s] -- Installing: /home/zj/chapt2/chapt2_ws/install/wpr_simulation2/share/wpr_simulation2/meshes/table/Wood_Cherry_Original.jpg
[369.897s] -- Installing: /home/zj/chapt2/chapt2_ws/install/wpr_simulation2/share/wpr_simulation2/meshes/bed
[369.898s] -- Installing: /home/zj/chapt2/chapt2_ws/install/wpr_simulation2/share/wpr_simulation2/meshes/bed/Carpet_Pattern_Squares_Multi.jpg
[369.899s] -- Installing: /home/zj/chapt2/chapt2_ws/install/wpr_simulation2/share/wpr_simulation2/meshes/bed/Wood_Bamboo.jpg
[369.900s] -- Installing: /home/zj/chapt2/chapt2_ws/install/wpr_simulation2/share/wpr_simulation2/meshes/bottle.stl
[369.903s] -- Installing: /home/zj/chapt2/chapt2_ws/install/wpr_simulation2/share/wpr_simulation2/meshes/cupboard
[369.904s] -- Installing: /home/zj/chapt2/chapt2_ws/install/wpr_simulation2/share/wpr_simulation2/meshes/cupboard/Wood_Veneer_02.jpg
[369.905s] -- Installing: /home/zj/chapt2/chapt2_ws/install/wpr_simulation2/share/wpr_simulation2/meshes/chair
[369.906s] -- Installing: /home/zj/chapt2/chapt2_ws/install/wpr_simulation2/share/wpr_simulation2/meshes/chair/Wood_Cherry_Original.jpg
[369.906s] -- Installing: /home/zj/chapt2/chapt2_ws/install/wpr_simulation2/share/wpr_simulation2/meshes/man_2
[369.907s] -- Installing: /home/zj/chapt2/chapt2_ws/install/wpr_simulation2/share/wpr_simulation2/meshes/man_2/man_2.dae
[369.910s] -- Installing: /home/zj/chapt2/chapt2_ws/install/wpr_simulation2/share/wpr_simulation2/meshes/man_2/color.png
[369.911s] -- Installing: /home/zj/chapt2/chapt2_ws/install/wpr_simulation2/share/wpr_simulation2/meshes/sofa.dae
[369.913s] -- Installing: /home/zj/chapt2/chapt2_ws/install/wpr_simulation2/share/wpr_simulation2/meshes/table.dae
[369.914s] -- Installing: /home/zj/chapt2/chapt2_ws/install/wpr_simulation2/share/wpr_simulation2/meshes/bed.dae
[369.916s] -- Installing: /home/zj/chapt2/chapt2_ws/install/wpr_simulation2/share/wpr_simulation2/meshes/wpr1
[369.917s] -- Installing: /home/zj/chapt2/chapt2_ws/install/wpr_simulation2/share/wpr_simulation2/meshes/wpr1/finger.dae
[369.929s] -- Installing: /home/zj/chapt2/chapt2_ws/install/wpr_simulation2/share/wpr_simulation2/meshes/wpr1/palm.dae
[369.937s] -- Installing: /home/zj/chapt2/chapt2_ws/install/wpr_simulation2/share/wpr_simulation2/meshes/wpr1/base.dae
[369.947s] -- Installing: /home/zj/chapt2/chapt2_ws/install/wpr_simulation2/share/wpr_simulation2/meshes/wpr1/fingertip.dae
[369.949s] -- Installing: /home/zj/chapt2/chapt2_ws/install/wpr_simulation2/share/wpr_simulation2/meshes/wpr1/forearm.dae
[369.952s] -- Installing: /home/zj/chapt2/chapt2_ws/install/wpr_simulation2/share/wpr_simulation2/meshes/wpr1/upperarm.dae
[369.961s] -- Installing: /home/zj/chapt2/chapt2_ws/install/wpr_simulation2/share/wpr_simulation2/meshes/wpr1/torso.dae
[369.985s] -- Installing: /home/zj/chapt2/chapt2_ws/install/wpr_simulation2/share/wpr_simulation2/meshes/chair.dae
[369.987s] -- Installing: /home/zj/chapt2/chapt2_ws/install/wpr_simulation2/share/wpr_simulation2/meshes/sofa
[369.988s] -- Installing: /home/zj/chapt2/chapt2_ws/install/wpr_simulation2/share/wpr_simulation2/meshes/sofa/Carpet_Loop_Pattern.jpg
[369.990s] -- Installing: /home/zj/chapt2/chapt2_ws/install/wpr_simulation2/share/wpr_simulation2/meshes/kai
[369.991s] -- Installing: /home/zj/chapt2/chapt2_ws/install/wpr_simulation2/share/wpr_simulation2/meshes/kai/kai_standing.dae
[369.999s] -- Installing: /home/zj/chapt2/chapt2_ws/install/wpr_simulation2/share/wpr_simulation2/meshes/kai/1931_LaFeiEr_D_512.png
[370.002s] -- Installing: /home/zj/chapt2/chapt2_ws/install/wpr_simulation2/share/wpr_simulation2/meshes/cupboard.dae
[370.005s] -- Installing: /home/zj/chapt2/chapt2_ws/install/wpr_simulation2/share/wpr_simulation2/meshes/bookshelft
[370.006s] -- Installing: /home/zj/chapt2/chapt2_ws/install/wpr_simulation2/share/wpr_simulation2/meshes/bookshelft/Wood_Veneer_02.jpg
[370.008s] -- Installing: /home/zj/chapt2/chapt2_ws/install/wpr_simulation2/share/wpr_simulation2/meshes/wpv3
[370.009s] -- Installing: /home/zj/chapt2/chapt2_ws/install/wpr_simulation2/share/wpr_simulation2/meshes/wpv3/wpv3.dae
[370.018s] -- Installing: /home/zj/chapt2/chapt2_ws/install/wpr_simulation2/share/wpr_simulation2/meshes/bookshelft.dae
[370.021s] -- Installing: /home/zj/chapt2/chapt2_ws/install/wpr_simulation2/share/wpr_simulation2/meshes/wpb_home
[370.022s] -- Installing: /home/zj/chapt2/chapt2_ws/install/wpr_simulation2/share/wpr_simulation2/meshes/wpb_home/wpb_home_mani.dae
[370.050s] -- Installing: /home/zj/chapt2/chapt2_ws/install/wpr_simulation2/share/wpr_simulation2/meshes/wpb_home/forearm.dae
[370.054s] -- Installing: /home/zj/chapt2/chapt2_ws/install/wpr_simulation2/share/wpr_simulation2/meshes/wpb_home/wpb_home_std.dae
[370.096s] -- Installing: /home/zj/chapt2/chapt2_ws/install/wpr_simulation2/share/wpr_simulation2/meshes/woman
[370.097s] -- Installing: /home/zj/chapt2/chapt2_ws/install/wpr_simulation2/share/wpr_simulation2/meshes/woman/color.png
[370.100s] -- Installing: /home/zj/chapt2/chapt2_ws/install/wpr_simulation2/share/wpr_simulation2/meshes/woman/woman.dae
[370.105s] -- Installing: /home/zj/chapt2/chapt2_ws/install/wpr_simulation2/share/wpr_simulation2/rviz
[370.106s] -- Installing: /home/zj/chapt2/chapt2_ws/install/wpr_simulation2/share/wpr_simulation2/rviz/pointcloud.rviz
[370.107s] -- Installing: /home/zj/chapt2/chapt2_ws/install/wpr_simulation2/share/wpr_simulation2/rviz/slam.rviz
[370.109s] -- Installing: /home/zj/chapt2/chapt2_ws/install/wpr_simulation2/share/wpr_simulation2/rviz/sensor.rviz
[370.110s] -- Installing: /home/zj/chapt2/chapt2_ws/install/wpr_simulation2/share/wpr_simulation2/rviz/fetch.rviz
[370.111s] -- Installing: /home/zj/chapt2/chapt2_ws/install/wpr_simulation2/share/wpr_simulation2/rviz/navi_3d.rviz
[370.113s] -- Installing: /home/zj/chapt2/chapt2_ws/install/wpr_simulation2/share/wpr_simulation2/rviz/objects.rviz
[370.114s] -- Installing: /home/zj/chapt2/chapt2_ws/install/wpr_simulation2/share/wpr_simulation2/rviz/navi.rviz
[370.117s] -- Installing: /home/zj/chapt2/chapt2_ws/install/wpr_simulation2/share/wpr_simulation2/src
[370.117s] -- Installing: /home/zj/chapt2/chapt2_ws/install/wpr_simulation2/share/wpr_simulation2/src/keyboard_vel_cmd.cpp
[370.117s] -- Installing: /home/zj/chapt2/chapt2_ws/install/wpr_simulation2/share/wpr_simulation2/src/ball_random_move.cpp
[370.117s] -- Installing: /home/zj/chapt2/chapt2_ws/install/wpr_simulation2/share/wpr_simulation2/src/objects_publisher.cpp
[370.118s] -- Installing: /home/zj/chapt2/chapt2_ws/install/wpr_simulation2/share/wpr_simulation2/src/wpb_home_mani_sim.cpp
[370.119s] -- Installing: /home/zj/chapt2/chapt2_ws/install/wpr_simulation2/share/wpr_simulation2/src/grab_object_sim.cpp
[370.120s] -- Installing: /home/zj/chapt2/chapt2_ws/install/wpr_simulation2/share/wpr_simulation2/src/face_detector.py
[370.120s] -- Up-to-date: /home/zj/chapt2/chapt2_ws/install/wpr_simulation2/share/wpr_simulation2/msg
[370.122s] -- Up-to-date: /home/zj/chapt2/chapt2_ws/install/wpr_simulation2/share/wpr_simulation2/msg/Object.msg
[370.122s] -- Installing: /home/zj/chapt2/chapt2_ws/install/wpr_simulation2/share/wpr_simulation2/maps
[370.124s] -- Installing: /home/zj/chapt2/chapt2_ws/install/wpr_simulation2/share/wpr_simulation2/maps/.gitignore
[370.125s] -- Installing: /home/zj/chapt2/chapt2_ws/install/wpr_simulation2/lib/wpr_simulation2/face_detector.py
[370.126s] -- Installing: /home/zj/chapt2/chapt2_ws/install/wpr_simulation2/lib/wpr_simulation2/wpb_home_mani_sim
[370.139s] -- Set runtime path of "/home/zj/chapt2/chapt2_ws/install/wpr_simulation2/lib/wpr_simulation2/wpb_home_mani_sim" to ""
[370.140s] -- Installing: /home/zj/chapt2/chapt2_ws/install/wpr_simulation2/lib/wpr_simulation2/keyboard_vel_cmd
[370.143s] -- Set runtime path of "/home/zj/chapt2/chapt2_ws/install/wpr_simulation2/lib/wpr_simulation2/keyboard_vel_cmd" to ""
[370.143s] -- Installing: /home/zj/chapt2/chapt2_ws/install/wpr_simulation2/lib/wpr_simulation2/ball_random_move
[370.147s] -- Set runtime path of "/home/zj/chapt2/chapt2_ws/install/wpr_simulation2/lib/wpr_simulation2/ball_random_move" to ""
[370.149s] -- Installing: /home/zj/chapt2/chapt2_ws/install/wpr_simulation2/lib/wpr_simulation2/objects_publisher
[370.165s] -- Set runtime path of "/home/zj/chapt2/chapt2_ws/install/wpr_simulation2/lib/wpr_simulation2/objects_publisher" to ""
[370.165s] -- Installing: /home/zj/chapt2/chapt2_ws/install/wpr_simulation2/lib/wpr_simulation2/grab_object_sim
[370.180s] -- Set runtime path of "/home/zj/chapt2/chapt2_ws/install/wpr_simulation2/lib/wpr_simulation2/grab_object_sim" to ""
[370.180s] -- Installing: /home/zj/chapt2/chapt2_ws/install/wpr_simulation2/lib/wpr_simulation2/3_publisher_node
[370.184s] -- Set runtime path of "/home/zj/chapt2/chapt2_ws/install/wpr_simulation2/lib/wpr_simulation2/3_publisher_node" to ""
[370.185s] -- Installing: /home/zj/chapt2/chapt2_ws/install/wpr_simulation2/lib/wpr_simulation2/3_subscriber_node
[370.194s] -- Set runtime path of "/home/zj/chapt2/chapt2_ws/install/wpr_simulation2/lib/wpr_simulation2/3_subscriber_node" to ""
[370.194s] -- Installing: /home/zj/chapt2/chapt2_ws/install/wpr_simulation2/lib/wpr_simulation2/4_velocity_command
[370.196s] -- Set runtime path of "/home/zj/chapt2/chapt2_ws/install/wpr_simulation2/lib/wpr_simulation2/4_velocity_command" to ""
[370.197s] -- Installing: /home/zj/chapt2/chapt2_ws/install/wpr_simulation2/lib/wpr_simulation2/5_lidar_data
[370.206s] -- Set runtime path of "/home/zj/chapt2/chapt2_ws/install/wpr_simulation2/lib/wpr_simulation2/5_lidar_data" to ""
[370.206s] -- Installing: /home/zj/chapt2/chapt2_ws/install/wpr_simulation2/lib/wpr_simulation2/5_lidar_behavior
[370.217s] -- Set runtime path of "/home/zj/chapt2/chapt2_ws/install/wpr_simulation2/lib/wpr_simulation2/5_lidar_behavior" to ""
[370.218s] -- Installing: /home/zj/chapt2/chapt2_ws/install/wpr_simulation2/lib/wpr_simulation2/6_imu_data
[370.228s] -- Set runtime path of "/home/zj/chapt2/chapt2_ws/install/wpr_simulation2/lib/wpr_simulation2/6_imu_data" to ""
[370.228s] -- Installing: /home/zj/chapt2/chapt2_ws/install/wpr_simulation2/lib/wpr_simulation2/6_imu_behavior
[370.238s] -- Set runtime path of "/home/zj/chapt2/chapt2_ws/install/wpr_simulation2/lib/wpr_simulation2/6_imu_behavior" to ""
[370.238s] -- Installing: /home/zj/chapt2/chapt2_ws/install/wpr_simulation2/lib/wpr_simulation2/8_waypoint_navigation
[370.248s] -- Set runtime path of "/home/zj/chapt2/chapt2_ws/install/wpr_simulation2/lib/wpr_simulation2/8_waypoint_navigation" to ""
[370.248s] -- Installing: /home/zj/chapt2/chapt2_ws/install/wpr_simulation2/lib/wpr_simulation2/9_cv_image
[370.260s] -- Set runtime path of "/home/zj/chapt2/chapt2_ws/install/wpr_simulation2/lib/wpr_simulation2/9_cv_image" to ""
[370.262s] -- Installing: /home/zj/chapt2/chapt2_ws/install/wpr_simulation2/lib/wpr_simulation2/9_cv_hsv
[370.273s] -- Set runtime path of "/home/zj/chapt2/chapt2_ws/install/wpr_simulation2/lib/wpr_simulation2/9_cv_hsv" to ""
[370.273s] -- Installing: /home/zj/chapt2/chapt2_ws/install/wpr_simulation2/lib/wpr_simulation2/9_cv_follow
[370.286s] -- Set runtime path of "/home/zj/chapt2/chapt2_ws/install/wpr_simulation2/lib/wpr_simulation2/9_cv_follow" to ""
[370.286s] -- Installing: /home/zj/chapt2/chapt2_ws/install/wpr_simulation2/lib/wpr_simulation2/9_cv_face_detect
[370.300s] -- Set runtime path of "/home/zj/chapt2/chapt2_ws/install/wpr_simulation2/lib/wpr_simulation2/9_cv_face_detect" to ""
[370.301s] -- Installing: /home/zj/chapt2/chapt2_ws/install/wpr_simulation2/lib/wpr_simulation2/10_pc_data
[370.311s] -- Set runtime path of "/home/zj/chapt2/chapt2_ws/install/wpr_simulation2/lib/wpr_simulation2/10_pc_data" to ""
[370.311s] -- Installing: /home/zj/chapt2/chapt2_ws/install/wpr_simulation2/lib/wpr_simulation2/10_pc_objects
[370.323s] -- Set runtime path of "/home/zj/chapt2/chapt2_ws/install/wpr_simulation2/lib/wpr_simulation2/10_pc_objects" to ""
[370.324s] -- Installing: /home/zj/chapt2/chapt2_ws/install/wpr_simulation2/lib/wpr_simulation2/11_mani_ctrl
[370.327s] -- Set runtime path of "/home/zj/chapt2/chapt2_ws/install/wpr_simulation2/lib/wpr_simulation2/11_mani_ctrl" to ""
[370.327s] -- Installing: /home/zj/chapt2/chapt2_ws/install/wpr_simulation2/lib/wpr_simulation2/11_grab_object
[370.337s] -- Set runtime path of "/home/zj/chapt2/chapt2_ws/install/wpr_simulation2/lib/wpr_simulation2/11_grab_object" to ""
[370.337s] -- Installing: /home/zj/chapt2/chapt2_ws/install/wpr_simulation2/lib/wpr_simulation2/12_fetch
[370.347s] -- Set runtime path of "/home/zj/chapt2/chapt2_ws/install/wpr_simulation2/lib/wpr_simulation2/12_fetch" to ""
[370.348s] -- Installing: /home/zj/chapt2/chapt2_ws/install/wpr_simulation2/lib/wpr_simulation2/demo_nav2_client
[370.350s] -- Set runtime path of "/home/zj/chapt2/chapt2_ws/install/wpr_simulation2/lib/wpr_simulation2/demo_nav2_client" to ""
[370.351s] -- Installing: /home/zj/chapt2/chapt2_ws/install/wpr_simulation2/share/ament_index/resource_index/package_run_dependencies/wpr_simulation2
[370.352s] -- Installing: /home/zj/chapt2/chapt2_ws/install/wpr_simulation2/share/ament_index/resource_index/parent_prefix_path/wpr_simulation2
[370.352s] -- Installing: /home/zj/chapt2/chapt2_ws/install/wpr_simulation2/share/wpr_simulation2/environment/ament_prefix_path.sh
[370.354s] -- Installing: /home/zj/chapt2/chapt2_ws/install/wpr_simulation2/share/wpr_simulation2/environment/ament_prefix_path.dsv
[370.355s] -- Installing: /home/zj/chapt2/chapt2_ws/install/wpr_simulation2/share/wpr_simulation2/environment/path.sh
[370.356s] -- Installing: /home/zj/chapt2/chapt2_ws/install/wpr_simulation2/share/wpr_simulation2/environment/path.dsv
[370.357s] -- Installing: /home/zj/chapt2/chapt2_ws/install/wpr_simulation2/share/wpr_simulation2/local_setup.bash
[370.358s] -- Installing: /home/zj/chapt2/chapt2_ws/install/wpr_simulation2/share/wpr_simulation2/local_setup.sh
[370.359s] -- Installing: /home/zj/chapt2/chapt2_ws/install/wpr_simulation2/share/wpr_simulation2/local_setup.zsh
[370.360s] -- Installing: /home/zj/chapt2/chapt2_ws/install/wpr_simulation2/share/wpr_simulation2/local_setup.dsv
[370.361s] -- Installing: /home/zj/chapt2/chapt2_ws/install/wpr_simulation2/share/wpr_simulation2/package.dsv
[370.361s] -- Installing: /home/zj/chapt2/chapt2_ws/install/wpr_simulation2/share/ament_index/resource_index/packages/wpr_simulation2
[370.362s] -- Installing: /home/zj/chapt2/chapt2_ws/install/wpr_simulation2/share/wpr_simulation2/cmake/export_wpr_simulation2__rosidl_generator_cExport.cmake
[370.362s] -- Installing: /home/zj/chapt2/chapt2_ws/install/wpr_simulation2/share/wpr_simulation2/cmake/export_wpr_simulation2__rosidl_generator_cExport-noconfig.cmake
[370.362s] -- Installing: /home/zj/chapt2/chapt2_ws/install/wpr_simulation2/share/wpr_simulation2/cmake/export_wpr_simulation2__rosidl_typesupport_fastrtps_cExport.cmake
[370.365s] -- Installing: /home/zj/chapt2/chapt2_ws/install/wpr_simulation2/share/wpr_simulation2/cmake/export_wpr_simulation2__rosidl_typesupport_fastrtps_cExport-noconfig.cmake
[370.366s] -- Installing: /home/zj/chapt2/chapt2_ws/install/wpr_simulation2/share/wpr_simulation2/cmake/export_wpr_simulation2__rosidl_generator_cppExport.cmake
[370.366s] -- Installing: /home/zj/chapt2/chapt2_ws/install/wpr_simulation2/share/wpr_simulation2/cmake/export_wpr_simulation2__rosidl_typesupport_fastrtps_cppExport.cmake
[370.366s] -- Installing: /home/zj/chapt2/chapt2_ws/install/wpr_simulation2/share/wpr_simulation2/cmake/export_wpr_simulation2__rosidl_typesupport_fastrtps_cppExport-noconfig.cmake
[370.367s] -- Installing: /home/zj/chapt2/chapt2_ws/install/wpr_simulation2/share/wpr_simulation2/cmake/wpr_simulation2__rosidl_typesupport_introspection_cExport.cmake
[370.367s] -- Installing: /home/zj/chapt2/chapt2_ws/install/wpr_simulation2/share/wpr_simulation2/cmake/wpr_simulation2__rosidl_typesupport_introspection_cExport-noconfig.cmake
[370.367s] -- Installing: /home/zj/chapt2/chapt2_ws/install/wpr_simulation2/share/wpr_simulation2/cmake/wpr_simulation2__rosidl_typesupport_cExport.cmake
[370.368s] -- Installing: /home/zj/chapt2/chapt2_ws/install/wpr_simulation2/share/wpr_simulation2/cmake/wpr_simulation2__rosidl_typesupport_cExport-noconfig.cmake
[370.368s] -- Installing: /home/zj/chapt2/chapt2_ws/install/wpr_simulation2/share/wpr_simulation2/cmake/wpr_simulation2__rosidl_typesupport_introspection_cppExport.cmake
[370.369s] -- Installing: /home/zj/chapt2/chapt2_ws/install/wpr_simulation2/share/wpr_simulation2/cmake/wpr_simulation2__rosidl_typesupport_introspection_cppExport-noconfig.cmake
[370.370s] -- Installing: /home/zj/chapt2/chapt2_ws/install/wpr_simulation2/share/wpr_simulation2/cmake/wpr_simulation2__rosidl_typesupport_cppExport.cmake
[370.370s] -- Installing: /home/zj/chapt2/chapt2_ws/install/wpr_simulation2/share/wpr_simulation2/cmake/wpr_simulation2__rosidl_typesupport_cppExport-noconfig.cmake
[370.371s] -- Installing: /home/zj/chapt2/chapt2_ws/install/wpr_simulation2/share/wpr_simulation2/cmake/export_wpr_simulation2__rosidl_generator_pyExport.cmake
[370.372s] -- Installing: /home/zj/chapt2/chapt2_ws/install/wpr_simulation2/share/wpr_simulation2/cmake/export_wpr_simulation2__rosidl_generator_pyExport-noconfig.cmake
[370.372s] -- Installing: /home/zj/chapt2/chapt2_ws/install/wpr_simulation2/share/wpr_simulation2/cmake/rosidl_cmake-extras.cmake
[370.373s] -- Installing: /home/zj/chapt2/chapt2_ws/install/wpr_simulation2/share/wpr_simulation2/cmake/ament_cmake_export_dependencies-extras.cmake
[370.374s] -- Installing: /home/zj/chapt2/chapt2_ws/install/wpr_simulation2/share/wpr_simulation2/cmake/ament_cmake_export_include_directories-extras.cmake
[370.374s] -- Installing: /home/zj/chapt2/chapt2_ws/install/wpr_simulation2/share/wpr_simulation2/cmake/ament_cmake_export_libraries-extras.cmake
[370.374s] -- Installing: /home/zj/chapt2/chapt2_ws/install/wpr_simulation2/share/wpr_simulation2/cmake/ament_cmake_export_targets-extras.cmake
[370.374s] -- Installing: /home/zj/chapt2/chapt2_ws/install/wpr_simulation2/share/wpr_simulation2/cmake/rosidl_cmake_export_typesupport_targets-extras.cmake
[370.374s] -- Installing: /home/zj/chapt2/chapt2_ws/install/wpr_simulation2/share/wpr_simulation2/cmake/rosidl_cmake_export_typesupport_libraries-extras.cmake
[370.375s] -- Installing: /home/zj/chapt2/chapt2_ws/install/wpr_simulation2/share/wpr_simulation2/cmake/wpr_simulation2Config.cmake
[370.375s] -- Installing: /home/zj/chapt2/chapt2_ws/install/wpr_simulation2/share/wpr_simulation2/cmake/wpr_simulation2Config-version.cmake
[370.375s] -- Installing: /home/zj/chapt2/chapt2_ws/install/wpr_simulation2/share/wpr_simulation2/package.xml
[370.383s] Invoked command in '/home/zj/chapt2/chapt2_ws/build/wpr_simulation2' returned '0': CMAKE_PREFIX_PATH=/opt/ros/humble /usr/bin/cmake --install /home/zj/chapt2/chapt2_ws/build/wpr_simulation2
