[0.108s] Invoking command in '/home/zj/chapt3/build/status_interfaces': CMAKE_PREFIX_PATH=/opt/ros/humble /usr/bin/cmake /home/zj/chapt3/topic_practice_ws/src/status_interfaces -DCMAKE_INSTALL_PREFIX=/home/zj/chapt3/install/status_interfaces
[0.500s] -- The C compiler identification is GNU 11.4.0
[0.793s] -- The CXX compiler identification is GNU 11.4.0
[0.842s] -- Detecting C compiler ABI info
[1.120s] -- Detecting C compiler ABI info - done
[1.148s] -- Check for working C compiler: /usr/bin/cc - skipped
[1.150s] -- Detecting C compile features
[1.153s] -- Detecting C compile features - done
[1.170s] -- Detecting CXX compiler ABI info
[1.477s] -- Detecting CXX compiler ABI info - done
[1.506s] -- Check for working CXX compiler: /usr/bin/c++ - skipped
[1.506s] -- Detecting CXX compile features
[1.508s] -- Detecting CXX compile features - done
[1.531s] -- Found ament_cmake: 1.3.11 (/opt/ros/humble/share/ament_cmake/cmake)
[2.175s] -- Found Python3: /usr/bin/python3 (found version "3.10.12") found components: Interpreter 
[2.643s] -- Found rosidl_default_generators: 1.2.0 (/opt/ros/humble/share/rosidl_default_generators/cmake)
[2.662s] -- Using all available rosidl_typesupport_c: rosidl_typesupport_fastrtps_c;rosidl_typesupport_introspection_c
[2.692s] -- Found rosidl_adapter: 3.1.6 (/opt/ros/humble/share/rosidl_adapter/cmake)
[2.912s] -- Using all available rosidl_typesupport_cpp: rosidl_typesupport_fastrtps_cpp;rosidl_typesupport_introspection_cpp
[3.077s] -- Found builtin_interfaces: 1.2.1 (/opt/ros/humble/share/builtin_interfaces/cmake)
[4.342s] -- Found ament_cmake_ros: 0.10.0 (/opt/ros/humble/share/ament_cmake_ros/cmake)
[5.323s] -- Using all available rosidl_typesupport_c: rosidl_typesupport_fastrtps_c;rosidl_typesupport_introspection_c
[6.390s] -- Using all available rosidl_typesupport_cpp: rosidl_typesupport_fastrtps_cpp;rosidl_typesupport_introspection_cpp
[6.512s] -- Found PythonInterp: /usr/bin/python3 (found suitable version "3.10.12", minimum required is "3.6") 
[6.524s] -- Found python_cmake_module: 0.10.0 (/opt/ros/humble/share/python_cmake_module/cmake)
[6.669s] -- Found PythonLibs: /usr/lib/x86_64-linux-gnu/libpython3.10.so (found suitable version "3.10.12", minimum required is "3.5") 
[6.670s] -- Using PYTHON_EXECUTABLE: /usr/bin/python3
[6.671s] -- Using PYTHON_INCLUDE_DIRS: /usr/include/python3.10
[6.671s] -- Using PYTHON_LIBRARIES: /usr/lib/x86_64-linux-gnu/libpython3.10.so
[6.784s] -- Found PythonExtra: .so  
[6.987s] -- Found ament_lint_auto: 0.12.12 (/opt/ros/humble/share/ament_lint_auto/cmake)
[7.131s] -- Added test 'lint_cmake' to check CMake code style
[7.137s] -- Added test 'xmllint' to check XML markup files
[7.146s] -- Configuring done
[7.311s] -- Generating done
[7.358s] -- Build files have been written to: /home/zj/chapt3/build/status_interfaces
[7.387s] Invoked command in '/home/zj/chapt3/build/status_interfaces' returned '0': CMAKE_PREFIX_PATH=/opt/ros/humble /usr/bin/cmake /home/zj/chapt3/topic_practice_ws/src/status_interfaces -DCMAKE_INSTALL_PREFIX=/home/zj/chapt3/install/status_interfaces
[7.399s] Invoking command in '/home/zj/chapt3/build/status_interfaces': CMAKE_PREFIX_PATH=/opt/ros/humble /usr/bin/cmake --build /home/zj/chapt3/build/status_interfaces -- -j8 -l8
[7.567s] [  3%] [34m[1mGenerating C code for ROS interfaces[0m
[7.607s] [  6%] [34m[1mGenerating C++ code for ROS interfaces[0m
[7.651s] [  6%] Built target ament_cmake_python_copy_status_interfaces
[8.912s] running egg_info
[8.916s] creating status_interfaces.egg-info
[8.916s] writing status_interfaces.egg-info/PKG-INFO
[8.918s] writing dependency_links to status_interfaces.egg-info/dependency_links.txt
[8.919s] writing top-level names to status_interfaces.egg-info/top_level.txt
[8.920s] writing manifest file 'status_interfaces.egg-info/SOURCES.txt'
[8.929s] reading manifest file 'status_interfaces.egg-info/SOURCES.txt'
[8.931s] writing manifest file 'status_interfaces.egg-info/SOURCES.txt'
[9.065s] [  6%] Built target ament_cmake_python_build_status_interfaces_egg
[9.148s] [  9%] [32mBuilding C object CMakeFiles/status_interfaces__rosidl_generator_c.dir/rosidl_generator_c/status_interfaces/msg/detail/system_status__functions.c.o[0m
[9.177s] [  9%] Built target status_interfaces__cpp
[9.222s] [ 12%] [34m[1mGenerating C++ type support for eProsima Fast-RTPS[0m
[9.223s] [ 16%] [34m[1mGenerating C++ introspection for ROS interfaces[0m
[9.223s] [ 19%] [34m[1mGenerating C++ type support dispatch for ROS interfaces[0m
[9.394s] [ 22%] [32m[1mLinking C shared library libstatus_interfaces__rosidl_generator_c.so[0m
[9.586s] [ 22%] Built target status_interfaces__rosidl_generator_c
[9.632s] [ 32%] [34m[1mGenerating C introspection for ROS interfaces[0m
[9.634s] [ 32%] [34m[1mGenerating C type support for eProsima Fast-RTPS[0m
[9.635s] [ 32%] [34m[1mGenerating C type support dispatch for ROS interfaces[0m
[10.842s] [ 35%] [32mBuilding CXX object CMakeFiles/status_interfaces__rosidl_typesupport_fastrtps_cpp.dir/rosidl_typesupport_fastrtps_cpp/status_interfaces/msg/detail/dds_fastrtps/system_status__type_support.cpp.o[0m
[10.925s] [ 41%] [32mBuilding CXX object CMakeFiles/status_interfaces__rosidl_typesupport_introspection_cpp.dir/rosidl_typesupport_introspection_cpp/status_interfaces/msg/detail/system_status__type_support.cpp.o[0m
[10.930s] [ 41%] [32mBuilding CXX object CMakeFiles/status_interfaces__rosidl_typesupport_cpp.dir/rosidl_typesupport_cpp/status_interfaces/msg/system_status__type_support.cpp.o[0m
[11.224s] [ 45%] [32mBuilding CXX object CMakeFiles/status_interfaces__rosidl_typesupport_c.dir/rosidl_typesupport_c/status_interfaces/msg/system_status__type_support.cpp.o[0m
[11.394s] [ 54%] [32m[1mLinking CXX shared library libstatus_interfaces__rosidl_typesupport_c.so[0m
[11.394s] [ 54%] [32mBuilding C object CMakeFiles/status_interfaces__rosidl_typesupport_introspection_c.dir/rosidl_typesupport_introspection_c/status_interfaces/msg/detail/system_status__type_support.c.o[0m
[11.396s] [ 54%] [32mBuilding CXX object CMakeFiles/status_interfaces__rosidl_typesupport_fastrtps_c.dir/rosidl_typesupport_fastrtps_c/status_interfaces/msg/detail/system_status__type_support_c.cpp.o[0m
[11.604s] [ 58%] [32m[1mLinking C shared library libstatus_interfaces__rosidl_typesupport_introspection_c.so[0m
[11.795s] [ 58%] Built target status_interfaces__rosidl_typesupport_introspection_c
[11.871s] [ 58%] Built target status_interfaces__rosidl_typesupport_c
[12.789s] [ 61%] [32m[1mLinking CXX shared library libstatus_interfaces__rosidl_typesupport_cpp.so[0m
[12.983s] [ 61%] Built target status_interfaces__rosidl_typesupport_cpp
[14.192s] [ 64%] [32m[1mLinking CXX shared library libstatus_interfaces__rosidl_typesupport_fastrtps_cpp.so[0m
[14.226s] [ 67%] [32m[1mLinking CXX shared library libstatus_interfaces__rosidl_typesupport_introspection_cpp.so[0m
[14.406s] [ 70%] [32m[1mLinking CXX shared library libstatus_interfaces__rosidl_typesupport_fastrtps_c.so[0m
[14.500s] [ 70%] Built target status_interfaces__rosidl_typesupport_fastrtps_cpp
[14.516s] [ 70%] Built target status_interfaces__rosidl_typesupport_introspection_cpp
[14.689s] [ 70%] Built target status_interfaces__rosidl_typesupport_fastrtps_c
[14.761s] [ 70%] Built target status_interfaces
[14.838s] [ 74%] [34m[1mGenerating Python code for ROS interfaces[0m
[16.437s] [ 74%] Built target status_interfaces__py
[16.510s] [ 77%] [32mBuilding C object CMakeFiles/status_interfaces__rosidl_generator_py.dir/rosidl_generator_py/status_interfaces/msg/_system_status_s.c.o[0m
[17.068s] [ 80%] [32m[1mLinking C shared library rosidl_generator_py/status_interfaces/libstatus_interfaces__rosidl_generator_py.so[0m
[17.266s] [ 80%] Built target status_interfaces__rosidl_generator_py
[17.339s] [ 87%] [32mBuilding C object CMakeFiles/status_interfaces__rosidl_typesupport_introspection_c__pyext.dir/rosidl_generator_py/status_interfaces/_status_interfaces_s.ep.rosidl_typesupport_introspection_c.c.o[0m
[17.341s] [ 87%] [32mBuilding C object CMakeFiles/status_interfaces__rosidl_typesupport_c__pyext.dir/rosidl_generator_py/status_interfaces/_status_interfaces_s.ep.rosidl_typesupport_c.c.o[0m
[17.347s] [ 90%] [32mBuilding C object CMakeFiles/status_interfaces__rosidl_typesupport_fastrtps_c__pyext.dir/rosidl_generator_py/status_interfaces/_status_interfaces_s.ep.rosidl_typesupport_fastrtps_c.c.o[0m
[17.780s] [ 93%] [32m[1mLinking C shared library rosidl_generator_py/status_interfaces/status_interfaces_s__rosidl_typesupport_c.cpython-310-x86_64-linux-gnu.so[0m
[17.790s] [ 96%] [32m[1mLinking C shared library rosidl_generator_py/status_interfaces/status_interfaces_s__rosidl_typesupport_introspection_c.cpython-310-x86_64-linux-gnu.so[0m
[17.946s] [ 96%] Built target status_interfaces__rosidl_typesupport_c__pyext
[17.957s] [ 96%] Built target status_interfaces__rosidl_typesupport_introspection_c__pyext
[17.977s] [100%] [32m[1mLinking C shared library rosidl_generator_py/status_interfaces/status_interfaces_s__rosidl_typesupport_fastrtps_c.cpython-310-x86_64-linux-gnu.so[0m
[18.119s] [100%] Built target status_interfaces__rosidl_typesupport_fastrtps_c__pyext
[18.163s] Invoked command in '/home/zj/chapt3/build/status_interfaces' returned '0': CMAKE_PREFIX_PATH=/opt/ros/humble /usr/bin/cmake --build /home/zj/chapt3/build/status_interfaces -- -j8 -l8
[18.198s] Invoking command in '/home/zj/chapt3/build/status_interfaces': CMAKE_PREFIX_PATH=/opt/ros/humble /usr/bin/cmake --install /home/zj/chapt3/build/status_interfaces
[18.228s] -- Install configuration: ""
[18.230s] -- Installing: /home/zj/chapt3/install/status_interfaces/share/ament_index/resource_index/rosidl_interfaces/status_interfaces
[18.230s] -- Installing: /home/zj/chapt3/install/status_interfaces/include/status_interfaces/status_interfaces
[18.231s] -- Installing: /home/zj/chapt3/install/status_interfaces/include/status_interfaces/status_interfaces/msg
[18.233s] -- Installing: /home/zj/chapt3/install/status_interfaces/include/status_interfaces/status_interfaces/msg/rosidl_generator_c__visibility_control.h
[18.234s] -- Installing: /home/zj/chapt3/install/status_interfaces/include/status_interfaces/status_interfaces/msg/detail
[18.234s] -- Installing: /home/zj/chapt3/install/status_interfaces/include/status_interfaces/status_interfaces/msg/detail/system_status__struct.h
[18.235s] -- Installing: /home/zj/chapt3/install/status_interfaces/include/status_interfaces/status_interfaces/msg/detail/system_status__type_support.h
[18.235s] -- Installing: /home/zj/chapt3/install/status_interfaces/include/status_interfaces/status_interfaces/msg/detail/system_status__functions.c
[18.235s] -- Installing: /home/zj/chapt3/install/status_interfaces/include/status_interfaces/status_interfaces/msg/detail/system_status__functions.h
[18.236s] -- Installing: /home/zj/chapt3/install/status_interfaces/include/status_interfaces/status_interfaces/msg/system_status.h
[18.237s] -- Installing: /home/zj/chapt3/install/status_interfaces/share/status_interfaces/environment/library_path.sh
[18.238s] -- Installing: /home/zj/chapt3/install/status_interfaces/share/status_interfaces/environment/library_path.dsv
[18.238s] -- Installing: /home/zj/chapt3/install/status_interfaces/lib/libstatus_interfaces__rosidl_generator_c.so
[18.239s] -- Set runtime path of "/home/zj/chapt3/install/status_interfaces/lib/libstatus_interfaces__rosidl_generator_c.so" to ""
[18.239s] -- Up-to-date: /home/zj/chapt3/install/status_interfaces/include/status_interfaces/status_interfaces
[18.240s] -- Up-to-date: /home/zj/chapt3/install/status_interfaces/include/status_interfaces/status_interfaces/msg
[18.241s] -- Up-to-date: /home/zj/chapt3/install/status_interfaces/include/status_interfaces/status_interfaces/msg/detail
[18.241s] -- Installing: /home/zj/chapt3/install/status_interfaces/include/status_interfaces/status_interfaces/msg/detail/system_status__rosidl_typesupport_fastrtps_c.h
[18.242s] -- Installing: /home/zj/chapt3/install/status_interfaces/include/status_interfaces/status_interfaces/msg/rosidl_typesupport_fastrtps_c__visibility_control.h
[18.242s] -- Installing: /home/zj/chapt3/install/status_interfaces/lib/libstatus_interfaces__rosidl_typesupport_fastrtps_c.so
[18.243s] -- Set runtime path of "/home/zj/chapt3/install/status_interfaces/lib/libstatus_interfaces__rosidl_typesupport_fastrtps_c.so" to ""
[18.244s] -- Up-to-date: /home/zj/chapt3/install/status_interfaces/include/status_interfaces/status_interfaces
[18.244s] -- Up-to-date: /home/zj/chapt3/install/status_interfaces/include/status_interfaces/status_interfaces/msg
[18.244s] -- Up-to-date: /home/zj/chapt3/install/status_interfaces/include/status_interfaces/status_interfaces/msg/detail
[18.245s] -- Installing: /home/zj/chapt3/install/status_interfaces/include/status_interfaces/status_interfaces/msg/detail/system_status__rosidl_typesupport_introspection_c.h
[18.245s] -- Installing: /home/zj/chapt3/install/status_interfaces/include/status_interfaces/status_interfaces/msg/detail/system_status__type_support.c
[18.245s] -- Installing: /home/zj/chapt3/install/status_interfaces/include/status_interfaces/status_interfaces/msg/rosidl_typesupport_introspection_c__visibility_control.h
[18.246s] -- Installing: /home/zj/chapt3/install/status_interfaces/lib/libstatus_interfaces__rosidl_typesupport_introspection_c.so
[18.247s] -- Set runtime path of "/home/zj/chapt3/install/status_interfaces/lib/libstatus_interfaces__rosidl_typesupport_introspection_c.so" to ""
[18.248s] -- Installing: /home/zj/chapt3/install/status_interfaces/lib/libstatus_interfaces__rosidl_typesupport_c.so
[18.249s] -- Set runtime path of "/home/zj/chapt3/install/status_interfaces/lib/libstatus_interfaces__rosidl_typesupport_c.so" to ""
[18.249s] -- Up-to-date: /home/zj/chapt3/install/status_interfaces/include/status_interfaces/status_interfaces
[18.250s] -- Up-to-date: /home/zj/chapt3/install/status_interfaces/include/status_interfaces/status_interfaces/msg
[18.251s] -- Installing: /home/zj/chapt3/install/status_interfaces/include/status_interfaces/status_interfaces/msg/rosidl_generator_cpp__visibility_control.hpp
[18.252s] -- Up-to-date: /home/zj/chapt3/install/status_interfaces/include/status_interfaces/status_interfaces/msg/detail
[18.252s] -- Installing: /home/zj/chapt3/install/status_interfaces/include/status_interfaces/status_interfaces/msg/detail/system_status__type_support.hpp
[18.253s] -- Installing: /home/zj/chapt3/install/status_interfaces/include/status_interfaces/status_interfaces/msg/detail/system_status__struct.hpp
[18.253s] -- Installing: /home/zj/chapt3/install/status_interfaces/include/status_interfaces/status_interfaces/msg/detail/system_status__traits.hpp
[18.253s] -- Installing: /home/zj/chapt3/install/status_interfaces/include/status_interfaces/status_interfaces/msg/detail/system_status__builder.hpp
[18.254s] -- Installing: /home/zj/chapt3/install/status_interfaces/include/status_interfaces/status_interfaces/msg/system_status.hpp
[18.254s] -- Up-to-date: /home/zj/chapt3/install/status_interfaces/include/status_interfaces/status_interfaces
[18.255s] -- Up-to-date: /home/zj/chapt3/install/status_interfaces/include/status_interfaces/status_interfaces/msg
[18.255s] -- Installing: /home/zj/chapt3/install/status_interfaces/include/status_interfaces/status_interfaces/msg/rosidl_typesupport_fastrtps_cpp__visibility_control.h
[18.256s] -- Up-to-date: /home/zj/chapt3/install/status_interfaces/include/status_interfaces/status_interfaces/msg/detail
[18.256s] -- Installing: /home/zj/chapt3/install/status_interfaces/include/status_interfaces/status_interfaces/msg/detail/dds_fastrtps
[18.256s] -- Installing: /home/zj/chapt3/install/status_interfaces/include/status_interfaces/status_interfaces/msg/detail/system_status__rosidl_typesupport_fastrtps_cpp.hpp
[18.257s] -- Installing: /home/zj/chapt3/install/status_interfaces/lib/libstatus_interfaces__rosidl_typesupport_fastrtps_cpp.so
[18.257s] -- Set runtime path of "/home/zj/chapt3/install/status_interfaces/lib/libstatus_interfaces__rosidl_typesupport_fastrtps_cpp.so" to ""
[18.258s] -- Up-to-date: /home/zj/chapt3/install/status_interfaces/include/status_interfaces/status_interfaces
[18.258s] -- Up-to-date: /home/zj/chapt3/install/status_interfaces/include/status_interfaces/status_interfaces/msg
[18.259s] -- Up-to-date: /home/zj/chapt3/install/status_interfaces/include/status_interfaces/status_interfaces/msg/detail
[18.259s] -- Installing: /home/zj/chapt3/install/status_interfaces/include/status_interfaces/status_interfaces/msg/detail/system_status__rosidl_typesupport_introspection_cpp.hpp
[18.260s] -- Installing: /home/zj/chapt3/install/status_interfaces/include/status_interfaces/status_interfaces/msg/detail/system_status__type_support.cpp
[18.260s] -- Installing: /home/zj/chapt3/install/status_interfaces/lib/libstatus_interfaces__rosidl_typesupport_introspection_cpp.so
[18.261s] -- Set runtime path of "/home/zj/chapt3/install/status_interfaces/lib/libstatus_interfaces__rosidl_typesupport_introspection_cpp.so" to ""
[18.261s] -- Installing: /home/zj/chapt3/install/status_interfaces/lib/libstatus_interfaces__rosidl_typesupport_cpp.so
[18.262s] -- Set runtime path of "/home/zj/chapt3/install/status_interfaces/lib/libstatus_interfaces__rosidl_typesupport_cpp.so" to ""
[18.262s] -- Installing: /home/zj/chapt3/install/status_interfaces/share/status_interfaces/environment/pythonpath.sh
[18.262s] -- Installing: /home/zj/chapt3/install/status_interfaces/share/status_interfaces/environment/pythonpath.dsv
[18.262s] -- Installing: /home/zj/chapt3/install/status_interfaces/local/lib/python3.10/dist-packages/status_interfaces-0.0.0-py3.10.egg-info
[18.264s] -- Installing: /home/zj/chapt3/install/status_interfaces/local/lib/python3.10/dist-packages/status_interfaces-0.0.0-py3.10.egg-info/PKG-INFO
[18.264s] -- Installing: /home/zj/chapt3/install/status_interfaces/local/lib/python3.10/dist-packages/status_interfaces-0.0.0-py3.10.egg-info/SOURCES.txt
[18.265s] -- Installing: /home/zj/chapt3/install/status_interfaces/local/lib/python3.10/dist-packages/status_interfaces-0.0.0-py3.10.egg-info/top_level.txt
[18.265s] -- Installing: /home/zj/chapt3/install/status_interfaces/local/lib/python3.10/dist-packages/status_interfaces-0.0.0-py3.10.egg-info/dependency_links.txt
[18.265s] -- Installing: /home/zj/chapt3/install/status_interfaces/local/lib/python3.10/dist-packages/status_interfaces
[18.265s] -- Installing: /home/zj/chapt3/install/status_interfaces/local/lib/python3.10/dist-packages/status_interfaces/status_interfaces_s__rosidl_typesupport_introspection_c.cpython-310-x86_64-linux-gnu.so
[18.266s] -- Installing: /home/zj/chapt3/install/status_interfaces/local/lib/python3.10/dist-packages/status_interfaces/_status_interfaces_s.ep.rosidl_typesupport_introspection_c.c
[18.267s] -- Installing: /home/zj/chapt3/install/status_interfaces/local/lib/python3.10/dist-packages/status_interfaces/msg
[18.267s] -- Installing: /home/zj/chapt3/install/status_interfaces/local/lib/python3.10/dist-packages/status_interfaces/msg/__init__.py
[18.267s] -- Installing: /home/zj/chapt3/install/status_interfaces/local/lib/python3.10/dist-packages/status_interfaces/msg/_system_status_s.c
[18.268s] -- Installing: /home/zj/chapt3/install/status_interfaces/local/lib/python3.10/dist-packages/status_interfaces/msg/_system_status.py
[18.268s] -- Installing: /home/zj/chapt3/install/status_interfaces/local/lib/python3.10/dist-packages/status_interfaces/status_interfaces_s__rosidl_typesupport_fastrtps_c.cpython-310-x86_64-linux-gnu.so
[18.268s] -- Installing: /home/zj/chapt3/install/status_interfaces/local/lib/python3.10/dist-packages/status_interfaces/_status_interfaces_s.ep.rosidl_typesupport_fastrtps_c.c
[18.268s] -- Installing: /home/zj/chapt3/install/status_interfaces/local/lib/python3.10/dist-packages/status_interfaces/status_interfaces_s__rosidl_typesupport_c.cpython-310-x86_64-linux-gnu.so
[18.268s] -- Installing: /home/zj/chapt3/install/status_interfaces/local/lib/python3.10/dist-packages/status_interfaces/__init__.py
[18.269s] -- Installing: /home/zj/chapt3/install/status_interfaces/local/lib/python3.10/dist-packages/status_interfaces/_status_interfaces_s.ep.rosidl_typesupport_c.c
[18.269s] -- Installing: /home/zj/chapt3/install/status_interfaces/local/lib/python3.10/dist-packages/status_interfaces/libstatus_interfaces__rosidl_generator_py.so
[18.427s] Listing '/home/zj/chapt3/install/status_interfaces/local/lib/python3.10/dist-packages/status_interfaces'...
[18.427s] Compiling '/home/zj/chapt3/install/status_interfaces/local/lib/python3.10/dist-packages/status_interfaces/__init__.py'...
[18.428s] Listing '/home/zj/chapt3/install/status_interfaces/local/lib/python3.10/dist-packages/status_interfaces/msg'...
[18.428s] Compiling '/home/zj/chapt3/install/status_interfaces/local/lib/python3.10/dist-packages/status_interfaces/msg/__init__.py'...
[18.428s] Compiling '/home/zj/chapt3/install/status_interfaces/local/lib/python3.10/dist-packages/status_interfaces/msg/_system_status.py'...
[18.447s] -- Installing: /home/zj/chapt3/install/status_interfaces/local/lib/python3.10/dist-packages/status_interfaces/status_interfaces_s__rosidl_typesupport_fastrtps_c.cpython-310-x86_64-linux-gnu.so
[18.449s] -- Set runtime path of "/home/zj/chapt3/install/status_interfaces/local/lib/python3.10/dist-packages/status_interfaces/status_interfaces_s__rosidl_typesupport_fastrtps_c.cpython-310-x86_64-linux-gnu.so" to ""
[18.450s] -- Installing: /home/zj/chapt3/install/status_interfaces/local/lib/python3.10/dist-packages/status_interfaces/status_interfaces_s__rosidl_typesupport_introspection_c.cpython-310-x86_64-linux-gnu.so
[18.451s] -- Set runtime path of "/home/zj/chapt3/install/status_interfaces/local/lib/python3.10/dist-packages/status_interfaces/status_interfaces_s__rosidl_typesupport_introspection_c.cpython-310-x86_64-linux-gnu.so" to ""
[18.453s] -- Installing: /home/zj/chapt3/install/status_interfaces/local/lib/python3.10/dist-packages/status_interfaces/status_interfaces_s__rosidl_typesupport_c.cpython-310-x86_64-linux-gnu.so
[18.454s] -- Set runtime path of "/home/zj/chapt3/install/status_interfaces/local/lib/python3.10/dist-packages/status_interfaces/status_interfaces_s__rosidl_typesupport_c.cpython-310-x86_64-linux-gnu.so" to ""
[18.454s] -- Installing: /home/zj/chapt3/install/status_interfaces/lib/libstatus_interfaces__rosidl_generator_py.so
[18.456s] -- Set runtime path of "/home/zj/chapt3/install/status_interfaces/lib/libstatus_interfaces__rosidl_generator_py.so" to ""
[18.456s] -- Installing: /home/zj/chapt3/install/status_interfaces/share/status_interfaces/msg/SystemStatus.idl
[18.457s] -- Installing: /home/zj/chapt3/install/status_interfaces/share/status_interfaces/msg/SystemStatus.msg
[18.458s] -- Installing: /home/zj/chapt3/install/status_interfaces/share/ament_index/resource_index/package_run_dependencies/status_interfaces
[18.458s] -- Installing: /home/zj/chapt3/install/status_interfaces/share/ament_index/resource_index/parent_prefix_path/status_interfaces
[18.459s] -- Installing: /home/zj/chapt3/install/status_interfaces/share/status_interfaces/environment/ament_prefix_path.sh
[18.460s] -- Installing: /home/zj/chapt3/install/status_interfaces/share/status_interfaces/environment/ament_prefix_path.dsv
[18.460s] -- Installing: /home/zj/chapt3/install/status_interfaces/share/status_interfaces/environment/path.sh
[18.461s] -- Installing: /home/zj/chapt3/install/status_interfaces/share/status_interfaces/environment/path.dsv
[18.461s] -- Installing: /home/zj/chapt3/install/status_interfaces/share/status_interfaces/local_setup.bash
[18.462s] -- Installing: /home/zj/chapt3/install/status_interfaces/share/status_interfaces/local_setup.sh
[18.463s] -- Installing: /home/zj/chapt3/install/status_interfaces/share/status_interfaces/local_setup.zsh
[18.463s] -- Installing: /home/zj/chapt3/install/status_interfaces/share/status_interfaces/local_setup.dsv
[18.464s] -- Installing: /home/zj/chapt3/install/status_interfaces/share/status_interfaces/package.dsv
[18.466s] -- Installing: /home/zj/chapt3/install/status_interfaces/share/ament_index/resource_index/packages/status_interfaces
[18.468s] -- Installing: /home/zj/chapt3/install/status_interfaces/share/status_interfaces/cmake/export_status_interfaces__rosidl_generator_cExport.cmake
[18.469s] -- Installing: /home/zj/chapt3/install/status_interfaces/share/status_interfaces/cmake/export_status_interfaces__rosidl_generator_cExport-noconfig.cmake
[18.469s] -- Installing: /home/zj/chapt3/install/status_interfaces/share/status_interfaces/cmake/export_status_interfaces__rosidl_typesupport_fastrtps_cExport.cmake
[18.469s] -- Installing: /home/zj/chapt3/install/status_interfaces/share/status_interfaces/cmake/export_status_interfaces__rosidl_typesupport_fastrtps_cExport-noconfig.cmake
[18.470s] -- Installing: /home/zj/chapt3/install/status_interfaces/share/status_interfaces/cmake/status_interfaces__rosidl_typesupport_introspection_cExport.cmake
[18.471s] -- Installing: /home/zj/chapt3/install/status_interfaces/share/status_interfaces/cmake/status_interfaces__rosidl_typesupport_introspection_cExport-noconfig.cmake
[18.471s] -- Installing: /home/zj/chapt3/install/status_interfaces/share/status_interfaces/cmake/status_interfaces__rosidl_typesupport_cExport.cmake
[18.472s] -- Installing: /home/zj/chapt3/install/status_interfaces/share/status_interfaces/cmake/status_interfaces__rosidl_typesupport_cExport-noconfig.cmake
[18.473s] -- Installing: /home/zj/chapt3/install/status_interfaces/share/status_interfaces/cmake/export_status_interfaces__rosidl_generator_cppExport.cmake
[18.474s] -- Installing: /home/zj/chapt3/install/status_interfaces/share/status_interfaces/cmake/export_status_interfaces__rosidl_typesupport_fastrtps_cppExport.cmake
[18.475s] -- Installing: /home/zj/chapt3/install/status_interfaces/share/status_interfaces/cmake/export_status_interfaces__rosidl_typesupport_fastrtps_cppExport-noconfig.cmake
[18.475s] -- Installing: /home/zj/chapt3/install/status_interfaces/share/status_interfaces/cmake/status_interfaces__rosidl_typesupport_introspection_cppExport.cmake
[18.475s] -- Installing: /home/zj/chapt3/install/status_interfaces/share/status_interfaces/cmake/status_interfaces__rosidl_typesupport_introspection_cppExport-noconfig.cmake
[18.476s] -- Installing: /home/zj/chapt3/install/status_interfaces/share/status_interfaces/cmake/status_interfaces__rosidl_typesupport_cppExport.cmake
[18.477s] -- Installing: /home/zj/chapt3/install/status_interfaces/share/status_interfaces/cmake/status_interfaces__rosidl_typesupport_cppExport-noconfig.cmake
[18.478s] -- Installing: /home/zj/chapt3/install/status_interfaces/share/status_interfaces/cmake/export_status_interfaces__rosidl_generator_pyExport.cmake
[18.478s] -- Installing: /home/zj/chapt3/install/status_interfaces/share/status_interfaces/cmake/export_status_interfaces__rosidl_generator_pyExport-noconfig.cmake
[18.479s] -- Installing: /home/zj/chapt3/install/status_interfaces/share/status_interfaces/cmake/rosidl_cmake-extras.cmake
[18.479s] -- Installing: /home/zj/chapt3/install/status_interfaces/share/status_interfaces/cmake/ament_cmake_export_dependencies-extras.cmake
[18.479s] -- Installing: /home/zj/chapt3/install/status_interfaces/share/status_interfaces/cmake/ament_cmake_export_include_directories-extras.cmake
[18.479s] -- Installing: /home/zj/chapt3/install/status_interfaces/share/status_interfaces/cmake/ament_cmake_export_libraries-extras.cmake
[18.480s] -- Installing: /home/zj/chapt3/install/status_interfaces/share/status_interfaces/cmake/ament_cmake_export_targets-extras.cmake
[18.480s] -- Installing: /home/zj/chapt3/install/status_interfaces/share/status_interfaces/cmake/rosidl_cmake_export_typesupport_targets-extras.cmake
[18.481s] -- Installing: /home/zj/chapt3/install/status_interfaces/share/status_interfaces/cmake/rosidl_cmake_export_typesupport_libraries-extras.cmake
[18.481s] -- Installing: /home/zj/chapt3/install/status_interfaces/share/status_interfaces/cmake/status_interfacesConfig.cmake
[18.482s] -- Installing: /home/zj/chapt3/install/status_interfaces/share/status_interfaces/cmake/status_interfacesConfig-version.cmake
[18.482s] -- Installing: /home/zj/chapt3/install/status_interfaces/share/status_interfaces/package.xml
[18.493s] Invoked command in '/home/zj/chapt3/build/status_interfaces' returned '0': CMAKE_PREFIX_PATH=/opt/ros/humble /usr/bin/cmake --install /home/zj/chapt3/build/status_interfaces
