[0.922s] DEBUG:colcon:Command line arguments: ['/usr/bin/colcon', 'build']
[0.923s] DEBUG:colcon:Parsed command line arguments: Namespace(log_base=None, log_level=None, verb_name='build', build_base='build', install_base='install', merge_install=False, symlink_install=False, test_result_base=None, continue_on_error=False, executor='parallel', parallel_workers=8, event_handlers=None, ignore_user_meta=False, metas=['./colcon.meta'], base_paths=['.'], packages_ignore=None, packages_ignore_regex=None, paths=None, packages_up_to=None, packages_up_to_regex=None, packages_above=None, packages_above_and_dependencies=None, packages_above_depth=None, packages_select_by_dep=None, packages_skip_by_dep=None, packages_skip_up_to=None, packages_select_build_failed=False, packages_skip_build_finished=False, packages_select_test_failures=False, packages_skip_test_passed=False, packages_select=None, packages_skip=None, packages_select_regex=None, packages_skip_regex=None, packages_start=None, packages_end=None, allow_overriding=[], cmake_args=None, cmake_target=None, cmake_target_skip_unavailable=False, cmake_clean_cache=False, cmake_clean_first=False, cmake_force_configure=False, ament_cmake_args=None, catkin_cmake_args=None, catkin_skip_building_tests=False, mixin_files=None, mixin=None, verb_parser=<colcon_mixin.mixin.mixin_argument.MixinArgumentDecorator object at 0x783888751ae0>, verb_extension=<colcon_core.verb.build.BuildVerb object at 0x7838888cb250>, main=<bound method BuildVerb.main of <colcon_core.verb.build.BuildVerb object at 0x7838888cb250>>, mixin_verb=('build',))
[2.274s] Level 1:colcon.colcon_core.package_discovery:discover_packages(colcon_meta) check parameters
[2.275s] Level 1:colcon.colcon_core.package_discovery:discover_packages(recursive) check parameters
[2.276s] Level 1:colcon.colcon_core.package_discovery:discover_packages(ignore) check parameters
[2.276s] Level 1:colcon.colcon_core.package_discovery:discover_packages(path) check parameters
[2.276s] Level 1:colcon.colcon_core.package_discovery:discover_packages(colcon_meta) discover
[2.276s] Level 1:colcon.colcon_core.package_discovery:discover_packages(recursive) discover
[2.276s] INFO:colcon.colcon_core.package_discovery:Crawling recursively for packages in '/home/zj/chapt3'
[2.277s] Level 1:colcon.colcon_core.package_identification:_identify(.) by extensions ['ignore', 'ignore_ament_install']
[2.277s] Level 1:colcon.colcon_core.package_identification:_identify(.) by extension 'ignore'
[2.278s] Level 1:colcon.colcon_core.package_identification:_identify(.) by extension 'ignore_ament_install'
[2.278s] Level 1:colcon.colcon_core.package_identification:_identify(.) by extensions ['colcon_pkg']
[2.278s] Level 1:colcon.colcon_core.package_identification:_identify(.) by extension 'colcon_pkg'
[2.278s] Level 1:colcon.colcon_core.package_identification:_identify(.) by extensions ['colcon_meta']
[2.279s] Level 1:colcon.colcon_core.package_identification:_identify(.) by extension 'colcon_meta'
[2.279s] Level 1:colcon.colcon_core.package_identification:_identify(.) by extensions ['ros']
[2.280s] Level 1:colcon.colcon_core.package_identification:_identify(.) by extension 'ros'
[2.382s] Level 1:colcon.colcon_core.package_identification:_identify(.) by extensions ['cmake', 'python']
[2.382s] Level 1:colcon.colcon_core.package_identification:_identify(.) by extension 'cmake'
[2.383s] Level 1:colcon.colcon_core.package_identification:_identify(.) by extension 'python'
[2.383s] Level 1:colcon.colcon_core.package_identification:_identify(.) by extensions ['python_setup_py']
[2.383s] Level 1:colcon.colcon_core.package_identification:_identify(.) by extension 'python_setup_py'
[2.384s] Level 1:colcon.colcon_core.package_identification:_identify(build) by extensions ['ignore', 'ignore_ament_install']
[2.385s] Level 1:colcon.colcon_core.package_identification:_identify(build) by extension 'ignore'
[2.385s] Level 1:colcon.colcon_core.package_identification:_identify(build) ignored
[2.387s] Level 1:colcon.colcon_core.package_identification:_identify(install) by extensions ['ignore', 'ignore_ament_install']
[2.387s] Level 1:colcon.colcon_core.package_identification:_identify(install) by extension 'ignore'
[2.387s] Level 1:colcon.colcon_core.package_identification:_identify(install) ignored
[2.388s] Level 1:colcon.colcon_core.package_identification:_identify(log) by extensions ['ignore', 'ignore_ament_install']
[2.388s] Level 1:colcon.colcon_core.package_identification:_identify(log) by extension 'ignore'
[2.389s] Level 1:colcon.colcon_core.package_identification:_identify(log) ignored
[2.389s] Level 1:colcon.colcon_core.package_identification:_identify(topic_practice_ws) by extensions ['ignore', 'ignore_ament_install']
[2.390s] Level 1:colcon.colcon_core.package_identification:_identify(topic_practice_ws) by extension 'ignore'
[2.390s] Level 1:colcon.colcon_core.package_identification:_identify(topic_practice_ws) by extension 'ignore_ament_install'
[2.391s] Level 1:colcon.colcon_core.package_identification:_identify(topic_practice_ws) by extensions ['colcon_pkg']
[2.391s] Level 1:colcon.colcon_core.package_identification:_identify(topic_practice_ws) by extension 'colcon_pkg'
[2.391s] Level 1:colcon.colcon_core.package_identification:_identify(topic_practice_ws) by extensions ['colcon_meta']
[2.391s] Level 1:colcon.colcon_core.package_identification:_identify(topic_practice_ws) by extension 'colcon_meta'
[2.392s] Level 1:colcon.colcon_core.package_identification:_identify(topic_practice_ws) by extensions ['ros']
[2.392s] Level 1:colcon.colcon_core.package_identification:_identify(topic_practice_ws) by extension 'ros'
[2.392s] Level 1:colcon.colcon_core.package_identification:_identify(topic_practice_ws) by extensions ['cmake', 'python']
[2.393s] Level 1:colcon.colcon_core.package_identification:_identify(topic_practice_ws) by extension 'cmake'
[2.393s] Level 1:colcon.colcon_core.package_identification:_identify(topic_practice_ws) by extension 'python'
[2.393s] Level 1:colcon.colcon_core.package_identification:_identify(topic_practice_ws) by extensions ['python_setup_py']
[2.393s] Level 1:colcon.colcon_core.package_identification:_identify(topic_practice_ws) by extension 'python_setup_py'
[2.394s] Level 1:colcon.colcon_core.package_identification:_identify(topic_practice_ws/src) by extensions ['ignore', 'ignore_ament_install']
[2.394s] Level 1:colcon.colcon_core.package_identification:_identify(topic_practice_ws/src) by extension 'ignore'
[2.394s] Level 1:colcon.colcon_core.package_identification:_identify(topic_practice_ws/src) by extension 'ignore_ament_install'
[2.394s] Level 1:colcon.colcon_core.package_identification:_identify(topic_practice_ws/src) by extensions ['colcon_pkg']
[2.394s] Level 1:colcon.colcon_core.package_identification:_identify(topic_practice_ws/src) by extension 'colcon_pkg'
[2.395s] Level 1:colcon.colcon_core.package_identification:_identify(topic_practice_ws/src) by extensions ['colcon_meta']
[2.395s] Level 1:colcon.colcon_core.package_identification:_identify(topic_practice_ws/src) by extension 'colcon_meta'
[2.395s] Level 1:colcon.colcon_core.package_identification:_identify(topic_practice_ws/src) by extensions ['ros']
[2.395s] Level 1:colcon.colcon_core.package_identification:_identify(topic_practice_ws/src) by extension 'ros'
[2.396s] Level 1:colcon.colcon_core.package_identification:_identify(topic_practice_ws/src) by extensions ['cmake', 'python']
[2.396s] Level 1:colcon.colcon_core.package_identification:_identify(topic_practice_ws/src) by extension 'cmake'
[2.396s] Level 1:colcon.colcon_core.package_identification:_identify(topic_practice_ws/src) by extension 'python'
[2.396s] Level 1:colcon.colcon_core.package_identification:_identify(topic_practice_ws/src) by extensions ['python_setup_py']
[2.396s] Level 1:colcon.colcon_core.package_identification:_identify(topic_practice_ws/src) by extension 'python_setup_py'
[2.397s] Level 1:colcon.colcon_core.package_identification:_identify(topic_practice_ws/src/status_display) by extensions ['ignore', 'ignore_ament_install']
[2.397s] Level 1:colcon.colcon_core.package_identification:_identify(topic_practice_ws/src/status_display) by extension 'ignore'
[2.397s] Level 1:colcon.colcon_core.package_identification:_identify(topic_practice_ws/src/status_display) by extension 'ignore_ament_install'
[2.398s] Level 1:colcon.colcon_core.package_identification:_identify(topic_practice_ws/src/status_display) by extensions ['colcon_pkg']
[2.398s] Level 1:colcon.colcon_core.package_identification:_identify(topic_practice_ws/src/status_display) by extension 'colcon_pkg'
[2.398s] Level 1:colcon.colcon_core.package_identification:_identify(topic_practice_ws/src/status_display) by extensions ['colcon_meta']
[2.398s] Level 1:colcon.colcon_core.package_identification:_identify(topic_practice_ws/src/status_display) by extension 'colcon_meta'
[2.399s] Level 1:colcon.colcon_core.package_identification:_identify(topic_practice_ws/src/status_display) by extensions ['ros']
[2.399s] Level 1:colcon.colcon_core.package_identification:_identify(topic_practice_ws/src/status_display) by extension 'ros'
[2.414s] DEBUG:colcon.colcon_core.package_identification:Package 'topic_practice_ws/src/status_display' with type 'ros.ament_cmake' and name 'status_display'
[2.415s] Level 1:colcon.colcon_core.package_identification:_identify(topic_practice_ws/src/status_interfaces) by extensions ['ignore', 'ignore_ament_install']
[2.415s] Level 1:colcon.colcon_core.package_identification:_identify(topic_practice_ws/src/status_interfaces) by extension 'ignore'
[2.416s] Level 1:colcon.colcon_core.package_identification:_identify(topic_practice_ws/src/status_interfaces) by extension 'ignore_ament_install'
[2.416s] Level 1:colcon.colcon_core.package_identification:_identify(topic_practice_ws/src/status_interfaces) by extensions ['colcon_pkg']
[2.416s] Level 1:colcon.colcon_core.package_identification:_identify(topic_practice_ws/src/status_interfaces) by extension 'colcon_pkg'
[2.416s] Level 1:colcon.colcon_core.package_identification:_identify(topic_practice_ws/src/status_interfaces) by extensions ['colcon_meta']
[2.416s] Level 1:colcon.colcon_core.package_identification:_identify(topic_practice_ws/src/status_interfaces) by extension 'colcon_meta'
[2.417s] Level 1:colcon.colcon_core.package_identification:_identify(topic_practice_ws/src/status_interfaces) by extensions ['ros']
[2.417s] Level 1:colcon.colcon_core.package_identification:_identify(topic_practice_ws/src/status_interfaces) by extension 'ros'
[2.420s] DEBUG:colcon.colcon_core.package_identification:Package 'topic_practice_ws/src/status_interfaces' with type 'ros.ament_cmake' and name 'status_interfaces'
[2.421s] Level 1:colcon.colcon_core.package_identification:_identify(topic_practice_ws/src/status_publisher) by extensions ['ignore', 'ignore_ament_install']
[2.421s] Level 1:colcon.colcon_core.package_identification:_identify(topic_practice_ws/src/status_publisher) by extension 'ignore'
[2.421s] Level 1:colcon.colcon_core.package_identification:_identify(topic_practice_ws/src/status_publisher) by extension 'ignore_ament_install'
[2.421s] Level 1:colcon.colcon_core.package_identification:_identify(topic_practice_ws/src/status_publisher) by extensions ['colcon_pkg']
[2.421s] Level 1:colcon.colcon_core.package_identification:_identify(topic_practice_ws/src/status_publisher) by extension 'colcon_pkg'
[2.421s] Level 1:colcon.colcon_core.package_identification:_identify(topic_practice_ws/src/status_publisher) by extensions ['colcon_meta']
[2.422s] Level 1:colcon.colcon_core.package_identification:_identify(topic_practice_ws/src/status_publisher) by extension 'colcon_meta'
[2.422s] Level 1:colcon.colcon_core.package_identification:_identify(topic_practice_ws/src/status_publisher) by extensions ['ros']
[2.422s] Level 1:colcon.colcon_core.package_identification:_identify(topic_practice_ws/src/status_publisher) by extension 'ros'
[2.424s] DEBUG:colcon.colcon_core.package_identification:Package 'topic_practice_ws/src/status_publisher' with type 'ros.ament_python' and name 'status_publisher'
[2.425s] Level 1:colcon.colcon_core.package_identification:_identify(topic_ws) by extensions ['ignore', 'ignore_ament_install']
[2.425s] Level 1:colcon.colcon_core.package_identification:_identify(topic_ws) by extension 'ignore'
[2.425s] Level 1:colcon.colcon_core.package_identification:_identify(topic_ws) by extension 'ignore_ament_install'
[2.425s] Level 1:colcon.colcon_core.package_identification:_identify(topic_ws) by extensions ['colcon_pkg']
[2.425s] Level 1:colcon.colcon_core.package_identification:_identify(topic_ws) by extension 'colcon_pkg'
[2.425s] Level 1:colcon.colcon_core.package_identification:_identify(topic_ws) by extensions ['colcon_meta']
[2.426s] Level 1:colcon.colcon_core.package_identification:_identify(topic_ws) by extension 'colcon_meta'
[2.426s] Level 1:colcon.colcon_core.package_identification:_identify(topic_ws) by extensions ['ros']
[2.426s] Level 1:colcon.colcon_core.package_identification:_identify(topic_ws) by extension 'ros'
[2.426s] Level 1:colcon.colcon_core.package_identification:_identify(topic_ws) by extensions ['cmake', 'python']
[2.427s] Level 1:colcon.colcon_core.package_identification:_identify(topic_ws) by extension 'cmake'
[2.427s] Level 1:colcon.colcon_core.package_identification:_identify(topic_ws) by extension 'python'
[2.427s] Level 1:colcon.colcon_core.package_identification:_identify(topic_ws) by extensions ['python_setup_py']
[2.427s] Level 1:colcon.colcon_core.package_identification:_identify(topic_ws) by extension 'python_setup_py'
[2.427s] Level 1:colcon.colcon_core.package_identification:_identify(topic_ws/src) by extensions ['ignore', 'ignore_ament_install']
[2.428s] Level 1:colcon.colcon_core.package_identification:_identify(topic_ws/src) by extension 'ignore'
[2.428s] Level 1:colcon.colcon_core.package_identification:_identify(topic_ws/src) by extension 'ignore_ament_install'
[2.428s] Level 1:colcon.colcon_core.package_identification:_identify(topic_ws/src) by extensions ['colcon_pkg']
[2.428s] Level 1:colcon.colcon_core.package_identification:_identify(topic_ws/src) by extension 'colcon_pkg'
[2.428s] Level 1:colcon.colcon_core.package_identification:_identify(topic_ws/src) by extensions ['colcon_meta']
[2.428s] Level 1:colcon.colcon_core.package_identification:_identify(topic_ws/src) by extension 'colcon_meta'
[2.428s] Level 1:colcon.colcon_core.package_identification:_identify(topic_ws/src) by extensions ['ros']
[2.428s] Level 1:colcon.colcon_core.package_identification:_identify(topic_ws/src) by extension 'ros'
[2.429s] Level 1:colcon.colcon_core.package_identification:_identify(topic_ws/src) by extensions ['cmake', 'python']
[2.429s] Level 1:colcon.colcon_core.package_identification:_identify(topic_ws/src) by extension 'cmake'
[2.429s] Level 1:colcon.colcon_core.package_identification:_identify(topic_ws/src) by extension 'python'
[2.429s] Level 1:colcon.colcon_core.package_identification:_identify(topic_ws/src) by extensions ['python_setup_py']
[2.430s] Level 1:colcon.colcon_core.package_identification:_identify(topic_ws/src) by extension 'python_setup_py'
[2.430s] Level 1:colcon.colcon_core.package_identification:_identify(topic_ws/src/demo_cpp_topic) by extensions ['ignore', 'ignore_ament_install']
[2.430s] Level 1:colcon.colcon_core.package_identification:_identify(topic_ws/src/demo_cpp_topic) by extension 'ignore'
[2.431s] Level 1:colcon.colcon_core.package_identification:_identify(topic_ws/src/demo_cpp_topic) by extension 'ignore_ament_install'
[2.431s] Level 1:colcon.colcon_core.package_identification:_identify(topic_ws/src/demo_cpp_topic) by extensions ['colcon_pkg']
[2.431s] Level 1:colcon.colcon_core.package_identification:_identify(topic_ws/src/demo_cpp_topic) by extension 'colcon_pkg'
[2.431s] Level 1:colcon.colcon_core.package_identification:_identify(topic_ws/src/demo_cpp_topic) by extensions ['colcon_meta']
[2.432s] Level 1:colcon.colcon_core.package_identification:_identify(topic_ws/src/demo_cpp_topic) by extension 'colcon_meta'
[2.432s] Level 1:colcon.colcon_core.package_identification:_identify(topic_ws/src/demo_cpp_topic) by extensions ['ros']
[2.432s] Level 1:colcon.colcon_core.package_identification:_identify(topic_ws/src/demo_cpp_topic) by extension 'ros'
[2.436s] DEBUG:colcon.colcon_core.package_identification:Package 'topic_ws/src/demo_cpp_topic' with type 'ros.ament_cmake' and name 'demo_cpp_topic'
[2.437s] Level 1:colcon.colcon_core.package_identification:_identify(topic_ws/src/demo_python_topic) by extensions ['ignore', 'ignore_ament_install']
[2.437s] Level 1:colcon.colcon_core.package_identification:_identify(topic_ws/src/demo_python_topic) by extension 'ignore'
[2.437s] Level 1:colcon.colcon_core.package_identification:_identify(topic_ws/src/demo_python_topic) by extension 'ignore_ament_install'
[2.437s] Level 1:colcon.colcon_core.package_identification:_identify(topic_ws/src/demo_python_topic) by extensions ['colcon_pkg']
[2.437s] Level 1:colcon.colcon_core.package_identification:_identify(topic_ws/src/demo_python_topic) by extension 'colcon_pkg'
[2.438s] Level 1:colcon.colcon_core.package_identification:_identify(topic_ws/src/demo_python_topic) by extensions ['colcon_meta']
[2.438s] Level 1:colcon.colcon_core.package_identification:_identify(topic_ws/src/demo_python_topic) by extension 'colcon_meta'
[2.438s] Level 1:colcon.colcon_core.package_identification:_identify(topic_ws/src/demo_python_topic) by extensions ['ros']
[2.438s] Level 1:colcon.colcon_core.package_identification:_identify(topic_ws/src/demo_python_topic) by extension 'ros'
[2.441s] DEBUG:colcon.colcon_core.package_identification:Package 'topic_ws/src/demo_python_topic' with type 'ros.ament_python' and name 'demo_python_topic'
[2.441s] Level 1:colcon.colcon_core.package_discovery:discover_packages(recursive) using defaults
[2.441s] Level 1:colcon.colcon_core.package_discovery:discover_packages(ignore) discover
[2.441s] Level 1:colcon.colcon_core.package_discovery:discover_packages(ignore) using defaults
[2.441s] Level 1:colcon.colcon_core.package_discovery:discover_packages(path) discover
[2.441s] Level 1:colcon.colcon_core.package_discovery:discover_packages(path) using defaults
[2.594s] Level 1:colcon.colcon_core.package_discovery:discover_packages(prefix_path) check parameters
[2.595s] Level 1:colcon.colcon_core.package_discovery:discover_packages(prefix_path) discover
[2.614s] DEBUG:colcon.colcon_installed_package_information.package_discovery:Found 367 installed packages in /opt/ros/humble
[2.622s] Level 1:colcon.colcon_core.package_discovery:discover_packages(prefix_path) using defaults
[2.891s] Level 5:colcon.colcon_core.verb:set package 'demo_cpp_topic' build argument 'cmake_args' from command line to 'None'
[2.892s] Level 5:colcon.colcon_core.verb:set package 'demo_cpp_topic' build argument 'cmake_target' from command line to 'None'
[2.893s] Level 5:colcon.colcon_core.verb:set package 'demo_cpp_topic' build argument 'cmake_target_skip_unavailable' from command line to 'False'
[2.893s] Level 5:colcon.colcon_core.verb:set package 'demo_cpp_topic' build argument 'cmake_clean_cache' from command line to 'False'
[2.893s] Level 5:colcon.colcon_core.verb:set package 'demo_cpp_topic' build argument 'cmake_clean_first' from command line to 'False'
[2.894s] Level 5:colcon.colcon_core.verb:set package 'demo_cpp_topic' build argument 'cmake_force_configure' from command line to 'False'
[2.894s] Level 5:colcon.colcon_core.verb:set package 'demo_cpp_topic' build argument 'ament_cmake_args' from command line to 'None'
[2.894s] Level 5:colcon.colcon_core.verb:set package 'demo_cpp_topic' build argument 'catkin_cmake_args' from command line to 'None'
[2.894s] Level 5:colcon.colcon_core.verb:set package 'demo_cpp_topic' build argument 'catkin_skip_building_tests' from command line to 'False'
[2.895s] DEBUG:colcon.colcon_core.verb:Building package 'demo_cpp_topic' with the following arguments: {'ament_cmake_args': None, 'build_base': '/home/zj/chapt3/build/demo_cpp_topic', 'catkin_cmake_args': None, 'catkin_skip_building_tests': False, 'cmake_args': None, 'cmake_clean_cache': False, 'cmake_clean_first': False, 'cmake_force_configure': False, 'cmake_target': None, 'cmake_target_skip_unavailable': False, 'install_base': '/home/zj/chapt3/install/demo_cpp_topic', 'merge_install': False, 'path': '/home/zj/chapt3/topic_ws/src/demo_cpp_topic', 'symlink_install': False, 'test_result_base': None}
[2.898s] Level 5:colcon.colcon_core.verb:set package 'demo_python_topic' build argument 'cmake_args' from command line to 'None'
[2.899s] Level 5:colcon.colcon_core.verb:set package 'demo_python_topic' build argument 'cmake_target' from command line to 'None'
[2.899s] Level 5:colcon.colcon_core.verb:set package 'demo_python_topic' build argument 'cmake_target_skip_unavailable' from command line to 'False'
[2.899s] Level 5:colcon.colcon_core.verb:set package 'demo_python_topic' build argument 'cmake_clean_cache' from command line to 'False'
[2.900s] Level 5:colcon.colcon_core.verb:set package 'demo_python_topic' build argument 'cmake_clean_first' from command line to 'False'
[2.900s] Level 5:colcon.colcon_core.verb:set package 'demo_python_topic' build argument 'cmake_force_configure' from command line to 'False'
[2.901s] Level 5:colcon.colcon_core.verb:set package 'demo_python_topic' build argument 'ament_cmake_args' from command line to 'None'
[2.901s] Level 5:colcon.colcon_core.verb:set package 'demo_python_topic' build argument 'catkin_cmake_args' from command line to 'None'
[2.901s] Level 5:colcon.colcon_core.verb:set package 'demo_python_topic' build argument 'catkin_skip_building_tests' from command line to 'False'
[2.901s] DEBUG:colcon.colcon_core.verb:Building package 'demo_python_topic' with the following arguments: {'ament_cmake_args': None, 'build_base': '/home/zj/chapt3/build/demo_python_topic', 'catkin_cmake_args': None, 'catkin_skip_building_tests': False, 'cmake_args': None, 'cmake_clean_cache': False, 'cmake_clean_first': False, 'cmake_force_configure': False, 'cmake_target': None, 'cmake_target_skip_unavailable': False, 'install_base': '/home/zj/chapt3/install/demo_python_topic', 'merge_install': False, 'path': '/home/zj/chapt3/topic_ws/src/demo_python_topic', 'symlink_install': False, 'test_result_base': None}
[2.905s] Level 5:colcon.colcon_core.verb:set package 'status_interfaces' build argument 'cmake_args' from command line to 'None'
[2.905s] Level 5:colcon.colcon_core.verb:set package 'status_interfaces' build argument 'cmake_target' from command line to 'None'
[2.906s] Level 5:colcon.colcon_core.verb:set package 'status_interfaces' build argument 'cmake_target_skip_unavailable' from command line to 'False'
[2.906s] Level 5:colcon.colcon_core.verb:set package 'status_interfaces' build argument 'cmake_clean_cache' from command line to 'False'
[2.907s] Level 5:colcon.colcon_core.verb:set package 'status_interfaces' build argument 'cmake_clean_first' from command line to 'False'
[2.907s] Level 5:colcon.colcon_core.verb:set package 'status_interfaces' build argument 'cmake_force_configure' from command line to 'False'
[2.907s] Level 5:colcon.colcon_core.verb:set package 'status_interfaces' build argument 'ament_cmake_args' from command line to 'None'
[2.908s] Level 5:colcon.colcon_core.verb:set package 'status_interfaces' build argument 'catkin_cmake_args' from command line to 'None'
[2.908s] Level 5:colcon.colcon_core.verb:set package 'status_interfaces' build argument 'catkin_skip_building_tests' from command line to 'False'
[2.909s] DEBUG:colcon.colcon_core.verb:Building package 'status_interfaces' with the following arguments: {'ament_cmake_args': None, 'build_base': '/home/zj/chapt3/build/status_interfaces', 'catkin_cmake_args': None, 'catkin_skip_building_tests': False, 'cmake_args': None, 'cmake_clean_cache': False, 'cmake_clean_first': False, 'cmake_force_configure': False, 'cmake_target': None, 'cmake_target_skip_unavailable': False, 'install_base': '/home/zj/chapt3/install/status_interfaces', 'merge_install': False, 'path': '/home/zj/chapt3/topic_practice_ws/src/status_interfaces', 'symlink_install': False, 'test_result_base': None}
[2.911s] Level 5:colcon.colcon_core.verb:set package 'status_display' build argument 'cmake_args' from command line to 'None'
[2.911s] Level 5:colcon.colcon_core.verb:set package 'status_display' build argument 'cmake_target' from command line to 'None'
[2.911s] Level 5:colcon.colcon_core.verb:set package 'status_display' build argument 'cmake_target_skip_unavailable' from command line to 'False'
[2.911s] Level 5:colcon.colcon_core.verb:set package 'status_display' build argument 'cmake_clean_cache' from command line to 'False'
[2.912s] Level 5:colcon.colcon_core.verb:set package 'status_display' build argument 'cmake_clean_first' from command line to 'False'
[2.912s] Level 5:colcon.colcon_core.verb:set package 'status_display' build argument 'cmake_force_configure' from command line to 'False'
[2.912s] Level 5:colcon.colcon_core.verb:set package 'status_display' build argument 'ament_cmake_args' from command line to 'None'
[2.913s] Level 5:colcon.colcon_core.verb:set package 'status_display' build argument 'catkin_cmake_args' from command line to 'None'
[2.913s] Level 5:colcon.colcon_core.verb:set package 'status_display' build argument 'catkin_skip_building_tests' from command line to 'False'
[2.913s] DEBUG:colcon.colcon_core.verb:Building package 'status_display' with the following arguments: {'ament_cmake_args': None, 'build_base': '/home/zj/chapt3/build/status_display', 'catkin_cmake_args': None, 'catkin_skip_building_tests': False, 'cmake_args': None, 'cmake_clean_cache': False, 'cmake_clean_first': False, 'cmake_force_configure': False, 'cmake_target': None, 'cmake_target_skip_unavailable': False, 'install_base': '/home/zj/chapt3/install/status_display', 'merge_install': False, 'path': '/home/zj/chapt3/topic_practice_ws/src/status_display', 'symlink_install': False, 'test_result_base': None}
[2.916s] Level 5:colcon.colcon_core.verb:set package 'status_publisher' build argument 'cmake_args' from command line to 'None'
[2.917s] Level 5:colcon.colcon_core.verb:set package 'status_publisher' build argument 'cmake_target' from command line to 'None'
[2.917s] Level 5:colcon.colcon_core.verb:set package 'status_publisher' build argument 'cmake_target_skip_unavailable' from command line to 'False'
[2.917s] Level 5:colcon.colcon_core.verb:set package 'status_publisher' build argument 'cmake_clean_cache' from command line to 'False'
[2.917s] Level 5:colcon.colcon_core.verb:set package 'status_publisher' build argument 'cmake_clean_first' from command line to 'False'
[2.917s] Level 5:colcon.colcon_core.verb:set package 'status_publisher' build argument 'cmake_force_configure' from command line to 'False'
[2.917s] Level 5:colcon.colcon_core.verb:set package 'status_publisher' build argument 'ament_cmake_args' from command line to 'None'
[2.918s] Level 5:colcon.colcon_core.verb:set package 'status_publisher' build argument 'catkin_cmake_args' from command line to 'None'
[2.918s] Level 5:colcon.colcon_core.verb:set package 'status_publisher' build argument 'catkin_skip_building_tests' from command line to 'False'
[2.918s] DEBUG:colcon.colcon_core.verb:Building package 'status_publisher' with the following arguments: {'ament_cmake_args': None, 'build_base': '/home/zj/chapt3/build/status_publisher', 'catkin_cmake_args': None, 'catkin_skip_building_tests': False, 'cmake_args': None, 'cmake_clean_cache': False, 'cmake_clean_first': False, 'cmake_force_configure': False, 'cmake_target': None, 'cmake_target_skip_unavailable': False, 'install_base': '/home/zj/chapt3/install/status_publisher', 'merge_install': False, 'path': '/home/zj/chapt3/topic_practice_ws/src/status_publisher', 'symlink_install': False, 'test_result_base': None}
[2.919s] INFO:colcon.colcon_core.executor:Executing jobs using 'parallel' executor
[2.924s] DEBUG:colcon.colcon_parallel_executor.executor.parallel:run_until_complete
[2.926s] INFO:colcon.colcon_ros.task.ament_cmake.build:Building ROS package in '/home/zj/chapt3/topic_practice_ws/src/status_interfaces' with build type 'ament_cmake'
[2.926s] INFO:colcon.colcon_cmake.task.cmake.build:Building CMake package in '/home/zj/chapt3/topic_practice_ws/src/status_interfaces'
[2.959s] INFO:colcon.colcon_core.plugin_system:Skipping extension 'colcon_core.shell.bat': Not used on non-Windows systems
[2.960s] INFO:colcon.colcon_core.shell:Skip shell extension 'powershell' for command environment: Not usable outside of PowerShell
[2.961s] DEBUG:colcon.colcon_core.shell:Skip shell extension 'dsv' for command environment
[2.980s] INFO:colcon.colcon_ros.task.ament_cmake.build:Building ROS package in '/home/zj/chapt3/topic_ws/src/demo_cpp_topic' with build type 'ament_cmake'
[2.981s] INFO:colcon.colcon_cmake.task.cmake.build:Building CMake package in '/home/zj/chapt3/topic_ws/src/demo_cpp_topic'
[2.982s] INFO:colcon.colcon_core.shell:Skip shell extension 'powershell' for command environment: Not usable outside of PowerShell
[2.983s] DEBUG:colcon.colcon_core.shell:Skip shell extension 'dsv' for command environment
[2.999s] INFO:colcon.colcon_ros.task.ament_python.build:Building ROS package in '/home/zj/chapt3/topic_ws/src/demo_python_topic' with build type 'ament_python'
[3.000s] Level 1:colcon.colcon_core.shell:create_environment_hook('demo_python_topic', 'ament_prefix_path')
[3.001s] INFO:colcon.colcon_core.shell:Creating environment hook '/home/zj/chapt3/install/demo_python_topic/share/demo_python_topic/hook/ament_prefix_path.ps1'
[3.006s] INFO:colcon.colcon_core.shell:Creating environment descriptor '/home/zj/chapt3/install/demo_python_topic/share/demo_python_topic/hook/ament_prefix_path.dsv'
[3.014s] INFO:colcon.colcon_core.shell:Creating environment hook '/home/zj/chapt3/install/demo_python_topic/share/demo_python_topic/hook/ament_prefix_path.sh'
[3.017s] INFO:colcon.colcon_core.shell:Skip shell extension 'powershell' for command environment: Not usable outside of PowerShell
[3.018s] DEBUG:colcon.colcon_core.shell:Skip shell extension 'dsv' for command environment
[3.039s] DEBUG:colcon.colcon_core.event_handler.log_command:Invoking command in '/home/zj/chapt3/build/status_interfaces': CMAKE_PREFIX_PATH=/opt/ros/humble /usr/bin/cmake /home/zj/chapt3/topic_practice_ws/src/status_interfaces -DCMAKE_INSTALL_PREFIX=/home/zj/chapt3/install/status_interfaces
[3.062s] DEBUG:colcon.colcon_core.event_handler.log_command:Invoking command in '/home/zj/chapt3/build/demo_cpp_topic': CMAKE_PREFIX_PATH=/opt/ros/humble /usr/bin/cmake /home/zj/chapt3/topic_ws/src/demo_cpp_topic -DCMAKE_INSTALL_PREFIX=/home/zj/chapt3/install/demo_cpp_topic
[4.231s] INFO:colcon.colcon_core.task.python.build:Building Python package in '/home/zj/chapt3/topic_ws/src/demo_python_topic'
[4.232s] INFO:colcon.colcon_core.shell:Skip shell extension 'powershell' for command environment: Not usable outside of PowerShell
[4.232s] DEBUG:colcon.colcon_core.shell:Skip shell extension 'dsv' for command environment
[6.548s] DEBUG:colcon.colcon_core.event_handler.log_command:Invoking command in '/home/zj/chapt3/topic_ws/src/demo_python_topic': PYTHONPATH=/home/zj/chapt3/build/demo_python_topic/prefix_override:/usr/lib/python3/dist-packages/colcon_core/task/python/colcon_distutils_commands:/home/zj/chapt3/install/demo_python_topic/lib/python3.10/site-packages:${PYTHONPATH} /usr/bin/python3 -W ignore:setup.py install is deprecated -W ignore:easy_install command is deprecated setup.py egg_info --egg-base ../../../build/demo_python_topic build --build-base /home/zj/chapt3/build/demo_python_topic/build install --record /home/zj/chapt3/build/demo_python_topic/install.log --single-version-externally-managed install_data
[8.062s] DEBUG:colcon.colcon_core.event_handler.log_command:Invoked command in '/home/zj/chapt3/topic_ws/src/demo_python_topic' returned '0': PYTHONPATH=/home/zj/chapt3/build/demo_python_topic/prefix_override:/usr/lib/python3/dist-packages/colcon_core/task/python/colcon_distutils_commands:/home/zj/chapt3/install/demo_python_topic/lib/python3.10/site-packages:${PYTHONPATH} /usr/bin/python3 -W ignore:setup.py install is deprecated -W ignore:easy_install command is deprecated setup.py egg_info --egg-base ../../../build/demo_python_topic build --build-base /home/zj/chapt3/build/demo_python_topic/build install --record /home/zj/chapt3/build/demo_python_topic/install.log --single-version-externally-managed install_data
[8.085s] Level 1:colcon.colcon_core.environment:checking '/home/zj/chapt3/install/demo_python_topic' for CMake module files
[8.086s] Level 1:colcon.colcon_core.environment:checking '/home/zj/chapt3/install/demo_python_topic' for CMake config files
[8.088s] Level 1:colcon.colcon_core.environment:checking '/home/zj/chapt3/install/demo_python_topic/lib'
[8.089s] Level 1:colcon.colcon_core.environment:checking '/home/zj/chapt3/install/demo_python_topic/bin'
[8.089s] Level 1:colcon.colcon_core.environment:checking '/home/zj/chapt3/install/demo_python_topic/lib/pkgconfig/demo_python_topic.pc'
[8.090s] Level 1:colcon.colcon_core.environment:checking '/home/zj/chapt3/install/demo_python_topic/lib/python3.10/site-packages'
[8.091s] Level 1:colcon.colcon_core.shell:create_environment_hook('demo_python_topic', 'pythonpath')
[8.091s] INFO:colcon.colcon_core.shell:Creating environment hook '/home/zj/chapt3/install/demo_python_topic/share/demo_python_topic/hook/pythonpath.ps1'
[8.093s] INFO:colcon.colcon_core.shell:Creating environment descriptor '/home/zj/chapt3/install/demo_python_topic/share/demo_python_topic/hook/pythonpath.dsv'
[8.096s] INFO:colcon.colcon_core.shell:Creating environment hook '/home/zj/chapt3/install/demo_python_topic/share/demo_python_topic/hook/pythonpath.sh'
[8.099s] Level 1:colcon.colcon_core.environment:checking '/home/zj/chapt3/install/demo_python_topic/bin'
[8.100s] Level 1:colcon.colcon_core.environment:create_environment_scripts_only(demo_python_topic)
[8.101s] INFO:colcon.colcon_core.shell:Creating package script '/home/zj/chapt3/install/demo_python_topic/share/demo_python_topic/package.ps1'
[8.106s] INFO:colcon.colcon_core.shell:Creating package descriptor '/home/zj/chapt3/install/demo_python_topic/share/demo_python_topic/package.dsv'
[8.109s] INFO:colcon.colcon_core.shell:Creating package script '/home/zj/chapt3/install/demo_python_topic/share/demo_python_topic/package.sh'
[8.118s] INFO:colcon.colcon_core.shell:Creating package script '/home/zj/chapt3/install/demo_python_topic/share/demo_python_topic/package.bash'
[8.126s] INFO:colcon.colcon_core.shell:Creating package script '/home/zj/chapt3/install/demo_python_topic/share/demo_python_topic/package.zsh'
[8.137s] Level 1:colcon.colcon_core.environment:create_file_with_runtime_dependencies(/home/zj/chapt3/install/demo_python_topic/share/colcon-core/packages/demo_python_topic)
[9.092s] DEBUG:colcon.colcon_core.event_handler.log_command:Invoked command in '/home/zj/chapt3/build/demo_cpp_topic' returned '0': CMAKE_PREFIX_PATH=/opt/ros/humble /usr/bin/cmake /home/zj/chapt3/topic_ws/src/demo_cpp_topic -DCMAKE_INSTALL_PREFIX=/home/zj/chapt3/install/demo_cpp_topic
[9.103s] DEBUG:colcon.colcon_core.event_handler.log_command:Invoking command in '/home/zj/chapt3/build/demo_cpp_topic': CMAKE_PREFIX_PATH=/opt/ros/humble /usr/bin/cmake --build /home/zj/chapt3/build/demo_cpp_topic -- -j8 -l8
[10.319s] DEBUG:colcon.colcon_core.event_handler.log_command:Invoked command in '/home/zj/chapt3/build/status_interfaces' returned '0': CMAKE_PREFIX_PATH=/opt/ros/humble /usr/bin/cmake /home/zj/chapt3/topic_practice_ws/src/status_interfaces -DCMAKE_INSTALL_PREFIX=/home/zj/chapt3/install/status_interfaces
[10.330s] DEBUG:colcon.colcon_core.event_handler.log_command:Invoking command in '/home/zj/chapt3/build/status_interfaces': CMAKE_PREFIX_PATH=/opt/ros/humble /usr/bin/cmake --build /home/zj/chapt3/build/status_interfaces -- -j8 -l8
[21.093s] DEBUG:colcon.colcon_core.event_handler.log_command:Invoked command in '/home/zj/chapt3/build/status_interfaces' returned '0': CMAKE_PREFIX_PATH=/opt/ros/humble /usr/bin/cmake --build /home/zj/chapt3/build/status_interfaces -- -j8 -l8
[21.129s] DEBUG:colcon.colcon_core.event_handler.log_command:Invoking command in '/home/zj/chapt3/build/status_interfaces': CMAKE_PREFIX_PATH=/opt/ros/humble /usr/bin/cmake --install /home/zj/chapt3/build/status_interfaces
[21.420s] Level 1:colcon.colcon_core.environment:create_environment_scripts_only(status_interfaces)
[21.421s] Level 1:colcon.colcon_core.environment:checking '/home/zj/chapt3/install/status_interfaces' for CMake module files
[21.423s] DEBUG:colcon.colcon_core.event_handler.log_command:Invoked command in '/home/zj/chapt3/build/status_interfaces' returned '0': CMAKE_PREFIX_PATH=/opt/ros/humble /usr/bin/cmake --install /home/zj/chapt3/build/status_interfaces
[21.425s] Level 1:colcon.colcon_core.environment:checking '/home/zj/chapt3/install/status_interfaces' for CMake config files
[21.427s] Level 1:colcon.colcon_core.shell:create_environment_hook('status_interfaces', 'cmake_prefix_path')
[21.428s] INFO:colcon.colcon_core.shell:Creating environment hook '/home/zj/chapt3/install/status_interfaces/share/status_interfaces/hook/cmake_prefix_path.ps1'
[21.430s] INFO:colcon.colcon_core.shell:Creating environment descriptor '/home/zj/chapt3/install/status_interfaces/share/status_interfaces/hook/cmake_prefix_path.dsv'
[21.431s] INFO:colcon.colcon_core.shell:Creating environment hook '/home/zj/chapt3/install/status_interfaces/share/status_interfaces/hook/cmake_prefix_path.sh'
[21.434s] Level 1:colcon.colcon_core.environment:checking '/home/zj/chapt3/install/status_interfaces/lib'
[21.434s] Level 1:colcon.colcon_core.shell:create_environment_hook('status_interfaces', 'ld_library_path_lib')
[21.435s] INFO:colcon.colcon_core.shell:Creating environment hook '/home/zj/chapt3/install/status_interfaces/share/status_interfaces/hook/ld_library_path_lib.ps1'
[21.437s] INFO:colcon.colcon_core.shell:Creating environment descriptor '/home/zj/chapt3/install/status_interfaces/share/status_interfaces/hook/ld_library_path_lib.dsv'
[21.438s] INFO:colcon.colcon_core.shell:Creating environment hook '/home/zj/chapt3/install/status_interfaces/share/status_interfaces/hook/ld_library_path_lib.sh'
[21.439s] Level 1:colcon.colcon_core.environment:checking '/home/zj/chapt3/install/status_interfaces/bin'
[21.440s] Level 1:colcon.colcon_core.environment:checking '/home/zj/chapt3/install/status_interfaces/lib/pkgconfig/status_interfaces.pc'
[21.440s] Level 1:colcon.colcon_core.environment:checking '/home/zj/chapt3/install/status_interfaces/lib/python3.10/site-packages'
[21.441s] Level 1:colcon.colcon_core.environment:checking '/home/zj/chapt3/install/status_interfaces/bin'
[21.443s] INFO:colcon.colcon_core.shell:Creating package script '/home/zj/chapt3/install/status_interfaces/share/status_interfaces/package.ps1'
[21.444s] INFO:colcon.colcon_core.shell:Creating package descriptor '/home/zj/chapt3/install/status_interfaces/share/status_interfaces/package.dsv'
[21.447s] INFO:colcon.colcon_core.shell:Creating package script '/home/zj/chapt3/install/status_interfaces/share/status_interfaces/package.sh'
[21.452s] INFO:colcon.colcon_core.shell:Creating package script '/home/zj/chapt3/install/status_interfaces/share/status_interfaces/package.bash'
[21.453s] INFO:colcon.colcon_core.shell:Creating package script '/home/zj/chapt3/install/status_interfaces/share/status_interfaces/package.zsh'
[21.454s] Level 1:colcon.colcon_core.environment:create_file_with_runtime_dependencies(/home/zj/chapt3/install/status_interfaces/share/colcon-core/packages/status_interfaces)
[21.456s] Level 1:colcon.colcon_core.environment:create_environment_scripts_only(status_interfaces)
[21.457s] Level 1:colcon.colcon_core.environment:checking '/home/zj/chapt3/install/status_interfaces' for CMake module files
[21.459s] Level 1:colcon.colcon_core.environment:checking '/home/zj/chapt3/install/status_interfaces' for CMake config files
[21.461s] Level 1:colcon.colcon_core.shell:create_environment_hook('status_interfaces', 'cmake_prefix_path')
[21.462s] INFO:colcon.colcon_core.shell:Creating environment hook '/home/zj/chapt3/install/status_interfaces/share/status_interfaces/hook/cmake_prefix_path.ps1'
[21.465s] INFO:colcon.colcon_core.shell:Creating environment descriptor '/home/zj/chapt3/install/status_interfaces/share/status_interfaces/hook/cmake_prefix_path.dsv'
[21.467s] INFO:colcon.colcon_core.shell:Creating environment hook '/home/zj/chapt3/install/status_interfaces/share/status_interfaces/hook/cmake_prefix_path.sh'
[21.469s] Level 1:colcon.colcon_core.environment:checking '/home/zj/chapt3/install/status_interfaces/lib'
[21.469s] Level 1:colcon.colcon_core.shell:create_environment_hook('status_interfaces', 'ld_library_path_lib')
[21.470s] INFO:colcon.colcon_core.shell:Creating environment hook '/home/zj/chapt3/install/status_interfaces/share/status_interfaces/hook/ld_library_path_lib.ps1'
[21.473s] INFO:colcon.colcon_core.shell:Creating environment descriptor '/home/zj/chapt3/install/status_interfaces/share/status_interfaces/hook/ld_library_path_lib.dsv'
[21.474s] INFO:colcon.colcon_core.shell:Creating environment hook '/home/zj/chapt3/install/status_interfaces/share/status_interfaces/hook/ld_library_path_lib.sh'
[21.476s] Level 1:colcon.colcon_core.environment:checking '/home/zj/chapt3/install/status_interfaces/bin'
[21.476s] Level 1:colcon.colcon_core.environment:checking '/home/zj/chapt3/install/status_interfaces/lib/pkgconfig/status_interfaces.pc'
[21.477s] Level 1:colcon.colcon_core.environment:checking '/home/zj/chapt3/install/status_interfaces/lib/python3.10/site-packages'
[21.478s] Level 1:colcon.colcon_core.environment:checking '/home/zj/chapt3/install/status_interfaces/bin'
[21.480s] INFO:colcon.colcon_core.shell:Creating package script '/home/zj/chapt3/install/status_interfaces/share/status_interfaces/package.ps1'
[21.484s] INFO:colcon.colcon_core.shell:Creating package descriptor '/home/zj/chapt3/install/status_interfaces/share/status_interfaces/package.dsv'
[21.486s] INFO:colcon.colcon_core.shell:Creating package script '/home/zj/chapt3/install/status_interfaces/share/status_interfaces/package.sh'
[21.488s] INFO:colcon.colcon_core.shell:Creating package script '/home/zj/chapt3/install/status_interfaces/share/status_interfaces/package.bash'
[21.490s] INFO:colcon.colcon_core.shell:Creating package script '/home/zj/chapt3/install/status_interfaces/share/status_interfaces/package.zsh'
[21.491s] Level 1:colcon.colcon_core.environment:create_file_with_runtime_dependencies(/home/zj/chapt3/install/status_interfaces/share/colcon-core/packages/status_interfaces)
[21.493s] INFO:colcon.colcon_ros.task.ament_cmake.build:Building ROS package in '/home/zj/chapt3/topic_practice_ws/src/status_display' with build type 'ament_cmake'
[21.493s] INFO:colcon.colcon_cmake.task.cmake.build:Building CMake package in '/home/zj/chapt3/topic_practice_ws/src/status_display'
[21.495s] INFO:colcon.colcon_core.shell:Skip shell extension 'powershell' for command environment: Not usable outside of PowerShell
[21.495s] DEBUG:colcon.colcon_core.shell:Skip shell extension 'dsv' for command environment
[21.508s] INFO:colcon.colcon_ros.task.ament_python.build:Building ROS package in '/home/zj/chapt3/topic_practice_ws/src/status_publisher' with build type 'ament_python'
[21.508s] Level 1:colcon.colcon_core.shell:create_environment_hook('status_publisher', 'ament_prefix_path')
[21.509s] INFO:colcon.colcon_core.shell:Creating environment hook '/home/zj/chapt3/install/status_publisher/share/status_publisher/hook/ament_prefix_path.ps1'
[21.512s] INFO:colcon.colcon_core.shell:Creating environment descriptor '/home/zj/chapt3/install/status_publisher/share/status_publisher/hook/ament_prefix_path.dsv'
[21.515s] INFO:colcon.colcon_core.shell:Creating environment hook '/home/zj/chapt3/install/status_publisher/share/status_publisher/hook/ament_prefix_path.sh'
[21.518s] INFO:colcon.colcon_core.shell:Skip shell extension 'powershell' for command environment: Not usable outside of PowerShell
[21.518s] DEBUG:colcon.colcon_core.shell:Skip shell extension 'dsv' for command environment
[21.549s] DEBUG:colcon.colcon_core.event_handler.log_command:Invoking command in '/home/zj/chapt3/build/status_display': AMENT_PREFIX_PATH=/home/zj/chapt3/install/status_interfaces:${AMENT_PREFIX_PATH} CMAKE_PREFIX_PATH=/home/zj/chapt3/install/status_interfaces:/opt/ros/humble LD_LIBRARY_PATH=/home/zj/chapt3/install/status_interfaces/lib:${LD_LIBRARY_PATH} PYTHONPATH=/home/zj/chapt3/install/status_interfaces/local/lib/python3.10/dist-packages:${PYTHONPATH} /usr/bin/cmake /home/zj/chapt3/topic_practice_ws/src/status_display -DCMAKE_INSTALL_PREFIX=/home/zj/chapt3/install/status_display
[23.079s] INFO:colcon.colcon_core.task.python.build:Building Python package in '/home/zj/chapt3/topic_practice_ws/src/status_publisher'
[23.081s] INFO:colcon.colcon_core.shell:Skip shell extension 'powershell' for command environment: Not usable outside of PowerShell
[23.081s] DEBUG:colcon.colcon_core.shell:Skip shell extension 'dsv' for command environment
[24.660s] DEBUG:colcon.colcon_core.event_handler.log_command:Invoking command in '/home/zj/chapt3/topic_practice_ws/src/status_publisher': AMENT_PREFIX_PATH=/home/zj/chapt3/install/status_interfaces:${AMENT_PREFIX_PATH} CMAKE_PREFIX_PATH=/home/zj/chapt3/install/status_interfaces LD_LIBRARY_PATH=/home/zj/chapt3/install/status_interfaces/lib:${LD_LIBRARY_PATH} PYTHONPATH=/home/zj/chapt3/build/status_publisher/prefix_override:/usr/lib/python3/dist-packages/colcon_core/task/python/colcon_distutils_commands:/home/zj/chapt3/install/status_publisher/lib/python3.10/site-packages:/home/zj/chapt3/install/status_interfaces/local/lib/python3.10/dist-packages:${PYTHONPATH} /usr/bin/python3 -W ignore:setup.py install is deprecated -W ignore:easy_install command is deprecated setup.py egg_info --egg-base ../../../build/status_publisher build --build-base /home/zj/chapt3/build/status_publisher/build install --record /home/zj/chapt3/build/status_publisher/install.log --single-version-externally-managed install_data
[26.130s] Level 1:colcon.colcon_core.environment:checking '/home/zj/chapt3/install/status_publisher' for CMake module files
[26.132s] DEBUG:colcon.colcon_core.event_handler.log_command:Invoked command in '/home/zj/chapt3/topic_practice_ws/src/status_publisher' returned '0': AMENT_PREFIX_PATH=/home/zj/chapt3/install/status_interfaces:${AMENT_PREFIX_PATH} CMAKE_PREFIX_PATH=/home/zj/chapt3/install/status_interfaces LD_LIBRARY_PATH=/home/zj/chapt3/install/status_interfaces/lib:${LD_LIBRARY_PATH} PYTHONPATH=/home/zj/chapt3/build/status_publisher/prefix_override:/usr/lib/python3/dist-packages/colcon_core/task/python/colcon_distutils_commands:/home/zj/chapt3/install/status_publisher/lib/python3.10/site-packages:/home/zj/chapt3/install/status_interfaces/local/lib/python3.10/dist-packages:${PYTHONPATH} /usr/bin/python3 -W ignore:setup.py install is deprecated -W ignore:easy_install command is deprecated setup.py egg_info --egg-base ../../../build/status_publisher build --build-base /home/zj/chapt3/build/status_publisher/build install --record /home/zj/chapt3/build/status_publisher/install.log --single-version-externally-managed install_data
[26.135s] Level 1:colcon.colcon_core.environment:checking '/home/zj/chapt3/install/status_publisher' for CMake config files
[26.137s] Level 1:colcon.colcon_core.environment:checking '/home/zj/chapt3/install/status_publisher/lib'
[26.138s] Level 1:colcon.colcon_core.environment:checking '/home/zj/chapt3/install/status_publisher/bin'
[26.138s] Level 1:colcon.colcon_core.environment:checking '/home/zj/chapt3/install/status_publisher/lib/pkgconfig/status_publisher.pc'
[26.139s] Level 1:colcon.colcon_core.environment:checking '/home/zj/chapt3/install/status_publisher/lib/python3.10/site-packages'
[26.139s] Level 1:colcon.colcon_core.shell:create_environment_hook('status_publisher', 'pythonpath')
[26.141s] INFO:colcon.colcon_core.shell:Creating environment hook '/home/zj/chapt3/install/status_publisher/share/status_publisher/hook/pythonpath.ps1'
[26.143s] INFO:colcon.colcon_core.shell:Creating environment descriptor '/home/zj/chapt3/install/status_publisher/share/status_publisher/hook/pythonpath.dsv'
[26.144s] INFO:colcon.colcon_core.shell:Creating environment hook '/home/zj/chapt3/install/status_publisher/share/status_publisher/hook/pythonpath.sh'
[26.148s] Level 1:colcon.colcon_core.environment:checking '/home/zj/chapt3/install/status_publisher/bin'
[26.148s] Level 1:colcon.colcon_core.environment:create_environment_scripts_only(status_publisher)
[26.150s] INFO:colcon.colcon_core.shell:Creating package script '/home/zj/chapt3/install/status_publisher/share/status_publisher/package.ps1'
[26.152s] INFO:colcon.colcon_core.shell:Creating package descriptor '/home/zj/chapt3/install/status_publisher/share/status_publisher/package.dsv'
[26.154s] INFO:colcon.colcon_core.shell:Creating package script '/home/zj/chapt3/install/status_publisher/share/status_publisher/package.sh'
[26.155s] INFO:colcon.colcon_core.shell:Creating package script '/home/zj/chapt3/install/status_publisher/share/status_publisher/package.bash'
[26.157s] INFO:colcon.colcon_core.shell:Creating package script '/home/zj/chapt3/install/status_publisher/share/status_publisher/package.zsh'
[26.158s] Level 1:colcon.colcon_core.environment:create_file_with_runtime_dependencies(/home/zj/chapt3/install/status_publisher/share/colcon-core/packages/status_publisher)
[26.433s] DEBUG:colcon.colcon_core.event_handler.log_command:Invoked command in '/home/zj/chapt3/build/status_display' returned '0': AMENT_PREFIX_PATH=/home/zj/chapt3/install/status_interfaces:${AMENT_PREFIX_PATH} CMAKE_PREFIX_PATH=/home/zj/chapt3/install/status_interfaces:/opt/ros/humble LD_LIBRARY_PATH=/home/zj/chapt3/install/status_interfaces/lib:${LD_LIBRARY_PATH} PYTHONPATH=/home/zj/chapt3/install/status_interfaces/local/lib/python3.10/dist-packages:${PYTHONPATH} /usr/bin/cmake /home/zj/chapt3/topic_practice_ws/src/status_display -DCMAKE_INSTALL_PREFIX=/home/zj/chapt3/install/status_display
[26.444s] DEBUG:colcon.colcon_core.event_handler.log_command:Invoking command in '/home/zj/chapt3/build/status_display': AMENT_PREFIX_PATH=/home/zj/chapt3/install/status_interfaces:${AMENT_PREFIX_PATH} CMAKE_PREFIX_PATH=/home/zj/chapt3/install/status_interfaces:/opt/ros/humble LD_LIBRARY_PATH=/home/zj/chapt3/install/status_interfaces/lib:${LD_LIBRARY_PATH} PYTHONPATH=/home/zj/chapt3/install/status_interfaces/local/lib/python3.10/dist-packages:${PYTHONPATH} /usr/bin/cmake --build /home/zj/chapt3/build/status_display -- -j8 -l8
[58.679s] DEBUG:colcon.colcon_core.event_handler.log_command:Invoked command in '/home/zj/chapt3/build/demo_cpp_topic' returned '0': CMAKE_PREFIX_PATH=/opt/ros/humble /usr/bin/cmake --build /home/zj/chapt3/build/demo_cpp_topic -- -j8 -l8
[58.687s] DEBUG:colcon.colcon_core.event_handler.log_command:Invoking command in '/home/zj/chapt3/build/demo_cpp_topic': CMAKE_PREFIX_PATH=/opt/ros/humble /usr/bin/cmake --install /home/zj/chapt3/build/demo_cpp_topic
[58.747s] Level 1:colcon.colcon_core.environment:create_environment_scripts_only(demo_cpp_topic)
[58.749s] Level 1:colcon.colcon_core.environment:checking '/home/zj/chapt3/install/demo_cpp_topic' for CMake module files
[58.752s] DEBUG:colcon.colcon_core.event_handler.log_command:Invoked command in '/home/zj/chapt3/build/demo_cpp_topic' returned '0': CMAKE_PREFIX_PATH=/opt/ros/humble /usr/bin/cmake --install /home/zj/chapt3/build/demo_cpp_topic
[58.753s] Level 1:colcon.colcon_core.environment:checking '/home/zj/chapt3/install/demo_cpp_topic' for CMake config files
[58.754s] Level 1:colcon.colcon_core.shell:create_environment_hook('demo_cpp_topic', 'cmake_prefix_path')
[58.755s] INFO:colcon.colcon_core.shell:Creating environment hook '/home/zj/chapt3/install/demo_cpp_topic/share/demo_cpp_topic/hook/cmake_prefix_path.ps1'
[58.757s] INFO:colcon.colcon_core.shell:Creating environment descriptor '/home/zj/chapt3/install/demo_cpp_topic/share/demo_cpp_topic/hook/cmake_prefix_path.dsv'
[58.758s] INFO:colcon.colcon_core.shell:Creating environment hook '/home/zj/chapt3/install/demo_cpp_topic/share/demo_cpp_topic/hook/cmake_prefix_path.sh'
[58.760s] Level 1:colcon.colcon_core.environment:checking '/home/zj/chapt3/install/demo_cpp_topic/lib'
[58.760s] Level 1:colcon.colcon_core.environment:checking '/home/zj/chapt3/install/demo_cpp_topic/bin'
[58.760s] Level 1:colcon.colcon_core.environment:checking '/home/zj/chapt3/install/demo_cpp_topic/lib/pkgconfig/demo_cpp_topic.pc'
[58.761s] Level 1:colcon.colcon_core.environment:checking '/home/zj/chapt3/install/demo_cpp_topic/lib/python3.10/site-packages'
[58.762s] Level 1:colcon.colcon_core.environment:checking '/home/zj/chapt3/install/demo_cpp_topic/bin'
[58.763s] INFO:colcon.colcon_core.shell:Creating package script '/home/zj/chapt3/install/demo_cpp_topic/share/demo_cpp_topic/package.ps1'
[58.766s] INFO:colcon.colcon_core.shell:Creating package descriptor '/home/zj/chapt3/install/demo_cpp_topic/share/demo_cpp_topic/package.dsv'
[58.768s] INFO:colcon.colcon_core.shell:Creating package script '/home/zj/chapt3/install/demo_cpp_topic/share/demo_cpp_topic/package.sh'
[58.770s] INFO:colcon.colcon_core.shell:Creating package script '/home/zj/chapt3/install/demo_cpp_topic/share/demo_cpp_topic/package.bash'
[58.771s] INFO:colcon.colcon_core.shell:Creating package script '/home/zj/chapt3/install/demo_cpp_topic/share/demo_cpp_topic/package.zsh'
[58.773s] Level 1:colcon.colcon_core.environment:create_file_with_runtime_dependencies(/home/zj/chapt3/install/demo_cpp_topic/share/colcon-core/packages/demo_cpp_topic)
[58.775s] Level 1:colcon.colcon_core.environment:create_environment_scripts_only(demo_cpp_topic)
[58.776s] Level 1:colcon.colcon_core.environment:checking '/home/zj/chapt3/install/demo_cpp_topic' for CMake module files
[58.778s] Level 1:colcon.colcon_core.environment:checking '/home/zj/chapt3/install/demo_cpp_topic' for CMake config files
[58.780s] Level 1:colcon.colcon_core.shell:create_environment_hook('demo_cpp_topic', 'cmake_prefix_path')
[58.781s] INFO:colcon.colcon_core.shell:Creating environment hook '/home/zj/chapt3/install/demo_cpp_topic/share/demo_cpp_topic/hook/cmake_prefix_path.ps1'
[58.785s] INFO:colcon.colcon_core.shell:Creating environment descriptor '/home/zj/chapt3/install/demo_cpp_topic/share/demo_cpp_topic/hook/cmake_prefix_path.dsv'
[58.787s] INFO:colcon.colcon_core.shell:Creating environment hook '/home/zj/chapt3/install/demo_cpp_topic/share/demo_cpp_topic/hook/cmake_prefix_path.sh'
[58.790s] Level 1:colcon.colcon_core.environment:checking '/home/zj/chapt3/install/demo_cpp_topic/lib'
[58.790s] Level 1:colcon.colcon_core.environment:checking '/home/zj/chapt3/install/demo_cpp_topic/bin'
[58.791s] Level 1:colcon.colcon_core.environment:checking '/home/zj/chapt3/install/demo_cpp_topic/lib/pkgconfig/demo_cpp_topic.pc'
[58.791s] Level 1:colcon.colcon_core.environment:checking '/home/zj/chapt3/install/demo_cpp_topic/lib/python3.10/site-packages'
[58.792s] Level 1:colcon.colcon_core.environment:checking '/home/zj/chapt3/install/demo_cpp_topic/bin'
[58.794s] INFO:colcon.colcon_core.shell:Creating package script '/home/zj/chapt3/install/demo_cpp_topic/share/demo_cpp_topic/package.ps1'
[58.797s] INFO:colcon.colcon_core.shell:Creating package descriptor '/home/zj/chapt3/install/demo_cpp_topic/share/demo_cpp_topic/package.dsv'
[58.800s] INFO:colcon.colcon_core.shell:Creating package script '/home/zj/chapt3/install/demo_cpp_topic/share/demo_cpp_topic/package.sh'
[58.803s] INFO:colcon.colcon_core.shell:Creating package script '/home/zj/chapt3/install/demo_cpp_topic/share/demo_cpp_topic/package.bash'
[58.806s] INFO:colcon.colcon_core.shell:Creating package script '/home/zj/chapt3/install/demo_cpp_topic/share/demo_cpp_topic/package.zsh'
[58.808s] Level 1:colcon.colcon_core.environment:create_file_with_runtime_dependencies(/home/zj/chapt3/install/demo_cpp_topic/share/colcon-core/packages/demo_cpp_topic)
[75.798s] DEBUG:colcon.colcon_core.event_handler.log_command:Invoked command in '/home/zj/chapt3/build/status_display' returned '0': AMENT_PREFIX_PATH=/home/zj/chapt3/install/status_interfaces:${AMENT_PREFIX_PATH} CMAKE_PREFIX_PATH=/home/zj/chapt3/install/status_interfaces:/opt/ros/humble LD_LIBRARY_PATH=/home/zj/chapt3/install/status_interfaces/lib:${LD_LIBRARY_PATH} PYTHONPATH=/home/zj/chapt3/install/status_interfaces/local/lib/python3.10/dist-packages:${PYTHONPATH} /usr/bin/cmake --build /home/zj/chapt3/build/status_display -- -j8 -l8
[75.802s] DEBUG:colcon.colcon_core.event_handler.log_command:Invoking command in '/home/zj/chapt3/build/status_display': AMENT_PREFIX_PATH=/home/zj/chapt3/install/status_interfaces:${AMENT_PREFIX_PATH} CMAKE_PREFIX_PATH=/home/zj/chapt3/install/status_interfaces:/opt/ros/humble LD_LIBRARY_PATH=/home/zj/chapt3/install/status_interfaces/lib:${LD_LIBRARY_PATH} PYTHONPATH=/home/zj/chapt3/install/status_interfaces/local/lib/python3.10/dist-packages:${PYTHONPATH} /usr/bin/cmake --install /home/zj/chapt3/build/status_display
[75.855s] Level 1:colcon.colcon_core.environment:create_environment_scripts_only(status_display)
[75.857s] Level 1:colcon.colcon_core.environment:checking '/home/zj/chapt3/install/status_display' for CMake module files
[75.857s] DEBUG:colcon.colcon_core.event_handler.log_command:Invoked command in '/home/zj/chapt3/build/status_display' returned '0': AMENT_PREFIX_PATH=/home/zj/chapt3/install/status_interfaces:${AMENT_PREFIX_PATH} CMAKE_PREFIX_PATH=/home/zj/chapt3/install/status_interfaces:/opt/ros/humble LD_LIBRARY_PATH=/home/zj/chapt3/install/status_interfaces/lib:${LD_LIBRARY_PATH} PYTHONPATH=/home/zj/chapt3/install/status_interfaces/local/lib/python3.10/dist-packages:${PYTHONPATH} /usr/bin/cmake --install /home/zj/chapt3/build/status_display
[75.859s] Level 1:colcon.colcon_core.environment:checking '/home/zj/chapt3/install/status_display' for CMake config files
[75.860s] Level 1:colcon.colcon_core.shell:create_environment_hook('status_display', 'cmake_prefix_path')
[75.861s] INFO:colcon.colcon_core.shell:Creating environment hook '/home/zj/chapt3/install/status_display/share/status_display/hook/cmake_prefix_path.ps1'
[75.863s] INFO:colcon.colcon_core.shell:Creating environment descriptor '/home/zj/chapt3/install/status_display/share/status_display/hook/cmake_prefix_path.dsv'
[75.865s] INFO:colcon.colcon_core.shell:Creating environment hook '/home/zj/chapt3/install/status_display/share/status_display/hook/cmake_prefix_path.sh'
[75.868s] Level 1:colcon.colcon_core.environment:checking '/home/zj/chapt3/install/status_display/lib'
[75.869s] Level 1:colcon.colcon_core.environment:checking '/home/zj/chapt3/install/status_display/bin'
[75.869s] Level 1:colcon.colcon_core.environment:checking '/home/zj/chapt3/install/status_display/lib/pkgconfig/status_display.pc'
[75.870s] Level 1:colcon.colcon_core.environment:checking '/home/zj/chapt3/install/status_display/lib/python3.10/site-packages'
[75.871s] Level 1:colcon.colcon_core.environment:checking '/home/zj/chapt3/install/status_display/bin'
[75.872s] INFO:colcon.colcon_core.shell:Creating package script '/home/zj/chapt3/install/status_display/share/status_display/package.ps1'
[75.874s] INFO:colcon.colcon_core.shell:Creating package descriptor '/home/zj/chapt3/install/status_display/share/status_display/package.dsv'
[75.875s] INFO:colcon.colcon_core.shell:Creating package script '/home/zj/chapt3/install/status_display/share/status_display/package.sh'
[75.877s] INFO:colcon.colcon_core.shell:Creating package script '/home/zj/chapt3/install/status_display/share/status_display/package.bash'
[75.879s] INFO:colcon.colcon_core.shell:Creating package script '/home/zj/chapt3/install/status_display/share/status_display/package.zsh'
[75.880s] Level 1:colcon.colcon_core.environment:create_file_with_runtime_dependencies(/home/zj/chapt3/install/status_display/share/colcon-core/packages/status_display)
[75.882s] Level 1:colcon.colcon_core.environment:create_environment_scripts_only(status_display)
[75.883s] Level 1:colcon.colcon_core.environment:checking '/home/zj/chapt3/install/status_display' for CMake module files
[75.885s] Level 1:colcon.colcon_core.environment:checking '/home/zj/chapt3/install/status_display' for CMake config files
[75.886s] Level 1:colcon.colcon_core.shell:create_environment_hook('status_display', 'cmake_prefix_path')
[75.887s] INFO:colcon.colcon_core.shell:Creating environment hook '/home/zj/chapt3/install/status_display/share/status_display/hook/cmake_prefix_path.ps1'
[75.889s] INFO:colcon.colcon_core.shell:Creating environment descriptor '/home/zj/chapt3/install/status_display/share/status_display/hook/cmake_prefix_path.dsv'
[75.890s] INFO:colcon.colcon_core.shell:Creating environment hook '/home/zj/chapt3/install/status_display/share/status_display/hook/cmake_prefix_path.sh'
[75.892s] Level 1:colcon.colcon_core.environment:checking '/home/zj/chapt3/install/status_display/lib'
[75.893s] Level 1:colcon.colcon_core.environment:checking '/home/zj/chapt3/install/status_display/bin'
[75.893s] Level 1:colcon.colcon_core.environment:checking '/home/zj/chapt3/install/status_display/lib/pkgconfig/status_display.pc'
[75.894s] Level 1:colcon.colcon_core.environment:checking '/home/zj/chapt3/install/status_display/lib/python3.10/site-packages'
[75.894s] Level 1:colcon.colcon_core.environment:checking '/home/zj/chapt3/install/status_display/bin'
[75.896s] INFO:colcon.colcon_core.shell:Creating package script '/home/zj/chapt3/install/status_display/share/status_display/package.ps1'
[75.898s] INFO:colcon.colcon_core.shell:Creating package descriptor '/home/zj/chapt3/install/status_display/share/status_display/package.dsv'
[75.901s] INFO:colcon.colcon_core.shell:Creating package script '/home/zj/chapt3/install/status_display/share/status_display/package.sh'
[75.903s] INFO:colcon.colcon_core.shell:Creating package script '/home/zj/chapt3/install/status_display/share/status_display/package.bash'
[75.905s] INFO:colcon.colcon_core.shell:Creating package script '/home/zj/chapt3/install/status_display/share/status_display/package.zsh'
[75.907s] Level 1:colcon.colcon_core.environment:create_file_with_runtime_dependencies(/home/zj/chapt3/install/status_display/share/colcon-core/packages/status_display)
[75.908s] DEBUG:colcon.colcon_parallel_executor.executor.parallel:closing loop
[75.910s] DEBUG:colcon.colcon_parallel_executor.executor.parallel:loop closed
[75.911s] DEBUG:colcon.colcon_parallel_executor.executor.parallel:run_until_complete finished with '0'
[75.911s] DEBUG:colcon.colcon_core.event_reactor:joining thread
[75.943s] INFO:colcon.colcon_core.plugin_system:Skipping extension 'colcon_notification.desktop_notification.terminal_notifier': Not used on non-Darwin systems
[75.944s] INFO:colcon.colcon_core.plugin_system:Skipping extension 'colcon_notification.desktop_notification.win32': Not used on non-Windows systems
[75.944s] INFO:colcon.colcon_notification.desktop_notification:Sending desktop notification using 'notify2'
[76.019s] DEBUG:colcon.colcon_core.event_reactor:joined thread
[76.021s] INFO:colcon.colcon_core.shell:Creating prefix script '/home/zj/chapt3/install/local_setup.ps1'
[76.026s] INFO:colcon.colcon_core.shell:Creating prefix util module '/home/zj/chapt3/install/_local_setup_util_ps1.py'
[76.033s] INFO:colcon.colcon_core.shell:Creating prefix chain script '/home/zj/chapt3/install/setup.ps1'
[76.037s] INFO:colcon.colcon_core.shell:Creating prefix script '/home/zj/chapt3/install/local_setup.sh'
[76.041s] INFO:colcon.colcon_core.shell:Creating prefix util module '/home/zj/chapt3/install/_local_setup_util_sh.py'
[76.043s] INFO:colcon.colcon_core.shell:Creating prefix chain script '/home/zj/chapt3/install/setup.sh'
[76.047s] INFO:colcon.colcon_core.shell:Creating prefix script '/home/zj/chapt3/install/local_setup.bash'
[76.050s] INFO:colcon.colcon_core.shell:Creating prefix chain script '/home/zj/chapt3/install/setup.bash'
[76.056s] INFO:colcon.colcon_core.shell:Creating prefix script '/home/zj/chapt3/install/local_setup.zsh'
[76.061s] INFO:colcon.colcon_core.shell:Creating prefix chain script '/home/zj/chapt3/install/setup.zsh'
