[0.046s] Invoking command in '/home/zj/chapt3/build/status_display': AMENT_PREFIX_PATH=/home/zj/chapt3/install/status_interfaces:${AMENT_PREFIX_PATH} CMAKE_PREFIX_PATH=/home/zj/chapt3/install/status_interfaces:/opt/ros/humble LD_LIBRARY_PATH=/home/zj/chapt3/install/status_interfaces/lib:${LD_LIBRARY_PATH} PYTHONPATH=/home/zj/chapt3/install/status_interfaces/local/lib/python3.10/dist-packages:${PYTHONPATH} /usr/bin/cmake /home/zj/chapt3/topic_practice_ws/src/status_display -DCMAKE_INSTALL_PREFIX=/home/zj/chapt3/install/status_display
[0.320s] -- The C compiler identification is GNU 11.4.0
[0.637s] -- The CXX compiler identification is GNU 11.4.0
[0.665s] -- Detecting C compiler ABI info
[0.950s] -- Detecting C compiler ABI info - done
[0.981s] -- Check for working C compiler: /usr/bin/cc - skipped
[0.982s] -- Detecting C compile features
[0.985s] -- Detecting C compile features - done
[0.995s] -- Detecting CXX compiler ABI info
[1.366s] -- Detecting CXX compiler ABI info - done
[1.395s] -- Check for working CXX compiler: /usr/bin/c++ - skipped
[1.395s] -- Detecting CXX compile features
[1.397s] -- Detecting CXX compile features - done
[1.406s] -- Found ament_cmake: 1.3.11 (/opt/ros/humble/share/ament_cmake/cmake)
[1.971s] -- Found Python3: /usr/bin/python3 (found version "3.10.12") found components: Interpreter 
[2.353s] -- Found rclcpp: 16.0.12 (/opt/ros/humble/share/rclcpp/cmake)
[2.505s] -- Found rosidl_generator_c: 3.1.6 (/opt/ros/humble/share/rosidl_generator_c/cmake)
[2.523s] -- Found rosidl_adapter: 3.1.6 (/opt/ros/humble/share/rosidl_adapter/cmake)
[2.556s] -- Found rosidl_generator_cpp: 3.1.6 (/opt/ros/humble/share/rosidl_generator_cpp/cmake)
[2.602s] -- Using all available rosidl_typesupport_c: rosidl_typesupport_fastrtps_c;rosidl_typesupport_introspection_c
[2.663s] -- Using all available rosidl_typesupport_cpp: rosidl_typesupport_fastrtps_cpp;rosidl_typesupport_introspection_cpp
[2.839s] -- Found rmw_implementation_cmake: 6.1.2 (/opt/ros/humble/share/rmw_implementation_cmake/cmake)
[2.851s] -- Found rmw_fastrtps_cpp: 6.2.7 (/opt/ros/humble/share/rmw_fastrtps_cpp/cmake)
[3.161s] -- Found OpenSSL: /usr/lib/x86_64-linux-gnu/libcrypto.so (found version "3.0.2")  
[3.278s] -- Found FastRTPS: /opt/ros/humble/include  
[3.421s] -- Using RMW implementation 'rmw_fastrtps_cpp' as default
[3.444s] -- Looking for pthread.h
[3.740s] -- Looking for pthread.h - found
[3.741s] -- Performing Test CMAKE_HAVE_LIBC_PTHREAD
[4.037s] -- Performing Test CMAKE_HAVE_LIBC_PTHREAD - Success
[4.043s] -- Found Threads: TRUE  
[4.247s] -- Found status_interfaces: 0.0.0 (/home/zj/chapt3/install/status_interfaces/share/status_interfaces/cmake)
[4.441s] -- Found ament_lint_auto: 0.12.12 (/opt/ros/humble/share/ament_lint_auto/cmake)
[4.808s] -- Added test 'cppcheck' to perform static code analysis on C / C++ code
[4.809s] -- Configured cppcheck include dirs: 
[4.809s] -- Configured cppcheck exclude dirs and/or files: 
[4.810s] -- Added test 'lint_cmake' to check CMake code style
[4.812s] -- Added test 'uncrustify' to check C / C++ code style
[4.812s] -- Configured uncrustify additional arguments: 
[4.815s] -- Added test 'xmllint' to check XML markup files
[4.821s] -- Configuring done
[4.868s] -- Generating done
[4.883s] -- Build files have been written to: /home/zj/chapt3/build/status_display
[4.932s] Invoked command in '/home/zj/chapt3/build/status_display' returned '0': AMENT_PREFIX_PATH=/home/zj/chapt3/install/status_interfaces:${AMENT_PREFIX_PATH} CMAKE_PREFIX_PATH=/home/zj/chapt3/install/status_interfaces:/opt/ros/humble LD_LIBRARY_PATH=/home/zj/chapt3/install/status_interfaces/lib:${LD_LIBRARY_PATH} PYTHONPATH=/home/zj/chapt3/install/status_interfaces/local/lib/python3.10/dist-packages:${PYTHONPATH} /usr/bin/cmake /home/zj/chapt3/topic_practice_ws/src/status_display -DCMAKE_INSTALL_PREFIX=/home/zj/chapt3/install/status_display
[4.944s] Invoking command in '/home/zj/chapt3/build/status_display': AMENT_PREFIX_PATH=/home/zj/chapt3/install/status_interfaces:${AMENT_PREFIX_PATH} CMAKE_PREFIX_PATH=/home/zj/chapt3/install/status_interfaces:/opt/ros/humble LD_LIBRARY_PATH=/home/zj/chapt3/install/status_interfaces/lib:${LD_LIBRARY_PATH} PYTHONPATH=/home/zj/chapt3/install/status_interfaces/local/lib/python3.10/dist-packages:${PYTHONPATH} /usr/bin/cmake --build /home/zj/chapt3/build/status_display -- -j8 -l8
[5.143s] [ 50%] [32mBuilding CXX object CMakeFiles/hello_qt.dir/src/hello_qt.cpp.o[0m
[5.143s] [ 50%] [32mBuilding CXX object CMakeFiles/sys_status_display.dir/src/sys_status_display.cpp.o[0m
[14.266s] [ 75%] [32m[1mLinking CXX executable hello_qt[0m
[15.788s] [ 75%] Built target hello_qt
[50.450s] [100%] [32m[1mLinking CXX executable sys_status_display[0m
[54.253s] [100%] Built target sys_status_display
[54.298s] Invoked command in '/home/zj/chapt3/build/status_display' returned '0': AMENT_PREFIX_PATH=/home/zj/chapt3/install/status_interfaces:${AMENT_PREFIX_PATH} CMAKE_PREFIX_PATH=/home/zj/chapt3/install/status_interfaces:/opt/ros/humble LD_LIBRARY_PATH=/home/zj/chapt3/install/status_interfaces/lib:${LD_LIBRARY_PATH} PYTHONPATH=/home/zj/chapt3/install/status_interfaces/local/lib/python3.10/dist-packages:${PYTHONPATH} /usr/bin/cmake --build /home/zj/chapt3/build/status_display -- -j8 -l8
[54.302s] Invoking command in '/home/zj/chapt3/build/status_display': AMENT_PREFIX_PATH=/home/zj/chapt3/install/status_interfaces:${AMENT_PREFIX_PATH} CMAKE_PREFIX_PATH=/home/zj/chapt3/install/status_interfaces:/opt/ros/humble LD_LIBRARY_PATH=/home/zj/chapt3/install/status_interfaces/lib:${LD_LIBRARY_PATH} PYTHONPATH=/home/zj/chapt3/install/status_interfaces/local/lib/python3.10/dist-packages:${PYTHONPATH} /usr/bin/cmake --install /home/zj/chapt3/build/status_display
[54.326s] -- Install configuration: ""
[54.327s] -- Installing: /home/zj/chapt3/install/status_display/lib/status_display/hello_qt
[54.328s] -- Installing: /home/zj/chapt3/install/status_display/lib/status_display/sys_status_display
[54.340s] -- Set runtime path of "/home/zj/chapt3/install/status_display/lib/status_display/sys_status_display" to ""
[54.341s] -- Installing: /home/zj/chapt3/install/status_display/share/ament_index/resource_index/package_run_dependencies/status_display
[54.341s] -- Installing: /home/zj/chapt3/install/status_display/share/ament_index/resource_index/parent_prefix_path/status_display
[54.342s] -- Installing: /home/zj/chapt3/install/status_display/share/status_display/environment/ament_prefix_path.sh
[54.343s] -- Installing: /home/zj/chapt3/install/status_display/share/status_display/environment/ament_prefix_path.dsv
[54.343s] -- Installing: /home/zj/chapt3/install/status_display/share/status_display/environment/path.sh
[54.344s] -- Installing: /home/zj/chapt3/install/status_display/share/status_display/environment/path.dsv
[54.345s] -- Installing: /home/zj/chapt3/install/status_display/share/status_display/local_setup.bash
[54.345s] -- Installing: /home/zj/chapt3/install/status_display/share/status_display/local_setup.sh
[54.346s] -- Installing: /home/zj/chapt3/install/status_display/share/status_display/local_setup.zsh
[54.346s] -- Installing: /home/zj/chapt3/install/status_display/share/status_display/local_setup.dsv
[54.347s] -- Installing: /home/zj/chapt3/install/status_display/share/status_display/package.dsv
[54.348s] -- Installing: /home/zj/chapt3/install/status_display/share/ament_index/resource_index/packages/status_display
[54.349s] -- Installing: /home/zj/chapt3/install/status_display/share/status_display/cmake/status_displayConfig.cmake
[54.349s] -- Installing: /home/zj/chapt3/install/status_display/share/status_display/cmake/status_displayConfig-version.cmake
[54.350s] -- Installing: /home/zj/chapt3/install/status_display/share/status_display/package.xml
[54.357s] Invoked command in '/home/zj/chapt3/build/status_display' returned '0': AMENT_PREFIX_PATH=/home/zj/chapt3/install/status_interfaces:${AMENT_PREFIX_PATH} CMAKE_PREFIX_PATH=/home/zj/chapt3/install/status_interfaces:/opt/ros/humble LD_LIBRARY_PATH=/home/zj/chapt3/install/status_interfaces/lib:${LD_LIBRARY_PATH} PYTHONPATH=/home/zj/chapt3/install/status_interfaces/local/lib/python3.10/dist-packages:${PYTHONPATH} /usr/bin/cmake --install /home/zj/chapt3/build/status_display
