[0.077s] Invoking command in '/home/zj/chapt3/build/demo_cpp_topic': CMAKE_PREFIX_PATH=/opt/ros/humble /usr/bin/cmake /home/zj/chapt3/topic_ws/src/demo_cpp_topic -DCMAKE_INSTALL_PREFIX=/home/zj/chapt3/install/demo_cpp_topic
[0.447s] -- The C compiler identification is GNU 11.4.0
[0.740s] -- The CXX compiler identification is GNU 11.4.0
[0.786s] -- Detecting C compiler ABI info
[1.064s] -- Detecting C compiler ABI info - done
[1.094s] -- Check for working C compiler: /usr/bin/cc - skipped
[1.095s] -- Detecting C compile features
[1.099s] -- Detecting C compile features - done
[1.115s] -- Detecting CXX compiler ABI info
[1.426s] -- Detecting CXX compiler ABI info - done
[1.454s] -- Check for working CXX compiler: /usr/bin/c++ - skipped
[1.455s] -- Detecting CXX compile features
[1.457s] -- Detecting CXX compile features - done
[1.475s] -- Found ament_cmake: 1.3.11 (/opt/ros/humble/share/ament_cmake/cmake)
[2.122s] -- Found Python3: /usr/bin/python3 (found version "3.10.12") found components: Interpreter 
[2.591s] -- Found rclcpp: 16.0.12 (/opt/ros/humble/share/rclcpp/cmake)
[2.805s] -- Found rosidl_generator_c: 3.1.6 (/opt/ros/humble/share/rosidl_generator_c/cmake)
[2.824s] -- Found rosidl_adapter: 3.1.6 (/opt/ros/humble/share/rosidl_adapter/cmake)
[2.861s] -- Found rosidl_generator_cpp: 3.1.6 (/opt/ros/humble/share/rosidl_generator_cpp/cmake)
[2.931s] -- Using all available rosidl_typesupport_c: rosidl_typesupport_fastrtps_c;rosidl_typesupport_introspection_c
[2.991s] -- Using all available rosidl_typesupport_cpp: rosidl_typesupport_fastrtps_cpp;rosidl_typesupport_introspection_cpp
[3.308s] -- Found rmw_implementation_cmake: 6.1.2 (/opt/ros/humble/share/rmw_implementation_cmake/cmake)
[3.326s] -- Found rmw_fastrtps_cpp: 6.2.7 (/opt/ros/humble/share/rmw_fastrtps_cpp/cmake)
[3.750s] -- Found OpenSSL: /usr/lib/x86_64-linux-gnu/libcrypto.so (found version "3.0.2")  
[3.862s] -- Found FastRTPS: /opt/ros/humble/include  
[4.029s] -- Using RMW implementation 'rmw_fastrtps_cpp' as default
[4.100s] -- Looking for pthread.h
[4.486s] -- Looking for pthread.h - found
[4.488s] -- Performing Test CMAKE_HAVE_LIBC_PTHREAD
[4.863s] -- Performing Test CMAKE_HAVE_LIBC_PTHREAD - Success
[4.869s] -- Found Threads: TRUE  
[5.227s] -- Found geometry_msgs: 4.8.0 (/opt/ros/humble/share/geometry_msgs/cmake)
[5.321s] -- Found turtlesim: 1.4.2 (/opt/ros/humble/share/turtlesim/cmake)
[5.581s] -- Found ament_lint_auto: 0.12.12 (/opt/ros/humble/share/ament_lint_auto/cmake)
[5.966s] -- Added test 'cppcheck' to perform static code analysis on C / C++ code
[5.966s] -- Configured cppcheck include dirs: 
[5.967s] -- Configured cppcheck exclude dirs and/or files: 
[5.969s] -- Added test 'lint_cmake' to check CMake code style
[5.973s] -- Added test 'uncrustify' to check C / C++ code style
[5.974s] -- Configured uncrustify additional arguments: 
[5.977s] -- Added test 'xmllint' to check XML markup files
[5.986s] -- Configuring done
[6.037s] -- Generating done
[6.061s] -- Build files have been written to: /home/zj/chapt3/build/demo_cpp_topic
[6.107s] Invoked command in '/home/zj/chapt3/build/demo_cpp_topic' returned '0': CMAKE_PREFIX_PATH=/opt/ros/humble /usr/bin/cmake /home/zj/chapt3/topic_ws/src/demo_cpp_topic -DCMAKE_INSTALL_PREFIX=/home/zj/chapt3/install/demo_cpp_topic
[6.118s] Invoking command in '/home/zj/chapt3/build/demo_cpp_topic': CMAKE_PREFIX_PATH=/opt/ros/humble /usr/bin/cmake --build /home/zj/chapt3/build/demo_cpp_topic -- -j8 -l8
[6.325s] [ 25%] [32mBuilding CXX object CMakeFiles/turtle_circle.dir/src/turtle_circle.cpp.o[0m
[6.327s] [ 50%] [32mBuilding CXX object CMakeFiles/turtle_control.dir/src/turtle_control.cpp.o[0m
[35.917s] [ 75%] [32m[1mLinking CXX executable turtle_circle[0m
[37.038s] [ 75%] Built target turtle_circle
[53.943s] [100%] [32m[1mLinking CXX executable turtle_control[0m
[55.653s] [100%] Built target turtle_control
[55.695s] Invoked command in '/home/zj/chapt3/build/demo_cpp_topic' returned '0': CMAKE_PREFIX_PATH=/opt/ros/humble /usr/bin/cmake --build /home/zj/chapt3/build/demo_cpp_topic -- -j8 -l8
[55.702s] Invoking command in '/home/zj/chapt3/build/demo_cpp_topic': CMAKE_PREFIX_PATH=/opt/ros/humble /usr/bin/cmake --install /home/zj/chapt3/build/demo_cpp_topic
[55.727s] -- Install configuration: ""
[55.728s] -- Installing: /home/zj/chapt3/install/demo_cpp_topic/lib/demo_cpp_topic/turtle_control
[55.740s] -- Set runtime path of "/home/zj/chapt3/install/demo_cpp_topic/lib/demo_cpp_topic/turtle_control" to ""
[55.741s] -- Installing: /home/zj/chapt3/install/demo_cpp_topic/lib/demo_cpp_topic/turtle_circle
[55.745s] -- Set runtime path of "/home/zj/chapt3/install/demo_cpp_topic/lib/demo_cpp_topic/turtle_circle" to ""
[55.746s] -- Installing: /home/zj/chapt3/install/demo_cpp_topic/share/ament_index/resource_index/package_run_dependencies/demo_cpp_topic
[55.747s] -- Installing: /home/zj/chapt3/install/demo_cpp_topic/share/ament_index/resource_index/parent_prefix_path/demo_cpp_topic
[55.748s] -- Installing: /home/zj/chapt3/install/demo_cpp_topic/share/demo_cpp_topic/environment/ament_prefix_path.sh
[55.749s] -- Installing: /home/zj/chapt3/install/demo_cpp_topic/share/demo_cpp_topic/environment/ament_prefix_path.dsv
[55.749s] -- Installing: /home/zj/chapt3/install/demo_cpp_topic/share/demo_cpp_topic/environment/path.sh
[55.750s] -- Installing: /home/zj/chapt3/install/demo_cpp_topic/share/demo_cpp_topic/environment/path.dsv
[55.751s] -- Installing: /home/zj/chapt3/install/demo_cpp_topic/share/demo_cpp_topic/local_setup.bash
[55.752s] -- Installing: /home/zj/chapt3/install/demo_cpp_topic/share/demo_cpp_topic/local_setup.sh
[55.754s] -- Installing: /home/zj/chapt3/install/demo_cpp_topic/share/demo_cpp_topic/local_setup.zsh
[55.754s] -- Installing: /home/zj/chapt3/install/demo_cpp_topic/share/demo_cpp_topic/local_setup.dsv
[55.755s] -- Installing: /home/zj/chapt3/install/demo_cpp_topic/share/demo_cpp_topic/package.dsv
[55.756s] -- Installing: /home/zj/chapt3/install/demo_cpp_topic/share/ament_index/resource_index/packages/demo_cpp_topic
[55.756s] -- Installing: /home/zj/chapt3/install/demo_cpp_topic/share/demo_cpp_topic/cmake/demo_cpp_topicConfig.cmake
[55.757s] -- Installing: /home/zj/chapt3/install/demo_cpp_topic/share/demo_cpp_topic/cmake/demo_cpp_topicConfig-version.cmake
[55.757s] -- Installing: /home/zj/chapt3/install/demo_cpp_topic/share/demo_cpp_topic/package.xml
[55.767s] Invoked command in '/home/zj/chapt3/build/demo_cpp_topic' returned '0': CMAKE_PREFIX_PATH=/opt/ros/humble /usr/bin/cmake --install /home/zj/chapt3/build/demo_cpp_topic
