[0.632s] DEBUG:colcon:Command line arguments: ['/usr/bin/colcon', 'build']
[0.632s] DEBUG:colcon:Parsed command line arguments: Namespace(log_base=None, log_level=None, verb_name='build', build_base='build', install_base='install', merge_install=False, symlink_install=False, test_result_base=None, continue_on_error=False, executor='parallel', parallel_workers=8, event_handlers=None, ignore_user_meta=False, metas=['./colcon.meta'], base_paths=['.'], packages_ignore=None, packages_ignore_regex=None, paths=None, packages_up_to=None, packages_up_to_regex=None, packages_above=None, packages_above_and_dependencies=None, packages_above_depth=None, packages_select_by_dep=None, packages_skip_by_dep=None, packages_skip_up_to=None, packages_select_build_failed=False, packages_skip_build_finished=False, packages_select_test_failures=False, packages_skip_test_passed=False, packages_select=None, packages_skip=None, packages_select_regex=None, packages_skip_regex=None, packages_start=None, packages_end=None, allow_overriding=[], cmake_args=None, cmake_target=None, cmake_target_skip_unavailable=False, cmake_clean_cache=False, cmake_clean_first=False, cmake_force_configure=False, ament_cmake_args=None, catkin_cmake_args=None, catkin_skip_building_tests=False, mixin_files=None, mixin=None, verb_parser=<colcon_mixin.mixin.mixin_argument.MixinArgumentDecorator object at 0x769a02951e70>, verb_extension=<colcon_core.verb.build.BuildVerb object at 0x769a02acb5e0>, main=<bound method BuildVerb.main of <colcon_core.verb.build.BuildVerb object at 0x769a02acb5e0>>, mixin_verb=('build',))
[1.446s] Level 1:colcon.colcon_core.package_discovery:discover_packages(colcon_meta) check parameters
[1.446s] Level 1:colcon.colcon_core.package_discovery:discover_packages(recursive) check parameters
[1.446s] Level 1:colcon.colcon_core.package_discovery:discover_packages(ignore) check parameters
[1.446s] Level 1:colcon.colcon_core.package_discovery:discover_packages(path) check parameters
[1.446s] Level 1:colcon.colcon_core.package_discovery:discover_packages(colcon_meta) discover
[1.447s] Level 1:colcon.colcon_core.package_discovery:discover_packages(recursive) discover
[1.447s] INFO:colcon.colcon_core.package_discovery:Crawling recursively for packages in '/home/zj/chapt2/chapt2_ws'
[1.447s] Level 1:colcon.colcon_core.package_identification:_identify(.) by extensions ['ignore', 'ignore_ament_install']
[1.448s] Level 1:colcon.colcon_core.package_identification:_identify(.) by extension 'ignore'
[1.448s] Level 1:colcon.colcon_core.package_identification:_identify(.) by extension 'ignore_ament_install'
[1.448s] Level 1:colcon.colcon_core.package_identification:_identify(.) by extensions ['colcon_pkg']
[1.448s] Level 1:colcon.colcon_core.package_identification:_identify(.) by extension 'colcon_pkg'
[1.448s] Level 1:colcon.colcon_core.package_identification:_identify(.) by extensions ['colcon_meta']
[1.448s] Level 1:colcon.colcon_core.package_identification:_identify(.) by extension 'colcon_meta'
[1.448s] Level 1:colcon.colcon_core.package_identification:_identify(.) by extensions ['ros']
[1.448s] Level 1:colcon.colcon_core.package_identification:_identify(.) by extension 'ros'
[1.481s] Level 1:colcon.colcon_core.package_identification:_identify(.) by extensions ['cmake', 'python']
[1.481s] Level 1:colcon.colcon_core.package_identification:_identify(.) by extension 'cmake'
[1.481s] Level 1:colcon.colcon_core.package_identification:_identify(.) by extension 'python'
[1.481s] Level 1:colcon.colcon_core.package_identification:_identify(.) by extensions ['python_setup_py']
[1.481s] Level 1:colcon.colcon_core.package_identification:_identify(.) by extension 'python_setup_py'
[1.481s] Level 1:colcon.colcon_core.package_identification:_identify(build) by extensions ['ignore', 'ignore_ament_install']
[1.482s] Level 1:colcon.colcon_core.package_identification:_identify(build) by extension 'ignore'
[1.482s] Level 1:colcon.colcon_core.package_identification:_identify(build) ignored
[1.482s] Level 1:colcon.colcon_core.package_identification:_identify(install) by extensions ['ignore', 'ignore_ament_install']
[1.483s] Level 1:colcon.colcon_core.package_identification:_identify(install) by extension 'ignore'
[1.483s] Level 1:colcon.colcon_core.package_identification:_identify(install) ignored
[1.483s] Level 1:colcon.colcon_core.package_identification:_identify(log) by extensions ['ignore', 'ignore_ament_install']
[1.483s] Level 1:colcon.colcon_core.package_identification:_identify(log) by extension 'ignore'
[1.483s] Level 1:colcon.colcon_core.package_identification:_identify(log) ignored
[1.483s] Level 1:colcon.colcon_core.package_identification:_identify(src) by extensions ['ignore', 'ignore_ament_install']
[1.483s] Level 1:colcon.colcon_core.package_identification:_identify(src) by extension 'ignore'
[1.484s] Level 1:colcon.colcon_core.package_identification:_identify(src) by extension 'ignore_ament_install'
[1.484s] Level 1:colcon.colcon_core.package_identification:_identify(src) by extensions ['colcon_pkg']
[1.484s] Level 1:colcon.colcon_core.package_identification:_identify(src) by extension 'colcon_pkg'
[1.484s] Level 1:colcon.colcon_core.package_identification:_identify(src) by extensions ['colcon_meta']
[1.484s] Level 1:colcon.colcon_core.package_identification:_identify(src) by extension 'colcon_meta'
[1.484s] Level 1:colcon.colcon_core.package_identification:_identify(src) by extensions ['ros']
[1.484s] Level 1:colcon.colcon_core.package_identification:_identify(src) by extension 'ros'
[1.484s] Level 1:colcon.colcon_core.package_identification:_identify(src) by extensions ['cmake', 'python']
[1.485s] Level 1:colcon.colcon_core.package_identification:_identify(src) by extension 'cmake'
[1.485s] Level 1:colcon.colcon_core.package_identification:_identify(src) by extension 'python'
[1.485s] Level 1:colcon.colcon_core.package_identification:_identify(src) by extensions ['python_setup_py']
[1.485s] Level 1:colcon.colcon_core.package_identification:_identify(src) by extension 'python_setup_py'
[1.485s] Level 1:colcon.colcon_core.package_identification:_identify(src/demo_cpp_pkg) by extensions ['ignore', 'ignore_ament_install']
[1.485s] Level 1:colcon.colcon_core.package_identification:_identify(src/demo_cpp_pkg) by extension 'ignore'
[1.485s] Level 1:colcon.colcon_core.package_identification:_identify(src/demo_cpp_pkg) by extension 'ignore_ament_install'
[1.485s] Level 1:colcon.colcon_core.package_identification:_identify(src/demo_cpp_pkg) by extensions ['colcon_pkg']
[1.485s] Level 1:colcon.colcon_core.package_identification:_identify(src/demo_cpp_pkg) by extension 'colcon_pkg'
[1.485s] Level 1:colcon.colcon_core.package_identification:_identify(src/demo_cpp_pkg) by extensions ['colcon_meta']
[1.485s] Level 1:colcon.colcon_core.package_identification:_identify(src/demo_cpp_pkg) by extension 'colcon_meta'
[1.485s] Level 1:colcon.colcon_core.package_identification:_identify(src/demo_cpp_pkg) by extensions ['ros']
[1.485s] Level 1:colcon.colcon_core.package_identification:_identify(src/demo_cpp_pkg) by extension 'ros'
[1.497s] DEBUG:colcon.colcon_core.package_identification:Package 'src/demo_cpp_pkg' with type 'ros.ament_cmake' and name 'demo_cpp_pkg'
[1.498s] Level 1:colcon.colcon_core.package_identification:_identify(src/demo_python_pkg) by extensions ['ignore', 'ignore_ament_install']
[1.498s] Level 1:colcon.colcon_core.package_identification:_identify(src/demo_python_pkg) by extension 'ignore'
[1.498s] Level 1:colcon.colcon_core.package_identification:_identify(src/demo_python_pkg) by extension 'ignore_ament_install'
[1.498s] Level 1:colcon.colcon_core.package_identification:_identify(src/demo_python_pkg) by extensions ['colcon_pkg']
[1.498s] Level 1:colcon.colcon_core.package_identification:_identify(src/demo_python_pkg) by extension 'colcon_pkg'
[1.498s] Level 1:colcon.colcon_core.package_identification:_identify(src/demo_python_pkg) by extensions ['colcon_meta']
[1.498s] Level 1:colcon.colcon_core.package_identification:_identify(src/demo_python_pkg) by extension 'colcon_meta'
[1.498s] Level 1:colcon.colcon_core.package_identification:_identify(src/demo_python_pkg) by extensions ['ros']
[1.498s] Level 1:colcon.colcon_core.package_identification:_identify(src/demo_python_pkg) by extension 'ros'
[1.499s] DEBUG:colcon.colcon_core.package_identification:Package 'src/demo_python_pkg' with type 'ros.ament_python' and name 'demo_python_pkg'
[1.499s] Level 1:colcon.colcon_core.package_identification:_identify(src/wpr_simulation2) by extensions ['ignore', 'ignore_ament_install']
[1.499s] Level 1:colcon.colcon_core.package_identification:_identify(src/wpr_simulation2) by extension 'ignore'
[1.499s] Level 1:colcon.colcon_core.package_identification:_identify(src/wpr_simulation2) by extension 'ignore_ament_install'
[1.499s] Level 1:colcon.colcon_core.package_identification:_identify(src/wpr_simulation2) by extensions ['colcon_pkg']
[1.500s] Level 1:colcon.colcon_core.package_identification:_identify(src/wpr_simulation2) by extension 'colcon_pkg'
[1.500s] Level 1:colcon.colcon_core.package_identification:_identify(src/wpr_simulation2) by extensions ['colcon_meta']
[1.500s] Level 1:colcon.colcon_core.package_identification:_identify(src/wpr_simulation2) by extension 'colcon_meta'
[1.500s] Level 1:colcon.colcon_core.package_identification:_identify(src/wpr_simulation2) by extensions ['ros']
[1.500s] Level 1:colcon.colcon_core.package_identification:_identify(src/wpr_simulation2) by extension 'ros'
[1.503s] DEBUG:colcon.colcon_core.package_identification:Package 'src/wpr_simulation2' with type 'ros.ament_cmake' and name 'wpr_simulation2'
[1.503s] Level 1:colcon.colcon_core.package_discovery:discover_packages(recursive) using defaults
[1.503s] Level 1:colcon.colcon_core.package_discovery:discover_packages(ignore) discover
[1.503s] Level 1:colcon.colcon_core.package_discovery:discover_packages(ignore) using defaults
[1.503s] Level 1:colcon.colcon_core.package_discovery:discover_packages(path) discover
[1.503s] Level 1:colcon.colcon_core.package_discovery:discover_packages(path) using defaults
[1.628s] Level 1:colcon.colcon_core.package_discovery:discover_packages(prefix_path) check parameters
[1.629s] Level 1:colcon.colcon_core.package_discovery:discover_packages(prefix_path) discover
[1.639s] DEBUG:colcon.colcon_installed_package_information.package_discovery:Found 367 installed packages in /opt/ros/humble
[1.643s] Level 1:colcon.colcon_core.package_discovery:discover_packages(prefix_path) using defaults
[1.765s] Level 5:colcon.colcon_core.verb:set package 'demo_cpp_pkg' build argument 'cmake_args' from command line to 'None'
[1.765s] Level 5:colcon.colcon_core.verb:set package 'demo_cpp_pkg' build argument 'cmake_target' from command line to 'None'
[1.765s] Level 5:colcon.colcon_core.verb:set package 'demo_cpp_pkg' build argument 'cmake_target_skip_unavailable' from command line to 'False'
[1.765s] Level 5:colcon.colcon_core.verb:set package 'demo_cpp_pkg' build argument 'cmake_clean_cache' from command line to 'False'
[1.765s] Level 5:colcon.colcon_core.verb:set package 'demo_cpp_pkg' build argument 'cmake_clean_first' from command line to 'False'
[1.765s] Level 5:colcon.colcon_core.verb:set package 'demo_cpp_pkg' build argument 'cmake_force_configure' from command line to 'False'
[1.765s] Level 5:colcon.colcon_core.verb:set package 'demo_cpp_pkg' build argument 'ament_cmake_args' from command line to 'None'
[1.765s] Level 5:colcon.colcon_core.verb:set package 'demo_cpp_pkg' build argument 'catkin_cmake_args' from command line to 'None'
[1.765s] Level 5:colcon.colcon_core.verb:set package 'demo_cpp_pkg' build argument 'catkin_skip_building_tests' from command line to 'False'
[1.765s] DEBUG:colcon.colcon_core.verb:Building package 'demo_cpp_pkg' with the following arguments: {'ament_cmake_args': None, 'build_base': '/home/zj/chapt2/chapt2_ws/build/demo_cpp_pkg', 'catkin_cmake_args': None, 'catkin_skip_building_tests': False, 'cmake_args': None, 'cmake_clean_cache': False, 'cmake_clean_first': False, 'cmake_force_configure': False, 'cmake_target': None, 'cmake_target_skip_unavailable': False, 'install_base': '/home/zj/chapt2/chapt2_ws/install/demo_cpp_pkg', 'merge_install': False, 'path': '/home/zj/chapt2/chapt2_ws/src/demo_cpp_pkg', 'symlink_install': False, 'test_result_base': None}
[1.766s] Level 5:colcon.colcon_core.verb:set package 'demo_python_pkg' build argument 'cmake_args' from command line to 'None'
[1.766s] Level 5:colcon.colcon_core.verb:set package 'demo_python_pkg' build argument 'cmake_target' from command line to 'None'
[1.766s] Level 5:colcon.colcon_core.verb:set package 'demo_python_pkg' build argument 'cmake_target_skip_unavailable' from command line to 'False'
[1.766s] Level 5:colcon.colcon_core.verb:set package 'demo_python_pkg' build argument 'cmake_clean_cache' from command line to 'False'
[1.766s] Level 5:colcon.colcon_core.verb:set package 'demo_python_pkg' build argument 'cmake_clean_first' from command line to 'False'
[1.767s] Level 5:colcon.colcon_core.verb:set package 'demo_python_pkg' build argument 'cmake_force_configure' from command line to 'False'
[1.767s] Level 5:colcon.colcon_core.verb:set package 'demo_python_pkg' build argument 'ament_cmake_args' from command line to 'None'
[1.767s] Level 5:colcon.colcon_core.verb:set package 'demo_python_pkg' build argument 'catkin_cmake_args' from command line to 'None'
[1.767s] Level 5:colcon.colcon_core.verb:set package 'demo_python_pkg' build argument 'catkin_skip_building_tests' from command line to 'False'
[1.767s] DEBUG:colcon.colcon_core.verb:Building package 'demo_python_pkg' with the following arguments: {'ament_cmake_args': None, 'build_base': '/home/zj/chapt2/chapt2_ws/build/demo_python_pkg', 'catkin_cmake_args': None, 'catkin_skip_building_tests': False, 'cmake_args': None, 'cmake_clean_cache': False, 'cmake_clean_first': False, 'cmake_force_configure': False, 'cmake_target': None, 'cmake_target_skip_unavailable': False, 'install_base': '/home/zj/chapt2/chapt2_ws/install/demo_python_pkg', 'merge_install': False, 'path': '/home/zj/chapt2/chapt2_ws/src/demo_python_pkg', 'symlink_install': False, 'test_result_base': None}
[1.767s] Level 5:colcon.colcon_core.verb:set package 'wpr_simulation2' build argument 'cmake_args' from command line to 'None'
[1.768s] Level 5:colcon.colcon_core.verb:set package 'wpr_simulation2' build argument 'cmake_target' from command line to 'None'
[1.768s] Level 5:colcon.colcon_core.verb:set package 'wpr_simulation2' build argument 'cmake_target_skip_unavailable' from command line to 'False'
[1.768s] Level 5:colcon.colcon_core.verb:set package 'wpr_simulation2' build argument 'cmake_clean_cache' from command line to 'False'
[1.768s] Level 5:colcon.colcon_core.verb:set package 'wpr_simulation2' build argument 'cmake_clean_first' from command line to 'False'
[1.768s] Level 5:colcon.colcon_core.verb:set package 'wpr_simulation2' build argument 'cmake_force_configure' from command line to 'False'
[1.768s] Level 5:colcon.colcon_core.verb:set package 'wpr_simulation2' build argument 'ament_cmake_args' from command line to 'None'
[1.768s] Level 5:colcon.colcon_core.verb:set package 'wpr_simulation2' build argument 'catkin_cmake_args' from command line to 'None'
[1.768s] Level 5:colcon.colcon_core.verb:set package 'wpr_simulation2' build argument 'catkin_skip_building_tests' from command line to 'False'
[1.768s] DEBUG:colcon.colcon_core.verb:Building package 'wpr_simulation2' with the following arguments: {'ament_cmake_args': None, 'build_base': '/home/zj/chapt2/chapt2_ws/build/wpr_simulation2', 'catkin_cmake_args': None, 'catkin_skip_building_tests': False, 'cmake_args': None, 'cmake_clean_cache': False, 'cmake_clean_first': False, 'cmake_force_configure': False, 'cmake_target': None, 'cmake_target_skip_unavailable': False, 'install_base': '/home/zj/chapt2/chapt2_ws/install/wpr_simulation2', 'merge_install': False, 'path': '/home/zj/chapt2/chapt2_ws/src/wpr_simulation2', 'symlink_install': False, 'test_result_base': None}
[1.769s] INFO:colcon.colcon_core.executor:Executing jobs using 'parallel' executor
[1.771s] DEBUG:colcon.colcon_parallel_executor.executor.parallel:run_until_complete
[1.774s] INFO:colcon.colcon_ros.task.ament_cmake.build:Building ROS package in '/home/zj/chapt2/chapt2_ws/src/demo_cpp_pkg' with build type 'ament_cmake'
[1.775s] INFO:colcon.colcon_cmake.task.cmake.build:Building CMake package in '/home/zj/chapt2/chapt2_ws/src/demo_cpp_pkg'
[1.790s] INFO:colcon.colcon_core.plugin_system:Skipping extension 'colcon_core.shell.bat': Not used on non-Windows systems
[1.790s] INFO:colcon.colcon_core.shell:Skip shell extension 'powershell' for command environment: Not usable outside of PowerShell
[1.791s] DEBUG:colcon.colcon_core.shell:Skip shell extension 'dsv' for command environment
[1.807s] INFO:colcon.colcon_ros.task.ament_python.build:Building ROS package in '/home/zj/chapt2/chapt2_ws/src/demo_python_pkg' with build type 'ament_python'
[1.807s] Level 1:colcon.colcon_core.shell:create_environment_hook('demo_python_pkg', 'ament_prefix_path')
[1.808s] INFO:colcon.colcon_core.shell:Creating environment hook '/home/zj/chapt2/chapt2_ws/install/demo_python_pkg/share/demo_python_pkg/hook/ament_prefix_path.ps1'
[1.813s] INFO:colcon.colcon_core.shell:Creating environment descriptor '/home/zj/chapt2/chapt2_ws/install/demo_python_pkg/share/demo_python_pkg/hook/ament_prefix_path.dsv'
[1.815s] INFO:colcon.colcon_core.shell:Creating environment hook '/home/zj/chapt2/chapt2_ws/install/demo_python_pkg/share/demo_python_pkg/hook/ament_prefix_path.sh'
[1.823s] INFO:colcon.colcon_core.shell:Skip shell extension 'powershell' for command environment: Not usable outside of PowerShell
[1.824s] DEBUG:colcon.colcon_core.shell:Skip shell extension 'dsv' for command environment
[1.848s] INFO:colcon.colcon_ros.task.ament_cmake.build:Building ROS package in '/home/zj/chapt2/chapt2_ws/src/wpr_simulation2' with build type 'ament_cmake'
[1.848s] INFO:colcon.colcon_cmake.task.cmake.build:Building CMake package in '/home/zj/chapt2/chapt2_ws/src/wpr_simulation2'
[1.851s] INFO:colcon.colcon_core.shell:Skip shell extension 'powershell' for command environment: Not usable outside of PowerShell
[1.854s] DEBUG:colcon.colcon_core.shell:Skip shell extension 'dsv' for command environment
[1.889s] DEBUG:colcon.colcon_core.event_handler.log_command:Invoking command in '/home/zj/chapt2/chapt2_ws/build/demo_cpp_pkg': CMAKE_PREFIX_PATH=/opt/ros/humble /usr/bin/cmake /home/zj/chapt2/chapt2_ws/src/demo_cpp_pkg -DCMAKE_INSTALL_PREFIX=/home/zj/chapt2/chapt2_ws/install/demo_cpp_pkg
[2.750s] INFO:colcon.colcon_core.task.python.build:Building Python package in '/home/zj/chapt2/chapt2_ws/src/demo_python_pkg'
[2.751s] INFO:colcon.colcon_core.shell:Skip shell extension 'powershell' for command environment: Not usable outside of PowerShell
[2.751s] DEBUG:colcon.colcon_core.shell:Skip shell extension 'dsv' for command environment
[2.791s] DEBUG:colcon.colcon_core.event_handler.log_command:Invoking command in '/home/zj/chapt2/chapt2_ws/build/wpr_simulation2': CMAKE_PREFIX_PATH=/opt/ros/humble /usr/bin/cmake /home/zj/chapt2/chapt2_ws/src/wpr_simulation2 -DCMAKE_INSTALL_PREFIX=/home/zj/chapt2/chapt2_ws/install/wpr_simulation2
[5.311s] DEBUG:colcon.colcon_core.event_handler.log_command:Invoking command in '/home/zj/chapt2/chapt2_ws/src/demo_python_pkg': PYTHONPATH=/home/zj/chapt2/chapt2_ws/build/demo_python_pkg/prefix_override:/usr/lib/python3/dist-packages/colcon_core/task/python/colcon_distutils_commands:/home/zj/chapt2/chapt2_ws/install/demo_python_pkg/lib/python3.10/site-packages:${PYTHONPATH} /usr/bin/python3 -W ignore:setup.py install is deprecated -W ignore:easy_install command is deprecated setup.py egg_info --egg-base ../../build/demo_python_pkg build --build-base /home/zj/chapt2/chapt2_ws/build/demo_python_pkg/build install --record /home/zj/chapt2/chapt2_ws/build/demo_python_pkg/install.log --single-version-externally-managed install_data
[6.216s] DEBUG:colcon.colcon_core.event_handler.log_command:Invoked command in '/home/zj/chapt2/chapt2_ws/src/demo_python_pkg' returned '0': PYTHONPATH=/home/zj/chapt2/chapt2_ws/build/demo_python_pkg/prefix_override:/usr/lib/python3/dist-packages/colcon_core/task/python/colcon_distutils_commands:/home/zj/chapt2/chapt2_ws/install/demo_python_pkg/lib/python3.10/site-packages:${PYTHONPATH} /usr/bin/python3 -W ignore:setup.py install is deprecated -W ignore:easy_install command is deprecated setup.py egg_info --egg-base ../../build/demo_python_pkg build --build-base /home/zj/chapt2/chapt2_ws/build/demo_python_pkg/build install --record /home/zj/chapt2/chapt2_ws/build/demo_python_pkg/install.log --single-version-externally-managed install_data
[6.228s] Level 1:colcon.colcon_core.environment:checking '/home/zj/chapt2/chapt2_ws/install/demo_python_pkg' for CMake module files
[6.230s] Level 1:colcon.colcon_core.environment:checking '/home/zj/chapt2/chapt2_ws/install/demo_python_pkg' for CMake config files
[6.233s] Level 1:colcon.colcon_core.environment:checking '/home/zj/chapt2/chapt2_ws/install/demo_python_pkg/lib'
[6.233s] Level 1:colcon.colcon_core.environment:checking '/home/zj/chapt2/chapt2_ws/install/demo_python_pkg/bin'
[6.234s] Level 1:colcon.colcon_core.environment:checking '/home/zj/chapt2/chapt2_ws/install/demo_python_pkg/lib/pkgconfig/demo_python_pkg.pc'
[6.234s] Level 1:colcon.colcon_core.environment:checking '/home/zj/chapt2/chapt2_ws/install/demo_python_pkg/lib/python3.10/site-packages'
[6.234s] Level 1:colcon.colcon_core.shell:create_environment_hook('demo_python_pkg', 'pythonpath')
[6.235s] INFO:colcon.colcon_core.shell:Creating environment hook '/home/zj/chapt2/chapt2_ws/install/demo_python_pkg/share/demo_python_pkg/hook/pythonpath.ps1'
[6.236s] INFO:colcon.colcon_core.shell:Creating environment descriptor '/home/zj/chapt2/chapt2_ws/install/demo_python_pkg/share/demo_python_pkg/hook/pythonpath.dsv'
[6.237s] INFO:colcon.colcon_core.shell:Creating environment hook '/home/zj/chapt2/chapt2_ws/install/demo_python_pkg/share/demo_python_pkg/hook/pythonpath.sh'
[6.239s] Level 1:colcon.colcon_core.environment:checking '/home/zj/chapt2/chapt2_ws/install/demo_python_pkg/bin'
[6.239s] Level 1:colcon.colcon_core.environment:create_environment_scripts_only(demo_python_pkg)
[6.241s] INFO:colcon.colcon_core.shell:Creating package script '/home/zj/chapt2/chapt2_ws/install/demo_python_pkg/share/demo_python_pkg/package.ps1'
[6.244s] INFO:colcon.colcon_core.shell:Creating package descriptor '/home/zj/chapt2/chapt2_ws/install/demo_python_pkg/share/demo_python_pkg/package.dsv'
[6.246s] INFO:colcon.colcon_core.shell:Creating package script '/home/zj/chapt2/chapt2_ws/install/demo_python_pkg/share/demo_python_pkg/package.sh'
[6.248s] INFO:colcon.colcon_core.shell:Creating package script '/home/zj/chapt2/chapt2_ws/install/demo_python_pkg/share/demo_python_pkg/package.bash'
[6.250s] INFO:colcon.colcon_core.shell:Creating package script '/home/zj/chapt2/chapt2_ws/install/demo_python_pkg/share/demo_python_pkg/package.zsh'
[6.253s] Level 1:colcon.colcon_core.environment:create_file_with_runtime_dependencies(/home/zj/chapt2/chapt2_ws/install/demo_python_pkg/share/colcon-core/packages/demo_python_pkg)
[7.351s] DEBUG:colcon.colcon_core.event_handler.log_command:Invoked command in '/home/zj/chapt2/chapt2_ws/build/demo_cpp_pkg' returned '0': CMAKE_PREFIX_PATH=/opt/ros/humble /usr/bin/cmake /home/zj/chapt2/chapt2_ws/src/demo_cpp_pkg -DCMAKE_INSTALL_PREFIX=/home/zj/chapt2/chapt2_ws/install/demo_cpp_pkg
[7.359s] DEBUG:colcon.colcon_core.event_handler.log_command:Invoking command in '/home/zj/chapt2/chapt2_ws/build/demo_cpp_pkg': CMAKE_PREFIX_PATH=/opt/ros/humble /usr/bin/cmake --build /home/zj/chapt2/chapt2_ws/build/demo_cpp_pkg -- -j8 -l8
[32.476s] DEBUG:colcon.colcon_core.event_handler.log_command:Invoked command in '/home/zj/chapt2/chapt2_ws/build/wpr_simulation2' returned '0': CMAKE_PREFIX_PATH=/opt/ros/humble /usr/bin/cmake /home/zj/chapt2/chapt2_ws/src/wpr_simulation2 -DCMAKE_INSTALL_PREFIX=/home/zj/chapt2/chapt2_ws/install/wpr_simulation2
[32.481s] DEBUG:colcon.colcon_core.event_handler.log_command:Invoking command in '/home/zj/chapt2/chapt2_ws/build/wpr_simulation2': CMAKE_PREFIX_PATH=/opt/ros/humble /usr/bin/cmake --build /home/zj/chapt2/chapt2_ws/build/wpr_simulation2 -- -j8 -l8
[71.585s] DEBUG:colcon.colcon_core.event_handler.log_command:Invoked command in '/home/zj/chapt2/chapt2_ws/build/demo_cpp_pkg' returned '0': CMAKE_PREFIX_PATH=/opt/ros/humble /usr/bin/cmake --build /home/zj/chapt2/chapt2_ws/build/demo_cpp_pkg -- -j8 -l8
[71.787s] DEBUG:colcon.colcon_core.event_handler.log_command:Invoking command in '/home/zj/chapt2/chapt2_ws/build/demo_cpp_pkg': CMAKE_PREFIX_PATH=/opt/ros/humble /usr/bin/cmake --install /home/zj/chapt2/chapt2_ws/build/demo_cpp_pkg
[72.327s] Level 1:colcon.colcon_core.environment:create_environment_scripts_only(demo_cpp_pkg)
[72.329s] Level 1:colcon.colcon_core.environment:checking '/home/zj/chapt2/chapt2_ws/install/demo_cpp_pkg' for CMake module files
[72.331s] DEBUG:colcon.colcon_core.event_handler.log_command:Invoked command in '/home/zj/chapt2/chapt2_ws/build/demo_cpp_pkg' returned '0': CMAKE_PREFIX_PATH=/opt/ros/humble /usr/bin/cmake --install /home/zj/chapt2/chapt2_ws/build/demo_cpp_pkg
[72.344s] Level 1:colcon.colcon_core.environment:checking '/home/zj/chapt2/chapt2_ws/install/demo_cpp_pkg' for CMake config files
[72.386s] Level 1:colcon.colcon_core.shell:create_environment_hook('demo_cpp_pkg', 'cmake_prefix_path')
[72.387s] INFO:colcon.colcon_core.shell:Creating environment hook '/home/zj/chapt2/chapt2_ws/install/demo_cpp_pkg/share/demo_cpp_pkg/hook/cmake_prefix_path.ps1'
[72.438s] INFO:colcon.colcon_core.shell:Creating environment descriptor '/home/zj/chapt2/chapt2_ws/install/demo_cpp_pkg/share/demo_cpp_pkg/hook/cmake_prefix_path.dsv'
[72.451s] INFO:colcon.colcon_core.shell:Creating environment hook '/home/zj/chapt2/chapt2_ws/install/demo_cpp_pkg/share/demo_cpp_pkg/hook/cmake_prefix_path.sh'
[72.461s] Level 1:colcon.colcon_core.environment:checking '/home/zj/chapt2/chapt2_ws/install/demo_cpp_pkg/lib'
[72.461s] Level 1:colcon.colcon_core.environment:checking '/home/zj/chapt2/chapt2_ws/install/demo_cpp_pkg/bin'
[72.462s] Level 1:colcon.colcon_core.environment:checking '/home/zj/chapt2/chapt2_ws/install/demo_cpp_pkg/lib/pkgconfig/demo_cpp_pkg.pc'
[72.468s] Level 1:colcon.colcon_core.environment:checking '/home/zj/chapt2/chapt2_ws/install/demo_cpp_pkg/lib/python3.10/site-packages'
[72.469s] Level 1:colcon.colcon_core.environment:checking '/home/zj/chapt2/chapt2_ws/install/demo_cpp_pkg/bin'
[72.475s] INFO:colcon.colcon_core.shell:Creating package script '/home/zj/chapt2/chapt2_ws/install/demo_cpp_pkg/share/demo_cpp_pkg/package.ps1'
[72.477s] INFO:colcon.colcon_core.shell:Creating package descriptor '/home/zj/chapt2/chapt2_ws/install/demo_cpp_pkg/share/demo_cpp_pkg/package.dsv'
[72.483s] INFO:colcon.colcon_core.shell:Creating package script '/home/zj/chapt2/chapt2_ws/install/demo_cpp_pkg/share/demo_cpp_pkg/package.sh'
[72.496s] INFO:colcon.colcon_core.shell:Creating package script '/home/zj/chapt2/chapt2_ws/install/demo_cpp_pkg/share/demo_cpp_pkg/package.bash'
[72.498s] INFO:colcon.colcon_core.shell:Creating package script '/home/zj/chapt2/chapt2_ws/install/demo_cpp_pkg/share/demo_cpp_pkg/package.zsh'
[72.504s] Level 1:colcon.colcon_core.environment:create_file_with_runtime_dependencies(/home/zj/chapt2/chapt2_ws/install/demo_cpp_pkg/share/colcon-core/packages/demo_cpp_pkg)
[72.514s] Level 1:colcon.colcon_core.environment:create_environment_scripts_only(demo_cpp_pkg)
[72.519s] Level 1:colcon.colcon_core.environment:checking '/home/zj/chapt2/chapt2_ws/install/demo_cpp_pkg' for CMake module files
[72.521s] Level 1:colcon.colcon_core.environment:checking '/home/zj/chapt2/chapt2_ws/install/demo_cpp_pkg' for CMake config files
[72.526s] Level 1:colcon.colcon_core.shell:create_environment_hook('demo_cpp_pkg', 'cmake_prefix_path')
[72.528s] INFO:colcon.colcon_core.shell:Creating environment hook '/home/zj/chapt2/chapt2_ws/install/demo_cpp_pkg/share/demo_cpp_pkg/hook/cmake_prefix_path.ps1'
[72.534s] INFO:colcon.colcon_core.shell:Creating environment descriptor '/home/zj/chapt2/chapt2_ws/install/demo_cpp_pkg/share/demo_cpp_pkg/hook/cmake_prefix_path.dsv'
[72.547s] INFO:colcon.colcon_core.shell:Creating environment hook '/home/zj/chapt2/chapt2_ws/install/demo_cpp_pkg/share/demo_cpp_pkg/hook/cmake_prefix_path.sh'
[72.550s] Level 1:colcon.colcon_core.environment:checking '/home/zj/chapt2/chapt2_ws/install/demo_cpp_pkg/lib'
[72.550s] Level 1:colcon.colcon_core.environment:checking '/home/zj/chapt2/chapt2_ws/install/demo_cpp_pkg/bin'
[72.552s] Level 1:colcon.colcon_core.environment:checking '/home/zj/chapt2/chapt2_ws/install/demo_cpp_pkg/lib/pkgconfig/demo_cpp_pkg.pc'
[72.552s] Level 1:colcon.colcon_core.environment:checking '/home/zj/chapt2/chapt2_ws/install/demo_cpp_pkg/lib/python3.10/site-packages'
[72.553s] Level 1:colcon.colcon_core.environment:checking '/home/zj/chapt2/chapt2_ws/install/demo_cpp_pkg/bin'
[72.561s] INFO:colcon.colcon_core.shell:Creating package script '/home/zj/chapt2/chapt2_ws/install/demo_cpp_pkg/share/demo_cpp_pkg/package.ps1'
[72.568s] INFO:colcon.colcon_core.shell:Creating package descriptor '/home/zj/chapt2/chapt2_ws/install/demo_cpp_pkg/share/demo_cpp_pkg/package.dsv'
[72.576s] INFO:colcon.colcon_core.shell:Creating package script '/home/zj/chapt2/chapt2_ws/install/demo_cpp_pkg/share/demo_cpp_pkg/package.sh'
[72.581s] INFO:colcon.colcon_core.shell:Creating package script '/home/zj/chapt2/chapt2_ws/install/demo_cpp_pkg/share/demo_cpp_pkg/package.bash'
[72.597s] INFO:colcon.colcon_core.shell:Creating package script '/home/zj/chapt2/chapt2_ws/install/demo_cpp_pkg/share/demo_cpp_pkg/package.zsh'
[72.601s] Level 1:colcon.colcon_core.environment:create_file_with_runtime_dependencies(/home/zj/chapt2/chapt2_ws/install/demo_cpp_pkg/share/colcon-core/packages/demo_cpp_pkg)
[371.451s] DEBUG:colcon.colcon_core.event_handler.log_command:Invoked command in '/home/zj/chapt2/chapt2_ws/build/wpr_simulation2' returned '0': CMAKE_PREFIX_PATH=/opt/ros/humble /usr/bin/cmake --build /home/zj/chapt2/chapt2_ws/build/wpr_simulation2 -- -j8 -l8
[371.457s] DEBUG:colcon.colcon_core.event_handler.log_command:Invoking command in '/home/zj/chapt2/chapt2_ws/build/wpr_simulation2': CMAKE_PREFIX_PATH=/opt/ros/humble /usr/bin/cmake --install /home/zj/chapt2/chapt2_ws/build/wpr_simulation2
[372.245s] Level 1:colcon.colcon_core.environment:create_environment_scripts_only(wpr_simulation2)
[372.247s] Level 1:colcon.colcon_core.environment:checking '/home/zj/chapt2/chapt2_ws/install/wpr_simulation2' for CMake module files
[372.249s] DEBUG:colcon.colcon_core.event_handler.log_command:Invoked command in '/home/zj/chapt2/chapt2_ws/build/wpr_simulation2' returned '0': CMAKE_PREFIX_PATH=/opt/ros/humble /usr/bin/cmake --install /home/zj/chapt2/chapt2_ws/build/wpr_simulation2
[372.251s] Level 1:colcon.colcon_core.environment:checking '/home/zj/chapt2/chapt2_ws/install/wpr_simulation2' for CMake config files
[372.253s] Level 1:colcon.colcon_core.shell:create_environment_hook('wpr_simulation2', 'cmake_prefix_path')
[372.254s] INFO:colcon.colcon_core.shell:Creating environment hook '/home/zj/chapt2/chapt2_ws/install/wpr_simulation2/share/wpr_simulation2/hook/cmake_prefix_path.ps1'
[372.256s] INFO:colcon.colcon_core.shell:Creating environment descriptor '/home/zj/chapt2/chapt2_ws/install/wpr_simulation2/share/wpr_simulation2/hook/cmake_prefix_path.dsv'
[372.258s] INFO:colcon.colcon_core.shell:Creating environment hook '/home/zj/chapt2/chapt2_ws/install/wpr_simulation2/share/wpr_simulation2/hook/cmake_prefix_path.sh'
[372.260s] Level 1:colcon.colcon_core.environment:checking '/home/zj/chapt2/chapt2_ws/install/wpr_simulation2/lib'
[372.261s] Level 1:colcon.colcon_core.shell:create_environment_hook('wpr_simulation2', 'ld_library_path_lib')
[372.261s] INFO:colcon.colcon_core.shell:Creating environment hook '/home/zj/chapt2/chapt2_ws/install/wpr_simulation2/share/wpr_simulation2/hook/ld_library_path_lib.ps1'
[372.262s] INFO:colcon.colcon_core.shell:Creating environment descriptor '/home/zj/chapt2/chapt2_ws/install/wpr_simulation2/share/wpr_simulation2/hook/ld_library_path_lib.dsv'
[372.264s] INFO:colcon.colcon_core.shell:Creating environment hook '/home/zj/chapt2/chapt2_ws/install/wpr_simulation2/share/wpr_simulation2/hook/ld_library_path_lib.sh'
[372.265s] Level 1:colcon.colcon_core.environment:checking '/home/zj/chapt2/chapt2_ws/install/wpr_simulation2/bin'
[372.265s] Level 1:colcon.colcon_core.environment:checking '/home/zj/chapt2/chapt2_ws/install/wpr_simulation2/lib/pkgconfig/wpr_simulation2.pc'
[372.266s] Level 1:colcon.colcon_core.environment:checking '/home/zj/chapt2/chapt2_ws/install/wpr_simulation2/lib/python3.10/site-packages'
[372.266s] Level 1:colcon.colcon_core.environment:checking '/home/zj/chapt2/chapt2_ws/install/wpr_simulation2/bin'
[372.267s] INFO:colcon.colcon_core.shell:Creating package script '/home/zj/chapt2/chapt2_ws/install/wpr_simulation2/share/wpr_simulation2/package.ps1'
[372.270s] INFO:colcon.colcon_core.shell:Creating package descriptor '/home/zj/chapt2/chapt2_ws/install/wpr_simulation2/share/wpr_simulation2/package.dsv'
[372.273s] INFO:colcon.colcon_core.shell:Creating package script '/home/zj/chapt2/chapt2_ws/install/wpr_simulation2/share/wpr_simulation2/package.sh'
[372.275s] INFO:colcon.colcon_core.shell:Creating package script '/home/zj/chapt2/chapt2_ws/install/wpr_simulation2/share/wpr_simulation2/package.bash'
[372.277s] INFO:colcon.colcon_core.shell:Creating package script '/home/zj/chapt2/chapt2_ws/install/wpr_simulation2/share/wpr_simulation2/package.zsh'
[372.279s] Level 1:colcon.colcon_core.environment:create_file_with_runtime_dependencies(/home/zj/chapt2/chapt2_ws/install/wpr_simulation2/share/colcon-core/packages/wpr_simulation2)
[372.281s] Level 1:colcon.colcon_core.environment:create_environment_scripts_only(wpr_simulation2)
[372.283s] Level 1:colcon.colcon_core.environment:checking '/home/zj/chapt2/chapt2_ws/install/wpr_simulation2' for CMake module files
[372.284s] Level 1:colcon.colcon_core.environment:checking '/home/zj/chapt2/chapt2_ws/install/wpr_simulation2' for CMake config files
[372.285s] Level 1:colcon.colcon_core.shell:create_environment_hook('wpr_simulation2', 'cmake_prefix_path')
[372.287s] INFO:colcon.colcon_core.shell:Creating environment hook '/home/zj/chapt2/chapt2_ws/install/wpr_simulation2/share/wpr_simulation2/hook/cmake_prefix_path.ps1'
[372.288s] INFO:colcon.colcon_core.shell:Creating environment descriptor '/home/zj/chapt2/chapt2_ws/install/wpr_simulation2/share/wpr_simulation2/hook/cmake_prefix_path.dsv'
[372.290s] INFO:colcon.colcon_core.shell:Creating environment hook '/home/zj/chapt2/chapt2_ws/install/wpr_simulation2/share/wpr_simulation2/hook/cmake_prefix_path.sh'
[372.293s] Level 1:colcon.colcon_core.environment:checking '/home/zj/chapt2/chapt2_ws/install/wpr_simulation2/lib'
[372.293s] Level 1:colcon.colcon_core.shell:create_environment_hook('wpr_simulation2', 'ld_library_path_lib')
[372.293s] INFO:colcon.colcon_core.shell:Creating environment hook '/home/zj/chapt2/chapt2_ws/install/wpr_simulation2/share/wpr_simulation2/hook/ld_library_path_lib.ps1'
[372.296s] INFO:colcon.colcon_core.shell:Creating environment descriptor '/home/zj/chapt2/chapt2_ws/install/wpr_simulation2/share/wpr_simulation2/hook/ld_library_path_lib.dsv'
[372.299s] INFO:colcon.colcon_core.shell:Creating environment hook '/home/zj/chapt2/chapt2_ws/install/wpr_simulation2/share/wpr_simulation2/hook/ld_library_path_lib.sh'
[372.300s] Level 1:colcon.colcon_core.environment:checking '/home/zj/chapt2/chapt2_ws/install/wpr_simulation2/bin'
[372.300s] Level 1:colcon.colcon_core.environment:checking '/home/zj/chapt2/chapt2_ws/install/wpr_simulation2/lib/pkgconfig/wpr_simulation2.pc'
[372.301s] Level 1:colcon.colcon_core.environment:checking '/home/zj/chapt2/chapt2_ws/install/wpr_simulation2/lib/python3.10/site-packages'
[372.302s] Level 1:colcon.colcon_core.environment:checking '/home/zj/chapt2/chapt2_ws/install/wpr_simulation2/bin'
[372.303s] INFO:colcon.colcon_core.shell:Creating package script '/home/zj/chapt2/chapt2_ws/install/wpr_simulation2/share/wpr_simulation2/package.ps1'
[372.305s] INFO:colcon.colcon_core.shell:Creating package descriptor '/home/zj/chapt2/chapt2_ws/install/wpr_simulation2/share/wpr_simulation2/package.dsv'
[372.307s] INFO:colcon.colcon_core.shell:Creating package script '/home/zj/chapt2/chapt2_ws/install/wpr_simulation2/share/wpr_simulation2/package.sh'
[372.310s] INFO:colcon.colcon_core.shell:Creating package script '/home/zj/chapt2/chapt2_ws/install/wpr_simulation2/share/wpr_simulation2/package.bash'
[372.311s] INFO:colcon.colcon_core.shell:Creating package script '/home/zj/chapt2/chapt2_ws/install/wpr_simulation2/share/wpr_simulation2/package.zsh'
[372.312s] Level 1:colcon.colcon_core.environment:create_file_with_runtime_dependencies(/home/zj/chapt2/chapt2_ws/install/wpr_simulation2/share/colcon-core/packages/wpr_simulation2)
[372.314s] DEBUG:colcon.colcon_parallel_executor.executor.parallel:closing loop
[372.315s] DEBUG:colcon.colcon_parallel_executor.executor.parallel:loop closed
[372.315s] DEBUG:colcon.colcon_parallel_executor.executor.parallel:run_until_complete finished with '0'
[372.319s] DEBUG:colcon.colcon_core.event_reactor:joining thread
[372.356s] INFO:colcon.colcon_core.plugin_system:Skipping extension 'colcon_notification.desktop_notification.terminal_notifier': Not used on non-Darwin systems
[372.357s] INFO:colcon.colcon_core.plugin_system:Skipping extension 'colcon_notification.desktop_notification.win32': Not used on non-Windows systems
[372.357s] INFO:colcon.colcon_notification.desktop_notification:Sending desktop notification using 'notify2'
[372.511s] DEBUG:colcon.colcon_core.event_reactor:joined thread
[372.512s] INFO:colcon.colcon_core.shell:Creating prefix script '/home/zj/chapt2/chapt2_ws/install/local_setup.ps1'
[372.516s] INFO:colcon.colcon_core.shell:Creating prefix util module '/home/zj/chapt2/chapt2_ws/install/_local_setup_util_ps1.py'
[372.526s] INFO:colcon.colcon_core.shell:Creating prefix chain script '/home/zj/chapt2/chapt2_ws/install/setup.ps1'
[372.530s] INFO:colcon.colcon_core.shell:Creating prefix script '/home/zj/chapt2/chapt2_ws/install/local_setup.sh'
[372.533s] INFO:colcon.colcon_core.shell:Creating prefix util module '/home/zj/chapt2/chapt2_ws/install/_local_setup_util_sh.py'
[372.536s] INFO:colcon.colcon_core.shell:Creating prefix chain script '/home/zj/chapt2/chapt2_ws/install/setup.sh'
[372.550s] INFO:colcon.colcon_core.shell:Creating prefix script '/home/zj/chapt2/chapt2_ws/install/local_setup.bash'
[372.554s] INFO:colcon.colcon_core.shell:Creating prefix chain script '/home/zj/chapt2/chapt2_ws/install/setup.bash'
[372.558s] INFO:colcon.colcon_core.shell:Creating prefix script '/home/zj/chapt2/chapt2_ws/install/local_setup.zsh'
[372.560s] INFO:colcon.colcon_core.shell:Creating prefix chain script '/home/zj/chapt2/chapt2_ws/install/setup.zsh'
