[0.451s] DEBUG:colcon:Command line arguments: ['/usr/bin/colcon', 'build']
[0.465s] DEBUG:colcon:Parsed command line arguments: Namespace(log_base=None, log_level=None, verb_name='build', build_base='build', install_base='install', merge_install=False, symlink_install=False, test_result_base=None, continue_on_error=False, executor='parallel', parallel_workers=12, event_handlers=None, ignore_user_meta=False, metas=['./colcon.meta'], base_paths=['.'], packages_ignore=None, packages_ignore_regex=None, paths=None, packages_up_to=None, packages_up_to_regex=None, packages_above=None, packages_above_and_dependencies=None, packages_above_depth=None, packages_select_by_dep=None, packages_skip_by_dep=None, packages_skip_up_to=None, packages_select_build_failed=False, packages_skip_build_finished=False, packages_select_test_failures=False, packages_skip_test_passed=False, packages_select=None, packages_skip=None, packages_select_regex=None, packages_skip_regex=None, packages_start=None, packages_end=None, allow_overriding=[], cmake_args=None, cmake_target=None, cmake_target_skip_unavailable=False, cmake_clean_cache=False, cmake_clean_first=False, cmake_force_configure=False, ament_cmake_args=None, catkin_cmake_args=None, catkin_skip_building_tests=False, mixin_files=None, mixin=None, verb_parser=<colcon_mixin.mixin.mixin_argument.MixinArgumentDecorator object at 0x7509bd21a3e0>, verb_extension=<colcon_core.verb.build.BuildVerb object at 0x7509bd38fb50>, main=<bound method BuildVerb.main of <colcon_core.verb.build.BuildVerb object at 0x7509bd38fb50>>, mixin_verb=('build',))
[1.024s] Level 1:colcon.colcon_core.package_discovery:discover_packages(colcon_meta) check parameters
[1.024s] Level 1:colcon.colcon_core.package_discovery:discover_packages(recursive) check parameters
[1.025s] Level 1:colcon.colcon_core.package_discovery:discover_packages(ignore) check parameters
[1.025s] Level 1:colcon.colcon_core.package_discovery:discover_packages(path) check parameters
[1.025s] Level 1:colcon.colcon_core.package_discovery:discover_packages(colcon_meta) discover
[1.025s] Level 1:colcon.colcon_core.package_discovery:discover_packages(recursive) discover
[1.025s] INFO:colcon.colcon_core.package_discovery:Crawling recursively for packages in '/home/zj/chapt3/topic_ws'
[1.025s] Level 1:colcon.colcon_core.package_identification:_identify(.) by extensions ['ignore', 'ignore_ament_install']
[1.026s] Level 1:colcon.colcon_core.package_identification:_identify(.) by extension 'ignore'
[1.026s] Level 1:colcon.colcon_core.package_identification:_identify(.) by extension 'ignore_ament_install'
[1.026s] Level 1:colcon.colcon_core.package_identification:_identify(.) by extensions ['colcon_pkg']
[1.026s] Level 1:colcon.colcon_core.package_identification:_identify(.) by extension 'colcon_pkg'
[1.026s] Level 1:colcon.colcon_core.package_identification:_identify(.) by extensions ['colcon_meta']
[1.026s] Level 1:colcon.colcon_core.package_identification:_identify(.) by extension 'colcon_meta'
[1.026s] Level 1:colcon.colcon_core.package_identification:_identify(.) by extensions ['ros']
[1.026s] Level 1:colcon.colcon_core.package_identification:_identify(.) by extension 'ros'
[1.069s] Level 1:colcon.colcon_core.package_identification:_identify(.) by extensions ['cmake', 'python']
[1.069s] Level 1:colcon.colcon_core.package_identification:_identify(.) by extension 'cmake'
[1.070s] Level 1:colcon.colcon_core.package_identification:_identify(.) by extension 'python'
[1.070s] Level 1:colcon.colcon_core.package_identification:_identify(.) by extensions ['python_setup_py']
[1.070s] Level 1:colcon.colcon_core.package_identification:_identify(.) by extension 'python_setup_py'
[1.070s] Level 1:colcon.colcon_core.package_identification:_identify(build) by extensions ['ignore', 'ignore_ament_install']
[1.071s] Level 1:colcon.colcon_core.package_identification:_identify(build) by extension 'ignore'
[1.071s] Level 1:colcon.colcon_core.package_identification:_identify(build) ignored
[1.072s] Level 1:colcon.colcon_core.package_identification:_identify(install) by extensions ['ignore', 'ignore_ament_install']
[1.072s] Level 1:colcon.colcon_core.package_identification:_identify(install) by extension 'ignore'
[1.073s] Level 1:colcon.colcon_core.package_identification:_identify(install) ignored
[1.073s] Level 1:colcon.colcon_core.package_identification:_identify(log) by extensions ['ignore', 'ignore_ament_install']
[1.073s] Level 1:colcon.colcon_core.package_identification:_identify(log) by extension 'ignore'
[1.074s] Level 1:colcon.colcon_core.package_identification:_identify(log) ignored
[1.074s] Level 1:colcon.colcon_core.package_identification:_identify(src) by extensions ['ignore', 'ignore_ament_install']
[1.075s] Level 1:colcon.colcon_core.package_identification:_identify(src) by extension 'ignore'
[1.075s] Level 1:colcon.colcon_core.package_identification:_identify(src) by extension 'ignore_ament_install'
[1.075s] Level 1:colcon.colcon_core.package_identification:_identify(src) by extensions ['colcon_pkg']
[1.075s] Level 1:colcon.colcon_core.package_identification:_identify(src) by extension 'colcon_pkg'
[1.076s] Level 1:colcon.colcon_core.package_identification:_identify(src) by extensions ['colcon_meta']
[1.076s] Level 1:colcon.colcon_core.package_identification:_identify(src) by extension 'colcon_meta'
[1.076s] Level 1:colcon.colcon_core.package_identification:_identify(src) by extensions ['ros']
[1.076s] Level 1:colcon.colcon_core.package_identification:_identify(src) by extension 'ros'
[1.076s] Level 1:colcon.colcon_core.package_identification:_identify(src) by extensions ['cmake', 'python']
[1.076s] Level 1:colcon.colcon_core.package_identification:_identify(src) by extension 'cmake'
[1.077s] Level 1:colcon.colcon_core.package_identification:_identify(src) by extension 'python'
[1.077s] Level 1:colcon.colcon_core.package_identification:_identify(src) by extensions ['python_setup_py']
[1.077s] Level 1:colcon.colcon_core.package_identification:_identify(src) by extension 'python_setup_py'
[1.077s] Level 1:colcon.colcon_core.package_identification:_identify(src/demo_cpp_topic) by extensions ['ignore', 'ignore_ament_install']
[1.077s] Level 1:colcon.colcon_core.package_identification:_identify(src/demo_cpp_topic) by extension 'ignore'
[1.077s] Level 1:colcon.colcon_core.package_identification:_identify(src/demo_cpp_topic) by extension 'ignore_ament_install'
[1.078s] Level 1:colcon.colcon_core.package_identification:_identify(src/demo_cpp_topic) by extensions ['colcon_pkg']
[1.078s] Level 1:colcon.colcon_core.package_identification:_identify(src/demo_cpp_topic) by extension 'colcon_pkg'
[1.078s] Level 1:colcon.colcon_core.package_identification:_identify(src/demo_cpp_topic) by extensions ['colcon_meta']
[1.078s] Level 1:colcon.colcon_core.package_identification:_identify(src/demo_cpp_topic) by extension 'colcon_meta'
[1.078s] Level 1:colcon.colcon_core.package_identification:_identify(src/demo_cpp_topic) by extensions ['ros']
[1.078s] Level 1:colcon.colcon_core.package_identification:_identify(src/demo_cpp_topic) by extension 'ros'
[1.110s] DEBUG:colcon.colcon_core.package_identification:Package 'src/demo_cpp_topic' with type 'ros.ament_cmake' and name 'demo_cpp_topic'
[1.115s] Level 1:colcon.colcon_core.package_identification:_identify(src/demo_python_topic) by extensions ['ignore', 'ignore_ament_install']
[1.116s] Level 1:colcon.colcon_core.package_identification:_identify(src/demo_python_topic) by extension 'ignore'
[1.116s] Level 1:colcon.colcon_core.package_identification:_identify(src/demo_python_topic) by extension 'ignore_ament_install'
[1.116s] Level 1:colcon.colcon_core.package_identification:_identify(src/demo_python_topic) by extensions ['colcon_pkg']
[1.118s] Level 1:colcon.colcon_core.package_identification:_identify(src/demo_python_topic) by extension 'colcon_pkg'
[1.118s] Level 1:colcon.colcon_core.package_identification:_identify(src/demo_python_topic) by extensions ['colcon_meta']
[1.118s] Level 1:colcon.colcon_core.package_identification:_identify(src/demo_python_topic) by extension 'colcon_meta'
[1.118s] Level 1:colcon.colcon_core.package_identification:_identify(src/demo_python_topic) by extensions ['ros']
[1.118s] Level 1:colcon.colcon_core.package_identification:_identify(src/demo_python_topic) by extension 'ros'
[1.124s] DEBUG:colcon.colcon_core.package_identification:Package 'src/demo_python_topic' with type 'ros.ament_python' and name 'demo_python_topic'
[1.124s] Level 1:colcon.colcon_core.package_discovery:discover_packages(recursive) using defaults
[1.124s] Level 1:colcon.colcon_core.package_discovery:discover_packages(ignore) discover
[1.124s] Level 1:colcon.colcon_core.package_discovery:discover_packages(ignore) using defaults
[1.124s] Level 1:colcon.colcon_core.package_discovery:discover_packages(path) discover
[1.124s] Level 1:colcon.colcon_core.package_discovery:discover_packages(path) using defaults
[1.245s] Level 1:colcon.colcon_core.package_discovery:discover_packages(prefix_path) check parameters
[1.245s] Level 1:colcon.colcon_core.package_discovery:discover_packages(prefix_path) discover
[1.251s] DEBUG:colcon.colcon_installed_package_information.package_discovery:Found 2 installed packages in /home/zj/chapt3/topic_ws/install
[1.256s] DEBUG:colcon.colcon_installed_package_information.package_discovery:Found 367 installed packages in /opt/ros/humble
[1.265s] Level 1:colcon.colcon_core.package_discovery:discover_packages(prefix_path) using defaults
[1.412s] Level 5:colcon.colcon_core.verb:set package 'demo_cpp_topic' build argument 'cmake_args' from command line to 'None'
[1.412s] Level 5:colcon.colcon_core.verb:set package 'demo_cpp_topic' build argument 'cmake_target' from command line to 'None'
[1.412s] Level 5:colcon.colcon_core.verb:set package 'demo_cpp_topic' build argument 'cmake_target_skip_unavailable' from command line to 'False'
[1.412s] Level 5:colcon.colcon_core.verb:set package 'demo_cpp_topic' build argument 'cmake_clean_cache' from command line to 'False'
[1.412s] Level 5:colcon.colcon_core.verb:set package 'demo_cpp_topic' build argument 'cmake_clean_first' from command line to 'False'
[1.412s] Level 5:colcon.colcon_core.verb:set package 'demo_cpp_topic' build argument 'cmake_force_configure' from command line to 'False'
[1.412s] Level 5:colcon.colcon_core.verb:set package 'demo_cpp_topic' build argument 'ament_cmake_args' from command line to 'None'
[1.412s] Level 5:colcon.colcon_core.verb:set package 'demo_cpp_topic' build argument 'catkin_cmake_args' from command line to 'None'
[1.412s] Level 5:colcon.colcon_core.verb:set package 'demo_cpp_topic' build argument 'catkin_skip_building_tests' from command line to 'False'
[1.412s] DEBUG:colcon.colcon_core.verb:Building package 'demo_cpp_topic' with the following arguments: {'ament_cmake_args': None, 'build_base': '/home/zj/chapt3/topic_ws/build/demo_cpp_topic', 'catkin_cmake_args': None, 'catkin_skip_building_tests': False, 'cmake_args': None, 'cmake_clean_cache': False, 'cmake_clean_first': False, 'cmake_force_configure': False, 'cmake_target': None, 'cmake_target_skip_unavailable': False, 'install_base': '/home/zj/chapt3/topic_ws/install/demo_cpp_topic', 'merge_install': False, 'path': '/home/zj/chapt3/topic_ws/src/demo_cpp_topic', 'symlink_install': False, 'test_result_base': None}
[1.414s] Level 5:colcon.colcon_core.verb:set package 'demo_python_topic' build argument 'cmake_args' from command line to 'None'
[1.414s] Level 5:colcon.colcon_core.verb:set package 'demo_python_topic' build argument 'cmake_target' from command line to 'None'
[1.414s] Level 5:colcon.colcon_core.verb:set package 'demo_python_topic' build argument 'cmake_target_skip_unavailable' from command line to 'False'
[1.414s] Level 5:colcon.colcon_core.verb:set package 'demo_python_topic' build argument 'cmake_clean_cache' from command line to 'False'
[1.414s] Level 5:colcon.colcon_core.verb:set package 'demo_python_topic' build argument 'cmake_clean_first' from command line to 'False'
[1.414s] Level 5:colcon.colcon_core.verb:set package 'demo_python_topic' build argument 'cmake_force_configure' from command line to 'False'
[1.414s] Level 5:colcon.colcon_core.verb:set package 'demo_python_topic' build argument 'ament_cmake_args' from command line to 'None'
[1.415s] Level 5:colcon.colcon_core.verb:set package 'demo_python_topic' build argument 'catkin_cmake_args' from command line to 'None'
[1.415s] Level 5:colcon.colcon_core.verb:set package 'demo_python_topic' build argument 'catkin_skip_building_tests' from command line to 'False'
[1.415s] DEBUG:colcon.colcon_core.verb:Building package 'demo_python_topic' with the following arguments: {'ament_cmake_args': None, 'build_base': '/home/zj/chapt3/topic_ws/build/demo_python_topic', 'catkin_cmake_args': None, 'catkin_skip_building_tests': False, 'cmake_args': None, 'cmake_clean_cache': False, 'cmake_clean_first': False, 'cmake_force_configure': False, 'cmake_target': None, 'cmake_target_skip_unavailable': False, 'install_base': '/home/zj/chapt3/topic_ws/install/demo_python_topic', 'merge_install': False, 'path': '/home/zj/chapt3/topic_ws/src/demo_python_topic', 'symlink_install': False, 'test_result_base': None}
[1.415s] INFO:colcon.colcon_core.executor:Executing jobs using 'parallel' executor
[1.418s] DEBUG:colcon.colcon_parallel_executor.executor.parallel:run_until_complete
[1.420s] INFO:colcon.colcon_ros.task.ament_cmake.build:Building ROS package in '/home/zj/chapt3/topic_ws/src/demo_cpp_topic' with build type 'ament_cmake'
[1.420s] INFO:colcon.colcon_cmake.task.cmake.build:Building CMake package in '/home/zj/chapt3/topic_ws/src/demo_cpp_topic'
[1.426s] INFO:colcon.colcon_core.plugin_system:Skipping extension 'colcon_core.shell.bat': Not used on non-Windows systems
[1.427s] INFO:colcon.colcon_core.shell:Skip shell extension 'powershell' for command environment: Not usable outside of PowerShell
[1.427s] DEBUG:colcon.colcon_core.shell:Skip shell extension 'dsv' for command environment
[1.441s] INFO:colcon.colcon_ros.task.ament_python.build:Building ROS package in '/home/zj/chapt3/topic_ws/src/demo_python_topic' with build type 'ament_python'
[1.441s] Level 1:colcon.colcon_core.shell:create_environment_hook('demo_python_topic', 'ament_prefix_path')
[1.443s] INFO:colcon.colcon_core.shell:Creating environment hook '/home/zj/chapt3/topic_ws/install/demo_python_topic/share/demo_python_topic/hook/ament_prefix_path.ps1'
[1.445s] INFO:colcon.colcon_core.shell:Creating environment descriptor '/home/zj/chapt3/topic_ws/install/demo_python_topic/share/demo_python_topic/hook/ament_prefix_path.dsv'
[1.447s] INFO:colcon.colcon_core.shell:Creating environment hook '/home/zj/chapt3/topic_ws/install/demo_python_topic/share/demo_python_topic/hook/ament_prefix_path.sh'
[1.452s] INFO:colcon.colcon_core.shell:Skip shell extension 'powershell' for command environment: Not usable outside of PowerShell
[1.452s] DEBUG:colcon.colcon_core.shell:Skip shell extension 'dsv' for command environment
[1.484s] DEBUG:colcon.colcon_core.event_handler.log_command:Invoking command in '/home/zj/chapt3/topic_ws/build/demo_cpp_topic': CMAKE_PREFIX_PATH=${CMAKE_PREFIX_PATH}:/home/zj/chapt3/topic_ws/install/demo_python_topic:/opt/ros/humble /usr/bin/cmake --build /home/zj/chapt3/topic_ws/build/demo_cpp_topic -- -j12 -l12
[2.313s] INFO:colcon.colcon_core.task.python.build:Building Python package in '/home/zj/chapt3/topic_ws/src/demo_python_topic'
[2.314s] INFO:colcon.colcon_core.shell:Skip shell extension 'powershell' for command environment: Not usable outside of PowerShell
[2.315s] DEBUG:colcon.colcon_core.shell:Skip shell extension 'dsv' for command environment
[2.326s] DEBUG:colcon.colcon_core.event_handler.log_command:Invoked command in '/home/zj/chapt3/topic_ws/build/demo_cpp_topic' returned '0': CMAKE_PREFIX_PATH=${CMAKE_PREFIX_PATH}:/home/zj/chapt3/topic_ws/install/demo_python_topic:/opt/ros/humble /usr/bin/cmake --build /home/zj/chapt3/topic_ws/build/demo_cpp_topic -- -j12 -l12
[2.353s] DEBUG:colcon.colcon_core.event_handler.log_command:Invoking command in '/home/zj/chapt3/topic_ws/build/demo_cpp_topic': CMAKE_PREFIX_PATH=${CMAKE_PREFIX_PATH}:/home/zj/chapt3/topic_ws/install/demo_python_topic:/opt/ros/humble /usr/bin/cmake --install /home/zj/chapt3/topic_ws/build/demo_cpp_topic
[2.397s] Level 1:colcon.colcon_core.environment:create_environment_scripts_only(demo_cpp_topic)
[2.400s] DEBUG:colcon.colcon_core.event_handler.log_command:Invoked command in '/home/zj/chapt3/topic_ws/build/demo_cpp_topic' returned '0': CMAKE_PREFIX_PATH=${CMAKE_PREFIX_PATH}:/home/zj/chapt3/topic_ws/install/demo_python_topic:/opt/ros/humble /usr/bin/cmake --install /home/zj/chapt3/topic_ws/build/demo_cpp_topic
[2.405s] Level 1:colcon.colcon_core.environment:checking '/home/zj/chapt3/topic_ws/install/demo_cpp_topic' for CMake module files
[2.407s] Level 1:colcon.colcon_core.environment:checking '/home/zj/chapt3/topic_ws/install/demo_cpp_topic' for CMake config files
[2.407s] Level 1:colcon.colcon_core.shell:create_environment_hook('demo_cpp_topic', 'cmake_prefix_path')
[2.408s] INFO:colcon.colcon_core.shell:Creating environment hook '/home/zj/chapt3/topic_ws/install/demo_cpp_topic/share/demo_cpp_topic/hook/cmake_prefix_path.ps1'
[2.410s] INFO:colcon.colcon_core.shell:Creating environment descriptor '/home/zj/chapt3/topic_ws/install/demo_cpp_topic/share/demo_cpp_topic/hook/cmake_prefix_path.dsv'
[2.411s] INFO:colcon.colcon_core.shell:Creating environment hook '/home/zj/chapt3/topic_ws/install/demo_cpp_topic/share/demo_cpp_topic/hook/cmake_prefix_path.sh'
[2.413s] Level 1:colcon.colcon_core.environment:checking '/home/zj/chapt3/topic_ws/install/demo_cpp_topic/lib'
[2.414s] Level 1:colcon.colcon_core.environment:checking '/home/zj/chapt3/topic_ws/install/demo_cpp_topic/bin'
[2.414s] Level 1:colcon.colcon_core.environment:checking '/home/zj/chapt3/topic_ws/install/demo_cpp_topic/lib/pkgconfig/demo_cpp_topic.pc'
[2.415s] Level 1:colcon.colcon_core.environment:checking '/home/zj/chapt3/topic_ws/install/demo_cpp_topic/lib/python3.10/site-packages'
[2.415s] Level 1:colcon.colcon_core.environment:checking '/home/zj/chapt3/topic_ws/install/demo_cpp_topic/bin'
[2.416s] INFO:colcon.colcon_core.shell:Creating package script '/home/zj/chapt3/topic_ws/install/demo_cpp_topic/share/demo_cpp_topic/package.ps1'
[2.419s] INFO:colcon.colcon_core.shell:Creating package descriptor '/home/zj/chapt3/topic_ws/install/demo_cpp_topic/share/demo_cpp_topic/package.dsv'
[2.420s] INFO:colcon.colcon_core.shell:Creating package script '/home/zj/chapt3/topic_ws/install/demo_cpp_topic/share/demo_cpp_topic/package.sh'
[2.423s] INFO:colcon.colcon_core.shell:Creating package script '/home/zj/chapt3/topic_ws/install/demo_cpp_topic/share/demo_cpp_topic/package.bash'
[2.425s] INFO:colcon.colcon_core.shell:Creating package script '/home/zj/chapt3/topic_ws/install/demo_cpp_topic/share/demo_cpp_topic/package.zsh'
[2.427s] Level 1:colcon.colcon_core.environment:create_file_with_runtime_dependencies(/home/zj/chapt3/topic_ws/install/demo_cpp_topic/share/colcon-core/packages/demo_cpp_topic)
[2.429s] Level 1:colcon.colcon_core.environment:create_environment_scripts_only(demo_cpp_topic)
[2.429s] Level 1:colcon.colcon_core.environment:checking '/home/zj/chapt3/topic_ws/install/demo_cpp_topic' for CMake module files
[2.431s] Level 1:colcon.colcon_core.environment:checking '/home/zj/chapt3/topic_ws/install/demo_cpp_topic' for CMake config files
[2.432s] Level 1:colcon.colcon_core.shell:create_environment_hook('demo_cpp_topic', 'cmake_prefix_path')
[2.433s] INFO:colcon.colcon_core.shell:Creating environment hook '/home/zj/chapt3/topic_ws/install/demo_cpp_topic/share/demo_cpp_topic/hook/cmake_prefix_path.ps1'
[2.435s] INFO:colcon.colcon_core.shell:Creating environment descriptor '/home/zj/chapt3/topic_ws/install/demo_cpp_topic/share/demo_cpp_topic/hook/cmake_prefix_path.dsv'
[2.437s] INFO:colcon.colcon_core.shell:Creating environment hook '/home/zj/chapt3/topic_ws/install/demo_cpp_topic/share/demo_cpp_topic/hook/cmake_prefix_path.sh'
[2.439s] Level 1:colcon.colcon_core.environment:checking '/home/zj/chapt3/topic_ws/install/demo_cpp_topic/lib'
[2.439s] Level 1:colcon.colcon_core.environment:checking '/home/zj/chapt3/topic_ws/install/demo_cpp_topic/bin'
[2.439s] Level 1:colcon.colcon_core.environment:checking '/home/zj/chapt3/topic_ws/install/demo_cpp_topic/lib/pkgconfig/demo_cpp_topic.pc'
[2.440s] Level 1:colcon.colcon_core.environment:checking '/home/zj/chapt3/topic_ws/install/demo_cpp_topic/lib/python3.10/site-packages'
[2.440s] Level 1:colcon.colcon_core.environment:checking '/home/zj/chapt3/topic_ws/install/demo_cpp_topic/bin'
[2.441s] INFO:colcon.colcon_core.shell:Creating package script '/home/zj/chapt3/topic_ws/install/demo_cpp_topic/share/demo_cpp_topic/package.ps1'
[2.443s] INFO:colcon.colcon_core.shell:Creating package descriptor '/home/zj/chapt3/topic_ws/install/demo_cpp_topic/share/demo_cpp_topic/package.dsv'
[2.444s] INFO:colcon.colcon_core.shell:Creating package script '/home/zj/chapt3/topic_ws/install/demo_cpp_topic/share/demo_cpp_topic/package.sh'
[2.446s] INFO:colcon.colcon_core.shell:Creating package script '/home/zj/chapt3/topic_ws/install/demo_cpp_topic/share/demo_cpp_topic/package.bash'
[2.447s] INFO:colcon.colcon_core.shell:Creating package script '/home/zj/chapt3/topic_ws/install/demo_cpp_topic/share/demo_cpp_topic/package.zsh'
[2.448s] Level 1:colcon.colcon_core.environment:create_file_with_runtime_dependencies(/home/zj/chapt3/topic_ws/install/demo_cpp_topic/share/colcon-core/packages/demo_cpp_topic)
[3.621s] DEBUG:colcon.colcon_core.event_handler.log_command:Invoking command in '/home/zj/chapt3/topic_ws/src/demo_python_topic': PYTHONPATH=/home/zj/chapt3/topic_ws/build/demo_python_topic/prefix_override:/usr/lib/python3/dist-packages/colcon_core/task/python/colcon_distutils_commands:/home/zj/chapt3/topic_ws/install/demo_python_topic/lib/python3.10/site-packages:${PYTHONPATH} /usr/bin/python3 -W ignore:setup.py install is deprecated -W ignore:easy_install command is deprecated setup.py egg_info --egg-base ../../build/demo_python_topic build --build-base /home/zj/chapt3/topic_ws/build/demo_python_topic/build install --record /home/zj/chapt3/topic_ws/build/demo_python_topic/install.log --single-version-externally-managed install_data
[4.628s] Level 1:colcon.colcon_core.environment:checking '/home/zj/chapt3/topic_ws/install/demo_python_topic' for CMake module files
[4.629s] DEBUG:colcon.colcon_core.event_handler.log_command:Invoked command in '/home/zj/chapt3/topic_ws/src/demo_python_topic' returned '0': PYTHONPATH=/home/zj/chapt3/topic_ws/build/demo_python_topic/prefix_override:/usr/lib/python3/dist-packages/colcon_core/task/python/colcon_distutils_commands:/home/zj/chapt3/topic_ws/install/demo_python_topic/lib/python3.10/site-packages:${PYTHONPATH} /usr/bin/python3 -W ignore:setup.py install is deprecated -W ignore:easy_install command is deprecated setup.py egg_info --egg-base ../../build/demo_python_topic build --build-base /home/zj/chapt3/topic_ws/build/demo_python_topic/build install --record /home/zj/chapt3/topic_ws/build/demo_python_topic/install.log --single-version-externally-managed install_data
[4.643s] Level 1:colcon.colcon_core.environment:checking '/home/zj/chapt3/topic_ws/install/demo_python_topic' for CMake config files
[4.644s] Level 1:colcon.colcon_core.environment:checking '/home/zj/chapt3/topic_ws/install/demo_python_topic/lib'
[4.645s] Level 1:colcon.colcon_core.environment:checking '/home/zj/chapt3/topic_ws/install/demo_python_topic/bin'
[4.645s] Level 1:colcon.colcon_core.environment:checking '/home/zj/chapt3/topic_ws/install/demo_python_topic/lib/pkgconfig/demo_python_topic.pc'
[4.646s] Level 1:colcon.colcon_core.environment:checking '/home/zj/chapt3/topic_ws/install/demo_python_topic/lib/python3.10/site-packages'
[4.646s] Level 1:colcon.colcon_core.shell:create_environment_hook('demo_python_topic', 'pythonpath')
[4.647s] INFO:colcon.colcon_core.shell:Creating environment hook '/home/zj/chapt3/topic_ws/install/demo_python_topic/share/demo_python_topic/hook/pythonpath.ps1'
[4.649s] INFO:colcon.colcon_core.shell:Creating environment descriptor '/home/zj/chapt3/topic_ws/install/demo_python_topic/share/demo_python_topic/hook/pythonpath.dsv'
[4.650s] INFO:colcon.colcon_core.shell:Creating environment hook '/home/zj/chapt3/topic_ws/install/demo_python_topic/share/demo_python_topic/hook/pythonpath.sh'
[4.652s] Level 1:colcon.colcon_core.environment:checking '/home/zj/chapt3/topic_ws/install/demo_python_topic/bin'
[4.653s] Level 1:colcon.colcon_core.environment:create_environment_scripts_only(demo_python_topic)
[4.654s] INFO:colcon.colcon_core.shell:Creating package script '/home/zj/chapt3/topic_ws/install/demo_python_topic/share/demo_python_topic/package.ps1'
[4.655s] INFO:colcon.colcon_core.shell:Creating package descriptor '/home/zj/chapt3/topic_ws/install/demo_python_topic/share/demo_python_topic/package.dsv'
[4.658s] INFO:colcon.colcon_core.shell:Creating package script '/home/zj/chapt3/topic_ws/install/demo_python_topic/share/demo_python_topic/package.sh'
[4.659s] INFO:colcon.colcon_core.shell:Creating package script '/home/zj/chapt3/topic_ws/install/demo_python_topic/share/demo_python_topic/package.bash'
[4.661s] INFO:colcon.colcon_core.shell:Creating package script '/home/zj/chapt3/topic_ws/install/demo_python_topic/share/demo_python_topic/package.zsh'
[4.662s] Level 1:colcon.colcon_core.environment:create_file_with_runtime_dependencies(/home/zj/chapt3/topic_ws/install/demo_python_topic/share/colcon-core/packages/demo_python_topic)
[4.663s] DEBUG:colcon.colcon_parallel_executor.executor.parallel:closing loop
[4.665s] DEBUG:colcon.colcon_parallel_executor.executor.parallel:loop closed
[4.665s] DEBUG:colcon.colcon_parallel_executor.executor.parallel:run_until_complete finished with '0'
[4.665s] DEBUG:colcon.colcon_core.event_reactor:joining thread
[4.680s] INFO:colcon.colcon_core.plugin_system:Skipping extension 'colcon_notification.desktop_notification.terminal_notifier': Not used on non-Darwin systems
[4.680s] INFO:colcon.colcon_core.plugin_system:Skipping extension 'colcon_notification.desktop_notification.win32': Not used on non-Windows systems
[4.680s] INFO:colcon.colcon_notification.desktop_notification:Sending desktop notification using 'notify2'
[4.749s] DEBUG:colcon.colcon_core.event_reactor:joined thread
[4.750s] INFO:colcon.colcon_core.shell:Creating prefix script '/home/zj/chapt3/topic_ws/install/local_setup.ps1'
[4.754s] INFO:colcon.colcon_core.shell:Creating prefix util module '/home/zj/chapt3/topic_ws/install/_local_setup_util_ps1.py'
[4.761s] INFO:colcon.colcon_core.shell:Creating prefix chain script '/home/zj/chapt3/topic_ws/install/setup.ps1'
[4.769s] INFO:colcon.colcon_core.shell:Creating prefix script '/home/zj/chapt3/topic_ws/install/local_setup.sh'
[4.775s] INFO:colcon.colcon_core.shell:Creating prefix util module '/home/zj/chapt3/topic_ws/install/_local_setup_util_sh.py'
[4.781s] INFO:colcon.colcon_core.shell:Creating prefix chain script '/home/zj/chapt3/topic_ws/install/setup.sh'
[4.786s] INFO:colcon.colcon_core.shell:Creating prefix script '/home/zj/chapt3/topic_ws/install/local_setup.bash'
[4.789s] INFO:colcon.colcon_core.shell:Creating prefix chain script '/home/zj/chapt3/topic_ws/install/setup.bash'
[4.791s] INFO:colcon.colcon_core.shell:Creating prefix script '/home/zj/chapt3/topic_ws/install/local_setup.zsh'
[4.793s] INFO:colcon.colcon_core.shell:Creating prefix chain script '/home/zj/chapt3/topic_ws/install/setup.zsh'
