[0.032s] Invoking command in '/home/zj/chapt3/topic_practice_ws/src/status_display/build/status_display': CMAKE_PREFIX_PATH=/opt/ros/humble /usr/bin/cmake /home/zj/chapt3/topic_practice_ws/src/status_display -DCMAKE_INSTALL_PREFIX=/home/zj/chapt3/topic_practice_ws/src/status_display/install/status_display
[0.194s] -- The C compiler identification is GNU 11.4.0
[0.383s] -- The CXX compiler identification is GNU 11.4.0
[0.409s] -- Detecting C compiler ABI info
[0.584s] -- Detecting C compiler ABI info - done
[0.603s] -- Check for working C compiler: /usr/bin/cc - skipped
[0.604s] -- Detecting C compile features
[0.606s] -- Detecting C compile features - done
[0.613s] -- Detecting CXX compiler ABI info
[0.833s] -- Detecting CXX compiler ABI info - done
[0.859s] -- Check for working CXX compiler: /usr/bin/c++ - skipped
[0.859s] -- Detecting CXX compile features
[0.860s] -- Detecting CXX compile features - done
[0.867s] -- Found ament_cmake: 1.3.11 (/opt/ros/humble/share/ament_cmake/cmake)
[1.330s] -- Found Python3: /usr/bin/python3 (found version "3.10.12") found components: Interpreter 
[1.588s] -- Found rclcpp: 16.0.12 (/opt/ros/humble/share/rclcpp/cmake)
[1.701s] -- Found rosidl_generator_c: 3.1.6 (/opt/ros/humble/share/rosidl_generator_c/cmake)
[1.717s] -- Found rosidl_adapter: 3.1.6 (/opt/ros/humble/share/rosidl_adapter/cmake)
[1.741s] -- Found rosidl_generator_cpp: 3.1.6 (/opt/ros/humble/share/rosidl_generator_cpp/cmake)
[1.774s] -- Using all available rosidl_typesupport_c: rosidl_typesupport_fastrtps_c;rosidl_typesupport_introspection_c
[1.826s] -- Using all available rosidl_typesupport_cpp: rosidl_typesupport_fastrtps_cpp;rosidl_typesupport_introspection_cpp
[1.947s] -- Found rmw_implementation_cmake: 6.1.2 (/opt/ros/humble/share/rmw_implementation_cmake/cmake)
[1.956s] -- Found rmw_fastrtps_cpp: 6.2.7 (/opt/ros/humble/share/rmw_fastrtps_cpp/cmake)
[2.189s] -- Found OpenSSL: /usr/lib/x86_64-linux-gnu/libcrypto.so (found version "3.0.2")  
[2.262s] -- Found FastRTPS: /opt/ros/humble/include  
[2.366s] -- Using RMW implementation 'rmw_fastrtps_cpp' as default
[2.389s] -- Looking for pthread.h
[2.586s] -- Looking for pthread.h - found
[2.589s] -- Performing Test CMAKE_HAVE_LIBC_PTHREAD
[2.779s] -- Performing Test CMAKE_HAVE_LIBC_PTHREAD - Success
[2.784s] -- Found Threads: TRUE  
[2.958s] [31mCMake Error at CMakeLists.txt:11 (find_package):
[2.958s]   By not providing "Findstatus_interfaces.cmake" in CMAKE_MODULE_PATH this
[2.959s]   project has asked CMake to find a package configuration file provided by
[2.959s]   "status_interfaces", but CMake did not find one.
[2.959s] 
[2.959s]   Could not find a package configuration file provided by "status_interfaces"
[2.959s]   with any of the following names:
[2.959s] 
[2.959s]     status_interfacesConfig.cmake
[2.959s]     status_interfaces-config.cmake
[2.959s] 
[2.959s]   Add the installation prefix of "status_interfaces" to CMAKE_PREFIX_PATH or
[2.959s]   set "status_interfaces_DIR" to a directory containing one of the above
[2.960s]   files.  If "status_interfaces" provides a separate development package or
[2.960s]   SDK, be sure it has been installed.
[2.960s] 
[2.960s] [0m
[2.960s] -- Configuring incomplete, errors occurred!
[2.960s] See also "/home/zj/chapt3/topic_practice_ws/src/status_display/build/status_display/CMakeFiles/CMakeOutput.log".
[2.981s] Invoked command in '/home/zj/chapt3/topic_practice_ws/src/status_display/build/status_display' returned '1': CMAKE_PREFIX_PATH=/opt/ros/humble /usr/bin/cmake /home/zj/chapt3/topic_practice_ws/src/status_display -DCMAKE_INSTALL_PREFIX=/home/zj/chapt3/topic_practice_ws/src/status_display/install/status_display
