[3.502s] Invoking command in '/home/zj/chapt2/chapt2_ws/src/demo_python_pkg': PYTHONPATH=/home/zj/chapt2/chapt2_ws/build/demo_python_pkg/prefix_override:/usr/lib/python3/dist-packages/colcon_core/task/python/colcon_distutils_commands:/home/zj/chapt2/chapt2_ws/install/demo_python_pkg/lib/python3.10/site-packages:${PYTHONPATH} /usr/bin/python3 -W ignore:setup.py install is deprecated -W ignore:easy_install command is deprecated setup.py egg_info --egg-base ../../build/demo_python_pkg build --build-base /home/zj/chapt2/chapt2_ws/build/demo_python_pkg/build install --record /home/zj/chapt2/chapt2_ws/build/demo_python_pkg/install.log --single-version-externally-managed install_data
[4.193s] running egg_info
[4.200s] creating ../../build/demo_python_pkg/demo_python_pkg.egg-info
[4.200s] writing ../../build/demo_python_pkg/demo_python_pkg.egg-info/PKG-INFO
[4.202s] writing dependency_links to ../../build/demo_python_pkg/demo_python_pkg.egg-info/dependency_links.txt
[4.202s] writing entry points to ../../build/demo_python_pkg/demo_python_pkg.egg-info/entry_points.txt
[4.204s] writing requirements to ../../build/demo_python_pkg/demo_python_pkg.egg-info/requires.txt
[4.204s] writing top-level names to ../../build/demo_python_pkg/demo_python_pkg.egg-info/top_level.txt
[4.205s] writing manifest file '../../build/demo_python_pkg/demo_python_pkg.egg-info/SOURCES.txt'
[4.211s] reading manifest file '../../build/demo_python_pkg/demo_python_pkg.egg-info/SOURCES.txt'
[4.212s] adding license file 'LICENSE'
[4.216s] writing manifest file '../../build/demo_python_pkg/demo_python_pkg.egg-info/SOURCES.txt'
[4.218s] running build
[4.219s] running build_py
[4.220s] creating /home/zj/chapt2/chapt2_ws/build/demo_python_pkg/build
[4.220s] creating /home/zj/chapt2/chapt2_ws/build/demo_python_pkg/build/lib
[4.220s] creating /home/zj/chapt2/chapt2_ws/build/demo_python_pkg/build/lib/demo_python_pkg
[4.220s] copying demo_python_pkg/python_node.py -> /home/zj/chapt2/chapt2_ws/build/demo_python_pkg/build/lib/demo_python_pkg
[4.220s] copying demo_python_pkg/learn_thread.py -> /home/zj/chapt2/chapt2_ws/build/demo_python_pkg/build/lib/demo_python_pkg
[4.221s] copying demo_python_pkg/__init__.py -> /home/zj/chapt2/chapt2_ws/build/demo_python_pkg/build/lib/demo_python_pkg
[4.221s] copying demo_python_pkg/writer_node.py -> /home/zj/chapt2/chapt2_ws/build/demo_python_pkg/build/lib/demo_python_pkg
[4.221s] copying demo_python_pkg/person_node.py -> /home/zj/chapt2/chapt2_ws/build/demo_python_pkg/build/lib/demo_python_pkg
[4.222s] running install
[4.224s] running install_lib
[4.227s] creating /home/zj/chapt2/chapt2_ws/install/demo_python_pkg/lib/python3.10/site-packages/demo_python_pkg
[4.227s] copying /home/zj/chapt2/chapt2_ws/build/demo_python_pkg/build/lib/demo_python_pkg/python_node.py -> /home/zj/chapt2/chapt2_ws/install/demo_python_pkg/lib/python3.10/site-packages/demo_python_pkg
[4.228s] copying /home/zj/chapt2/chapt2_ws/build/demo_python_pkg/build/lib/demo_python_pkg/learn_thread.py -> /home/zj/chapt2/chapt2_ws/install/demo_python_pkg/lib/python3.10/site-packages/demo_python_pkg
[4.229s] copying /home/zj/chapt2/chapt2_ws/build/demo_python_pkg/build/lib/demo_python_pkg/__init__.py -> /home/zj/chapt2/chapt2_ws/install/demo_python_pkg/lib/python3.10/site-packages/demo_python_pkg
[4.229s] copying /home/zj/chapt2/chapt2_ws/build/demo_python_pkg/build/lib/demo_python_pkg/writer_node.py -> /home/zj/chapt2/chapt2_ws/install/demo_python_pkg/lib/python3.10/site-packages/demo_python_pkg
[4.229s] copying /home/zj/chapt2/chapt2_ws/build/demo_python_pkg/build/lib/demo_python_pkg/person_node.py -> /home/zj/chapt2/chapt2_ws/install/demo_python_pkg/lib/python3.10/site-packages/demo_python_pkg
[4.231s] byte-compiling /home/zj/chapt2/chapt2_ws/install/demo_python_pkg/lib/python3.10/site-packages/demo_python_pkg/python_node.py to python_node.cpython-310.pyc
[4.233s] byte-compiling /home/zj/chapt2/chapt2_ws/install/demo_python_pkg/lib/python3.10/site-packages/demo_python_pkg/learn_thread.py to learn_thread.cpython-310.pyc
[4.234s] byte-compiling /home/zj/chapt2/chapt2_ws/install/demo_python_pkg/lib/python3.10/site-packages/demo_python_pkg/__init__.py to __init__.cpython-310.pyc
[4.235s] byte-compiling /home/zj/chapt2/chapt2_ws/install/demo_python_pkg/lib/python3.10/site-packages/demo_python_pkg/writer_node.py to writer_node.cpython-310.pyc
[4.236s] byte-compiling /home/zj/chapt2/chapt2_ws/install/demo_python_pkg/lib/python3.10/site-packages/demo_python_pkg/person_node.py to person_node.cpython-310.pyc
[4.237s] running install_data
[4.238s] creating /home/zj/chapt2/chapt2_ws/install/demo_python_pkg/share/ament_index
[4.238s] creating /home/zj/chapt2/chapt2_ws/install/demo_python_pkg/share/ament_index/resource_index
[4.238s] creating /home/zj/chapt2/chapt2_ws/install/demo_python_pkg/share/ament_index/resource_index/packages
[4.239s] copying resource/demo_python_pkg -> /home/zj/chapt2/chapt2_ws/install/demo_python_pkg/share/ament_index/resource_index/packages
[4.239s] copying package.xml -> /home/zj/chapt2/chapt2_ws/install/demo_python_pkg/share/demo_python_pkg
[4.239s] running install_egg_info
[4.247s] Copying ../../build/demo_python_pkg/demo_python_pkg.egg-info to /home/zj/chapt2/chapt2_ws/install/demo_python_pkg/lib/python3.10/site-packages/demo_python_pkg-0.0.0-py3.10.egg-info
[4.252s] running install_scripts
[4.320s] Installing learn_thread script to /home/zj/chapt2/chapt2_ws/install/demo_python_pkg/lib/demo_python_pkg
[4.321s] Installing person_node script to /home/zj/chapt2/chapt2_ws/install/demo_python_pkg/lib/demo_python_pkg
[4.322s] Installing python_node script to /home/zj/chapt2/chapt2_ws/install/demo_python_pkg/lib/demo_python_pkg
[4.322s] Installing writer_node script to /home/zj/chapt2/chapt2_ws/install/demo_python_pkg/lib/demo_python_pkg
[4.323s] writing list of installed files to '/home/zj/chapt2/chapt2_ws/build/demo_python_pkg/install.log'
[4.406s] Invoked command in '/home/zj/chapt2/chapt2_ws/src/demo_python_pkg' returned '0': PYTHONPATH=/home/zj/chapt2/chapt2_ws/build/demo_python_pkg/prefix_override:/usr/lib/python3/dist-packages/colcon_core/task/python/colcon_distutils_commands:/home/zj/chapt2/chapt2_ws/install/demo_python_pkg/lib/python3.10/site-packages:${PYTHONPATH} /usr/bin/python3 -W ignore:setup.py install is deprecated -W ignore:easy_install command is deprecated setup.py egg_info --egg-base ../../build/demo_python_pkg build --build-base /home/zj/chapt2/chapt2_ws/build/demo_python_pkg/build install --record /home/zj/chapt2/chapt2_ws/build/demo_python_pkg/install.log --single-version-externally-managed install_data
