[0.048s] Invoking command in '/home/zj/chapt3/topic_ws/build/demo_cpp_topic': CMAKE_PREFIX_PATH=/opt/ros/humble /usr/bin/cmake /home/zj/chapt3/topic_ws/src/demo_cpp_topic -DCMAKE_INSTALL_PREFIX=/home/zj/chapt3/topic_ws/install/demo_cpp_topic
[0.205s] -- The C compiler identification is GNU 11.4.0
[0.362s] -- The CXX compiler identification is GNU 11.4.0
[0.382s] -- Detecting C compiler ABI info
[0.571s] -- Detecting C compiler ABI info - done
[0.593s] -- Check for working C compiler: /usr/bin/cc - skipped
[0.593s] -- Detecting C compile features
[0.597s] -- Detecting C compile features - done
[0.604s] -- Detecting CXX compiler ABI info
[0.817s] -- Detecting CXX compiler ABI info - done
[0.838s] -- Check for working CXX compiler: /usr/bin/c++ - skipped
[0.839s] -- Detecting CXX compile features
[0.839s] -- Detecting CXX compile features - done
[0.846s] -- Found ament_cmake: 1.3.11 (/opt/ros/humble/share/ament_cmake/cmake)
[1.320s] -- Found Python3: /usr/bin/python3 (found version "3.10.12") found components: Interpreter 
[1.598s] -- Found rclcpp: 16.0.12 (/opt/ros/humble/share/rclcpp/cmake)
[1.715s] -- Found rosidl_generator_c: 3.1.6 (/opt/ros/humble/share/rosidl_generator_c/cmake)
[1.730s] -- Found rosidl_adapter: 3.1.6 (/opt/ros/humble/share/rosidl_adapter/cmake)
[1.756s] -- Found rosidl_generator_cpp: 3.1.6 (/opt/ros/humble/share/rosidl_generator_cpp/cmake)
[1.790s] -- Using all available rosidl_typesupport_c: rosidl_typesupport_fastrtps_c;rosidl_typesupport_introspection_c
[1.846s] -- Using all available rosidl_typesupport_cpp: rosidl_typesupport_fastrtps_cpp;rosidl_typesupport_introspection_cpp
[1.991s] -- Found rmw_implementation_cmake: 6.1.2 (/opt/ros/humble/share/rmw_implementation_cmake/cmake)
[1.999s] -- Found rmw_fastrtps_cpp: 6.2.7 (/opt/ros/humble/share/rmw_fastrtps_cpp/cmake)
[2.258s] -- Found OpenSSL: /usr/lib/x86_64-linux-gnu/libcrypto.so (found version "3.0.2")  
[2.336s] -- Found FastRTPS: /opt/ros/humble/include  
[2.459s] -- Using RMW implementation 'rmw_fastrtps_cpp' as default
[2.483s] -- Looking for pthread.h
[2.683s] -- Looking for pthread.h - found
[2.685s] -- Performing Test CMAKE_HAVE_LIBC_PTHREAD
[2.899s] -- Performing Test CMAKE_HAVE_LIBC_PTHREAD - Success
[2.904s] -- Found Threads: TRUE  
[3.060s] -- Found geometry_msgs: 4.8.0 (/opt/ros/humble/share/geometry_msgs/cmake)
[3.101s] -- Found turtlesim: 1.4.2 (/opt/ros/humble/share/turtlesim/cmake)
[3.227s] -- Found ament_lint_auto: 0.12.12 (/opt/ros/humble/share/ament_lint_auto/cmake)
[3.474s] -- Added test 'cppcheck' to perform static code analysis on C / C++ code
[3.475s] -- Configured cppcheck include dirs: 
[3.475s] -- Configured cppcheck exclude dirs and/or files: 
[3.477s] -- Added test 'lint_cmake' to check CMake code style
[3.481s] -- Added test 'uncrustify' to check C / C++ code style
[3.481s] -- Configured uncrustify additional arguments: 
[3.481s] -- Added test 'xmllint' to check XML markup files
[3.486s] -- Configuring done
[3.523s] -- Generating done
[3.541s] -- Build files have been written to: /home/zj/chapt3/topic_ws/build/demo_cpp_topic
[3.578s] Invoked command in '/home/zj/chapt3/topic_ws/build/demo_cpp_topic' returned '0': CMAKE_PREFIX_PATH=/opt/ros/humble /usr/bin/cmake /home/zj/chapt3/topic_ws/src/demo_cpp_topic -DCMAKE_INSTALL_PREFIX=/home/zj/chapt3/topic_ws/install/demo_cpp_topic
[3.586s] Invoking command in '/home/zj/chapt3/topic_ws/build/demo_cpp_topic': CMAKE_PREFIX_PATH=/opt/ros/humble /usr/bin/cmake --build /home/zj/chapt3/topic_ws/build/demo_cpp_topic -- -j8 -l8
[3.729s] [ 25%] [32mBuilding CXX object CMakeFiles/turtle_control.dir/src/turtle_control.cpp.o[0m
[3.730s] [ 50%] [32mBuilding CXX object CMakeFiles/turtle_circle.dir/src/turtle_circle.cpp.o[0m
[19.412s] [ 75%] [32m[1mLinking CXX executable turtle_circle[0m
[19.937s] [ 75%] Built target turtle_circle
[31.625s] [100%] [32m[1mLinking CXX executable turtle_control[0m
[32.569s] [100%] Built target turtle_control
[32.591s] Invoked command in '/home/zj/chapt3/topic_ws/build/demo_cpp_topic' returned '0': CMAKE_PREFIX_PATH=/opt/ros/humble /usr/bin/cmake --build /home/zj/chapt3/topic_ws/build/demo_cpp_topic -- -j8 -l8
[32.611s] Invoking command in '/home/zj/chapt3/topic_ws/build/demo_cpp_topic': CMAKE_PREFIX_PATH=/opt/ros/humble /usr/bin/cmake --install /home/zj/chapt3/topic_ws/build/demo_cpp_topic
[32.624s] -- Install configuration: ""
[32.624s] -- Installing: /home/zj/chapt3/topic_ws/install/demo_cpp_topic/lib/demo_cpp_topic/turtle_control
[32.631s] -- Set runtime path of "/home/zj/chapt3/topic_ws/install/demo_cpp_topic/lib/demo_cpp_topic/turtle_control" to ""
[32.631s] -- Installing: /home/zj/chapt3/topic_ws/install/demo_cpp_topic/lib/demo_cpp_topic/turtle_circle
[32.634s] -- Set runtime path of "/home/zj/chapt3/topic_ws/install/demo_cpp_topic/lib/demo_cpp_topic/turtle_circle" to ""
[32.634s] -- Installing: /home/zj/chapt3/topic_ws/install/demo_cpp_topic/share/ament_index/resource_index/package_run_dependencies/demo_cpp_topic
[32.635s] -- Installing: /home/zj/chapt3/topic_ws/install/demo_cpp_topic/share/ament_index/resource_index/parent_prefix_path/demo_cpp_topic
[32.636s] -- Installing: /home/zj/chapt3/topic_ws/install/demo_cpp_topic/share/demo_cpp_topic/environment/ament_prefix_path.sh
[32.636s] -- Installing: /home/zj/chapt3/topic_ws/install/demo_cpp_topic/share/demo_cpp_topic/environment/ament_prefix_path.dsv
[32.636s] -- Installing: /home/zj/chapt3/topic_ws/install/demo_cpp_topic/share/demo_cpp_topic/environment/path.sh
[32.637s] -- Installing: /home/zj/chapt3/topic_ws/install/demo_cpp_topic/share/demo_cpp_topic/environment/path.dsv
[32.637s] -- Installing: /home/zj/chapt3/topic_ws/install/demo_cpp_topic/share/demo_cpp_topic/local_setup.bash
[32.637s] -- Installing: /home/zj/chapt3/topic_ws/install/demo_cpp_topic/share/demo_cpp_topic/local_setup.sh
[32.637s] -- Installing: /home/zj/chapt3/topic_ws/install/demo_cpp_topic/share/demo_cpp_topic/local_setup.zsh
[32.638s] -- Installing: /home/zj/chapt3/topic_ws/install/demo_cpp_topic/share/demo_cpp_topic/local_setup.dsv
[32.638s] -- Installing: /home/zj/chapt3/topic_ws/install/demo_cpp_topic/share/demo_cpp_topic/package.dsv
[32.638s] -- Installing: /home/zj/chapt3/topic_ws/install/demo_cpp_topic/share/ament_index/resource_index/packages/demo_cpp_topic
[32.639s] -- Installing: /home/zj/chapt3/topic_ws/install/demo_cpp_topic/share/demo_cpp_topic/cmake/demo_cpp_topicConfig.cmake
[32.639s] -- Installing: /home/zj/chapt3/topic_ws/install/demo_cpp_topic/share/demo_cpp_topic/cmake/demo_cpp_topicConfig-version.cmake
[32.639s] -- Installing: /home/zj/chapt3/topic_ws/install/demo_cpp_topic/share/demo_cpp_topic/package.xml
[32.644s] Invoked command in '/home/zj/chapt3/topic_ws/build/demo_cpp_topic' returned '0': CMAKE_PREFIX_PATH=/opt/ros/humble /usr/bin/cmake --install /home/zj/chapt3/topic_ws/build/demo_cpp_topic
