[0.034s] Invoking command in '/home/zj/chapt3/topic_practice_ws/src/build/status_interfaces': CMAKE_PREFIX_PATH=/opt/ros/humble /usr/bin/cmake /home/zj/chapt3/topic_practice_ws/src/status_interfaces -DCMAKE_INSTALL_PREFIX=/home/zj/chapt3/topic_practice_ws/src/install/status_interfaces
[0.421s] -- The C compiler identification is GNU 11.4.0
[0.811s] -- The CXX compiler identification is GNU 11.4.0
[0.855s] -- Detecting C compiler ABI info
[1.085s] -- Detecting C compiler ABI info - done
[1.102s] -- Check for working C compiler: /usr/bin/cc - skipped
[1.104s] -- Detecting C compile features
[1.106s] -- Detecting C compile features - done
[1.119s] -- Detecting CXX compiler ABI info
[1.357s] -- Detecting CXX compiler ABI info - done
[1.385s] -- Check for working CXX compiler: /usr/bin/c++ - skipped
[1.385s] -- Detecting CXX compile features
[1.387s] -- Detecting CXX compile features - done
[1.405s] -- Found ament_cmake: 1.3.11 (/opt/ros/humble/share/ament_cmake/cmake)
[1.970s] -- Found Python3: /usr/bin/python3 (found version "3.10.12") found components: Interpreter 
[2.579s] -- Found rosidl_default_generators: 1.2.0 (/opt/ros/humble/share/rosidl_default_generators/cmake)
[2.621s] -- Using all available rosidl_typesupport_c: rosidl_typesupport_fastrtps_c;rosidl_typesupport_introspection_c
[2.681s] -- Found rosidl_adapter: 3.1.6 (/opt/ros/humble/share/rosidl_adapter/cmake)
[3.009s] -- Using all available rosidl_typesupport_cpp: rosidl_typesupport_fastrtps_cpp;rosidl_typesupport_introspection_cpp
[3.272s] -- Found builtin_interfaces: 1.2.1 (/opt/ros/humble/share/builtin_interfaces/cmake)
[4.497s] -- Found ament_cmake_ros: 0.10.0 (/opt/ros/humble/share/ament_cmake_ros/cmake)
[5.434s] -- Using all available rosidl_typesupport_c: rosidl_typesupport_fastrtps_c;rosidl_typesupport_introspection_c
[6.548s] -- Using all available rosidl_typesupport_cpp: rosidl_typesupport_fastrtps_cpp;rosidl_typesupport_introspection_cpp
[6.658s] -- Found PythonInterp: /usr/bin/python3 (found suitable version "3.10.12", minimum required is "3.6") 
[6.667s] -- Found python_cmake_module: 0.10.0 (/opt/ros/humble/share/python_cmake_module/cmake)
[6.760s] -- Found PythonLibs: /usr/lib/x86_64-linux-gnu/libpython3.10.so (found suitable version "3.10.12", minimum required is "3.5") 
[6.760s] -- Using PYTHON_EXECUTABLE: /usr/bin/python3
[6.760s] -- Using PYTHON_INCLUDE_DIRS: /usr/include/python3.10
[6.760s] -- Using PYTHON_LIBRARIES: /usr/lib/x86_64-linux-gnu/libpython3.10.so
[6.837s] -- Found PythonExtra: .so  
[6.982s] -- Found ament_lint_auto: 0.12.12 (/opt/ros/humble/share/ament_lint_auto/cmake)
[7.137s] -- Added test 'lint_cmake' to check CMake code style
[7.142s] -- Added test 'xmllint' to check XML markup files
[7.155s] -- Configuring done
[7.265s] -- Generating done
[7.318s] -- Build files have been written to: /home/zj/chapt3/topic_practice_ws/src/build/status_interfaces
[7.350s] Invoked command in '/home/zj/chapt3/topic_practice_ws/src/build/status_interfaces' returned '0': CMAKE_PREFIX_PATH=/opt/ros/humble /usr/bin/cmake /home/zj/chapt3/topic_practice_ws/src/status_interfaces -DCMAKE_INSTALL_PREFIX=/home/zj/chapt3/topic_practice_ws/src/install/status_interfaces
[7.352s] Invoking command in '/home/zj/chapt3/topic_practice_ws/src/build/status_interfaces': CMAKE_PREFIX_PATH=/opt/ros/humble /usr/bin/cmake --build /home/zj/chapt3/topic_practice_ws/src/build/status_interfaces -- -j12 -l12
[7.474s] [  3%] [34m[1mGenerating C code for ROS interfaces[0m
[7.514s] [  6%] [34m[1mGenerating C++ code for ROS interfaces[0m
[7.552s] [  6%] Built target ament_cmake_python_copy_status_interfaces
[8.408s] running egg_info
[8.410s] creating status_interfaces.egg-info
[8.410s] writing status_interfaces.egg-info/PKG-INFO
[8.411s] writing dependency_links to status_interfaces.egg-info/dependency_links.txt
[8.412s] writing top-level names to status_interfaces.egg-info/top_level.txt
[8.413s] writing manifest file 'status_interfaces.egg-info/SOURCES.txt'
[8.421s] reading manifest file 'status_interfaces.egg-info/SOURCES.txt'
[8.424s] writing manifest file 'status_interfaces.egg-info/SOURCES.txt'
[8.553s] [  6%] Built target ament_cmake_python_build_status_interfaces_egg
[8.618s] [  6%] Built target status_interfaces__cpp
[8.620s] [  9%] [32mBuilding C object CMakeFiles/status_interfaces__rosidl_generator_c.dir/rosidl_generator_c/status_interfaces/msg/detail/system_status__functions.c.o[0m
[8.654s] [ 12%] [34m[1mGenerating C++ type support dispatch for ROS interfaces[0m
[8.654s] [ 16%] [34m[1mGenerating C++ type support for eProsima Fast-RTPS[0m
[8.655s] [ 19%] [34m[1mGenerating C++ introspection for ROS interfaces[0m
[8.919s] [ 22%] [32m[1mLinking C shared library libstatus_interfaces__rosidl_generator_c.so[0m
[9.063s] [ 22%] Built target status_interfaces__rosidl_generator_c
[9.118s] [ 29%] [34m[1mGenerating C type support dispatch for ROS interfaces[0m
[9.118s] [ 29%] [34m[1mGenerating C type support for eProsima Fast-RTPS[0m
[9.121s] [ 32%] [34m[1mGenerating C introspection for ROS interfaces[0m
[9.809s] [ 35%] [32mBuilding CXX object CMakeFiles/status_interfaces__rosidl_typesupport_cpp.dir/rosidl_typesupport_cpp/status_interfaces/msg/system_status__type_support.cpp.o[0m
[9.854s] [ 38%] [32mBuilding CXX object CMakeFiles/status_interfaces__rosidl_typesupport_introspection_cpp.dir/rosidl_typesupport_introspection_cpp/status_interfaces/msg/detail/system_status__type_support.cpp.o[0m
[9.893s] [ 41%] [32mBuilding CXX object CMakeFiles/status_interfaces__rosidl_typesupport_fastrtps_cpp.dir/rosidl_typesupport_fastrtps_cpp/status_interfaces/msg/detail/dds_fastrtps/system_status__type_support.cpp.o[0m
[10.288s] [ 45%] [32mBuilding CXX object CMakeFiles/status_interfaces__rosidl_typesupport_c.dir/rosidl_typesupport_c/status_interfaces/msg/system_status__type_support.cpp.o[0m
[10.367s] [ 48%] [32mBuilding C object CMakeFiles/status_interfaces__rosidl_typesupport_introspection_c.dir/rosidl_typesupport_introspection_c/status_interfaces/msg/detail/system_status__type_support.c.o[0m
[10.369s] [ 51%] [32mBuilding CXX object CMakeFiles/status_interfaces__rosidl_typesupport_fastrtps_c.dir/rosidl_typesupport_fastrtps_c/status_interfaces/msg/detail/system_status__type_support_c.cpp.o[0m
[10.422s] [ 54%] [32m[1mLinking CXX shared library libstatus_interfaces__rosidl_typesupport_c.so[0m
[10.509s] [ 58%] [32m[1mLinking C shared library libstatus_interfaces__rosidl_typesupport_introspection_c.so[0m
[10.588s] [ 58%] Built target status_interfaces__rosidl_typesupport_c
[10.624s] [ 58%] Built target status_interfaces__rosidl_typesupport_introspection_c
[11.085s] [ 61%] [32m[1mLinking CXX shared library libstatus_interfaces__rosidl_typesupport_cpp.so[0m
[11.238s] [ 61%] Built target status_interfaces__rosidl_typesupport_cpp
[11.567s] [ 64%] [32m[1mLinking CXX shared library libstatus_interfaces__rosidl_typesupport_introspection_cpp.so[0m
[11.604s] [ 67%] [32m[1mLinking CXX shared library libstatus_interfaces__rosidl_typesupport_fastrtps_cpp.so[0m
[11.738s] [ 70%] [32m[1mLinking CXX shared library libstatus_interfaces__rosidl_typesupport_fastrtps_c.so[0m
[11.794s] [ 70%] Built target status_interfaces__rosidl_typesupport_introspection_cpp
[11.883s] [ 70%] Built target status_interfaces__rosidl_typesupport_fastrtps_cpp
[12.013s] [ 70%] Built target status_interfaces__rosidl_typesupport_fastrtps_c
[12.083s] [ 70%] Built target status_interfaces
[12.144s] [ 74%] [34m[1mGenerating Python code for ROS interfaces[0m
[13.734s] [ 74%] Built target status_interfaces__py
[13.796s] [ 77%] [32mBuilding C object CMakeFiles/status_interfaces__rosidl_generator_py.dir/rosidl_generator_py/status_interfaces/msg/_system_status_s.c.o[0m
[14.454s] [ 80%] [32m[1mLinking C shared library rosidl_generator_py/status_interfaces/libstatus_interfaces__rosidl_generator_py.so[0m
[14.625s] [ 80%] Built target status_interfaces__rosidl_generator_py
[14.696s] [ 87%] [32mBuilding C object CMakeFiles/status_interfaces__rosidl_typesupport_introspection_c__pyext.dir/rosidl_generator_py/status_interfaces/_status_interfaces_s.ep.rosidl_typesupport_introspection_c.c.o[0m
[14.696s] [ 87%] [32mBuilding C object CMakeFiles/status_interfaces__rosidl_typesupport_fastrtps_c__pyext.dir/rosidl_generator_py/status_interfaces/_status_interfaces_s.ep.rosidl_typesupport_fastrtps_c.c.o[0m
[14.698s] [ 90%] [32mBuilding C object CMakeFiles/status_interfaces__rosidl_typesupport_c__pyext.dir/rosidl_generator_py/status_interfaces/_status_interfaces_s.ep.rosidl_typesupport_c.c.o[0m
[15.006s] [ 93%] [32m[1mLinking C shared library rosidl_generator_py/status_interfaces/status_interfaces_s__rosidl_typesupport_fastrtps_c.cpython-310-x86_64-linux-gnu.so[0m
[15.009s] [ 96%] [32m[1mLinking C shared library rosidl_generator_py/status_interfaces/status_interfaces_s__rosidl_typesupport_c.cpython-310-x86_64-linux-gnu.so[0m
[15.013s] [100%] [32m[1mLinking C shared library rosidl_generator_py/status_interfaces/status_interfaces_s__rosidl_typesupport_introspection_c.cpython-310-x86_64-linux-gnu.so[0m
[15.134s] [100%] Built target status_interfaces__rosidl_typesupport_c__pyext
[15.134s] [100%] Built target status_interfaces__rosidl_typesupport_fastrtps_c__pyext
[15.137s] [100%] Built target status_interfaces__rosidl_typesupport_introspection_c__pyext
[15.179s] Invoked command in '/home/zj/chapt3/topic_practice_ws/src/build/status_interfaces' returned '0': CMAKE_PREFIX_PATH=/opt/ros/humble /usr/bin/cmake --build /home/zj/chapt3/topic_practice_ws/src/build/status_interfaces -- -j12 -l12
[15.212s] Invoking command in '/home/zj/chapt3/topic_practice_ws/src/build/status_interfaces': CMAKE_PREFIX_PATH=/opt/ros/humble /usr/bin/cmake --install /home/zj/chapt3/topic_practice_ws/src/build/status_interfaces
[15.236s] -- Install configuration: ""
[15.237s] -- Installing: /home/zj/chapt3/topic_practice_ws/src/install/status_interfaces/share/ament_index/resource_index/rosidl_interfaces/status_interfaces
[15.238s] -- Installing: /home/zj/chapt3/topic_practice_ws/src/install/status_interfaces/include/status_interfaces/status_interfaces
[15.238s] -- Installing: /home/zj/chapt3/topic_practice_ws/src/install/status_interfaces/include/status_interfaces/status_interfaces/msg
[15.239s] -- Installing: /home/zj/chapt3/topic_practice_ws/src/install/status_interfaces/include/status_interfaces/status_interfaces/msg/rosidl_generator_c__visibility_control.h
[15.240s] -- Installing: /home/zj/chapt3/topic_practice_ws/src/install/status_interfaces/include/status_interfaces/status_interfaces/msg/detail
[15.240s] -- Installing: /home/zj/chapt3/topic_practice_ws/src/install/status_interfaces/include/status_interfaces/status_interfaces/msg/detail/system_status__struct.h
[15.240s] -- Installing: /home/zj/chapt3/topic_practice_ws/src/install/status_interfaces/include/status_interfaces/status_interfaces/msg/detail/system_status__type_support.h
[15.241s] -- Installing: /home/zj/chapt3/topic_practice_ws/src/install/status_interfaces/include/status_interfaces/status_interfaces/msg/detail/system_status__functions.c
[15.241s] -- Installing: /home/zj/chapt3/topic_practice_ws/src/install/status_interfaces/include/status_interfaces/status_interfaces/msg/detail/system_status__functions.h
[15.241s] -- Installing: /home/zj/chapt3/topic_practice_ws/src/install/status_interfaces/include/status_interfaces/status_interfaces/msg/system_status.h
[15.249s] -- Installing: /home/zj/chapt3/topic_practice_ws/src/install/status_interfaces/share/status_interfaces/environment/library_path.sh
[15.249s] -- Installing: /home/zj/chapt3/topic_practice_ws/src/install/status_interfaces/share/status_interfaces/environment/library_path.dsv
[15.250s] -- Installing: /home/zj/chapt3/topic_practice_ws/src/install/status_interfaces/lib/libstatus_interfaces__rosidl_generator_c.so
[15.251s] -- Set runtime path of "/home/zj/chapt3/topic_practice_ws/src/install/status_interfaces/lib/libstatus_interfaces__rosidl_generator_c.so" to ""
[15.251s] -- Up-to-date: /home/zj/chapt3/topic_practice_ws/src/install/status_interfaces/include/status_interfaces/status_interfaces
[15.252s] -- Up-to-date: /home/zj/chapt3/topic_practice_ws/src/install/status_interfaces/include/status_interfaces/status_interfaces/msg
[15.252s] -- Up-to-date: /home/zj/chapt3/topic_practice_ws/src/install/status_interfaces/include/status_interfaces/status_interfaces/msg/detail
[15.253s] -- Installing: /home/zj/chapt3/topic_practice_ws/src/install/status_interfaces/include/status_interfaces/status_interfaces/msg/detail/system_status__rosidl_typesupport_fastrtps_c.h
[15.253s] -- Installing: /home/zj/chapt3/topic_practice_ws/src/install/status_interfaces/include/status_interfaces/status_interfaces/msg/rosidl_typesupport_fastrtps_c__visibility_control.h
[15.253s] -- Installing: /home/zj/chapt3/topic_practice_ws/src/install/status_interfaces/lib/libstatus_interfaces__rosidl_typesupport_fastrtps_c.so
[15.255s] -- Set runtime path of "/home/zj/chapt3/topic_practice_ws/src/install/status_interfaces/lib/libstatus_interfaces__rosidl_typesupport_fastrtps_c.so" to ""
[15.256s] -- Up-to-date: /home/zj/chapt3/topic_practice_ws/src/install/status_interfaces/include/status_interfaces/status_interfaces
[15.256s] -- Up-to-date: /home/zj/chapt3/topic_practice_ws/src/install/status_interfaces/include/status_interfaces/status_interfaces/msg
[15.257s] -- Up-to-date: /home/zj/chapt3/topic_practice_ws/src/install/status_interfaces/include/status_interfaces/status_interfaces/msg/detail
[15.257s] -- Installing: /home/zj/chapt3/topic_practice_ws/src/install/status_interfaces/include/status_interfaces/status_interfaces/msg/detail/system_status__rosidl_typesupport_introspection_c.h
[15.258s] -- Installing: /home/zj/chapt3/topic_practice_ws/src/install/status_interfaces/include/status_interfaces/status_interfaces/msg/detail/system_status__type_support.c
[15.258s] -- Installing: /home/zj/chapt3/topic_practice_ws/src/install/status_interfaces/include/status_interfaces/status_interfaces/msg/rosidl_typesupport_introspection_c__visibility_control.h
[15.258s] -- Installing: /home/zj/chapt3/topic_practice_ws/src/install/status_interfaces/lib/libstatus_interfaces__rosidl_typesupport_introspection_c.so
[15.259s] -- Set runtime path of "/home/zj/chapt3/topic_practice_ws/src/install/status_interfaces/lib/libstatus_interfaces__rosidl_typesupport_introspection_c.so" to ""
[15.260s] -- Installing: /home/zj/chapt3/topic_practice_ws/src/install/status_interfaces/lib/libstatus_interfaces__rosidl_typesupport_c.so
[15.260s] -- Set runtime path of "/home/zj/chapt3/topic_practice_ws/src/install/status_interfaces/lib/libstatus_interfaces__rosidl_typesupport_c.so" to ""
[15.260s] -- Up-to-date: /home/zj/chapt3/topic_practice_ws/src/install/status_interfaces/include/status_interfaces/status_interfaces
[15.260s] -- Up-to-date: /home/zj/chapt3/topic_practice_ws/src/install/status_interfaces/include/status_interfaces/status_interfaces/msg
[15.261s] -- Installing: /home/zj/chapt3/topic_practice_ws/src/install/status_interfaces/include/status_interfaces/status_interfaces/msg/rosidl_generator_cpp__visibility_control.hpp
[15.261s] -- Up-to-date: /home/zj/chapt3/topic_practice_ws/src/install/status_interfaces/include/status_interfaces/status_interfaces/msg/detail
[15.261s] -- Installing: /home/zj/chapt3/topic_practice_ws/src/install/status_interfaces/include/status_interfaces/status_interfaces/msg/detail/system_status__type_support.hpp
[15.261s] -- Installing: /home/zj/chapt3/topic_practice_ws/src/install/status_interfaces/include/status_interfaces/status_interfaces/msg/detail/system_status__struct.hpp
[15.262s] -- Installing: /home/zj/chapt3/topic_practice_ws/src/install/status_interfaces/include/status_interfaces/status_interfaces/msg/detail/system_status__traits.hpp
[15.263s] -- Installing: /home/zj/chapt3/topic_practice_ws/src/install/status_interfaces/include/status_interfaces/status_interfaces/msg/detail/system_status__builder.hpp
[15.263s] -- Installing: /home/zj/chapt3/topic_practice_ws/src/install/status_interfaces/include/status_interfaces/status_interfaces/msg/system_status.hpp
[15.264s] -- Up-to-date: /home/zj/chapt3/topic_practice_ws/src/install/status_interfaces/include/status_interfaces/status_interfaces
[15.264s] -- Up-to-date: /home/zj/chapt3/topic_practice_ws/src/install/status_interfaces/include/status_interfaces/status_interfaces/msg
[15.264s] -- Installing: /home/zj/chapt3/topic_practice_ws/src/install/status_interfaces/include/status_interfaces/status_interfaces/msg/rosidl_typesupport_fastrtps_cpp__visibility_control.h
[15.265s] -- Up-to-date: /home/zj/chapt3/topic_practice_ws/src/install/status_interfaces/include/status_interfaces/status_interfaces/msg/detail
[15.265s] -- Installing: /home/zj/chapt3/topic_practice_ws/src/install/status_interfaces/include/status_interfaces/status_interfaces/msg/detail/dds_fastrtps
[15.265s] -- Installing: /home/zj/chapt3/topic_practice_ws/src/install/status_interfaces/include/status_interfaces/status_interfaces/msg/detail/system_status__rosidl_typesupport_fastrtps_cpp.hpp
[15.266s] -- Installing: /home/zj/chapt3/topic_practice_ws/src/install/status_interfaces/lib/libstatus_interfaces__rosidl_typesupport_fastrtps_cpp.so
[15.266s] -- Set runtime path of "/home/zj/chapt3/topic_practice_ws/src/install/status_interfaces/lib/libstatus_interfaces__rosidl_typesupport_fastrtps_cpp.so" to ""
[15.267s] -- Up-to-date: /home/zj/chapt3/topic_practice_ws/src/install/status_interfaces/include/status_interfaces/status_interfaces
[15.268s] -- Up-to-date: /home/zj/chapt3/topic_practice_ws/src/install/status_interfaces/include/status_interfaces/status_interfaces/msg
[15.268s] -- Up-to-date: /home/zj/chapt3/topic_practice_ws/src/install/status_interfaces/include/status_interfaces/status_interfaces/msg/detail
[15.268s] -- Installing: /home/zj/chapt3/topic_practice_ws/src/install/status_interfaces/include/status_interfaces/status_interfaces/msg/detail/system_status__rosidl_typesupport_introspection_cpp.hpp
[15.269s] -- Installing: /home/zj/chapt3/topic_practice_ws/src/install/status_interfaces/include/status_interfaces/status_interfaces/msg/detail/system_status__type_support.cpp
[15.269s] -- Installing: /home/zj/chapt3/topic_practice_ws/src/install/status_interfaces/lib/libstatus_interfaces__rosidl_typesupport_introspection_cpp.so
[15.269s] -- Set runtime path of "/home/zj/chapt3/topic_practice_ws/src/install/status_interfaces/lib/libstatus_interfaces__rosidl_typesupport_introspection_cpp.so" to ""
[15.269s] -- Installing: /home/zj/chapt3/topic_practice_ws/src/install/status_interfaces/lib/libstatus_interfaces__rosidl_typesupport_cpp.so
[15.270s] -- Set runtime path of "/home/zj/chapt3/topic_practice_ws/src/install/status_interfaces/lib/libstatus_interfaces__rosidl_typesupport_cpp.so" to ""
[15.270s] -- Installing: /home/zj/chapt3/topic_practice_ws/src/install/status_interfaces/share/status_interfaces/environment/pythonpath.sh
[15.271s] -- Installing: /home/zj/chapt3/topic_practice_ws/src/install/status_interfaces/share/status_interfaces/environment/pythonpath.dsv
[15.271s] -- Installing: /home/zj/chapt3/topic_practice_ws/src/install/status_interfaces/local/lib/python3.10/dist-packages/status_interfaces-0.0.0-py3.10.egg-info
[15.272s] -- Installing: /home/zj/chapt3/topic_practice_ws/src/install/status_interfaces/local/lib/python3.10/dist-packages/status_interfaces-0.0.0-py3.10.egg-info/PKG-INFO
[15.272s] -- Installing: /home/zj/chapt3/topic_practice_ws/src/install/status_interfaces/local/lib/python3.10/dist-packages/status_interfaces-0.0.0-py3.10.egg-info/SOURCES.txt
[15.273s] -- Installing: /home/zj/chapt3/topic_practice_ws/src/install/status_interfaces/local/lib/python3.10/dist-packages/status_interfaces-0.0.0-py3.10.egg-info/top_level.txt
[15.273s] -- Installing: /home/zj/chapt3/topic_practice_ws/src/install/status_interfaces/local/lib/python3.10/dist-packages/status_interfaces-0.0.0-py3.10.egg-info/dependency_links.txt
[15.273s] -- Installing: /home/zj/chapt3/topic_practice_ws/src/install/status_interfaces/local/lib/python3.10/dist-packages/status_interfaces
[15.274s] -- Installing: /home/zj/chapt3/topic_practice_ws/src/install/status_interfaces/local/lib/python3.10/dist-packages/status_interfaces/status_interfaces_s__rosidl_typesupport_introspection_c.cpython-310-x86_64-linux-gnu.so
[15.275s] -- Installing: /home/zj/chapt3/topic_practice_ws/src/install/status_interfaces/local/lib/python3.10/dist-packages/status_interfaces/_status_interfaces_s.ep.rosidl_typesupport_introspection_c.c
[15.276s] -- Installing: /home/zj/chapt3/topic_practice_ws/src/install/status_interfaces/local/lib/python3.10/dist-packages/status_interfaces/msg
[15.277s] -- Installing: /home/zj/chapt3/topic_practice_ws/src/install/status_interfaces/local/lib/python3.10/dist-packages/status_interfaces/msg/__init__.py
[15.277s] -- Installing: /home/zj/chapt3/topic_practice_ws/src/install/status_interfaces/local/lib/python3.10/dist-packages/status_interfaces/msg/_system_status_s.c
[15.278s] -- Installing: /home/zj/chapt3/topic_practice_ws/src/install/status_interfaces/local/lib/python3.10/dist-packages/status_interfaces/msg/_system_status.py
[15.278s] -- Installing: /home/zj/chapt3/topic_practice_ws/src/install/status_interfaces/local/lib/python3.10/dist-packages/status_interfaces/status_interfaces_s__rosidl_typesupport_fastrtps_c.cpython-310-x86_64-linux-gnu.so
[15.279s] -- Installing: /home/zj/chapt3/topic_practice_ws/src/install/status_interfaces/local/lib/python3.10/dist-packages/status_interfaces/_status_interfaces_s.ep.rosidl_typesupport_fastrtps_c.c
[15.279s] -- Installing: /home/zj/chapt3/topic_practice_ws/src/install/status_interfaces/local/lib/python3.10/dist-packages/status_interfaces/status_interfaces_s__rosidl_typesupport_c.cpython-310-x86_64-linux-gnu.so
[15.280s] -- Installing: /home/zj/chapt3/topic_practice_ws/src/install/status_interfaces/local/lib/python3.10/dist-packages/status_interfaces/__init__.py
[15.280s] -- Installing: /home/zj/chapt3/topic_practice_ws/src/install/status_interfaces/local/lib/python3.10/dist-packages/status_interfaces/_status_interfaces_s.ep.rosidl_typesupport_c.c
[15.280s] -- Installing: /home/zj/chapt3/topic_practice_ws/src/install/status_interfaces/local/lib/python3.10/dist-packages/status_interfaces/libstatus_interfaces__rosidl_generator_py.so
[15.395s] Listing '/home/zj/chapt3/topic_practice_ws/src/install/status_interfaces/local/lib/python3.10/dist-packages/status_interfaces'...
[15.396s] Compiling '/home/zj/chapt3/topic_practice_ws/src/install/status_interfaces/local/lib/python3.10/dist-packages/status_interfaces/__init__.py'...
[15.396s] Listing '/home/zj/chapt3/topic_practice_ws/src/install/status_interfaces/local/lib/python3.10/dist-packages/status_interfaces/msg'...
[15.397s] Compiling '/home/zj/chapt3/topic_practice_ws/src/install/status_interfaces/local/lib/python3.10/dist-packages/status_interfaces/msg/__init__.py'...
[15.397s] Compiling '/home/zj/chapt3/topic_practice_ws/src/install/status_interfaces/local/lib/python3.10/dist-packages/status_interfaces/msg/_system_status.py'...
[15.411s] -- Installing: /home/zj/chapt3/topic_practice_ws/src/install/status_interfaces/local/lib/python3.10/dist-packages/status_interfaces/status_interfaces_s__rosidl_typesupport_fastrtps_c.cpython-310-x86_64-linux-gnu.so
[15.411s] -- Set runtime path of "/home/zj/chapt3/topic_practice_ws/src/install/status_interfaces/local/lib/python3.10/dist-packages/status_interfaces/status_interfaces_s__rosidl_typesupport_fastrtps_c.cpython-310-x86_64-linux-gnu.so" to ""
[15.412s] -- Installing: /home/zj/chapt3/topic_practice_ws/src/install/status_interfaces/local/lib/python3.10/dist-packages/status_interfaces/status_interfaces_s__rosidl_typesupport_introspection_c.cpython-310-x86_64-linux-gnu.so
[15.413s] -- Set runtime path of "/home/zj/chapt3/topic_practice_ws/src/install/status_interfaces/local/lib/python3.10/dist-packages/status_interfaces/status_interfaces_s__rosidl_typesupport_introspection_c.cpython-310-x86_64-linux-gnu.so" to ""
[15.413s] -- Installing: /home/zj/chapt3/topic_practice_ws/src/install/status_interfaces/local/lib/python3.10/dist-packages/status_interfaces/status_interfaces_s__rosidl_typesupport_c.cpython-310-x86_64-linux-gnu.so
[15.414s] -- Set runtime path of "/home/zj/chapt3/topic_practice_ws/src/install/status_interfaces/local/lib/python3.10/dist-packages/status_interfaces/status_interfaces_s__rosidl_typesupport_c.cpython-310-x86_64-linux-gnu.so" to ""
[15.414s] -- Installing: /home/zj/chapt3/topic_practice_ws/src/install/status_interfaces/lib/libstatus_interfaces__rosidl_generator_py.so
[15.415s] -- Set runtime path of "/home/zj/chapt3/topic_practice_ws/src/install/status_interfaces/lib/libstatus_interfaces__rosidl_generator_py.so" to ""
[15.416s] -- Installing: /home/zj/chapt3/topic_practice_ws/src/install/status_interfaces/share/status_interfaces/msg/SystemStatus.idl
[15.417s] -- Installing: /home/zj/chapt3/topic_practice_ws/src/install/status_interfaces/share/status_interfaces/msg/SystemStatus.msg
[15.418s] -- Installing: /home/zj/chapt3/topic_practice_ws/src/install/status_interfaces/share/ament_index/resource_index/package_run_dependencies/status_interfaces
[15.419s] -- Installing: /home/zj/chapt3/topic_practice_ws/src/install/status_interfaces/share/ament_index/resource_index/parent_prefix_path/status_interfaces
[15.420s] -- Installing: /home/zj/chapt3/topic_practice_ws/src/install/status_interfaces/share/status_interfaces/environment/ament_prefix_path.sh
[15.420s] -- Installing: /home/zj/chapt3/topic_practice_ws/src/install/status_interfaces/share/status_interfaces/environment/ament_prefix_path.dsv
[15.420s] -- Installing: /home/zj/chapt3/topic_practice_ws/src/install/status_interfaces/share/status_interfaces/environment/path.sh
[15.420s] -- Installing: /home/zj/chapt3/topic_practice_ws/src/install/status_interfaces/share/status_interfaces/environment/path.dsv
[15.421s] -- Installing: /home/zj/chapt3/topic_practice_ws/src/install/status_interfaces/share/status_interfaces/local_setup.bash
[15.422s] -- Installing: /home/zj/chapt3/topic_practice_ws/src/install/status_interfaces/share/status_interfaces/local_setup.sh
[15.422s] -- Installing: /home/zj/chapt3/topic_practice_ws/src/install/status_interfaces/share/status_interfaces/local_setup.zsh
[15.423s] -- Installing: /home/zj/chapt3/topic_practice_ws/src/install/status_interfaces/share/status_interfaces/local_setup.dsv
[15.423s] -- Installing: /home/zj/chapt3/topic_practice_ws/src/install/status_interfaces/share/status_interfaces/package.dsv
[15.424s] -- Installing: /home/zj/chapt3/topic_practice_ws/src/install/status_interfaces/share/ament_index/resource_index/packages/status_interfaces
[15.425s] -- Installing: /home/zj/chapt3/topic_practice_ws/src/install/status_interfaces/share/status_interfaces/cmake/export_status_interfaces__rosidl_generator_cExport.cmake
[15.427s] -- Installing: /home/zj/chapt3/topic_practice_ws/src/install/status_interfaces/share/status_interfaces/cmake/export_status_interfaces__rosidl_generator_cExport-noconfig.cmake
[15.428s] -- Installing: /home/zj/chapt3/topic_practice_ws/src/install/status_interfaces/share/status_interfaces/cmake/export_status_interfaces__rosidl_typesupport_fastrtps_cExport.cmake
[15.429s] -- Installing: /home/zj/chapt3/topic_practice_ws/src/install/status_interfaces/share/status_interfaces/cmake/export_status_interfaces__rosidl_typesupport_fastrtps_cExport-noconfig.cmake
[15.430s] -- Installing: /home/zj/chapt3/topic_practice_ws/src/install/status_interfaces/share/status_interfaces/cmake/status_interfaces__rosidl_typesupport_introspection_cExport.cmake
[15.431s] -- Installing: /home/zj/chapt3/topic_practice_ws/src/install/status_interfaces/share/status_interfaces/cmake/status_interfaces__rosidl_typesupport_introspection_cExport-noconfig.cmake
[15.431s] -- Installing: /home/zj/chapt3/topic_practice_ws/src/install/status_interfaces/share/status_interfaces/cmake/status_interfaces__rosidl_typesupport_cExport.cmake
[15.435s] -- Installing: /home/zj/chapt3/topic_practice_ws/src/install/status_interfaces/share/status_interfaces/cmake/status_interfaces__rosidl_typesupport_cExport-noconfig.cmake
[15.436s] -- Installing: /home/zj/chapt3/topic_practice_ws/src/install/status_interfaces/share/status_interfaces/cmake/export_status_interfaces__rosidl_generator_cppExport.cmake
[15.436s] -- Installing: /home/zj/chapt3/topic_practice_ws/src/install/status_interfaces/share/status_interfaces/cmake/export_status_interfaces__rosidl_typesupport_fastrtps_cppExport.cmake
[15.436s] -- Installing: /home/zj/chapt3/topic_practice_ws/src/install/status_interfaces/share/status_interfaces/cmake/export_status_interfaces__rosidl_typesupport_fastrtps_cppExport-noconfig.cmake
[15.436s] -- Installing: /home/zj/chapt3/topic_practice_ws/src/install/status_interfaces/share/status_interfaces/cmake/status_interfaces__rosidl_typesupport_introspection_cppExport.cmake
[15.438s] -- Installing: /home/zj/chapt3/topic_practice_ws/src/install/status_interfaces/share/status_interfaces/cmake/status_interfaces__rosidl_typesupport_introspection_cppExport-noconfig.cmake
[15.439s] -- Installing: /home/zj/chapt3/topic_practice_ws/src/install/status_interfaces/share/status_interfaces/cmake/status_interfaces__rosidl_typesupport_cppExport.cmake
[15.439s] -- Installing: /home/zj/chapt3/topic_practice_ws/src/install/status_interfaces/share/status_interfaces/cmake/status_interfaces__rosidl_typesupport_cppExport-noconfig.cmake
[15.439s] -- Installing: /home/zj/chapt3/topic_practice_ws/src/install/status_interfaces/share/status_interfaces/cmake/export_status_interfaces__rosidl_generator_pyExport.cmake
[15.440s] -- Installing: /home/zj/chapt3/topic_practice_ws/src/install/status_interfaces/share/status_interfaces/cmake/export_status_interfaces__rosidl_generator_pyExport-noconfig.cmake
[15.441s] -- Installing: /home/zj/chapt3/topic_practice_ws/src/install/status_interfaces/share/status_interfaces/cmake/rosidl_cmake-extras.cmake
[15.441s] -- Installing: /home/zj/chapt3/topic_practice_ws/src/install/status_interfaces/share/status_interfaces/cmake/ament_cmake_export_dependencies-extras.cmake
[15.441s] -- Installing: /home/zj/chapt3/topic_practice_ws/src/install/status_interfaces/share/status_interfaces/cmake/ament_cmake_export_include_directories-extras.cmake
[15.442s] -- Installing: /home/zj/chapt3/topic_practice_ws/src/install/status_interfaces/share/status_interfaces/cmake/ament_cmake_export_libraries-extras.cmake
[15.442s] -- Installing: /home/zj/chapt3/topic_practice_ws/src/install/status_interfaces/share/status_interfaces/cmake/ament_cmake_export_targets-extras.cmake
[15.444s] -- Installing: /home/zj/chapt3/topic_practice_ws/src/install/status_interfaces/share/status_interfaces/cmake/rosidl_cmake_export_typesupport_targets-extras.cmake
[15.445s] -- Installing: /home/zj/chapt3/topic_practice_ws/src/install/status_interfaces/share/status_interfaces/cmake/rosidl_cmake_export_typesupport_libraries-extras.cmake
[15.446s] -- Installing: /home/zj/chapt3/topic_practice_ws/src/install/status_interfaces/share/status_interfaces/cmake/status_interfacesConfig.cmake
[15.446s] -- Installing: /home/zj/chapt3/topic_practice_ws/src/install/status_interfaces/share/status_interfaces/cmake/status_interfacesConfig-version.cmake
[15.447s] -- Installing: /home/zj/chapt3/topic_practice_ws/src/install/status_interfaces/share/status_interfaces/package.xml
[15.453s] Invoked command in '/home/zj/chapt3/topic_practice_ws/src/build/status_interfaces' returned '0': CMAKE_PREFIX_PATH=/opt/ros/humble /usr/bin/cmake --install /home/zj/chapt3/topic_practice_ws/src/build/status_interfaces
