[0.365s] DEBUG:colcon:Command line arguments: ['/usr/bin/colcon', 'build']
[0.366s] DEBUG:colcon:Parsed command line arguments: Namespace(log_base=None, log_level=None, verb_name='build', build_base='build', install_base='install', merge_install=False, symlink_install=False, test_result_base=None, continue_on_error=False, executor='parallel', parallel_workers=8, event_handlers=None, ignore_user_meta=False, metas=['./colcon.meta'], base_paths=['.'], packages_ignore=None, packages_ignore_regex=None, paths=None, packages_up_to=None, packages_up_to_regex=None, packages_above=None, packages_above_and_dependencies=None, packages_above_depth=None, packages_select_by_dep=None, packages_skip_by_dep=None, packages_skip_up_to=None, packages_select_build_failed=False, packages_skip_build_finished=False, packages_select_test_failures=False, packages_skip_test_passed=False, packages_select=None, packages_skip=None, packages_select_regex=None, packages_skip_regex=None, packages_start=None, packages_end=None, allow_overriding=[], cmake_args=None, cmake_target=None, cmake_target_skip_unavailable=False, cmake_clean_cache=False, cmake_clean_first=False, cmake_force_configure=False, ament_cmake_args=None, catkin_cmake_args=None, catkin_skip_building_tests=False, mixin_files=None, mixin=None, verb_parser=<colcon_mixin.mixin.mixin_argument.MixinArgumentDecorator object at 0x72326b83e0b0>, verb_extension=<colcon_core.verb.build.BuildVerb object at 0x72326b9b7820>, main=<bound method BuildVerb.main of <colcon_core.verb.build.BuildVerb object at 0x72326b9b7820>>, mixin_verb=('build',))
[0.846s] Level 1:colcon.colcon_core.package_discovery:discover_packages(colcon_meta) check parameters
[0.847s] Level 1:colcon.colcon_core.package_discovery:discover_packages(recursive) check parameters
[0.847s] Level 1:colcon.colcon_core.package_discovery:discover_packages(ignore) check parameters
[0.848s] Level 1:colcon.colcon_core.package_discovery:discover_packages(path) check parameters
[0.848s] Level 1:colcon.colcon_core.package_discovery:discover_packages(colcon_meta) discover
[0.848s] Level 1:colcon.colcon_core.package_discovery:discover_packages(recursive) discover
[0.848s] INFO:colcon.colcon_core.package_discovery:Crawling recursively for packages in '/home/zj/chapt3/topic_ws'
[0.849s] Level 1:colcon.colcon_core.package_identification:_identify(.) by extensions ['ignore', 'ignore_ament_install']
[0.849s] Level 1:colcon.colcon_core.package_identification:_identify(.) by extension 'ignore'
[0.849s] Level 1:colcon.colcon_core.package_identification:_identify(.) by extension 'ignore_ament_install'
[0.850s] Level 1:colcon.colcon_core.package_identification:_identify(.) by extensions ['colcon_pkg']
[0.850s] Level 1:colcon.colcon_core.package_identification:_identify(.) by extension 'colcon_pkg'
[0.850s] Level 1:colcon.colcon_core.package_identification:_identify(.) by extensions ['colcon_meta']
[0.850s] Level 1:colcon.colcon_core.package_identification:_identify(.) by extension 'colcon_meta'
[0.851s] Level 1:colcon.colcon_core.package_identification:_identify(.) by extensions ['ros']
[0.851s] Level 1:colcon.colcon_core.package_identification:_identify(.) by extension 'ros'
[0.883s] Level 1:colcon.colcon_core.package_identification:_identify(.) by extensions ['cmake', 'python']
[0.883s] Level 1:colcon.colcon_core.package_identification:_identify(.) by extension 'cmake'
[0.883s] Level 1:colcon.colcon_core.package_identification:_identify(.) by extension 'python'
[0.883s] Level 1:colcon.colcon_core.package_identification:_identify(.) by extensions ['python_setup_py']
[0.883s] Level 1:colcon.colcon_core.package_identification:_identify(.) by extension 'python_setup_py'
[0.884s] Level 1:colcon.colcon_core.package_identification:_identify(build) by extensions ['ignore', 'ignore_ament_install']
[0.884s] Level 1:colcon.colcon_core.package_identification:_identify(build) by extension 'ignore'
[0.884s] Level 1:colcon.colcon_core.package_identification:_identify(build) ignored
[0.884s] Level 1:colcon.colcon_core.package_identification:_identify(install) by extensions ['ignore', 'ignore_ament_install']
[0.884s] Level 1:colcon.colcon_core.package_identification:_identify(install) by extension 'ignore'
[0.884s] Level 1:colcon.colcon_core.package_identification:_identify(install) ignored
[0.885s] Level 1:colcon.colcon_core.package_identification:_identify(log) by extensions ['ignore', 'ignore_ament_install']
[0.885s] Level 1:colcon.colcon_core.package_identification:_identify(log) by extension 'ignore'
[0.885s] Level 1:colcon.colcon_core.package_identification:_identify(log) ignored
[0.885s] Level 1:colcon.colcon_core.package_identification:_identify(src) by extensions ['ignore', 'ignore_ament_install']
[0.885s] Level 1:colcon.colcon_core.package_identification:_identify(src) by extension 'ignore'
[0.885s] Level 1:colcon.colcon_core.package_identification:_identify(src) by extension 'ignore_ament_install'
[0.885s] Level 1:colcon.colcon_core.package_identification:_identify(src) by extensions ['colcon_pkg']
[0.886s] Level 1:colcon.colcon_core.package_identification:_identify(src) by extension 'colcon_pkg'
[0.886s] Level 1:colcon.colcon_core.package_identification:_identify(src) by extensions ['colcon_meta']
[0.886s] Level 1:colcon.colcon_core.package_identification:_identify(src) by extension 'colcon_meta'
[0.886s] Level 1:colcon.colcon_core.package_identification:_identify(src) by extensions ['ros']
[0.886s] Level 1:colcon.colcon_core.package_identification:_identify(src) by extension 'ros'
[0.886s] Level 1:colcon.colcon_core.package_identification:_identify(src) by extensions ['cmake', 'python']
[0.886s] Level 1:colcon.colcon_core.package_identification:_identify(src) by extension 'cmake'
[0.886s] Level 1:colcon.colcon_core.package_identification:_identify(src) by extension 'python'
[0.886s] Level 1:colcon.colcon_core.package_identification:_identify(src) by extensions ['python_setup_py']
[0.886s] Level 1:colcon.colcon_core.package_identification:_identify(src) by extension 'python_setup_py'
[0.887s] Level 1:colcon.colcon_core.package_identification:_identify(src/demo_cpp_topic) by extensions ['ignore', 'ignore_ament_install']
[0.887s] Level 1:colcon.colcon_core.package_identification:_identify(src/demo_cpp_topic) by extension 'ignore'
[0.887s] Level 1:colcon.colcon_core.package_identification:_identify(src/demo_cpp_topic) by extension 'ignore_ament_install'
[0.887s] Level 1:colcon.colcon_core.package_identification:_identify(src/demo_cpp_topic) by extensions ['colcon_pkg']
[0.887s] Level 1:colcon.colcon_core.package_identification:_identify(src/demo_cpp_topic) by extension 'colcon_pkg'
[0.887s] Level 1:colcon.colcon_core.package_identification:_identify(src/demo_cpp_topic) by extensions ['colcon_meta']
[0.888s] Level 1:colcon.colcon_core.package_identification:_identify(src/demo_cpp_topic) by extension 'colcon_meta'
[0.888s] Level 1:colcon.colcon_core.package_identification:_identify(src/demo_cpp_topic) by extensions ['ros']
[0.888s] Level 1:colcon.colcon_core.package_identification:_identify(src/demo_cpp_topic) by extension 'ros'
[0.898s] DEBUG:colcon.colcon_core.package_identification:Package 'src/demo_cpp_topic' with type 'ros.ament_cmake' and name 'demo_cpp_topic'
[0.899s] Level 1:colcon.colcon_core.package_identification:_identify(src/demo_python_topic) by extensions ['ignore', 'ignore_ament_install']
[0.899s] Level 1:colcon.colcon_core.package_identification:_identify(src/demo_python_topic) by extension 'ignore'
[0.899s] Level 1:colcon.colcon_core.package_identification:_identify(src/demo_python_topic) by extension 'ignore_ament_install'
[0.900s] Level 1:colcon.colcon_core.package_identification:_identify(src/demo_python_topic) by extensions ['colcon_pkg']
[0.900s] Level 1:colcon.colcon_core.package_identification:_identify(src/demo_python_topic) by extension 'colcon_pkg'
[0.900s] Level 1:colcon.colcon_core.package_identification:_identify(src/demo_python_topic) by extensions ['colcon_meta']
[0.900s] Level 1:colcon.colcon_core.package_identification:_identify(src/demo_python_topic) by extension 'colcon_meta'
[0.900s] Level 1:colcon.colcon_core.package_identification:_identify(src/demo_python_topic) by extensions ['ros']
[0.900s] Level 1:colcon.colcon_core.package_identification:_identify(src/demo_python_topic) by extension 'ros'
[0.902s] DEBUG:colcon.colcon_core.package_identification:Package 'src/demo_python_topic' with type 'ros.ament_python' and name 'demo_python_topic'
[0.902s] Level 1:colcon.colcon_core.package_discovery:discover_packages(recursive) using defaults
[0.902s] Level 1:colcon.colcon_core.package_discovery:discover_packages(ignore) discover
[0.902s] Level 1:colcon.colcon_core.package_discovery:discover_packages(ignore) using defaults
[0.902s] Level 1:colcon.colcon_core.package_discovery:discover_packages(path) discover
[0.902s] Level 1:colcon.colcon_core.package_discovery:discover_packages(path) using defaults
[0.999s] Level 1:colcon.colcon_core.package_discovery:discover_packages(prefix_path) check parameters
[0.999s] Level 1:colcon.colcon_core.package_discovery:discover_packages(prefix_path) discover
[1.006s] DEBUG:colcon.colcon_installed_package_information.package_discovery:Found 367 installed packages in /opt/ros/humble
[1.010s] Level 1:colcon.colcon_core.package_discovery:discover_packages(prefix_path) using defaults
[1.118s] Level 5:colcon.colcon_core.verb:set package 'demo_cpp_topic' build argument 'cmake_args' from command line to 'None'
[1.119s] Level 5:colcon.colcon_core.verb:set package 'demo_cpp_topic' build argument 'cmake_target' from command line to 'None'
[1.119s] Level 5:colcon.colcon_core.verb:set package 'demo_cpp_topic' build argument 'cmake_target_skip_unavailable' from command line to 'False'
[1.119s] Level 5:colcon.colcon_core.verb:set package 'demo_cpp_topic' build argument 'cmake_clean_cache' from command line to 'False'
[1.119s] Level 5:colcon.colcon_core.verb:set package 'demo_cpp_topic' build argument 'cmake_clean_first' from command line to 'False'
[1.119s] Level 5:colcon.colcon_core.verb:set package 'demo_cpp_topic' build argument 'cmake_force_configure' from command line to 'False'
[1.119s] Level 5:colcon.colcon_core.verb:set package 'demo_cpp_topic' build argument 'ament_cmake_args' from command line to 'None'
[1.119s] Level 5:colcon.colcon_core.verb:set package 'demo_cpp_topic' build argument 'catkin_cmake_args' from command line to 'None'
[1.119s] Level 5:colcon.colcon_core.verb:set package 'demo_cpp_topic' build argument 'catkin_skip_building_tests' from command line to 'False'
[1.119s] DEBUG:colcon.colcon_core.verb:Building package 'demo_cpp_topic' with the following arguments: {'ament_cmake_args': None, 'build_base': '/home/zj/chapt3/topic_ws/build/demo_cpp_topic', 'catkin_cmake_args': None, 'catkin_skip_building_tests': False, 'cmake_args': None, 'cmake_clean_cache': False, 'cmake_clean_first': False, 'cmake_force_configure': False, 'cmake_target': None, 'cmake_target_skip_unavailable': False, 'install_base': '/home/zj/chapt3/topic_ws/install/demo_cpp_topic', 'merge_install': False, 'path': '/home/zj/chapt3/topic_ws/src/demo_cpp_topic', 'symlink_install': False, 'test_result_base': None}
[1.120s] Level 5:colcon.colcon_core.verb:set package 'demo_python_topic' build argument 'cmake_args' from command line to 'None'
[1.120s] Level 5:colcon.colcon_core.verb:set package 'demo_python_topic' build argument 'cmake_target' from command line to 'None'
[1.120s] Level 5:colcon.colcon_core.verb:set package 'demo_python_topic' build argument 'cmake_target_skip_unavailable' from command line to 'False'
[1.121s] Level 5:colcon.colcon_core.verb:set package 'demo_python_topic' build argument 'cmake_clean_cache' from command line to 'False'
[1.121s] Level 5:colcon.colcon_core.verb:set package 'demo_python_topic' build argument 'cmake_clean_first' from command line to 'False'
[1.121s] Level 5:colcon.colcon_core.verb:set package 'demo_python_topic' build argument 'cmake_force_configure' from command line to 'False'
[1.121s] Level 5:colcon.colcon_core.verb:set package 'demo_python_topic' build argument 'ament_cmake_args' from command line to 'None'
[1.121s] Level 5:colcon.colcon_core.verb:set package 'demo_python_topic' build argument 'catkin_cmake_args' from command line to 'None'
[1.121s] Level 5:colcon.colcon_core.verb:set package 'demo_python_topic' build argument 'catkin_skip_building_tests' from command line to 'False'
[1.121s] DEBUG:colcon.colcon_core.verb:Building package 'demo_python_topic' with the following arguments: {'ament_cmake_args': None, 'build_base': '/home/zj/chapt3/topic_ws/build/demo_python_topic', 'catkin_cmake_args': None, 'catkin_skip_building_tests': False, 'cmake_args': None, 'cmake_clean_cache': False, 'cmake_clean_first': False, 'cmake_force_configure': False, 'cmake_target': None, 'cmake_target_skip_unavailable': False, 'install_base': '/home/zj/chapt3/topic_ws/install/demo_python_topic', 'merge_install': False, 'path': '/home/zj/chapt3/topic_ws/src/demo_python_topic', 'symlink_install': False, 'test_result_base': None}
[1.121s] INFO:colcon.colcon_core.executor:Executing jobs using 'parallel' executor
[1.124s] DEBUG:colcon.colcon_parallel_executor.executor.parallel:run_until_complete
[1.129s] INFO:colcon.colcon_ros.task.ament_cmake.build:Building ROS package in '/home/zj/chapt3/topic_ws/src/demo_cpp_topic' with build type 'ament_cmake'
[1.130s] INFO:colcon.colcon_cmake.task.cmake.build:Building CMake package in '/home/zj/chapt3/topic_ws/src/demo_cpp_topic'
[1.135s] INFO:colcon.colcon_core.plugin_system:Skipping extension 'colcon_core.shell.bat': Not used on non-Windows systems
[1.136s] INFO:colcon.colcon_core.shell:Skip shell extension 'powershell' for command environment: Not usable outside of PowerShell
[1.136s] DEBUG:colcon.colcon_core.shell:Skip shell extension 'dsv' for command environment
[1.145s] INFO:colcon.colcon_ros.task.ament_python.build:Building ROS package in '/home/zj/chapt3/topic_ws/src/demo_python_topic' with build type 'ament_python'
[1.145s] Level 1:colcon.colcon_core.shell:create_environment_hook('demo_python_topic', 'ament_prefix_path')
[1.146s] INFO:colcon.colcon_core.shell:Creating environment hook '/home/zj/chapt3/topic_ws/install/demo_python_topic/share/demo_python_topic/hook/ament_prefix_path.ps1'
[1.149s] INFO:colcon.colcon_core.shell:Creating environment descriptor '/home/zj/chapt3/topic_ws/install/demo_python_topic/share/demo_python_topic/hook/ament_prefix_path.dsv'
[1.151s] INFO:colcon.colcon_core.shell:Creating environment hook '/home/zj/chapt3/topic_ws/install/demo_python_topic/share/demo_python_topic/hook/ament_prefix_path.sh'
[1.153s] INFO:colcon.colcon_core.shell:Skip shell extension 'powershell' for command environment: Not usable outside of PowerShell
[1.153s] DEBUG:colcon.colcon_core.shell:Skip shell extension 'dsv' for command environment
[1.179s] DEBUG:colcon.colcon_core.event_handler.log_command:Invoking command in '/home/zj/chapt3/topic_ws/build/demo_cpp_topic': CMAKE_PREFIX_PATH=/opt/ros/humble /usr/bin/cmake /home/zj/chapt3/topic_ws/src/demo_cpp_topic -DCMAKE_INSTALL_PREFIX=/home/zj/chapt3/topic_ws/install/demo_cpp_topic
[2.000s] INFO:colcon.colcon_core.task.python.build:Building Python package in '/home/zj/chapt3/topic_ws/src/demo_python_topic'
[2.001s] INFO:colcon.colcon_core.shell:Skip shell extension 'powershell' for command environment: Not usable outside of PowerShell
[2.002s] DEBUG:colcon.colcon_core.shell:Skip shell extension 'dsv' for command environment
[3.172s] DEBUG:colcon.colcon_core.event_handler.log_command:Invoking command in '/home/zj/chapt3/topic_ws/src/demo_python_topic': PYTHONPATH=/home/zj/chapt3/topic_ws/build/demo_python_topic/prefix_override:/usr/lib/python3/dist-packages/colcon_core/task/python/colcon_distutils_commands:/home/zj/chapt3/topic_ws/install/demo_python_topic/lib/python3.10/site-packages:${PYTHONPATH} /usr/bin/python3 -W ignore:setup.py install is deprecated -W ignore:easy_install command is deprecated setup.py egg_info --egg-base ../../build/demo_python_topic build --build-base /home/zj/chapt3/topic_ws/build/demo_python_topic/build install --record /home/zj/chapt3/topic_ws/build/demo_python_topic/install.log --single-version-externally-managed install_data
[4.124s] DEBUG:colcon.colcon_core.event_handler.log_command:Invoked command in '/home/zj/chapt3/topic_ws/src/demo_python_topic' returned '0': PYTHONPATH=/home/zj/chapt3/topic_ws/build/demo_python_topic/prefix_override:/usr/lib/python3/dist-packages/colcon_core/task/python/colcon_distutils_commands:/home/zj/chapt3/topic_ws/install/demo_python_topic/lib/python3.10/site-packages:${PYTHONPATH} /usr/bin/python3 -W ignore:setup.py install is deprecated -W ignore:easy_install command is deprecated setup.py egg_info --egg-base ../../build/demo_python_topic build --build-base /home/zj/chapt3/topic_ws/build/demo_python_topic/build install --record /home/zj/chapt3/topic_ws/build/demo_python_topic/install.log --single-version-externally-managed install_data
[4.131s] Level 1:colcon.colcon_core.environment:checking '/home/zj/chapt3/topic_ws/install/demo_python_topic' for CMake module files
[4.132s] Level 1:colcon.colcon_core.environment:checking '/home/zj/chapt3/topic_ws/install/demo_python_topic' for CMake config files
[4.134s] Level 1:colcon.colcon_core.environment:checking '/home/zj/chapt3/topic_ws/install/demo_python_topic/lib'
[4.135s] Level 1:colcon.colcon_core.environment:checking '/home/zj/chapt3/topic_ws/install/demo_python_topic/bin'
[4.135s] Level 1:colcon.colcon_core.environment:checking '/home/zj/chapt3/topic_ws/install/demo_python_topic/lib/pkgconfig/demo_python_topic.pc'
[4.136s] Level 1:colcon.colcon_core.environment:checking '/home/zj/chapt3/topic_ws/install/demo_python_topic/lib/python3.10/site-packages'
[4.136s] Level 1:colcon.colcon_core.shell:create_environment_hook('demo_python_topic', 'pythonpath')
[4.137s] INFO:colcon.colcon_core.shell:Creating environment hook '/home/zj/chapt3/topic_ws/install/demo_python_topic/share/demo_python_topic/hook/pythonpath.ps1'
[4.138s] INFO:colcon.colcon_core.shell:Creating environment descriptor '/home/zj/chapt3/topic_ws/install/demo_python_topic/share/demo_python_topic/hook/pythonpath.dsv'
[4.139s] INFO:colcon.colcon_core.shell:Creating environment hook '/home/zj/chapt3/topic_ws/install/demo_python_topic/share/demo_python_topic/hook/pythonpath.sh'
[4.140s] Level 1:colcon.colcon_core.environment:checking '/home/zj/chapt3/topic_ws/install/demo_python_topic/bin'
[4.140s] Level 1:colcon.colcon_core.environment:create_environment_scripts_only(demo_python_topic)
[4.142s] INFO:colcon.colcon_core.shell:Creating package script '/home/zj/chapt3/topic_ws/install/demo_python_topic/share/demo_python_topic/package.ps1'
[4.145s] INFO:colcon.colcon_core.shell:Creating package descriptor '/home/zj/chapt3/topic_ws/install/demo_python_topic/share/demo_python_topic/package.dsv'
[4.147s] INFO:colcon.colcon_core.shell:Creating package script '/home/zj/chapt3/topic_ws/install/demo_python_topic/share/demo_python_topic/package.sh'
[4.151s] INFO:colcon.colcon_core.shell:Creating package script '/home/zj/chapt3/topic_ws/install/demo_python_topic/share/demo_python_topic/package.bash'
[4.153s] INFO:colcon.colcon_core.shell:Creating package script '/home/zj/chapt3/topic_ws/install/demo_python_topic/share/demo_python_topic/package.zsh'
[4.156s] Level 1:colcon.colcon_core.environment:create_file_with_runtime_dependencies(/home/zj/chapt3/topic_ws/install/demo_python_topic/share/colcon-core/packages/demo_python_topic)
[4.709s] DEBUG:colcon.colcon_core.event_handler.log_command:Invoked command in '/home/zj/chapt3/topic_ws/build/demo_cpp_topic' returned '0': CMAKE_PREFIX_PATH=/opt/ros/humble /usr/bin/cmake /home/zj/chapt3/topic_ws/src/demo_cpp_topic -DCMAKE_INSTALL_PREFIX=/home/zj/chapt3/topic_ws/install/demo_cpp_topic
[4.716s] DEBUG:colcon.colcon_core.event_handler.log_command:Invoking command in '/home/zj/chapt3/topic_ws/build/demo_cpp_topic': CMAKE_PREFIX_PATH=/opt/ros/humble /usr/bin/cmake --build /home/zj/chapt3/topic_ws/build/demo_cpp_topic -- -j8 -l8
[33.722s] DEBUG:colcon.colcon_core.event_handler.log_command:Invoked command in '/home/zj/chapt3/topic_ws/build/demo_cpp_topic' returned '0': CMAKE_PREFIX_PATH=/opt/ros/humble /usr/bin/cmake --build /home/zj/chapt3/topic_ws/build/demo_cpp_topic -- -j8 -l8
[33.742s] DEBUG:colcon.colcon_core.event_handler.log_command:Invoking command in '/home/zj/chapt3/topic_ws/build/demo_cpp_topic': CMAKE_PREFIX_PATH=/opt/ros/humble /usr/bin/cmake --install /home/zj/chapt3/topic_ws/build/demo_cpp_topic
[33.773s] Level 1:colcon.colcon_core.environment:create_environment_scripts_only(demo_cpp_topic)
[33.773s] Level 1:colcon.colcon_core.environment:checking '/home/zj/chapt3/topic_ws/install/demo_cpp_topic' for CMake module files
[33.775s] DEBUG:colcon.colcon_core.event_handler.log_command:Invoked command in '/home/zj/chapt3/topic_ws/build/demo_cpp_topic' returned '0': CMAKE_PREFIX_PATH=/opt/ros/humble /usr/bin/cmake --install /home/zj/chapt3/topic_ws/build/demo_cpp_topic
[33.776s] Level 1:colcon.colcon_core.environment:checking '/home/zj/chapt3/topic_ws/install/demo_cpp_topic' for CMake config files
[33.776s] Level 1:colcon.colcon_core.shell:create_environment_hook('demo_cpp_topic', 'cmake_prefix_path')
[33.777s] INFO:colcon.colcon_core.shell:Creating environment hook '/home/zj/chapt3/topic_ws/install/demo_cpp_topic/share/demo_cpp_topic/hook/cmake_prefix_path.ps1'
[33.778s] INFO:colcon.colcon_core.shell:Creating environment descriptor '/home/zj/chapt3/topic_ws/install/demo_cpp_topic/share/demo_cpp_topic/hook/cmake_prefix_path.dsv'
[33.778s] INFO:colcon.colcon_core.shell:Creating environment hook '/home/zj/chapt3/topic_ws/install/demo_cpp_topic/share/demo_cpp_topic/hook/cmake_prefix_path.sh'
[33.779s] Level 1:colcon.colcon_core.environment:checking '/home/zj/chapt3/topic_ws/install/demo_cpp_topic/lib'
[33.779s] Level 1:colcon.colcon_core.environment:checking '/home/zj/chapt3/topic_ws/install/demo_cpp_topic/bin'
[33.780s] Level 1:colcon.colcon_core.environment:checking '/home/zj/chapt3/topic_ws/install/demo_cpp_topic/lib/pkgconfig/demo_cpp_topic.pc'
[33.780s] Level 1:colcon.colcon_core.environment:checking '/home/zj/chapt3/topic_ws/install/demo_cpp_topic/lib/python3.10/site-packages'
[33.780s] Level 1:colcon.colcon_core.environment:checking '/home/zj/chapt3/topic_ws/install/demo_cpp_topic/bin'
[33.780s] INFO:colcon.colcon_core.shell:Creating package script '/home/zj/chapt3/topic_ws/install/demo_cpp_topic/share/demo_cpp_topic/package.ps1'
[33.782s] INFO:colcon.colcon_core.shell:Creating package descriptor '/home/zj/chapt3/topic_ws/install/demo_cpp_topic/share/demo_cpp_topic/package.dsv'
[33.783s] INFO:colcon.colcon_core.shell:Creating package script '/home/zj/chapt3/topic_ws/install/demo_cpp_topic/share/demo_cpp_topic/package.sh'
[33.784s] INFO:colcon.colcon_core.shell:Creating package script '/home/zj/chapt3/topic_ws/install/demo_cpp_topic/share/demo_cpp_topic/package.bash'
[33.785s] INFO:colcon.colcon_core.shell:Creating package script '/home/zj/chapt3/topic_ws/install/demo_cpp_topic/share/demo_cpp_topic/package.zsh'
[33.785s] Level 1:colcon.colcon_core.environment:create_file_with_runtime_dependencies(/home/zj/chapt3/topic_ws/install/demo_cpp_topic/share/colcon-core/packages/demo_cpp_topic)
[33.786s] Level 1:colcon.colcon_core.environment:create_environment_scripts_only(demo_cpp_topic)
[33.787s] Level 1:colcon.colcon_core.environment:checking '/home/zj/chapt3/topic_ws/install/demo_cpp_topic' for CMake module files
[33.788s] Level 1:colcon.colcon_core.environment:checking '/home/zj/chapt3/topic_ws/install/demo_cpp_topic' for CMake config files
[33.788s] Level 1:colcon.colcon_core.shell:create_environment_hook('demo_cpp_topic', 'cmake_prefix_path')
[33.789s] INFO:colcon.colcon_core.shell:Creating environment hook '/home/zj/chapt3/topic_ws/install/demo_cpp_topic/share/demo_cpp_topic/hook/cmake_prefix_path.ps1'
[33.790s] INFO:colcon.colcon_core.shell:Creating environment descriptor '/home/zj/chapt3/topic_ws/install/demo_cpp_topic/share/demo_cpp_topic/hook/cmake_prefix_path.dsv'
[33.791s] INFO:colcon.colcon_core.shell:Creating environment hook '/home/zj/chapt3/topic_ws/install/demo_cpp_topic/share/demo_cpp_topic/hook/cmake_prefix_path.sh'
[33.792s] Level 1:colcon.colcon_core.environment:checking '/home/zj/chapt3/topic_ws/install/demo_cpp_topic/lib'
[33.792s] Level 1:colcon.colcon_core.environment:checking '/home/zj/chapt3/topic_ws/install/demo_cpp_topic/bin'
[33.792s] Level 1:colcon.colcon_core.environment:checking '/home/zj/chapt3/topic_ws/install/demo_cpp_topic/lib/pkgconfig/demo_cpp_topic.pc'
[33.793s] Level 1:colcon.colcon_core.environment:checking '/home/zj/chapt3/topic_ws/install/demo_cpp_topic/lib/python3.10/site-packages'
[33.793s] Level 1:colcon.colcon_core.environment:checking '/home/zj/chapt3/topic_ws/install/demo_cpp_topic/bin'
[33.794s] INFO:colcon.colcon_core.shell:Creating package script '/home/zj/chapt3/topic_ws/install/demo_cpp_topic/share/demo_cpp_topic/package.ps1'
[33.795s] INFO:colcon.colcon_core.shell:Creating package descriptor '/home/zj/chapt3/topic_ws/install/demo_cpp_topic/share/demo_cpp_topic/package.dsv'
[33.796s] INFO:colcon.colcon_core.shell:Creating package script '/home/zj/chapt3/topic_ws/install/demo_cpp_topic/share/demo_cpp_topic/package.sh'
[33.797s] INFO:colcon.colcon_core.shell:Creating package script '/home/zj/chapt3/topic_ws/install/demo_cpp_topic/share/demo_cpp_topic/package.bash'
[33.798s] INFO:colcon.colcon_core.shell:Creating package script '/home/zj/chapt3/topic_ws/install/demo_cpp_topic/share/demo_cpp_topic/package.zsh'
[33.799s] Level 1:colcon.colcon_core.environment:create_file_with_runtime_dependencies(/home/zj/chapt3/topic_ws/install/demo_cpp_topic/share/colcon-core/packages/demo_cpp_topic)
[33.799s] DEBUG:colcon.colcon_parallel_executor.executor.parallel:closing loop
[33.800s] DEBUG:colcon.colcon_parallel_executor.executor.parallel:loop closed
[33.800s] DEBUG:colcon.colcon_parallel_executor.executor.parallel:run_until_complete finished with '0'
[33.800s] DEBUG:colcon.colcon_core.event_reactor:joining thread
[33.813s] INFO:colcon.colcon_core.plugin_system:Skipping extension 'colcon_notification.desktop_notification.terminal_notifier': Not used on non-Darwin systems
[33.813s] INFO:colcon.colcon_core.plugin_system:Skipping extension 'colcon_notification.desktop_notification.win32': Not used on non-Windows systems
[33.813s] INFO:colcon.colcon_notification.desktop_notification:Sending desktop notification using 'notify2'
[33.861s] DEBUG:colcon.colcon_core.event_reactor:joined thread
[33.862s] INFO:colcon.colcon_core.shell:Creating prefix script '/home/zj/chapt3/topic_ws/install/local_setup.ps1'
[33.866s] INFO:colcon.colcon_core.shell:Creating prefix util module '/home/zj/chapt3/topic_ws/install/_local_setup_util_ps1.py'
[33.871s] INFO:colcon.colcon_core.shell:Creating prefix chain script '/home/zj/chapt3/topic_ws/install/setup.ps1'
[33.873s] INFO:colcon.colcon_core.shell:Creating prefix script '/home/zj/chapt3/topic_ws/install/local_setup.sh'
[33.875s] INFO:colcon.colcon_core.shell:Creating prefix util module '/home/zj/chapt3/topic_ws/install/_local_setup_util_sh.py'
[33.876s] INFO:colcon.colcon_core.shell:Creating prefix chain script '/home/zj/chapt3/topic_ws/install/setup.sh'
[33.879s] INFO:colcon.colcon_core.shell:Creating prefix script '/home/zj/chapt3/topic_ws/install/local_setup.bash'
[33.880s] INFO:colcon.colcon_core.shell:Creating prefix chain script '/home/zj/chapt3/topic_ws/install/setup.bash'
[33.883s] INFO:colcon.colcon_core.shell:Creating prefix script '/home/zj/chapt3/topic_ws/install/local_setup.zsh'
[33.885s] INFO:colcon.colcon_core.shell:Creating prefix chain script '/home/zj/chapt3/topic_ws/install/setup.zsh'
